#
# A fatal error has been detected by the Java Runtime Environment:
#
#  SIGSEGV (0xb) at pc=0x00007f9e980b91d8, pid=6968, tid=0x00007f9e821da700
#
# JRE version: Java(TM) SE Runtime Environment (8.0_161-b12) (build 1.8.0_161-b12)
# Java VM: Java HotSpot(TM) 64-Bit Server VM (25.161-b12 mixed mode linux-amd64 compressed oops)
# Problematic frame:
# C  [libawt_xawt.so+0x421d8]  ReadRegionsInList+0x3b8
#
# Failed to write core dump. Core dumps have been disabled. To enable core dumping, try "ulimit -c unlimited" before starting Java again
#
# If you would like to submit a bug report, please visit:
#   http://bugreport.java.com/bugreport/crash.jsp
# The crash happened outside the Java Virtual Machine in native code.
# See problematic frame for where to report the bug.
#

---------------  T H R E A D  ---------------

Current thread (0x00007f9ee8ca6800):  JavaThread "pool-1-thread-1" [_thread_in_native, id=7065, stack(0x00007f9e820da000,0x00007f9e821db000)]

siginfo: si_signo: 11 (SIGSEGV), si_code: 1 (SEGV_MAPERR), si_addr: 0x0000000000000068

Registers:
RAX=0x0000000000000438, RBX=0x0000000000000000, RCX=0x0000000000000000, RDX=0x0000000000000000
RSP=0x00007f9e821d8cd0, RBP=0x00007f9e821d8de0, RSI=0x0000000000000000, RDI=0x0000000000000000
R8 =0x00007f9e7000c2d0, R9 =0x0000000000000000, R10=0x0000000000000006, R11=0x00000000000001f4
R12=0x0000000000000000, R13=0x0000000000000000, R14=0x00007f9e70009e00, R15=0x0000000000000780
RIP=0x00007f9e980b91d8, EFLAGS=0x0000000000010246, CSGSFS=0x002b000000000033, ERR=0x0000000000000004
  TRAPNO=0x000000000000000e

Top of Stack: (sp=0x00007f9e821d8cd0)
0x00007f9e821d8cd0:   00007f9e821d8da4 00007f9e00000002
0x00007f9e821d8ce0:   0000000000000008 00007f9e00000000
0x00007f9e821d8cf0:   00007f9e821d8da8 0000000000000438
0x00007f9e821d8d00:   0000000000000780 00007f9e821d8d98
0x00007f9e821d8d10:   00007f9e821d8dac 00007f9e821d8da4
0x00007f9e821d8d20:   00000002821d8e00 00007f9ee88e2240
0x00007f9e821d8d30:   00007f9e700226c0 00000000821d8eb0
0x00007f9e821d8d40:   0000043800000000 00007f9e7000c7b0
0x00007f9e821d8d50:   00007f9e70000000 0000000000000001
0x00007f9e821d8d60:   0000078000000000 0000000000000000
0x00007f9e821d8d70:   0000000000000000 0000043800000f00
0x00007f9e821d8d80:   0000000000000001 00007f9e00000000
0x00007f9e821d8d90:   0000000000000147 00007f9e7000f180
0x00007f9e821d8da0:   0000000000000001 0000001000000008
0x00007f9e821d8db0:   0000000000000000 0438078000000000
0x00007f9e821d8dc0:   0000000000000000 0000000000000000
0x00007f9e821d8dd0:   0000000000000780 0000000000000438
0x00007f9e821d8de0:   00007f9e821d8ef0 00007f9e980b9438
0x00007f9e821d8df0:   0438078000000000 00007f9e7000ac60
0x00007f9e821d8e00:   0000000000000000 0000000000000000
0x00007f9e821d8e10:   0438078000000000 00007f9ee8ca6800
0x00007f9e821d8e20:   04380f0000000000 00007f9e821d8e80
0x00007f9e821d8e30:   00007f9ee88e2240 0780000000002240
0x00007f9e821d8e40:   00007f9e821d0438 00007f9e821d8fa8
0x00007f9e821d8e50:   00007f9e821d8fa4 00007f9e821d8f80
0x00007f9e821d8e60:   00007f9e821d8ef0 00007f9e980ba252
0x00007f9e821d8e70:   00007f9e821d8fa4 00007f9e821d8fa8
0x00007f9e821d8e80:   0000000000000000 00007f9e821d8f00
0x00007f9e821d8e90:   00007f9e00000005 0000000000ff0000
0x00007f9e821d8ea0:   000000000000ff00 00000000000000ff
0x00007f9e821d8eb0:   0000010000000008 0000000100000018
0x00007f9e821d8ec0:   00007f9eee1d4af0 00007f9ee88e2240 

Instructions: (pc=0x00007f9e980b91d8)
0x00007f9e980b91b8:   00 8b 95 60 ff ff ff 31 db 44 01 ea 89 55 a8 66
0x00007f9e980b91c8:   0f 1f 84 00 00 00 00 00 89 de 44 89 ea 4c 89 e7
0x00007f9e980b91d8:   41 ff 54 24 68 48 8b 95 50 ff ff ff 48 98 8b 4d
0x00007f9e980b91e8:   cc 4c 8b 45 b8 8b 75 c8 48 8b 7a 08 48 89 c2 48 

Register to memory mapping:

RAX=0x0000000000000438 is an unknown value
RBX=0x0000000000000000 is an unknown value
RCX=0x0000000000000000 is an unknown value
RDX=0x0000000000000000 is an unknown value
RSP=0x00007f9e821d8cd0 is pointing into the stack for thread: 0x00007f9ee8ca6800
RBP=0x00007f9e821d8de0 is pointing into the stack for thread: 0x00007f9ee8ca6800
RSI=0x0000000000000000 is an unknown value
RDI=0x0000000000000000 is an unknown value
R8 =0x00007f9e7000c2d0 is an unknown value
R9 =0x0000000000000000 is an unknown value
R10=0x0000000000000006 is an unknown value
R11=0x00000000000001f4 is an unknown value
R12=0x0000000000000000 is an unknown value
R13=0x0000000000000000 is an unknown value
R14=0x00007f9e70009e00 is an unknown value
R15=0x0000000000000780 is an unknown value


Stack: [0x00007f9e820da000,0x00007f9e821db000],  sp=0x00007f9e821d8cd0,  free space=1019k
Native frames: (J=compiled Java code, j=interpreted, Vv=VM code, C=native code)
C  [libawt_xawt.so+0x421d8]  ReadRegionsInList+0x3b8
C  [libawt_xawt.so+0x42438]  ReadAreaToImage+0xa8
C  [libawt_xawt.so+0x3a79c]  Java_sun_awt_X11_XRobotPeer_getRGBPixelsImpl+0x17c
j  sun.awt.X11.XRobotPeer.getRGBPixelsImpl(Lsun/awt/X11GraphicsConfig;IIII[I)V+0
j  sun.awt.X11.XRobotPeer.getRGBPixels(Ljava/awt/Rectangle;)[I+33
j  java.awt.Robot.createScreenCapture(Ljava/awt/Rectangle;)Ljava/awt/image/BufferedImage;+50
J 3701 C1 org.monte.screenrecorder.ScreenRecorder$ScreenGrabber.grabScreen()V (1285 bytes) @ 0x00007f9ed96e6814 [0x00007f9ed96e6740+0xd4]
J 3700 C1 org.monte.screenrecorder.ScreenRecorder$ScreenGrabber.run()V (31 bytes) @ 0x00007f9ed96e39cc [0x00007f9ed96e3940+0x8c]
J 2982 C1 java.util.concurrent.FutureTask.runAndReset()Z (128 bytes) @ 0x00007f9ed9333ef4 [0x00007f9ed9333c00+0x2f4]
J 2979 C1 java.util.concurrent.ScheduledThreadPoolExecutor$ScheduledFutureTask.run()V (59 bytes) @ 0x00007f9ed933510c [0x00007f9ed9334be0+0x52c]
j  java.util.concurrent.ThreadPoolExecutor.runWorker(Ljava/util/concurrent/ThreadPoolExecutor$Worker;)V+95
j  java.util.concurrent.ThreadPoolExecutor$Worker.run()V+5
j  java.lang.Thread.run()V+11
v  ~StubRoutines::call_stub
V  [libjvm.so+0x695ae6]  JavaCalls::call_helper(JavaValue*, methodHandle*, JavaCallArguments*, Thread*)+0x1056
V  [libjvm.so+0x695ff1]  JavaCalls::call_virtual(JavaValue*, KlassHandle, Symbol*, Symbol*, JavaCallArguments*, Thread*)+0x321
V  [libjvm.so+0x696497]  JavaCalls::call_virtual(JavaValue*, Handle, KlassHandle, Symbol*, Symbol*, Thread*)+0x47
V  [libjvm.so+0x731cb0]  thread_entry(JavaThread*, Thread*)+0xa0
V  [libjvm.so+0xa7eaa3]  JavaThread::thread_main_inner()+0x103
V  [libjvm.so+0xa7ebec]  JavaThread::run()+0x11c
V  [libjvm.so+0x92da28]  java_start(Thread*)+0x108
C  [libpthread.so.0+0x76ba]  start_thread+0xca

Java frames: (J=compiled Java code, j=interpreted, Vv=VM code)
j  sun.awt.X11.XRobotPeer.getRGBPixelsImpl(Lsun/awt/X11GraphicsConfig;IIII[I)V+0
j  sun.awt.X11.XRobotPeer.getRGBPixels(Ljava/awt/Rectangle;)[I+33
j  java.awt.Robot.createScreenCapture(Ljava/awt/Rectangle;)Ljava/awt/image/BufferedImage;+50
J 3701 C1 org.monte.screenrecorder.ScreenRecorder$ScreenGrabber.grabScreen()V (1285 bytes) @ 0x00007f9ed96e6814 [0x00007f9ed96e6740+0xd4]
J 3700 C1 org.monte.screenrecorder.ScreenRecorder$ScreenGrabber.run()V (31 bytes) @ 0x00007f9ed96e39cc [0x00007f9ed96e3940+0x8c]
J 2982 C1 java.util.concurrent.FutureTask.runAndReset()Z (128 bytes) @ 0x00007f9ed9333ef4 [0x00007f9ed9333c00+0x2f4]
J 2979 C1 java.util.concurrent.ScheduledThreadPoolExecutor$ScheduledFutureTask.run()V (59 bytes) @ 0x00007f9ed933510c [0x00007f9ed9334be0+0x52c]
j  java.util.concurrent.ThreadPoolExecutor.runWorker(Ljava/util/concurrent/ThreadPoolExecutor$Worker;)V+95
j  java.util.concurrent.ThreadPoolExecutor$Worker.run()V+5
j  java.lang.Thread.run()V+11
v  ~StubRoutines::call_stub

---------------  P R O C E S S  ---------------

Java Threads: ( => current thread )
  0x00007f9ee8ca8000 JavaThread "pool-2-thread-1" [_thread_blocked, id=7066, stack(0x00007f9e81fd9000,0x00007f9e820da000)]
=>0x00007f9ee8ca6800 JavaThread "pool-1-thread-1" [_thread_in_native, id=7065, stack(0x00007f9e820da000,0x00007f9e821db000)]
  0x00007f9ee8913800 JavaThread "Thread-3" [_thread_blocked, id=7064, stack(0x00007f9e821db000,0x00007f9e822dc000)]
  0x00007f9ee89c0800 JavaThread "AWT-XAWT" daemon [_thread_blocked, id=7062, stack(0x00007f9e823dd000,0x00007f9e824de000)]
  0x00007f9ee8526000 JavaThread "Java2D Disposer" daemon [_thread_blocked, id=7061, stack(0x00007f9e828ee000,0x00007f9e829ef000)]
  0x00007f9e8c05a000 JavaThread "process reaper" daemon [_thread_blocked, id=6994, stack(0x00007f9ec0d19000,0x00007f9ec0d52000)]
  0x00007f9ee8814000 JavaThread "ReaderThread" [_thread_in_native, id=6991, stack(0x00007f9ec0bd6000,0x00007f9ec0cd7000)]
  0x00007f9ee84d4800 JavaThread "Service Thread" daemon [_thread_blocked, id=6986, stack(0x00007f9ec13cb000,0x00007f9ec14cc000)]
  0x00007f9ee84b2800 JavaThread "C1 CompilerThread2" daemon [_thread_blocked, id=6985, stack(0x00007f9ec14cc000,0x00007f9ec15cd000)]
  0x00007f9ee84ba000 JavaThread "C2 CompilerThread1" daemon [_thread_in_vm, id=6984, stack(0x00007f9ec15cd000,0x00007f9ec16ce000)]
  0x00007f9ee850e800 JavaThread "C2 CompilerThread0" daemon [_thread_in_native, id=6983, stack(0x00007f9ec16ce000,0x00007f9ec17cf000)]
  0x00007f9ee8183800 JavaThread "Signal Dispatcher" daemon [_thread_blocked, id=6982, stack(0x00007f9ec19ed000,0x00007f9ec1aee000)]
  0x00007f9ee8150000 JavaThread "Finalizer" daemon [_thread_blocked, id=6981, stack(0x00007f9ec203b000,0x00007f9ec213c000)]
  0x00007f9ee814b800 JavaThread "Reference Handler" daemon [_thread_blocked, id=6980, stack(0x00007f9ec213c000,0x00007f9ec223d000)]
  0x00007f9ee800f000 JavaThread "main" [_thread_blocked, id=6970, stack(0x00007f9eeed6c000,0x00007f9eeee6d000)]

Other Threads:
  0x00007f9ee8144000 VMThread [stack: 0x00007f9ec223d000,0x00007f9ec233e000] [id=6979]
  0x00007f9ee84d7000 WatcherThread [stack: 0x00007f9ec12ca000,0x00007f9ec13cb000] [id=6987]

VM state:not at safepoint (normal execution)

VM Mutex/Monitor currently owned by a thread: None

Heap:
 PSYoungGen      total 440320K, used 38359K [0x00000000d6f00000, 0x00000000f5e80000, 0x0000000100000000)
  eden space 400384K, 5% used [0x00000000d6f00000,0x00000000d832ef18,0x00000000ef600000)
  from space 39936K, 44% used [0x00000000ef600000,0x00000000f0746f00,0x00000000f1d00000)
  to   space 37888K, 0% used [0x00000000f3980000,0x00000000f3980000,0x00000000f5e80000)
 ParOldGen       total 140288K, used 55395K [0x0000000084c00000, 0x000000008d500000, 0x00000000d6f00000)
  object space 140288K, 39% used [0x0000000084c00000,0x0000000088218cd0,0x000000008d500000)
 Metaspace       used 28751K, capacity 29102K, committed 29312K, reserved 1075200K
  class space    used 3327K, capacity 3435K, committed 3456K, reserved 1048576K

Card table byte_map: [0x00007f9ed8437000,0x00007f9ed8812000] byte_map_base: 0x00007f9ed8011000

Marking Bits: (ParMarkBitMap*) 0x00007f9eee238920
 Begin Bits: [0x00007f9ed4001000, 0x00007f9ed5ed1000)
 End Bits:   [0x00007f9ed5ed1000, 0x00007f9ed7da1000)

Polling page: 0x00007f9eeee8b000

CodeCache: size=245760Kb used=11905Kb max_used=11931Kb free=233854Kb
 bounds [0x00007f9ed8bd2000, 0x00007f9ed9792000, 0x00007f9ee7bd2000]
 total_blobs=3950 nmethods=3376 adapters=485
 compilation: enabled

Compilation events (10 events):
Event: 64,013 Thread 0x00007f9ee84b2800 3841       3       sun.java2d.DefaultDisposerRecord::dispose (12 bytes)
Event: 64,014 Thread 0x00007f9ee84b2800 nmethod 3841 0x00007f9ed976ddd0 code [0x00007f9ed976df40, 0x00007f9ed976e0c8]
Event: 64,014 Thread 0x00007f9ee84b2800 3843       3       org.aspectj.apache.bcel.generic.FieldGenOrMethodGen::addAttribute (10 bytes)
Event: 64,015 Thread 0x00007f9ee84b2800 nmethod 3843 0x00007f9ed9770fd0 code [0x00007f9ed9771180, 0x00007f9ed9771768]
Event: 64,015 Thread 0x00007f9ee850e800 nmethod 3835 0x00007f9ed976f150 code [0x00007f9ed976f2e0, 0x00007f9ed976f598]
Event: 64,015 Thread 0x00007f9ee850e800 3844       4       java.util.AbstractCollection::addAll (42 bytes)
Event: 64,033 Thread 0x00007f9ee850e800 nmethod 3844 0x00007f9ed9772a10 code [0x00007f9ed9772bc0, 0x00007f9ed97732d8]
Event: 64,033 Thread 0x00007f9ee850e800 3838       4       org.aspectj.apache.bcel.classfile.JavaClass::computeNestedTypeStatus (136 bytes)
Event: 64,079 Thread 0x00007f9ee84ba000 nmethod 3830 0x00007f9ed977e990 code [0x00007f9ed977ede0, 0x00007f9ed9782e18]
Event: 64,079 Thread 0x00007f9ee84ba000 3836       4       org.aspectj.weaver.bcel.BcelObjectType::processAttributes (341 bytes)

GC Heap History (10 events):
Event: 38,432 GC heap before
{Heap before GC invocations=15 (full 2):
 PSYoungGen      total 328192K, used 318807K [0x00000000d6f00000, 0x00000000eda00000, 0x0000000100000000)
  eden space 297984K, 98% used [0x00000000d6f00000,0x00000000e8e32ee8,0x00000000e9200000)
  from space 30208K, 81% used [0x00000000ebc80000,0x00000000ed4a3040,0x00000000eda00000)
  to   space 36864K, 0% used [0x00000000e9200000,0x00000000e9200000,0x00000000eb600000)
 ParOldGen       total 140288K, used 55363K [0x0000000084c00000, 0x000000008d500000, 0x00000000d6f00000)
  object space 140288K, 39% used [0x0000000084c00000,0x0000000088210cd0,0x000000008d500000)
 Metaspace       used 27909K, capacity 28258K, committed 28544K, reserved 1075200K
  class space    used 3252K, capacity 3369K, committed 3456K, reserved 1048576K
Event: 38,448 GC heap after
Heap after GC invocations=15 (full 2):
 PSYoungGen      total 334848K, used 25236K [0x00000000d6f00000, 0x00000000f1800000, 0x0000000100000000)
  eden space 297984K, 0% used [0x00000000d6f00000,0x00000000d6f00000,0x00000000e9200000)
  from space 36864K, 68% used [0x00000000e9200000,0x00000000eaaa5220,0x00000000eb600000)
  to   space 37888K, 0% used [0x00000000ef300000,0x00000000ef300000,0x00000000f1800000)
 ParOldGen       total 140288K, used 55371K [0x0000000084c00000, 0x000000008d500000, 0x00000000d6f00000)
  object space 140288K, 39% used [0x0000000084c00000,0x0000000088212cd0,0x000000008d500000)
 Metaspace       used 27909K, capacity 28258K, committed 28544K, reserved 1075200K
  class space    used 3252K, capacity 3369K, committed 3456K, reserved 1048576K
}
Event: 44,033 GC heap before
{Heap before GC invocations=16 (full 2):
 PSYoungGen      total 334848K, used 323023K [0x00000000d6f00000, 0x00000000f1800000, 0x0000000100000000)
  eden space 297984K, 99% used [0x00000000d6f00000,0x00000000e91cec50,0x00000000e9200000)
  from space 36864K, 68% used [0x00000000e9200000,0x00000000eaaa5220,0x00000000eb600000)
  to   space 37888K, 0% used [0x00000000ef300000,0x00000000ef300000,0x00000000f1800000)
 ParOldGen       total 140288K, used 55371K [0x0000000084c00000, 0x000000008d500000, 0x00000000d6f00000)
  object space 140288K, 39% used [0x0000000084c00000,0x0000000088212cd0,0x000000008d500000)
 Metaspace       used 28078K, capacity 28450K, committed 28800K, reserved 1075200K
  class space    used 3261K, capacity 3369K, committed 3456K, reserved 1048576K
Event: 44,042 GC heap after
Heap after GC invocations=16 (full 2):
 PSYoungGen      total 382976K, used 25228K [0x00000000d6f00000, 0x00000000f1200000, 0x0000000100000000)
  eden space 351232K, 0% used [0x00000000d6f00000,0x00000000d6f00000,0x00000000ec600000)
  from space 31744K, 79% used [0x00000000ef300000,0x00000000f0ba3040,0x00000000f1200000)
  to   space 38912K, 0% used [0x00000000ec600000,0x00000000ec600000,0x00000000eec00000)
 ParOldGen       total 140288K, used 55379K [0x0000000084c00000, 0x000000008d500000, 0x00000000d6f00000)
  object space 140288K, 39% used [0x0000000084c00000,0x0000000088214cd0,0x000000008d500000)
 Metaspace       used 28078K, capacity 28450K, committed 28800K, reserved 1075200K
  class space    used 3261K, capacity 3369K, committed 3456K, reserved 1048576K
}
Event: 50,539 GC heap before
{Heap before GC invocations=17 (full 2):
 PSYoungGen      total 382976K, used 374519K [0x00000000d6f00000, 0x00000000f1200000, 0x0000000100000000)
  eden space 351232K, 99% used [0x00000000d6f00000,0x00000000ec41ad38,0x00000000ec600000)
  from space 31744K, 79% used [0x00000000ef300000,0x00000000f0ba3040,0x00000000f1200000)
  to   space 38912K, 0% used [0x00000000ec600000,0x00000000ec600000,0x00000000eec00000)
 ParOldGen       total 140288K, used 55379K [0x0000000084c00000, 0x000000008d500000, 0x00000000d6f00000)
  object space 140288K, 39% used [0x0000000084c00000,0x0000000088214cd0,0x000000008d500000)
 Metaspace       used 28135K, capacity 28462K, committed 28800K, reserved 1075200K
  class space    used 3262K, capacity 3371K, committed 3456K, reserved 1048576K
Event: 50,549 GC heap after
Heap after GC invocations=17 (full 2):
 PSYoungGen      total 390144K, used 25228K [0x00000000d6f00000, 0x00000000f4800000, 0x0000000100000000)
  eden space 351232K, 0% used [0x00000000d6f00000,0x00000000d6f00000,0x00000000ec600000)
  from space 38912K, 64% used [0x00000000ec600000,0x00000000edea3040,0x00000000eec00000)
  to   space 39424K, 0% used [0x00000000f2180000,0x00000000f2180000,0x00000000f4800000)
 ParOldGen       total 140288K, used 55387K [0x0000000084c00000, 0x000000008d500000, 0x00000000d6f00000)
  object space 140288K, 39% used [0x0000000084c00000,0x0000000088216cd0,0x000000008d500000)
 Metaspace       used 28135K, capacity 28462K, committed 28800K, reserved 1075200K
  class space    used 3262K, capacity 3371K, committed 3456K, reserved 1048576K
}
Event: 57,016 GC heap before
{Heap before GC invocations=18 (full 2):
 PSYoungGen      total 390144K, used 375166K [0x00000000d6f00000, 0x00000000f4800000, 0x0000000100000000)
  eden space 351232K, 99% used [0x00000000d6f00000,0x00000000ec4bca18,0x00000000ec600000)
  from space 38912K, 64% used [0x00000000ec600000,0x00000000edea3040,0x00000000eec00000)
  to   space 39424K, 0% used [0x00000000f2180000,0x00000000f2180000,0x00000000f4800000)
 ParOldGen       total 140288K, used 55387K [0x0000000084c00000, 0x000000008d500000, 0x00000000d6f00000)
  object space 140288K, 39% used [0x0000000084c00000,0x0000000088216cd0,0x000000008d500000)
 Metaspace       used 28220K, capacity 28526K, committed 28800K, reserved 1075200K
  class space    used 3262K, capacity 3371K, committed 3456K, reserved 1048576K
Event: 57,031 GC heap after
Heap after GC invocations=18 (full 2):
 PSYoungGen      total 435712K, used 25228K [0x00000000d6f00000, 0x00000000f4400000, 0x0000000100000000)
  eden space 400384K, 0% used [0x00000000d6f00000,0x00000000d6f00000,0x00000000ef600000)
  from space 35328K, 71% used [0x00000000f2180000,0x00000000f3a23040,0x00000000f4400000)
  to   space 39936K, 0% used [0x00000000ef600000,0x00000000ef600000,0x00000000f1d00000)
 ParOldGen       total 140288K, used 55387K [0x0000000084c00000, 0x000000008d500000, 0x00000000d6f00000)
  object space 140288K, 39% used [0x0000000084c00000,0x0000000088216cd0,0x000000008d500000)
 Metaspace       used 28220K, capacity 28526K, committed 28800K, reserved 1075200K
  class space    used 3262K, capacity 3371K, committed 3456K, reserved 1048576K
}
Event: 64,005 GC heap before
{Heap before GC invocations=19 (full 2):
 PSYoungGen      total 435712K, used 425612K [0x00000000d6f00000, 0x00000000f4400000, 0x0000000100000000)
  eden space 400384K, 100% used [0x00000000d6f00000,0x00000000ef600000,0x00000000ef600000)
  from space 35328K, 71% used [0x00000000f2180000,0x00000000f3a23040,0x00000000f4400000)
  to   space 39936K, 0% used [0x00000000ef600000,0x00000000ef600000,0x00000000f1d00000)
 ParOldGen       total 140288K, used 55387K [0x0000000084c00000, 0x000000008d500000, 0x00000000d6f00000)
  object space 140288K, 39% used [0x0000000084c00000,0x0000000088216cd0,0x000000008d500000)
 Metaspace       used 28714K, capacity 29038K, committed 29312K, reserved 1075200K
  class space    used 3325K, capacity 3435K, committed 3456K, reserved 1048576K
Event: 64,013 GC heap after
Heap after GC invocations=19 (full 2):
 PSYoungGen      total 440320K, used 17691K [0x00000000d6f00000, 0x00000000f5e80000, 0x0000000100000000)
  eden space 400384K, 0% used [0x00000000d6f00000,0x00000000d6f00000,0x00000000ef600000)
  from space 39936K, 44% used [0x00000000ef600000,0x00000000f0746f00,0x00000000f1d00000)
  to   space 37888K, 0% used [0x00000000f3980000,0x00000000f3980000,0x00000000f5e80000)
 ParOldGen       total 140288K, used 55395K [0x0000000084c00000, 0x000000008d500000, 0x00000000d6f00000)
  object space 140288K, 39% used [0x0000000084c00000,0x0000000088218cd0,0x000000008d500000)
 Metaspace       used 28714K, capacity 29038K, committed 29312K, reserved 1075200K
  class space    used 3325K, capacity 3435K, committed 3456K, reserved 1048576K
}

Deoptimization events (10 events):
Event: 5,299 Thread 0x00007f9ee800f000 Uncommon trap: reason=unstable_if action=reinterpret pc=0x00007f9ed9295170 method=java.io.UnixFileSystem.normalize(Ljava/lang/String;)Ljava/lang/String; @ 34
Event: 5,348 Thread 0x00007f9ee800f000 Uncommon trap: reason=unstable_if action=reinterpret pc=0x00007f9ed8dca81c method=sun.nio.cs.UTF_8$Decoder.decode([BII[C)I @ 30
Event: 13,743 Thread 0x00007f9ee800f000 Uncommon trap: reason=unstable_if action=reinterpret pc=0x00007f9ed8cee960 method=sun.nio.cs.UTF_8$Encoder.encode([CII[B)I @ 33
Event: 15,439 Thread 0x00007f9ee8706800 Uncommon trap: reason=unstable_if action=reinterpret pc=0x00007f9ed94a7868 method=java.lang.ThreadLocal.get()Ljava/lang/Object; @ 11
Event: 20,008 Thread 0x00007f9ee8ca6800 Uncommon trap: reason=unstable_if action=reinterpret pc=0x00007f9ed8e4502c method=org.monte.media.avi.TechSmithCodecCore.encodeDelta24(Ljava/io/OutputStream;[I[IIIII)V @ 83
Event: 28,871 Thread 0x00007f9ee8ca6800 Uncommon trap: reason=unstable_if action=reinterpret pc=0x00007f9ed91960a4 method=org.monte.media.avi.TechSmithCodecCore.encodeDelta24(Ljava/io/OutputStream;[I[IIIII)V @ 262
Event: 28,876 Thread 0x00007f9ee8ca6800 Uncommon trap: reason=unstable_if action=reinterpret pc=0x00007f9ed8e86470 method=org.monte.media.avi.TechSmithCodecCore.encodeDelta24(Ljava/io/OutputStream;[I[IIIII)V @ 83
Event: 29,370 Thread 0x00007f9ee8ca6800 Uncommon trap: reason=unstable_if action=reinterpret pc=0x00007f9ed8f7b4ec method=org.monte.media.avi.TechSmithCodecCore.encodeDelta24(Ljava/io/OutputStream;[I[IIIII)V @ 566
Event: 45,713 Thread 0x00007f9ee8ca6800 Uncommon trap: reason=unstable_if action=reinterpret pc=0x00007f9ed8e56a5c method=org.monte.media.avi.TechSmithCodecCore.encodeKey24(Ljava/io/OutputStream;[IIIII)V @ 301
Event: 63,992 Thread 0x00007f9ee800f000 Uncommon trap: reason=unstable_if action=reinterpret pc=0x00007f9ed96204e4 method=com.google.gson.stream.JsonWriter.string(Ljava/lang/String;)V @ 143

Classes redefined (0 events):
No events

Internal exceptions (10 events):
Event: 7,058 Thread 0x00007f9ee800f000 Exception <a 'java/net/ConnectException'> (0x00000000dab6df58) thrown at [/HUDSON/workspace/8-2-build-linux-amd64/jdk8u161/10277/hotspot/src/share/vm/prims/jni.cpp, line 709]
Event: 7,159 Thread 0x00007f9ee800f000 Exception <a 'java/net/ConnectException'> (0x00000000dab6f6d0) thrown at [/HUDSON/workspace/8-2-build-linux-amd64/jdk8u161/10277/hotspot/src/share/vm/prims/jni.cpp, line 709]
Event: 7,260 Thread 0x00007f9ee800f000 Exception <a 'java/net/ConnectException'> (0x00000000dab70e48) thrown at [/HUDSON/workspace/8-2-build-linux-amd64/jdk8u161/10277/hotspot/src/share/vm/prims/jni.cpp, line 709]
Event: 7,718 Thread 0x00007f9ee800f000 Exception <a 'java/lang/ArrayIndexOutOfBoundsException'> (0x00000000dce1ecc8) thrown at [/HUDSON/workspace/8-2-build-linux-amd64/jdk8u161/10277/hotspot/src/share/vm/runtime/sharedRuntime.cpp, line 605]
Event: 7,718 Thread 0x00007f9ee800f000 Exception <a 'java/lang/ArrayIndexOutOfBoundsException'> (0x00000000dce20638) thrown at [/HUDSON/workspace/8-2-build-linux-amd64/jdk8u161/10277/hotspot/src/share/vm/runtime/sharedRuntime.cpp, line 605]
Event: 15,243 Thread 0x00007f9ee800f000 Exception <a 'java/io/FileNotFoundException'> (0x00000000d735c430) thrown at [/HUDSON/workspace/8-2-build-linux-amd64/jdk8u161/10277/hotspot/src/share/vm/prims/jni.cpp, line 709]
Event: 15,243 Thread 0x00007f9ee800f000 Exception <a 'java/io/FileNotFoundException'> (0x00000000d735d0c0) thrown at [/HUDSON/workspace/8-2-build-linux-amd64/jdk8u161/10277/hotspot/src/share/vm/prims/jni.cpp, line 709]
Event: 15,439 Thread 0x00007f9ee8706800 Implicit null exception at 0x00007f9ed94a7670 to 0x00007f9ed94a7851
Event: 62,341 Thread 0x00007f9ee800f000 Exception <a 'java/lang/reflect/InvocationTargetException'> (0x00000000e2e6c968) thrown at [/HUDSON/workspace/8-2-build-linux-amd64/jdk8u161/10277/hotspot/src/share/vm/runtime/reflection.cpp, line 1092]
Event: 63,819 Thread 0x00007f9ee800f000 Exception <a 'sun/nio/fs/UnixException'> (0x00000000eeb9abb8) thrown at [/HUDSON/workspace/8-2-build-linux-amd64/jdk8u161/10277/hotspot/src/share/vm/prims/jni.cpp, line 709]

Events (10 events):
Event: 64,077 Thread 0x00007f9e8c0a4000 Thread exited: 0x00007f9e8c0a4000
Event: 64,078 Executing VM operation: RevokeBias
Event: 64,078 Executing VM operation: RevokeBias done
Event: 64,078 Thread 0x00007f9ee89cc000 Thread exited: 0x00007f9ee89cc000
Event: 64,078 Executing VM operation: RevokeBias
Event: 64,078 Executing VM operation: RevokeBias done
Event: 64,078 loading class java/lang/ProcessBuilder$NullOutputStream
Event: 64,078 loading class java/lang/ProcessBuilder$NullOutputStream done
Event: 64,080 loading class sun/awt/X11/XErrorEvent
Event: 64,080 loading class sun/awt/X11/XErrorEvent done


Dynamic libraries:
00400000-00401000 r-xp 00000000 08:01 3411076                            /usr/lib/jvm/java-8-oracle/bin/java
00600000-00601000 rw-p 00000000 08:01 3411076                            /usr/lib/jvm/java-8-oracle/bin/java
0082c000-0084d000 rw-p 00000000 00:00 0                                  [heap]
84c00000-8d500000 rw-p 00000000 00:00 0 
8d500000-d6f00000 ---p 00000000 00:00 0 
d6f00000-f5e80000 rw-p 00000000 00:00 0 
f5e80000-100000000 ---p 00000000 00:00 0 
100000000-100360000 rw-p 00000000 00:00 0 
100360000-140000000 ---p 00000000 00:00 0 
7f9e64000000-7f9e64028000 rw-p 00000000 00:00 0 
7f9e64028000-7f9e68000000 ---p 00000000 00:00 0 
7f9e6c000000-7f9e6c021000 rw-p 00000000 00:00 0 
7f9e6c021000-7f9e70000000 ---p 00000000 00:00 0 
7f9e70000000-7f9e71b6b000 rw-p 00000000 00:00 0 
7f9e71b6b000-7f9e74000000 ---p 00000000 00:00 0 
7f9e74000000-7f9e74025000 rw-p 00000000 00:00 0 
7f9e74025000-7f9e78000000 ---p 00000000 00:00 0 
7f9e78000000-7f9e78088000 rw-p 00000000 00:00 0 
7f9e78088000-7f9e7c000000 ---p 00000000 00:00 0 
7f9e7c000000-7f9e7c021000 rw-p 00000000 00:00 0 
7f9e7c021000-7f9e80000000 ---p 00000000 00:00 0 
7f9e81bd0000-7f9e81d10000 rw-p 00000000 00:00 0 
7f9e81d10000-7f9e81dd0000 ---p 00000000 00:00 0 
7f9e81dd0000-7f9e81dd9000 r-xp 00000000 08:01 4204417                    /usr/lib/jvm/java-8-oracle/jre/lib/amd64/libmanagement.so
7f9e81dd9000-7f9e81fd8000 ---p 00009000 08:01 4204417                    /usr/lib/jvm/java-8-oracle/jre/lib/amd64/libmanagement.so
7f9e81fd8000-7f9e81fd9000 rw-p 00008000 08:01 4204417                    /usr/lib/jvm/java-8-oracle/jre/lib/amd64/libmanagement.so
7f9e81fd9000-7f9e81fdc000 ---p 00000000 00:00 0 
7f9e81fdc000-7f9e820da000 rw-p 00000000 00:00 0 
7f9e820da000-7f9e820dd000 ---p 00000000 00:00 0 
7f9e820dd000-7f9e821db000 rw-p 00000000 00:00 0 
7f9e821db000-7f9e821de000 ---p 00000000 00:00 0 
7f9e821de000-7f9e822dc000 rw-p 00000000 00:00 0 
7f9e822dc000-7f9e822df000 ---p 00000000 00:00 0 
7f9e822df000-7f9e823dd000 rw-p 00000000 00:00 0 
7f9e823dd000-7f9e823e0000 ---p 00000000 00:00 0 
7f9e823e0000-7f9e824de000 rw-p 00000000 00:00 0 
7f9e824de000-7f9e824e3000 r-xp 00000000 08:01 2366523                    /usr/lib/x86_64-linux-gnu/libXfixes.so.3.1.0
7f9e824e3000-7f9e826e2000 ---p 00005000 08:01 2366523                    /usr/lib/x86_64-linux-gnu/libXfixes.so.3.1.0
7f9e826e2000-7f9e826e3000 r--p 00004000 08:01 2366523                    /usr/lib/x86_64-linux-gnu/libXfixes.so.3.1.0
7f9e826e3000-7f9e826e4000 rw-p 00005000 08:01 2366523                    /usr/lib/x86_64-linux-gnu/libXfixes.so.3.1.0
7f9e826e4000-7f9e826ed000 r-xp 00000000 08:01 2365340                    /usr/lib/x86_64-linux-gnu/libXcursor.so.1.0.2
7f9e826ed000-7f9e828ec000 ---p 00009000 08:01 2365340                    /usr/lib/x86_64-linux-gnu/libXcursor.so.1.0.2
7f9e828ec000-7f9e828ed000 r--p 00008000 08:01 2365340                    /usr/lib/x86_64-linux-gnu/libXcursor.so.1.0.2
7f9e828ed000-7f9e828ee000 rw-p 00009000 08:01 2365340                    /usr/lib/x86_64-linux-gnu/libXcursor.so.1.0.2
7f9e828ee000-7f9e828f1000 ---p 00000000 00:00 0 
7f9e828f1000-7f9e82bef000 rw-p 00000000 00:00 0 
7f9e82bef000-7f9e82c54000 r-xp 00000000 08:01 4204386                    /usr/lib/jvm/java-8-oracle/jre/lib/amd64/libfontmanager.so
7f9e82c54000-7f9e82e53000 ---p 00065000 08:01 4204386                    /usr/lib/jvm/java-8-oracle/jre/lib/amd64/libfontmanager.so
7f9e82e53000-7f9e82e58000 rw-p 00064000 08:01 4204386                    /usr/lib/jvm/java-8-oracle/jre/lib/amd64/libfontmanager.so
7f9e82e58000-7f9e82e68000 rw-p 00000000 00:00 0 
7f9e82e68000-7f9e82e6d000 r-xp 00000000 08:01 2366519                    /usr/lib/x86_64-linux-gnu/libXdmcp.so.6.0.0
7f9e82e6d000-7f9e8306c000 ---p 00005000 08:01 2366519                    /usr/lib/x86_64-linux-gnu/libXdmcp.so.6.0.0
7f9e8306c000-7f9e8306d000 r--p 00004000 08:01 2366519                    /usr/lib/x86_64-linux-gnu/libXdmcp.so.6.0.0
7f9e8306d000-7f9e8306e000 rw-p 00005000 08:01 2366519                    /usr/lib/x86_64-linux-gnu/libXdmcp.so.6.0.0
7f9e8306e000-7f9e83070000 r-xp 00000000 08:01 2366508                    /usr/lib/x86_64-linux-gnu/libXau.so.6.0.0
7f9e83070000-7f9e83270000 ---p 00002000 08:01 2366508                    /usr/lib/x86_64-linux-gnu/libXau.so.6.0.0
7f9e83270000-7f9e83271000 r--p 00002000 08:01 2366508                    /usr/lib/x86_64-linux-gnu/libXau.so.6.0.0
7f9e83271000-7f9e83272000 rw-p 00003000 08:01 2366508                    /usr/lib/x86_64-linux-gnu/libXau.so.6.0.0
7f9e83272000-7f9e83293000 r-xp 00000000 08:01 2367926                    /usr/lib/x86_64-linux-gnu/libxcb.so.1.1.0
7f9e83293000-7f9e83492000 ---p 00021000 08:01 2367926                    /usr/lib/x86_64-linux-gnu/libxcb.so.1.1.0
7f9e83492000-7f9e83493000 r--p 00020000 08:01 2367926                    /usr/lib/x86_64-linux-gnu/libxcb.so.1.1.0
7f9e83493000-7f9e83494000 rw-p 00021000 08:01 2367926                    /usr/lib/x86_64-linux-gnu/libxcb.so.1.1.0
7f9e83494000-7f9e834a3000 r-xp 00000000 08:01 2366531                    /usr/lib/x86_64-linux-gnu/libXi.so.6.1.0
7f9e834a3000-7f9e836a2000 ---p 0000f000 08:01 2366531                    /usr/lib/x86_64-linux-gnu/libXi.so.6.1.0
7f9e836a2000-7f9e836a3000 r--p 0000e000 08:01 2366531                    /usr/lib/x86_64-linux-gnu/libXi.so.6.1.0
7f9e836a3000-7f9e836a4000 rw-p 0000f000 08:01 2366531                    /usr/lib/x86_64-linux-gnu/libXi.so.6.1.0
7f9e836a4000-7f9e836a9000 r-xp 00000000 08:01 2366549                    /usr/lib/x86_64-linux-gnu/libXtst.so.6.1.0
7f9e836a9000-7f9e838a8000 ---p 00005000 08:01 2366549                    /usr/lib/x86_64-linux-gnu/libXtst.so.6.1.0
7f9e838a8000-7f9e838a9000 r--p 00004000 08:01 2366549                    /usr/lib/x86_64-linux-gnu/libXtst.so.6.1.0
7f9e838a9000-7f9e838aa000 rw-p 00005000 08:01 2366549                    /usr/lib/x86_64-linux-gnu/libXtst.so.6.1.0
7f9e838aa000-7f9e838b3000 r-xp 00000000 08:01 2366543                    /usr/lib/x86_64-linux-gnu/libXrender.so.1.3.0
7f9e838b3000-7f9e83ab2000 ---p 00009000 08:01 2366543                    /usr/lib/x86_64-linux-gnu/libXrender.so.1.3.0
7f9e83ab2000-7f9e83ab3000 r--p 00008000 08:01 2366543                    /usr/lib/x86_64-linux-gnu/libXrender.so.1.3.0
7f9e83ab3000-7f9e83ab4000 rw-p 00009000 08:01 2366543                    /usr/lib/x86_64-linux-gnu/libXrender.so.1.3.0
7f9e83ab4000-7f9e83be9000 r-xp 00000000 08:01 2366504                    /usr/lib/x86_64-linux-gnu/libX11.so.6.3.0
7f9e83be9000-7f9e83de9000 ---p 00135000 08:01 2366504                    /usr/lib/x86_64-linux-gnu/libX11.so.6.3.0
7f9e83de9000-7f9e83dea000 r--p 00135000 08:01 2366504                    /usr/lib/x86_64-linux-gnu/libX11.so.6.3.0
7f9e83dea000-7f9e83dee000 rw-p 00136000 08:01 2366504                    /usr/lib/x86_64-linux-gnu/libX11.so.6.3.0
7f9e83dee000-7f9e83dff000 r-xp 00000000 08:01 2366521                    /usr/lib/x86_64-linux-gnu/libXext.so.6.4.0
7f9e83dff000-7f9e83ffe000 ---p 00011000 08:01 2366521                    /usr/lib/x86_64-linux-gnu/libXext.so.6.4.0
7f9e83ffe000-7f9e83fff000 r--p 00010000 08:01 2366521                    /usr/lib/x86_64-linux-gnu/libXext.so.6.4.0
7f9e83fff000-7f9e84000000 rw-p 00011000 08:01 2366521                    /usr/lib/x86_64-linux-gnu/libXext.so.6.4.0
7f9e84000000-7f9e84021000 rw-p 00000000 00:00 0 
7f9e84021000-7f9e88000000 ---p 00000000 00:00 0 
7f9e88000000-7f9e88021000 rw-p 00000000 00:00 0 
7f9e88021000-7f9e8c000000 ---p 00000000 00:00 0 
7f9e8c000000-7f9e8c0b0000 rw-p 00000000 00:00 0 
7f9e8c0b0000-7f9e90000000 ---p 00000000 00:00 0 
7f9e90000000-7f9e90021000 rw-p 00000000 00:00 0 
7f9e90021000-7f9e94000000 ---p 00000000 00:00 0 
7f9e94000000-7f9e94021000 rw-p 00000000 00:00 0 
7f9e94021000-7f9e98000000 ---p 00000000 00:00 0 
7f9e98077000-7f9e980cb000 r-xp 00000000 08:01 4204416                    /usr/lib/jvm/java-8-oracle/jre/lib/amd64/libawt_xawt.so
7f9e980cb000-7f9e982cb000 ---p 00054000 08:01 4204416                    /usr/lib/jvm/java-8-oracle/jre/lib/amd64/libawt_xawt.so
7f9e982cb000-7f9e982cf000 rw-p 00054000 08:01 4204416                    /usr/lib/jvm/java-8-oracle/jre/lib/amd64/libawt_xawt.so
7f9e982cf000-7f9e982d0000 rw-p 00000000 00:00 0 
7f9e982d0000-7f9e98372000 r-xp 00000000 08:01 4204402                    /usr/lib/jvm/java-8-oracle/jre/lib/amd64/libawt.so
7f9e98372000-7f9e98572000 ---p 000a2000 08:01 4204402                    /usr/lib/jvm/java-8-oracle/jre/lib/amd64/libawt.so
7f9e98572000-7f9e9857e000 rw-p 000a2000 08:01 4204402                    /usr/lib/jvm/java-8-oracle/jre/lib/amd64/libawt.so
7f9e9857e000-7f9e987a2000 rw-p 00000000 00:00 0 
7f9e987a2000-7f9e989a2000 rw-p 00000000 00:00 0 
7f9e989a2000-7f9e989b8000 r-xp 00000000 08:01 2101753                    /lib/x86_64-linux-gnu/libgcc_s.so.1
7f9e989b8000-7f9e98bb7000 ---p 00016000 08:01 2101753                    /lib/x86_64-linux-gnu/libgcc_s.so.1
7f9e98bb7000-7f9e98bb8000 rw-p 00015000 08:01 2101753                    /lib/x86_64-linux-gnu/libgcc_s.so.1
7f9e98bb8000-7f9e98bea000 r-xp 00000000 08:01 4203929                    /usr/lib/jvm/java-8-oracle/jre/lib/amd64/libsunec.so
7f9e98bea000-7f9e98de9000 ---p 00032000 08:01 4203929                    /usr/lib/jvm/java-8-oracle/jre/lib/amd64/libsunec.so
7f9e98de9000-7f9e98def000 rw-p 00031000 08:01 4203929                    /usr/lib/jvm/java-8-oracle/jre/lib/amd64/libsunec.so
7f9e98def000-7f9e98fff000 rw-p 00000000 00:00 0 
7f9e98fff000-7f9e9c000000 rw-p 00000000 00:00 0 
7f9e9c000000-7f9e9c021000 rw-p 00000000 00:00 0 
7f9e9c021000-7f9ea0000000 ---p 00000000 00:00 0 
7f9ea0000000-7f9ea0021000 rw-p 00000000 00:00 0 
7f9ea0021000-7f9ea4000000 ---p 00000000 00:00 0 
7f9ea4000000-7f9ea5aad000 rw-p 00000000 00:00 0 
7f9ea5aad000-7f9ea8000000 ---p 00000000 00:00 0 
7f9ea8000000-7f9ea8f29000 rw-p 00000000 00:00 0 
7f9ea8f29000-7f9eac000000 ---p 00000000 00:00 0 
7f9eac000000-7f9eac021000 rw-p 00000000 00:00 0 
7f9eac021000-7f9eb0000000 ---p 00000000 00:00 0 
7f9eb0000000-7f9eb1f62000 rw-p 00000000 00:00 0 
7f9eb1f62000-7f9eb4000000 ---p 00000000 00:00 0 
7f9eb4000000-7f9eb4021000 rw-p 00000000 00:00 0 
7f9eb4021000-7f9eb8000000 ---p 00000000 00:00 0 
7f9eb8000000-7f9eb8021000 rw-p 00000000 00:00 0 
7f9eb8021000-7f9ebc000000 ---p 00000000 00:00 0 
7f9ebc000000-7f9ebc12c000 rw-p 00000000 00:00 0 
7f9ebc12c000-7f9ec0000000 ---p 00000000 00:00 0 
7f9ec00c7000-7f9ec00ca000 ---p 00000000 00:00 0 
7f9ec00ca000-7f9ec03c8000 rw-p 00000000 00:00 0 
7f9ec03c8000-7f9ec05c8000 rw-p 00000000 00:00 0 
7f9ec05c8000-7f9ec05d9000 r-xp 00000000 08:01 4204412                    /usr/lib/jvm/java-8-oracle/jre/lib/amd64/libnio.so
7f9ec05d9000-7f9ec07d8000 ---p 00011000 08:01 4204412                    /usr/lib/jvm/java-8-oracle/jre/lib/amd64/libnio.so
7f9ec07d8000-7f9ec07d9000 rw-p 00010000 08:01 4204412                    /usr/lib/jvm/java-8-oracle/jre/lib/amd64/libnio.so
7f9ec07d9000-7f9ec09d9000 rw-p 00000000 00:00 0 
7f9ec0ad5000-7f9ec0ad8000 ---p 00000000 00:00 0 
7f9ec0ad8000-7f9ec0bd6000 rw-p 00000000 00:00 0 
7f9ec0bd6000-7f9ec0bd9000 ---p 00000000 00:00 0 
7f9ec0bd9000-7f9ec0cd7000 rw-p 00000000 00:00 0 
7f9ec0d19000-7f9ec0d1c000 ---p 00000000 00:00 0 
7f9ec0d1c000-7f9ec0d52000 rw-p 00000000 00:00 0 
7f9ec0d52000-7f9ec0d59000 r--s 00000000 08:01 2755676                    /usr/lib/x86_64-linux-gnu/gconv/gconv-modules.cache
7f9ec0d59000-7f9ec0d7e000 r--p 00000000 08:01 4197044                    /usr/share/locale-langpack/es/LC_MESSAGES/libc.mo
7f9ec0d7e000-7f9ec0d81000 ---p 00000000 00:00 0 
7f9ec0d81000-7f9ec0e7f000 rw-p 00000000 00:00 0 
7f9ec0e7f000-7f9ec0e81000 r--s 00009000 08:01 3949348                    /usr/lib/jvm/java-8-oracle/jre/lib/ext/sunec.jar
7f9ec0e81000-7f9ec0e85000 r--s 0003a000 08:01 3949355                    /usr/lib/jvm/java-8-oracle/jre/lib/ext/sunpkcs11.jar
7f9ec0e85000-7f9ec0e88000 r--s 0001a000 08:01 3553996                    /usr/lib/jvm/java-8-oracle/jre/lib/jce.jar
7f9ec0e88000-7f9ec0e92000 r--s 00116000 08:01 3949357                    /usr/lib/jvm/java-8-oracle/jre/lib/ext/localedata.jar
7f9ec0e92000-7f9ec0eae000 r--s 00393000 08:01 3949350                    /usr/lib/jvm/java-8-oracle/jre/lib/ext/cldrdata.jar
7f9ec0eae000-7f9ec0eb3000 r--s 0009d000 08:01 3553990                    /usr/lib/jvm/java-8-oracle/jre/lib/jsse.jar
7f9ec0eb3000-7f9ec0ec9000 r-xp 00000000 08:01 4204409                    /usr/lib/jvm/java-8-oracle/jre/lib/amd64/libnet.so
7f9ec0ec9000-7f9ec10c9000 ---p 00016000 08:01 4204409                    /usr/lib/jvm/java-8-oracle/jre/lib/amd64/libnet.so
7f9ec10c9000-7f9ec10ca000 rw-p 00016000 08:01 4204409                    /usr/lib/jvm/java-8-oracle/jre/lib/amd64/libnet.so
7f9ec10ca000-7f9ec12ca000 rw-p 00000000 00:00 0 
7f9ec12ca000-7f9ec12cb000 ---p 00000000 00:00 0 
7f9ec12cb000-7f9ec13cb000 rw-p 00000000 00:00 0 
7f9ec13cb000-7f9ec13ce000 ---p 00000000 00:00 0 
7f9ec13ce000-7f9ec14cc000 rw-p 00000000 00:00 0 
7f9ec14cc000-7f9ec14cf000 ---p 00000000 00:00 0 
7f9ec14cf000-7f9ec15cd000 rw-p 00000000 00:00 0 
7f9ec15cd000-7f9ec15d0000 ---p 00000000 00:00 0 
7f9ec15d0000-7f9ec16ce000 rw-p 00000000 00:00 0 
7f9ec16ce000-7f9ec16d1000 ---p 00000000 00:00 0 
7f9ec16d1000-7f9ec17cf000 rw-p 00000000 00:00 0 
7f9ec17cf000-7f9ec17e8000 r--s 001af000 08:01 10882111                   /home/acosanchez/.m2/repository/org/aspectj/aspectjweaver/1.8.9/aspectjweaver-1.8.9.jar
7f9ec17e8000-7f9ec17f1000 r--s 0006f000 08:01 9309062                    /home/acosanchez/.m2/repository/log4j/log4j/1.2.17/log4j-1.2.17.jar
7f9ec17f1000-7f9ec17f6000 r--s 00046000 08:01 10881747                   /home/acosanchez/.m2/repository/org/apache/commons/commons-lang3/3.0/commons-lang3-3.0.jar
7f9ec17f6000-7f9ec17f7000 r--s 00001000 08:01 10881745                   /home/acosanchez/.m2/repository/org/jdom/jaxen-jdom/1.0-FCS/jaxen-jdom-1.0-FCS.jar
7f9ec17f7000-7f9ec17f8000 r--s 00005000 08:01 10881743                   /home/acosanchez/.m2/repository/saxpath/saxpath/1.0-FCS/saxpath-1.0-FCS.jar
7f9ec17f8000-7f9ec17fe000 r--s 00033000 08:01 10881741                   /home/acosanchez/.m2/repository/jaxen/jaxen/1.1.6/jaxen-1.1.6.jar
7f9ec17fe000-7f9ec1801000 r--s 00023000 08:01 10356340                   /home/acosanchez/.m2/repository/org/jdom/jdom/1.1/jdom-1.1.jar
7f9ec1801000-7f9ec1819000 r--s 001b9000 08:01 10881739                   /home/acosanchez/.m2/repository/javax/media/jmf/2.1.1e/jmf-2.1.1e.jar
7f9ec1819000-7f9ec181c000 r--s 0003d000 08:01 10881754                   /home/acosanchez/.m2/repository/javax/media/jai/com.springsource.javax.media.jai.codec/1.1.3/com.springsource.javax.media.jai.codec-1.1.3.jar
7f9ec181c000-7f9ec1830000 r--s 001c0000 08:01 10881246                   /home/acosanchez/.m2/repository/javax/media/jai/com.springsource.javax.media.jai.core/1.1.3/com.springsource.javax.media.jai.core-1.1.3.jar
7f9ec1830000-7f9ec183b000 r--s 000c7000 08:01 10881737                   /home/acosanchez/.m2/repository/com/pojosontheweb/monte-repack/1.0.1/monte-repack-1.0.1.jar
7f9ec183b000-7f9ec1840000 r--s 0005d000 08:01 10881735                   /home/acosanchez/.m2/repository/org/seleniumhq/selenium/selenium-leg-rc/2.53.1/selenium-leg-rc-2.53.1.jar
7f9ec1840000-7f9ec1845000 r--s 00025000 08:01 10881733                   /home/acosanchez/.m2/repository/org/seleniumhq/selenium/selenium-support/2.53.1/selenium-support-2.53.1.jar
7f9ec1845000-7f9ec185b000 r--s 000f9000 08:01 10881731                   /home/acosanchez/.m2/repository/io/netty/netty/3.5.7.Final/netty-3.5.7.Final.jar
7f9ec185b000-7f9ec185d000 r--s 00014000 08:01 10881729                   /home/acosanchez/.m2/repository/org/seleniumhq/selenium/selenium-safari-driver/2.53.1/selenium-safari-driver-2.53.1.jar
7f9ec185d000-7f9ec186e000 r--s 00155000 08:01 10881727                   /home/acosanchez/.m2/repository/net/java/dev/jna/jna-platform/4.1.0/jna-platform-4.1.0.jar
7f9ec186e000-7f9ec1872000 r--s 000dc000 08:01 10881725                   /home/acosanchez/.m2/repository/net/java/dev/jna/jna/4.1.0/jna-4.1.0.jar
7f9ec1872000-7f9ec1873000 r--s 00002000 08:01 10881723                   /home/acosanchez/.m2/repository/org/seleniumhq/selenium/selenium-ie-driver/2.53.1/selenium-ie-driver-2.53.1.jar
7f9ec1873000-7f9ec1875000 r--s 000c7000 08:01 10881721                   /home/acosanchez/.m2/repository/org/seleniumhq/selenium/selenium-firefox-driver/2.53.1/selenium-firefox-driver-2.53.1.jar
7f9ec1875000-7f9ec1882000 r--s 00083000 08:01 10487923                   /home/acosanchez/.m2/repository/commons-collections/commons-collections/3.2.2/commons-collections-3.2.2.jar
7f9ec1882000-7f9ec1884000 r--s 00009000 08:01 10881719                   /home/acosanchez/.m2/repository/org/eclipse/jetty/websocket/websocket-api/9.2.15.v20160210/websocket-api-9.2.15.v20160210.jar
7f9ec1884000-7f9ec1889000 r--s 00028000 08:01 10881717                   /home/acosanchez/.m2/repository/org/eclipse/jetty/websocket/websocket-common/9.2.15.v20160210/websocket-common-9.2.15.v20160210.jar
7f9ec1889000-7f9ec188c000 r--s 00018000 08:01 10881715                   /home/acosanchez/.m2/repository/org/eclipse/jetty/jetty-io/9.2.15.v20160210/jetty-io-9.2.15.v20160210.jar
7f9ec188c000-7f9ec1892000 r--s 00054000 08:01 10881713                   /home/acosanchez/.m2/repository/org/eclipse/jetty/jetty-util/9.2.15.v20160210/jetty-util-9.2.15.v20160210.jar
7f9ec1892000-7f9ec1893000 r--s 00008000 08:01 10881711                   /home/acosanchez/.m2/repository/org/eclipse/jetty/websocket/websocket-client/9.2.15.v20160210/websocket-client-9.2.15.v20160210.jar
7f9ec1893000-7f9ec1895000 r--s 0000e000 08:01 10356287                   /home/acosanchez/.m2/repository/commons-logging/commons-logging/1.2/commons-logging-1.2.jar
7f9ec1895000-7f9ec1899000 r--s 00058000 08:01 10881709                   /home/acosanchez/.m2/repository/net/sourceforge/cssparser/cssparser/0.9.18/cssparser-0.9.18.jar
7f9ec1899000-7f9ec18a2000 r--s 0002d000 08:01 10749855                   /home/acosanchez/.m2/repository/xml-apis/xml-apis/1.4.01/xml-apis-1.4.01.jar
7f9ec18a2000-7f9ec18bb000 r--s 00135000 08:01 10749853                   /home/acosanchez/.m2/repository/xerces/xercesImpl/2.11.0/xercesImpl-2.11.0.jar
7f9ec18bb000-7f9ec18be000 r--s 0001c000 08:01 10881707                   /home/acosanchez/.m2/repository/net/sourceforge/htmlunit/neko-htmlunit/2.21/neko-htmlunit-2.21.jar
7f9ec18be000-7f9ec18cc000 r--s 000fc000 08:01 10881705                   /home/acosanchez/.m2/repository/net/sourceforge/htmlunit/htmlunit-core-js/2.17/htmlunit-core-js-2.17.jar
7f9ec18cc000-7f9ec18d3000 r--s 0003f000 08:01 10487916                   /home/acosanchez/.m2/repository/commons-codec/commons-codec/1.10/commons-codec-1.10.jar
7f9ec18d3000-7f9ec18d5000 r--s 00009000 08:01 10881703                   /home/acosanchez/.m2/repository/org/apache/httpcomponents/httpmime/4.5.2/httpmime-4.5.2.jar
7f9ec18d5000-7f9ec18d9000 r--s 00040000 08:01 10749849                   /home/acosanchez/.m2/repository/xalan/serializer/2.7.2/serializer-2.7.2.jar
7f9ec18d9000-7f9ec18fe000 r--s 002de000 08:01 10749851                   /home/acosanchez/.m2/repository/xalan/xalan/2.7.2/xalan-2.7.2.jar
7f9ec18fe000-7f9ec1924000 r--s 001a1000 08:01 10881701                   /home/acosanchez/.m2/repository/net/sourceforge/htmlunit/htmlunit/2.21/htmlunit-2.21.jar
7f9ec1924000-7f9ec1950000 r--s 00208000 08:01 10881695                   /home/acosanchez/.m2/repository/com/google/guava/guava/19.0/guava-19.0.jar
7f9ec1950000-7f9ec1957000 r--s 00049000 08:01 10881693                   /home/acosanchez/.m2/repository/org/apache/httpcomponents/httpcore/4.4.3/httpcore-4.4.3.jar
7f9ec1957000-7f9ec19ed000 r--s 0110a000 08:01 3949351                    /usr/lib/jvm/java-8-oracle/jre/lib/ext/jfxrt.jar
7f9ec19ed000-7f9ec19f0000 ---p 00000000 00:00 0 
7f9ec19f0000-7f9ec1aee000 rw-p 00000000 00:00 0 
7f9ec1aee000-7f9ec203b000 r--p 00000000 08:01 2365810                    /usr/lib/locale/locale-archive
7f9ec203b000-7f9ec203e000 ---p 00000000 00:00 0 
7f9ec203e000-7f9ec213c000 rw-p 00000000 00:00 0 
7f9ec213c000-7f9ec213f000 ---p 00000000 00:00 0 
7f9ec213f000-7f9ec223d000 rw-p 00000000 00:00 0 
7f9ec223d000-7f9ec223e000 ---p 00000000 00:00 0 
7f9ec223e000-7f9ec324d000 rw-p 00000000 00:00 0 
7f9ec324d000-7f9ec3426000 r--s 03d64000 08:01 3553985                    /usr/lib/jvm/java-8-oracle/jre/lib/rt.jar
7f9ec3426000-7f9ec4000000 rw-p 00000000 00:00 0 
7f9ec4000000-7f9ec4021000 rw-p 00000000 00:00 0 
7f9ec4021000-7f9ec8000000 ---p 00000000 00:00 0 
7f9ec8000000-7f9ec8024000 rw-p 00000000 00:00 0 
7f9ec8024000-7f9ecc000000 ---p 00000000 00:00 0 
7f9ecc000000-7f9ecc021000 rw-p 00000000 00:00 0 
7f9ecc021000-7f9ed0000000 ---p 00000000 00:00 0 
7f9ed0000000-7f9ed0021000 rw-p 00000000 00:00 0 
7f9ed0021000-7f9ed4000000 ---p 00000000 00:00 0 
7f9ed4000000-7f9ed4001000 r--s 00003000 08:01 10749813                   /home/acosanchez/.m2/repository/org/w3c/css/sac/1.3/sac-1.3.jar
7f9ed4001000-7f9ed7da1000 rw-p 00000000 00:00 0 
7f9ed7da1000-7f9ed7da2000 ---p 00000000 00:00 0 
7f9ed7da2000-7f9ed7ea2000 rw-p 00000000 00:00 0 
7f9ed7ea2000-7f9ed7ea3000 ---p 00000000 00:00 0 
7f9ed7ea3000-7f9ed7fa3000 rw-p 00000000 00:00 0 
7f9ed7fa3000-7f9ed7fa4000 ---p 00000000 00:00 0 
7f9ed7fa4000-7f9ed80a4000 rw-p 00000000 00:00 0 
7f9ed80a4000-7f9ed80a5000 ---p 00000000 00:00 0 
7f9ed80a5000-7f9ed81ea000 rw-p 00000000 00:00 0 
7f9ed81ea000-7f9ed8437000 ---p 00000000 00:00 0 
7f9ed8437000-7f9ed847c000 rw-p 00000000 00:00 0 
7f9ed847c000-7f9ed86c8000 ---p 00000000 00:00 0 
7f9ed86c8000-7f9ed87c1000 rw-p 00000000 00:00 0 
7f9ed87c1000-7f9ed8811000 ---p 00000000 00:00 0 
7f9ed8811000-7f9ed8841000 rw-p 00000000 00:00 0 
7f9ed8841000-7f9ed8bd2000 ---p 00000000 00:00 0 
7f9ed8bd2000-7f9ed9792000 rwxp 00000000 00:00 0 
7f9ed9792000-7f9ee7bd2000 ---p 00000000 00:00 0 
7f9ee7bd2000-7f9ee7bed000 r-xp 00000000 08:01 4204405                    /usr/lib/jvm/java-8-oracle/jre/lib/amd64/libzip.so
7f9ee7bed000-7f9ee7ded000 ---p 0001b000 08:01 4204405                    /usr/lib/jvm/java-8-oracle/jre/lib/amd64/libzip.so
7f9ee7ded000-7f9ee7dee000 rw-p 0001b000 08:01 4204405                    /usr/lib/jvm/java-8-oracle/jre/lib/amd64/libzip.so
7f9ee7dee000-7f9ee7df9000 r-xp 00000000 08:01 2097248                    /lib/x86_64-linux-gnu/libnss_files-2.23.so
7f9ee7df9000-7f9ee7ff8000 ---p 0000b000 08:01 2097248                    /lib/x86_64-linux-gnu/libnss_files-2.23.so
7f9ee7ff8000-7f9ee7ff9000 r--p 0000a000 08:01 2097248                    /lib/x86_64-linux-gnu/libnss_files-2.23.so
7f9ee7ff9000-7f9ee7ffa000 rw-p 0000b000 08:01 2097248                    /lib/x86_64-linux-gnu/libnss_files-2.23.so
7f9ee7ffa000-7f9ee8000000 rw-p 00000000 00:00 0 
7f9ee8000000-7f9ee9e63000 rw-p 00000000 00:00 0 
7f9ee9e63000-7f9eec000000 ---p 00000000 00:00 0 
7f9eec000000-7f9eec002000 r--s 0000e000 08:01 10881699                   /home/acosanchez/.m2/repository/org/seleniumhq/selenium/htmlunit-driver/2.21/htmlunit-driver-2.21.jar
7f9eec002000-7f9eec004000 r--s 0000c000 08:01 9044688                    /home/acosanchez/.m2/repository/org/apache/commons/commons-exec/1.3/commons-exec-1.3.jar
7f9eec004000-7f9eec005000 r--s 00001000 08:01 10881697                   /home/acosanchez/.m2/repository/org/seleniumhq/selenium/selenium-edge-driver/2.53.1/selenium-edge-driver-2.53.1.jar
7f9eec005000-7f9eec012000 r--s 000a6000 08:01 10881691                   /home/acosanchez/.m2/repository/org/apache/httpcomponents/httpclient/4.5.1/httpclient-4.5.1.jar
7f9eec012000-7f9eec017000 r--s 0001f000 08:01 10881689                   /home/acosanchez/.m2/repository/org/seleniumhq/selenium/selenium-api/2.53.1/selenium-api-2.53.1.jar
7f9eec017000-7f9eec01c000 r--s 0002f000 08:01 10881687                   /home/acosanchez/.m2/repository/com/google/code/gson/gson/2.3.1/gson-2.3.1.jar
7f9eec01c000-7f9eec023000 r--s 00049000 08:01 10881685                   /home/acosanchez/.m2/repository/cglib/cglib-nodep/2.1_3/cglib-nodep-2.1_3.jar
7f9eec023000-7f9eec028000 r--s 00035000 08:01 10881683                   /home/acosanchez/.m2/repository/org/seleniumhq/selenium/selenium-remote-driver/2.53.1/selenium-remote-driver-2.53.1.jar
7f9eec028000-7f9eec029000 r--s 00002000 08:01 10881681                   /home/acosanchez/.m2/repository/org/seleniumhq/selenium/selenium-chrome-driver/2.53.1/selenium-chrome-driver-2.53.1.jar
7f9eec029000-7f9eec02a000 r--s 00000000 08:01 10881679                   /home/acosanchez/.m2/repository/org/seleniumhq/selenium/selenium-java/2.53.1/selenium-java-2.53.1.jar
7f9eec02a000-7f9eec02f000 r--s 00040000 08:01 8915896                    /home/acosanchez/.m2/repository/org/beanshell/bsh/2.0b4/bsh-2.0b4.jar
7f9eec02f000-7f9eec031000 r--s 0000e000 08:01 10881677                   /home/acosanchez/.m2/repository/com/beust/jcommander/1.48/jcommander-1.48.jar
7f9eec031000-7f9eec03f000 r--s 000c7000 08:01 10881675                   /home/acosanchez/.m2/repository/org/testng/testng/6.9.10/testng-6.9.10.jar
7f9eec03f000-7f9eec043000 r--s 0002a000 08:01 9706508                    /home/acosanchez/.m2/repository/commons-io/commons-io/2.4/commons-io-2.4.jar
7f9eec043000-7f9eec044000 r--s 00002000 08:01 10881756                   /home/acosanchez/.m2/repository/com/github/agomezmoron/webdriver-screenshot/1.0.3/webdriver-screenshot-1.0.3.jar
7f9eec044000-7f9eec046000 r--s 00009000 08:01 10881752                   /home/acosanchez/.m2/repository/com/emergya/selenium-handler/0.1.10/selenium-handler-0.1.10.jar
7f9eec046000-7f9eec04a000 r--s 00019000 08:01 10881673                   /home/acosanchez/.m2/repository/org/aspectj/aspectjrt/1.8.3/aspectjrt-1.8.3.jar
7f9eec04a000-7f9eec051000 r--s 0007a000 08:01 10881671                   /home/acosanchez/.m2/repository/org/apache/tika/tika-core/1.7/tika-core-1.7.jar
7f9eec051000-7f9eec052000 r--s 00007000 08:01 10752216                   /home/acosanchez/.m2/repository/org/slf4j/slf4j-api/1.7.12/slf4j-api-1.7.12.jar
7f9eec052000-7f9eec054000 r--s 00007000 08:01 10881669                   /home/acosanchez/.m2/repository/ru/qatools/commons/properties/2.0.RC3/properties-2.0.RC3.jar
7f9eec054000-7f9eec05a000 r--s 0001e000 08:01 10881667                   /home/acosanchez/.m2/repository/org/jvnet/jaxb2_commons/jaxb2-basics-runtime/0.9.3/jaxb2-basics-runtime-0.9.3.jar
7f9eec05a000-7f9eec05b000 r--s 00009000 08:01 10881665                   /home/acosanchez/.m2/repository/ru/yandex/qatools/allure/allure-model/1.5.0.RC2/allure-model-1.5.0.RC2.jar
7f9eec05b000-7f9eec05c000 r--s 00001000 08:01 10881663                   /home/acosanchez/.m2/repository/ru/yandex/qatools/allure/allure-java-annotations/1.5.0.RC2/allure-java-annotations-1.5.0.RC2.jar
7f9eec05c000-7f9eec06f000 r--s 00345000 08:01 3553989                    /usr/lib/jvm/java-8-oracle/jre/lib/resources.jar
7f9eec06f000-7f9eec0e5000 rw-p 00000000 00:00 0 
7f9eec0e5000-7f9eec0f0000 r-xp 00000000 08:01 2101732                    /lib/x86_64-linux-gnu/libnss_nis-2.23.so
7f9eec0f0000-7f9eec2ef000 ---p 0000b000 08:01 2101732                    /lib/x86_64-linux-gnu/libnss_nis-2.23.so
7f9eec2ef000-7f9eec2f0000 r--p 0000a000 08:01 2101732                    /lib/x86_64-linux-gnu/libnss_nis-2.23.so
7f9eec2f0000-7f9eec2f1000 rw-p 0000b000 08:01 2101732                    /lib/x86_64-linux-gnu/libnss_nis-2.23.so
7f9eec2f1000-7f9eec307000 r-xp 00000000 08:01 2097166                    /lib/x86_64-linux-gnu/libnsl-2.23.so
7f9eec307000-7f9eec506000 ---p 00016000 08:01 2097166                    /lib/x86_64-linux-gnu/libnsl-2.23.so
7f9eec506000-7f9eec507000 r--p 00015000 08:01 2097166                    /lib/x86_64-linux-gnu/libnsl-2.23.so
7f9eec507000-7f9eec508000 rw-p 00016000 08:01 2097166                    /lib/x86_64-linux-gnu/libnsl-2.23.so
7f9eec508000-7f9eec50a000 rw-p 00000000 00:00 0 
7f9eec50a000-7f9eec512000 r-xp 00000000 08:01 2097243                    /lib/x86_64-linux-gnu/libnss_compat-2.23.so
7f9eec512000-7f9eec711000 ---p 00008000 08:01 2097243                    /lib/x86_64-linux-gnu/libnss_compat-2.23.so
7f9eec711000-7f9eec712000 r--p 00007000 08:01 2097243                    /lib/x86_64-linux-gnu/libnss_compat-2.23.so
7f9eec712000-7f9eec713000 rw-p 00008000 08:01 2097243                    /lib/x86_64-linux-gnu/libnss_compat-2.23.so
7f9eec713000-7f9eec71d000 r-xp 00000000 08:01 4204414                    /usr/lib/jvm/java-8-oracle/jre/lib/amd64/libinstrument.so
7f9eec71d000-7f9eec91c000 ---p 0000a000 08:01 4204414                    /usr/lib/jvm/java-8-oracle/jre/lib/amd64/libinstrument.so
7f9eec91c000-7f9eec91d000 rw-p 00009000 08:01 4204414                    /usr/lib/jvm/java-8-oracle/jre/lib/amd64/libinstrument.so
7f9eec91d000-7f9eec948000 r-xp 00000000 08:01 4204399                    /usr/lib/jvm/java-8-oracle/jre/lib/amd64/libjava.so
7f9eec948000-7f9eecb47000 ---p 0002b000 08:01 4204399                    /usr/lib/jvm/java-8-oracle/jre/lib/amd64/libjava.so
7f9eecb47000-7f9eecb49000 rw-p 0002a000 08:01 4204399                    /usr/lib/jvm/java-8-oracle/jre/lib/amd64/libjava.so
7f9eecb49000-7f9eecb56000 r-xp 00000000 08:01 4204404                    /usr/lib/jvm/java-8-oracle/jre/lib/amd64/libverify.so
7f9eecb56000-7f9eecd56000 ---p 0000d000 08:01 4204404                    /usr/lib/jvm/java-8-oracle/jre/lib/amd64/libverify.so
7f9eecd56000-7f9eecd58000 rw-p 0000d000 08:01 4204404                    /usr/lib/jvm/java-8-oracle/jre/lib/amd64/libverify.so
7f9eecd58000-7f9eecd5f000 r-xp 00000000 08:01 2101733                    /lib/x86_64-linux-gnu/librt-2.23.so
7f9eecd5f000-7f9eecf5e000 ---p 00007000 08:01 2101733                    /lib/x86_64-linux-gnu/librt-2.23.so
7f9eecf5e000-7f9eecf5f000 r--p 00006000 08:01 2101733                    /lib/x86_64-linux-gnu/librt-2.23.so
7f9eecf5f000-7f9eecf60000 rw-p 00007000 08:01 2101733                    /lib/x86_64-linux-gnu/librt-2.23.so
7f9eecf60000-7f9eed068000 r-xp 00000000 08:01 2097157                    /lib/x86_64-linux-gnu/libm-2.23.so
7f9eed068000-7f9eed267000 ---p 00108000 08:01 2097157                    /lib/x86_64-linux-gnu/libm-2.23.so
7f9eed267000-7f9eed268000 r--p 00107000 08:01 2097157                    /lib/x86_64-linux-gnu/libm-2.23.so
7f9eed268000-7f9eed269000 rw-p 00108000 08:01 2097157                    /lib/x86_64-linux-gnu/libm-2.23.so
7f9eed269000-7f9eedf42000 r-xp 00000000 08:01 4330854                    /usr/lib/jvm/java-8-oracle/jre/lib/amd64/server/libjvm.so
7f9eedf42000-7f9eee141000 ---p 00cd9000 08:01 4330854                    /usr/lib/jvm/java-8-oracle/jre/lib/amd64/server/libjvm.so
7f9eee141000-7f9eee21a000 rw-p 00cd8000 08:01 4330854                    /usr/lib/jvm/java-8-oracle/jre/lib/amd64/server/libjvm.so
7f9eee21a000-7f9eee266000 rw-p 00000000 00:00 0 
7f9eee266000-7f9eee426000 r-xp 00000000 08:01 2097235                    /lib/x86_64-linux-gnu/libc-2.23.so
7f9eee426000-7f9eee626000 ---p 001c0000 08:01 2097235                    /lib/x86_64-linux-gnu/libc-2.23.so
7f9eee626000-7f9eee62a000 r--p 001c0000 08:01 2097235                    /lib/x86_64-linux-gnu/libc-2.23.so
7f9eee62a000-7f9eee62c000 rw-p 001c4000 08:01 2097235                    /lib/x86_64-linux-gnu/libc-2.23.so
7f9eee62c000-7f9eee630000 rw-p 00000000 00:00 0 
7f9eee630000-7f9eee633000 r-xp 00000000 08:01 2097237                    /lib/x86_64-linux-gnu/libdl-2.23.so
7f9eee633000-7f9eee832000 ---p 00003000 08:01 2097237                    /lib/x86_64-linux-gnu/libdl-2.23.so
7f9eee832000-7f9eee833000 r--p 00002000 08:01 2097237                    /lib/x86_64-linux-gnu/libdl-2.23.so
7f9eee833000-7f9eee834000 rw-p 00003000 08:01 2097237                    /lib/x86_64-linux-gnu/libdl-2.23.so
7f9eee834000-7f9eee84a000 r-xp 00000000 08:01 3412449                    /usr/lib/jvm/java-8-oracle/lib/amd64/jli/libjli.so
7f9eee84a000-7f9eeea49000 ---p 00016000 08:01 3412449                    /usr/lib/jvm/java-8-oracle/lib/amd64/jli/libjli.so
7f9eeea49000-7f9eeea4a000 rw-p 00015000 08:01 3412449                    /usr/lib/jvm/java-8-oracle/lib/amd64/jli/libjli.so
7f9eeea4a000-7f9eeea62000 r-xp 00000000 08:01 2097177                    /lib/x86_64-linux-gnu/libpthread-2.23.so
7f9eeea62000-7f9eeec61000 ---p 00018000 08:01 2097177                    /lib/x86_64-linux-gnu/libpthread-2.23.so
7f9eeec61000-7f9eeec62000 r--p 00017000 08:01 2097177                    /lib/x86_64-linux-gnu/libpthread-2.23.so
7f9eeec62000-7f9eeec63000 rw-p 00018000 08:01 2097177                    /lib/x86_64-linux-gnu/libpthread-2.23.so
7f9eeec63000-7f9eeec67000 rw-p 00000000 00:00 0 
7f9eeec67000-7f9eeec8d000 r-xp 00000000 08:01 2097169                    /lib/x86_64-linux-gnu/ld-2.23.so
7f9eeec8d000-7f9eeec8f000 r--s 0000e000 08:01 10881661                   /home/acosanchez/.m2/repository/ru/yandex/qatools/allure/allure-java-adaptor-api/1.5.0.RC2/allure-java-adaptor-api-1.5.0.RC2.jar
7f9eeec8f000-7f9eeec90000 r--s 00002000 08:01 10881659                   /home/acosanchez/.m2/repository/ru/yandex/qatools/allure/allure-java-aspects/1.5.0.RC2/allure-java-aspects-1.5.0.RC2.jar
7f9eeec90000-7f9eeec91000 r--s 00002000 08:01 10881657                   /home/acosanchez/.m2/repository/ru/yandex/qatools/allure/allure-testng-adaptor/1.5.0.RC2/allure-testng-adaptor-1.5.0.RC2.jar
7f9eeec91000-7f9eeec96000 r--s 00084000 08:01 3553946                    /usr/lib/jvm/java-8-oracle/jre/lib/jfr.jar
7f9eeec96000-7f9eeec9b000 r--s 002f9000 08:01 3553983                    /usr/lib/jvm/java-8-oracle/jre/lib/charsets.jar
7f9eeec9b000-7f9eeed6c000 rw-p 00000000 00:00 0 
7f9eeed6c000-7f9eeed6f000 ---p 00000000 00:00 0 
7f9eeed6f000-7f9eeee72000 rw-p 00000000 00:00 0 
7f9eeee72000-7f9eeee75000 r--s 0001a000 08:01 3553996                    /usr/lib/jvm/java-8-oracle/jre/lib/jce.jar
7f9eeee75000-7f9eeee7a000 r--s 0009d000 08:01 3553990                    /usr/lib/jvm/java-8-oracle/jre/lib/jsse.jar
7f9eeee7a000-7f9eeee82000 r--s 00048000 08:01 10882334                   /home/acosanchez/eclipse/jee-oxygen/eclipse/configuration/org.eclipse.osgi/1177/0/.cp/lib/testng-remote.jar
7f9eeee82000-7f9eeee8a000 rw-s 00000000 08:01 7080889                    /tmp/hsperfdata_acosanchez/6968
7f9eeee8a000-7f9eeee8b000 rw-p 00000000 00:00 0 
7f9eeee8b000-7f9eeee8c000 r--p 00000000 00:00 0 
7f9eeee8c000-7f9eeee8d000 r--p 00025000 08:01 2097169                    /lib/x86_64-linux-gnu/ld-2.23.so
7f9eeee8d000-7f9eeee8e000 rw-p 00026000 08:01 2097169                    /lib/x86_64-linux-gnu/ld-2.23.so
7f9eeee8e000-7f9eeee8f000 rw-p 00000000 00:00 0 
7ffff6f96000-7ffff6fb9000 rw-p 00000000 00:00 0                          [stack]
7ffff6fd7000-7ffff6fda000 r--p 00000000 00:00 0                          [vvar]
7ffff6fda000-7ffff6fdc000 r-xp 00000000 00:00 0                          [vdso]
ffffffffff600000-ffffffffff601000 r-xp 00000000 00:00 0                  [vsyscall]

VM Arguments:
jvm_args: -ea -javaagent:/home/acosanchez/.m2/repository/org/aspectj/aspectjweaver/1.8.9/aspectjweaver-1.8.9.jar -Dfile.encoding=UTF-8 
java_command: org.testng.remote.RemoteTestNG -serport 34311 -protocol json -d /home/acosanchez/QA_workspace/qa-emergya-quickstart/test-output /tmp/testng-eclipse--131032544/testng-customsuite.xml
java_class_path (initial): /home/acosanchez/eclipse/jee-oxygen/eclipse/configuration/org.eclipse.osgi/1177/0/.cp/lib/testng-remote.jar:/usr/lib/jvm/java-8-oracle/jre/lib/resources.jar:/usr/lib/jvm/java-8-oracle/jre/lib/rt.jar:/usr/lib/jvm/java-8-oracle/jre/lib/jsse.jar:/usr/lib/jvm/java-8-oracle/jre/lib/jce.jar:/usr/lib/jvm/java-8-oracle/jre/lib/charsets.jar:/usr/lib/jvm/java-8-oracle/jre/lib/jfr.jar:/usr/lib/jvm/java-8-oracle/jre/lib/ext/jaccess.jar:/usr/lib/jvm/java-8-oracle/jre/lib/ext/nashorn.jar:/usr/lib/jvm/java-8-oracle/jre/lib/ext/jfxrt.jar:/usr/lib/jvm/java-8-oracle/jre/lib/ext/sunpkcs11.jar:/usr/lib/jvm/java-8-oracle/jre/lib/ext/zipfs.jar:/usr/lib/jvm/java-8-oracle/jre/lib/ext/dnsns.jar:/usr/lib/jvm/java-8-oracle/jre/lib/ext/cldrdata.jar:/usr/lib/jvm/java-8-oracle/jre/lib/ext/sunec.jar:/usr/lib/jvm/java-8-oracle/jre/lib/ext/localedata.jar:/usr/lib/jvm/java-8-oracle/jre/lib/ext/sunjce_provider.jar:/home/acosanchez/QA_workspace/qa-emergya-quickstart/target/test-classes:/home/acosanchez/QA_workspace/qa-emergya-quickstart/target/classes:/home/acosanchez/.m2/repository/ru/yandex/qatools/allure/allure-testng-adaptor/1.5.0.RC2/allure-testng-adaptor-1.5.0.RC2.jar:/home/acosanchez/.m2/repository/ru/yandex/qatools/allure/allure-java-aspects/1.5.0.RC2/allure-java-aspects-1.5.0.RC2.jar:/home/acosanchez/.m2/repository/ru/yandex/qatools/allure/allure-java-adaptor-api/1.5.0.RC2/allure-java-adaptor-api-1.5.0.RC2.jar:/home/acosanchez/.m2/repository/ru/yandex/qatools/allure/allure-java-annotations/1.5.0.RC2/allure-java-annotations-1.5.0.RC2.jar:/home/acosanchez/.m2/repository/ru/yandex/qatools/allure/allure-model/1.5.0.RC2/allure-model-1.5.0.RC2.jar:/home/acosanchez/.m2/repository/org/jvnet/jaxb2_commons/jaxb2-basics-runtime/0.9.3/jaxb2-basics-runtime-0.9.3.jar:/home/acosanchez/.m2/repository/ru/qatools/commons/properties/2.0.RC3/properties-2.0.RC3.jar:/home/acosanchez/.m2/repository/org/slf4j/slf4j-api/1.7.12/slf4j-api-1.7.12.jar:/home/acosanchez/.m2/repository/org/apach
Launcher Type: SUN_STANDARD

Environment Variables:
JAVA_HOME=/usr/lib/jvm/java-7-oracle
PATH=/home/acosanchez/bin:/home/acosanchez/.local/bin:/usr/local/sbin:/usr/local/bin:/usr/sbin:/usr/bin:/sbin:/bin:/usr/games:/usr/local/games:/snap/bin:/usr/lib/jvm/java-7-oracle/bin:/usr/lib/jvm/java-7-oracle/db/bin:/usr/lib/jvm/java-7-oracle/jre/bin
SHELL=/bin/bash
DISPLAY=:0

Signal Handlers:
SIGSEGV: [libjvm.so+0xad01e0], sa_mask[0]=11111111011111111101111111111110, sa_flags=SA_RESTART|SA_SIGINFO
SIGBUS: [libjvm.so+0xad01e0], sa_mask[0]=11111111011111111101111111111110, sa_flags=SA_RESTART|SA_SIGINFO
SIGFPE: [libjvm.so+0x927fb0], sa_mask[0]=11111111011111111101111111111110, sa_flags=SA_RESTART|SA_SIGINFO
SIGPIPE: [libjvm.so+0x927fb0], sa_mask[0]=11111111011111111101111111111110, sa_flags=SA_RESTART|SA_SIGINFO
SIGXFSZ: [libjvm.so+0x927fb0], sa_mask[0]=11111111011111111101111111111110, sa_flags=SA_RESTART|SA_SIGINFO
SIGILL: [libjvm.so+0x927fb0], sa_mask[0]=11111111011111111101111111111110, sa_flags=SA_RESTART|SA_SIGINFO
SIGUSR1: SIG_DFL, sa_mask[0]=00000000000000000000000000000000, sa_flags=none
SIGUSR2: [libjvm.so+0x9297f0], sa_mask[0]=00100000000000000000000000000000, sa_flags=SA_RESTART|SA_SIGINFO
SIGHUP: [libjvm.so+0x92abf0], sa_mask[0]=11111111011111111101111111111110, sa_flags=SA_RESTART|SA_SIGINFO
SIGINT: [libjvm.so+0x92abf0], sa_mask[0]=11111111011111111101111111111110, sa_flags=SA_RESTART|SA_SIGINFO
SIGTERM: [libjvm.so+0x92abf0], sa_mask[0]=11111111011111111101111111111110, sa_flags=SA_RESTART|SA_SIGINFO
SIGQUIT: [libjvm.so+0x92abf0], sa_mask[0]=11111111011111111101111111111110, sa_flags=SA_RESTART|SA_SIGINFO


---------------  S Y S T E M  ---------------

OS:DISTRIB_ID=Ubuntu
DISTRIB_RELEASE=16.04
DISTRIB_CODENAME=xenial
DISTRIB_DESCRIPTION="Ubuntu 16.04.4 LTS"

uname:Linux 4.15.0-041500-generic #201801282230 SMP Sun Jan 28 22:31:30 UTC 2018 x86_64
libc:glibc 2.23 NPTL 2.23 
rlimit: STACK 8192k, CORE 0k, NPROC 31316, NOFILE 1048576, AS infinity
load average:2,95 2,24 1,75

/proc/meminfo:
MemTotal:        8072284 kB
MemFree:          826028 kB
MemAvailable:    2913740 kB
Buffers:          215816 kB
Cached:          2208716 kB
SwapCached:            0 kB
Active:          4992676 kB
Inactive:        1911936 kB
Active(anon):    4042580 kB
Inactive(anon):   635372 kB
Active(file):     950096 kB
Inactive(file):  1276564 kB
Unevictable:         136 kB
Mlocked:             136 kB
SwapTotal:       8290300 kB
SwapFree:        8290300 kB
Dirty:              1120 kB
Writeback:             0 kB
AnonPages:       4480392 kB
Mapped:           631184 kB
Shmem:            637520 kB
Slab:             208592 kB
SReclaimable:     160508 kB
SUnreclaim:        48084 kB
KernelStack:       12624 kB
PageTables:        57040 kB
NFS_Unstable:          0 kB
Bounce:                0 kB
WritebackTmp:          0 kB
CommitLimit:    12326440 kB
Committed_AS:   10385612 kB
VmallocTotal:   34359738367 kB
VmallocUsed:           0 kB
VmallocChunk:          0 kB
HardwareCorrupted:     0 kB
AnonHugePages:         0 kB
ShmemHugePages:        0 kB
ShmemPmdMapped:        0 kB
CmaTotal:              0 kB
CmaFree:               0 kB
HugePages_Total:       0
HugePages_Free:        0
HugePages_Rsvd:        0
HugePages_Surp:        0
Hugepagesize:       2048 kB
DirectMap4k:      169992 kB
DirectMap2M:     6025216 kB
DirectMap1G:     3145728 kB


CPU:total 4 (initial active 4) (2 cores per cpu, 2 threads per core) family 6 model 69 stepping 1, cmov, cx8, fxsr, mmx, sse, sse2, sse3, ssse3, sse4.1, sse4.2, popcnt, avx, avx2, aes, clmul, erms, lzcnt, ht, tsc, tscinvbit, bmi1, bmi2

/proc/cpuinfo:
processor	: 0
vendor_id	: GenuineIntel
cpu family	: 6
model		: 69
model name	: Intel(R) Core(TM) i5-4200U CPU @ 1.60GHz
stepping	: 1
microcode	: 0x20
cpu MHz		: 2294.628
cache size	: 3072 KB
physical id	: 0
siblings	: 4
core id		: 0
cpu cores	: 2
apicid		: 0
initial apicid	: 0
fpu		: yes
fpu_exception	: yes
cpuid level	: 13
wp		: yes
flags		: fpu vme de pse tsc msr pae mce cx8 apic sep mtrr pge mca cmov pat pse36 clflush dts acpi mmx fxsr sse sse2 ss ht tm pbe syscall nx pdpe1gb rdtscp lm constant_tsc arch_perfmon pebs bts rep_good nopl xtopology nonstop_tsc cpuid aperfmperf pni pclmulqdq dtes64 monitor ds_cpl vmx est tm2 ssse3 sdbg fma cx16 xtpr pdcm pcid sse4_1 sse4_2 movbe popcnt tsc_deadline_timer aes xsave avx f16c rdrand lahf_lm abm cpuid_fault epb invpcid_single pti retpoline tpr_shadow vnmi flexpriority ept vpid fsgsbase tsc_adjust bmi1 avx2 smep bmi2 erms invpcid xsaveopt dtherm ida arat pln pts
bugs		: cpu_meltdown spectre_v1 spectre_v2
bogomips	: 4589.25
clflush size	: 64
cache_alignment	: 64
address sizes	: 39 bits physical, 48 bits virtual
power management:

processor	: 1
vendor_id	: GenuineIntel
cpu family	: 6
model		: 69
model name	: Intel(R) Core(TM) i5-4200U CPU @ 1.60GHz
stepping	: 1
microcode	: 0x20
cpu MHz		: 2362.695
cache size	: 3072 KB
physical id	: 0
siblings	: 4
core id		: 1
cpu cores	: 2
apicid		: 2
initial apicid	: 2
fpu		: yes
fpu_exception	: yes
cpuid level	: 13
wp		: yes
flags		: fpu vme de pse tsc msr pae mce cx8 apic sep mtrr pge mca cmov pat pse36 clflush dts acpi mmx fxsr sse sse2 ss ht tm pbe syscall nx pdpe1gb rdtscp lm constant_tsc arch_perfmon pebs bts rep_good nopl xtopology nonstop_tsc cpuid aperfmperf pni pclmulqdq dtes64 monitor ds_cpl vmx est tm2 ssse3 sdbg fma cx16 xtpr pdcm pcid sse4_1 sse4_2 movbe popcnt tsc_deadline_timer aes xsave avx f16c rdrand lahf_lm abm cpuid_fault epb invpcid_single pti retpoline tpr_shadow vnmi flexpriority ept vpid fsgsbase tsc_adjust bmi1 avx2 smep bmi2 erms invpcid xsaveopt dtherm ida arat pln pts
bugs		: cpu_meltdown spectre_v1 spectre_v2
bogomips	: 4589.25
clflush size	: 64
cache_alignment	: 64
address sizes	: 39 bits physical, 48 bits virtual
power management:

processor	: 2
vendor_id	: GenuineIntel
cpu family	: 6
model		: 69
model name	: Intel(R) Core(TM) i5-4200U CPU @ 1.60GHz
stepping	: 1
microcode	: 0x20
cpu MHz		: 2294.633
cache size	: 3072 KB
physical id	: 0
siblings	: 4
core id		: 0
cpu cores	: 2
apicid		: 1
initial apicid	: 1
fpu		: yes
fpu_exception	: yes
cpuid level	: 13
wp		: yes
flags		: fpu vme de pse tsc msr pae mce cx8 apic sep mtrr pge mca cmov pat pse36 clflush dts acpi mmx fxsr sse sse2 ss ht tm pbe syscall nx pdpe1gb rdtscp lm constant_tsc arch_perfmon pebs bts rep_good nopl xtopology nonstop_tsc cpuid aperfmperf pni pclmulqdq dtes64 monitor ds_cpl vmx est tm2 ssse3 sdbg fma cx16 xtpr pdcm pcid sse4_1 sse4_2 movbe popcnt tsc_deadline_timer aes xsave avx f16c rdrand lahf_lm abm cpuid_fault epb invpcid_single pti retpoline tpr_shadow vnmi flexpriority ept vpid fsgsbase tsc_adjust bmi1 avx2 smep bmi2 erms invpcid xsaveopt dtherm ida arat pln pts
bugs		: cpu_meltdown spectre_v1 spectre_v2
bogomips	: 4589.25
clflush size	: 64
cache_alignment	: 64
address sizes	: 39 bits physical, 48 bits virtual
power management:

processor	: 3
vendor_id	: GenuineIntel
cpu family	: 6
model		: 69
model name	: Intel(R) Core(TM) i5-4200U CPU @ 1.60GHz
stepping	: 1
microcode	: 0x20
cpu MHz		: 2361.788
cache size	: 3072 KB
physical id	: 0
siblings	: 4
core id		: 1
cpu cores	: 2
apicid		: 3
initial apicid	: 3
fpu		: yes
fpu_exception	: yes
cpuid level	: 13
wp		: yes
flags		: fpu vme de pse tsc msr pae mce cx8 apic sep mtrr pge mca cmov pat pse36 clflush dts acpi mmx fxsr sse sse2 ss ht tm pbe syscall nx pdpe1gb rdtscp lm constant_tsc arch_perfmon pebs bts rep_good nopl xtopology nonstop_tsc cpuid aperfmperf pni pclmulqdq dtes64 monitor ds_cpl vmx est tm2 ssse3 sdbg fma cx16 xtpr pdcm pcid sse4_1 sse4_2 movbe popcnt tsc_deadline_timer aes xsave avx f16c rdrand lahf_lm abm cpuid_fault epb invpcid_single pti retpoline tpr_shadow vnmi flexpriority ept vpid fsgsbase tsc_adjust bmi1 avx2 smep bmi2 erms invpcid xsaveopt dtherm ida arat pln pts
bugs		: cpu_meltdown spectre_v1 spectre_v2
bogomips	: 4589.25
clflush size	: 64
cache_alignment	: 64
address sizes	: 39 bits physical, 48 bits virtual
power management:



Memory: 4k page, physical 8072284k(836388k free), swap 8290300k(8290300k free)

vm_info: Java HotSpot(TM) 64-Bit Server VM (25.161-b12) for linux-amd64 JRE (1.8.0_161-b12), built on Dec 19 2017 16:12:43 by "java_re" with gcc 4.3.0 20080428 (Red Hat 4.3.0-8)

time: Tue Mar 20 08:57:56 2018
elapsed time: 64 seconds (0d 0h 1m 4s)

