#
# A fatal error has been detected by the Java Runtime Environment:
#
#  SIGSEGV (0xb) at pc=0x00007fccf82b91d8, pid=21384, tid=0x00007fcce23ec700
#
# JRE version: Java(TM) SE Runtime Environment (8.0_161-b12) (build 1.8.0_161-b12)
# Java VM: Java HotSpot(TM) 64-Bit Server VM (25.161-b12 mixed mode linux-amd64 compressed oops)
# Problematic frame:
# C  [libawt_xawt.so+0x421d8]  ReadRegionsInList+0x3b8
#
# Failed to write core dump. Core dumps have been disabled. To enable core dumping, try "ulimit -c unlimited" before starting Java again
#
# If you would like to submit a bug report, please visit:
#   http://bugreport.java.com/bugreport/crash.jsp
# The crash happened outside the Java Virtual Machine in native code.
# See problematic frame for where to report the bug.
#

---------------  T H R E A D  ---------------

Current thread (0x00007fcd48c2a800):  JavaThread "pool-1-thread-1" [_thread_in_native, id=21494, stack(0x00007fcce22ec000,0x00007fcce23ed000)]

siginfo: si_signo: 11 (SIGSEGV), si_code: 1 (SEGV_MAPERR), si_addr: 0x0000000000000068

Registers:
RAX=0x0000000000000420, RBX=0x0000000000000000, RCX=0x0000000000000000, RDX=0x0000000000000000
RSP=0x00007fcce23eaef0, RBP=0x00007fcce23eb000, RSI=0x0000000000000000, RDI=0x0000000000000000
R8 =0x00007fccd00858d0, R9 =0x0000000000000000, R10=0x0000000000000006, R11=0x00007fcd395a8900
R12=0x0000000000000000, R13=0x0000000000000000, R14=0x00007fccd0042ce0, R15=0x000000000000073f
RIP=0x00007fccf82b91d8, EFLAGS=0x0000000000010206, CSGSFS=0x002b000000000033, ERR=0x0000000000000004
  TRAPNO=0x000000000000000e

Top of Stack: (sp=0x00007fcce23eaef0)
0x00007fcce23eaef0:   00007fcce23eafc4 00007fcc00000002
0x00007fcce23eaf00:   0000000000000008 00007fcc00000000
0x00007fcce23eaf10:   00007fcce23eafc8 0000000000000438
0x00007fcce23eaf20:   0000000000000780 00007fcce23eafb8
0x00007fcce23eaf30:   00007fcce23eafcc 00007fcce23eafc4
0x00007fcce23eaf40:   00000002e23eb020 00007fcd48e26ef0
0x00007fcce23eaf50:   00007fccd025ad20 00000041e23eb0d0
0x00007fcce23eaf60:   0000042000000018 00007fccd0086cd0
0x00007fcce23eaf70:   00007fccd0080000 0000000000000001
0x00007fcce23eaf80:   0000078000000000 0000000000000000
0x00007fcce23eaf90:   0000000000000000 0000043800000f00
0x00007fcce23eafa0:   0000000000000001 00007fcd00000018
0x00007fcce23eafb0:   0000000000000147 00007fccd01ec2f0
0x00007fcce23eafc0:   0000000000000001 0000001000000008
0x00007fcce23eafd0:   0000000000000000 0438078000000000
0x00007fcce23eafe0:   0000000000000000 0000000000000000
0x00007fcce23eaff0:   0000000000000780 0000000000000438
0x00007fcce23eb000:   00007fcce23eb110 00007fccf82b9438
0x00007fcce23eb010:   0438078000000000 00007fccd02df7f0
0x00007fcce23eb020:   0000000000000000 0000000000000000
0x00007fcce23eb030:   0018078000000000 00007fcd48c2a800
0x00007fcce23eb040:   04380f0000000000 00007fcce23eb0a0
0x00007fcce23eb050:   00007fcd48e26ef0 0780000000006ef0
0x00007fcce23eb060:   00007fcce23e0438 00007fcce23eb1c8
0x00007fcce23eb070:   00007fcce23eb1c4 00007fcce23eb1a0
0x00007fcce23eb080:   00007fcce23eb110 00007fccf82ba252
0x00007fcce23eb090:   00007fcce23eb1c4 00007fcce23eb1c8
0x00007fcce23eb0a0:   0000000000000000 00007fcce23eb120
0x00007fcce23eb0b0:   00007fcc00000005 0000000000ff0000
0x00007fcce23eb0c0:   000000000000ff00 00000000000000ff
0x00007fcce23eb0d0:   0000010000000008 0000000100000018
0x00007fcce23eb0e0:   00007fcd4e2dcaf0 00007fcd48e26ef0 

Instructions: (pc=0x00007fccf82b91d8)
0x00007fccf82b91b8:   00 8b 95 60 ff ff ff 31 db 44 01 ea 89 55 a8 66
0x00007fccf82b91c8:   0f 1f 84 00 00 00 00 00 89 de 44 89 ea 4c 89 e7
0x00007fccf82b91d8:   41 ff 54 24 68 48 8b 95 50 ff ff ff 48 98 8b 4d
0x00007fccf82b91e8:   cc 4c 8b 45 b8 8b 75 c8 48 8b 7a 08 48 89 c2 48 

Register to memory mapping:

RAX=0x0000000000000420 is an unknown value
RBX=0x0000000000000000 is an unknown value
RCX=0x0000000000000000 is an unknown value
RDX=0x0000000000000000 is an unknown value
RSP=0x00007fcce23eaef0 is pointing into the stack for thread: 0x00007fcd48c2a800
RBP=0x00007fcce23eb000 is pointing into the stack for thread: 0x00007fcd48c2a800
RSI=0x0000000000000000 is an unknown value
RDI=0x0000000000000000 is an unknown value
R8 =0x00007fccd00858d0 is an unknown value
R9 =0x0000000000000000 is an unknown value
R10=0x0000000000000006 is an unknown value
R11=0x00007fcd395a8900 is at entry_point+32 in (nmethod*)0x00007fcd395a8710
R12=0x0000000000000000 is an unknown value
R13=0x0000000000000000 is an unknown value
R14=0x00007fccd0042ce0 is an unknown value
R15=0x000000000000073f is an unknown value


Stack: [0x00007fcce22ec000,0x00007fcce23ed000],  sp=0x00007fcce23eaef0,  free space=1019k
Native frames: (J=compiled Java code, j=interpreted, Vv=VM code, C=native code)
C  [libawt_xawt.so+0x421d8]  ReadRegionsInList+0x3b8
C  [libawt_xawt.so+0x42438]  ReadAreaToImage+0xa8
C  [libawt_xawt.so+0x3a79c]  Java_sun_awt_X11_XRobotPeer_getRGBPixelsImpl+0x17c
j  sun.awt.X11.XRobotPeer.getRGBPixelsImpl(Lsun/awt/X11GraphicsConfig;IIII[I)V+0
j  sun.awt.X11.XRobotPeer.getRGBPixels(Ljava/awt/Rectangle;)[I+33
j  java.awt.Robot.createScreenCapture(Ljava/awt/Rectangle;)Ljava/awt/image/BufferedImage;+50
j  org.monte.screenrecorder.ScreenRecorder$ScreenGrabber.grabScreen()V+18
j  org.monte.screenrecorder.ScreenRecorder$ScreenGrabber.run()V+1
J 3793 C1 java.util.concurrent.FutureTask.runAndReset()Z (128 bytes) @ 0x00007fcd3912fdb4 [0x00007fcd3912fac0+0x2f4]
J 3790 C1 java.util.concurrent.ScheduledThreadPoolExecutor$ScheduledFutureTask.run()V (59 bytes) @ 0x00007fcd38d4750c [0x00007fcd38d46fe0+0x52c]
j  java.util.concurrent.ThreadPoolExecutor.runWorker(Ljava/util/concurrent/ThreadPoolExecutor$Worker;)V+95
j  java.util.concurrent.ThreadPoolExecutor$Worker.run()V+5
j  java.lang.Thread.run()V+11
v  ~StubRoutines::call_stub
V  [libjvm.so+0x695ae6]  JavaCalls::call_helper(JavaValue*, methodHandle*, JavaCallArguments*, Thread*)+0x1056
V  [libjvm.so+0x695ff1]  JavaCalls::call_virtual(JavaValue*, KlassHandle, Symbol*, Symbol*, JavaCallArguments*, Thread*)+0x321
V  [libjvm.so+0x696497]  JavaCalls::call_virtual(JavaValue*, Handle, KlassHandle, Symbol*, Symbol*, Thread*)+0x47
V  [libjvm.so+0x731cb0]  thread_entry(JavaThread*, Thread*)+0xa0
V  [libjvm.so+0xa7eaa3]  JavaThread::thread_main_inner()+0x103
V  [libjvm.so+0xa7ebec]  JavaThread::run()+0x11c
V  [libjvm.so+0x92da28]  java_start(Thread*)+0x108
C  [libpthread.so.0+0x76ba]  start_thread+0xca

Java frames: (J=compiled Java code, j=interpreted, Vv=VM code)
j  sun.awt.X11.XRobotPeer.getRGBPixelsImpl(Lsun/awt/X11GraphicsConfig;IIII[I)V+0
j  sun.awt.X11.XRobotPeer.getRGBPixels(Ljava/awt/Rectangle;)[I+33
j  java.awt.Robot.createScreenCapture(Ljava/awt/Rectangle;)Ljava/awt/image/BufferedImage;+50
j  org.monte.screenrecorder.ScreenRecorder$ScreenGrabber.grabScreen()V+18
j  org.monte.screenrecorder.ScreenRecorder$ScreenGrabber.run()V+1
J 3793 C1 java.util.concurrent.FutureTask.runAndReset()Z (128 bytes) @ 0x00007fcd3912fdb4 [0x00007fcd3912fac0+0x2f4]
J 3790 C1 java.util.concurrent.ScheduledThreadPoolExecutor$ScheduledFutureTask.run()V (59 bytes) @ 0x00007fcd38d4750c [0x00007fcd38d46fe0+0x52c]
j  java.util.concurrent.ThreadPoolExecutor.runWorker(Ljava/util/concurrent/ThreadPoolExecutor$Worker;)V+95
j  java.util.concurrent.ThreadPoolExecutor$Worker.run()V+5
j  java.lang.Thread.run()V+11
v  ~StubRoutines::call_stub

---------------  P R O C E S S  ---------------

Java Threads: ( => current thread )
  0x00007fcd48e6e800 JavaThread "pool-2-thread-1" [_thread_blocked, id=21495, stack(0x00007fcce21eb000,0x00007fcce22ec000)]
=>0x00007fcd48c2a800 JavaThread "pool-1-thread-1" [_thread_in_native, id=21494, stack(0x00007fcce22ec000,0x00007fcce23ed000)]
  0x00007fcd48c1e000 JavaThread "Thread-3" [_thread_blocked, id=21493, stack(0x00007fcce23ed000,0x00007fcce24ee000)]
  0x00007fcd48959800 JavaThread "AWT-XAWT" daemon [_thread_blocked, id=21491, stack(0x00007fcce25ef000,0x00007fcce26f0000)]
  0x00007fcd485da800 JavaThread "Java2D Disposer" daemon [_thread_blocked, id=21490, stack(0x00007fcce2b00000,0x00007fcce2c01000)]
  0x00007fccec00a000 JavaThread "process reaper" daemon [_thread_blocked, id=21412, stack(0x00007fcd31038000,0x00007fcd31071000)]
  0x00007fcd48964800 JavaThread "ReaderThread" [_thread_in_native, id=21409, stack(0x00007fcd30cea000,0x00007fcd30deb000)]
  0x00007fcd484d4800 JavaThread "Service Thread" daemon [_thread_blocked, id=21402, stack(0x00007fcd314d3000,0x00007fcd315d4000)]
  0x00007fcd484b2800 JavaThread "C1 CompilerThread2" daemon [_thread_blocked, id=21401, stack(0x00007fcd315d4000,0x00007fcd316d5000)]
  0x00007fcd484ba000 JavaThread "C2 CompilerThread1" daemon [_thread_blocked, id=21400, stack(0x00007fcd316d5000,0x00007fcd317d6000)]
  0x00007fcd4850e800 JavaThread "C2 CompilerThread0" daemon [_thread_blocked, id=21399, stack(0x00007fcd317d6000,0x00007fcd318d7000)]
  0x00007fcd48183800 JavaThread "Signal Dispatcher" daemon [_thread_blocked, id=21398, stack(0x00007fcd31aef000,0x00007fcd31bf0000)]
  0x00007fcd48150000 JavaThread "Finalizer" daemon [_thread_blocked, id=21397, stack(0x00007fcd3213d000,0x00007fcd3223e000)]
  0x00007fcd4814b800 JavaThread "Reference Handler" daemon [_thread_blocked, id=21396, stack(0x00007fcd3223e000,0x00007fcd3233f000)]
  0x00007fcd4800f000 JavaThread "main" [_thread_blocked, id=21390, stack(0x00007fcd4ee74000,0x00007fcd4ef75000)]

Other Threads:
  0x00007fcd48144000 VMThread [stack: 0x00007fcd3233f000,0x00007fcd32440000] [id=21395]
  0x00007fcd48521800 WatcherThread [stack: 0x00007fcd313d2000,0x00007fcd314d3000] [id=21403]

VM state:not at safepoint (normal execution)

VM Mutex/Monitor currently owned by a thread: None

Heap:
 PSYoungGen      total 463872K, used 188537K [0x00000000d6f00000, 0x00000000f9780000, 0x0000000100000000)
  eden space 424448K, 38% used [0x00000000d6f00000,0x00000000e1004578,0x00000000f0d80000)
  from space 39424K, 60% used [0x00000000f0d80000,0x00000000f249a050,0x00000000f3400000)
  to   space 39424K, 0% used [0x00000000f7100000,0x00000000f7100000,0x00000000f9780000)
 ParOldGen       total 92672K, used 48054K [0x0000000084c00000, 0x000000008a680000, 0x00000000d6f00000)
  object space 92672K, 51% used [0x0000000084c00000,0x0000000087aedb90,0x000000008a680000)
 Metaspace       used 28849K, capacity 29198K, committed 29312K, reserved 1075200K
  class space    used 3270K, capacity 3401K, committed 3456K, reserved 1048576K

Card table byte_map: [0x00007fcd38437000,0x00007fcd38812000] byte_map_base: 0x00007fcd38011000

Marking Bits: (ParMarkBitMap*) 0x00007fcd4e340920
 Begin Bits: [0x00007fcd34102000, 0x00007fcd35fd2000)
 End Bits:   [0x00007fcd35fd2000, 0x00007fcd37ea2000)

Polling page: 0x00007fcd4ef93000

CodeCache: size=245760Kb used=14406Kb max_used=14418Kb free=231354Kb
 bounds [0x00007fcd38bd2000, 0x00007fcd39a02000, 0x00007fcd47bd2000]
 total_blobs=4487 nmethods=3917 adapters=483
 compilation: enabled

Compilation events (10 events):
Event: 41,994 Thread 0x00007fcd4850e800 nmethod 4361 0x00007fcd399eb610 code [0x00007fcd399eb880, 0x00007fcd399ec328]
Event: 41,994 Thread 0x00007fcd4850e800 4366       4       org.aspectj.weaver.bcel.BcelObjectType::ensureConsistent (15 bytes)
Event: 41,995 Thread 0x00007fcd4850e800 nmethod 4366 0x00007fcd399e9dd0 code [0x00007fcd399e9f20, 0x00007fcd399e9fb8]
Event: 41,996 Thread 0x00007fcd4850e800 4367       4       java.util.ArrayList::removeAll (12 bytes)
Event: 42,018 Thread 0x00007fcd484ba000 nmethod 4368 0x00007fcd38dcca50 code [0x00007fcd38dccbe0, 0x00007fcd38dcd338]
Event: 42,018 Thread 0x00007fcd484ba000 4369       4       org.aspectj.util.GenericSignatureParser::maybeEat (44 bytes)
Event: 42,021 Thread 0x00007fcd484ba000 nmethod 4369 0x00007fcd399ed790 code [0x00007fcd399ed8e0, 0x00007fcd399edad8]
Event: 42,022 Thread 0x00007fcd484ba000 4371       4       java.lang.String::toLowerCase (8 bytes)
Event: 42,022 Thread 0x00007fcd484ba000 nmethod 4371 0x00007fcd38de4a90 code [0x00007fcd38de4be0, 0x00007fcd38de4c88]
Event: 42,023 Thread 0x00007fcd4850e800 nmethod 4367 0x00007fcd399ea7d0 code [0x00007fcd399ea960, 0x00007fcd399eb0b8]

GC Heap History (10 events):
Event: 12,570 GC heap before
{Heap before GC invocations=8 (full 1):
 PSYoungGen      total 275968K, used 247877K [0x00000000d6f00000, 0x00000000e9400000, 0x0000000100000000)
  eden space 253952K, 97% used [0x00000000d6f00000,0x00000000e6111538,0x00000000e6700000)
  from space 22016K, 0% used [0x00000000e7e80000,0x00000000e7e80000,0x00000000e9400000)
  to   space 23040K, 0% used [0x00000000e6700000,0x00000000e6700000,0x00000000e7d80000)
 ParOldGen       total 92672K, used 27361K [0x0000000084c00000, 0x000000008a680000, 0x00000000d6f00000)
  object space 92672K, 29% used [0x0000000084c00000,0x00000000866b85f0,0x000000008a680000)
 Metaspace       used 27373K, capacity 27730K, committed 28032K, reserved 1073152K
  class space    used 3238K, capacity 3365K, committed 3456K, reserved 1048576K
Event: 12,590 GC heap after
Heap after GC invocations=8 (full 1):
 PSYoungGen      total 276992K, used 23016K [0x00000000d6f00000, 0x00000000f1d00000, 0x0000000100000000)
  eden space 253952K, 0% used [0x00000000d6f00000,0x00000000d6f00000,0x00000000e6700000)
  from space 23040K, 99% used [0x00000000e6700000,0x00000000e7d7a050,0x00000000e7d80000)
  to   space 33792K, 0% used [0x00000000efc00000,0x00000000efc00000,0x00000000f1d00000)
 ParOldGen       total 92672K, used 39922K [0x0000000084c00000, 0x000000008a680000, 0x00000000d6f00000)
  object space 92672K, 43% used [0x0000000084c00000,0x00000000872fcb80,0x000000008a680000)
 Metaspace       used 27373K, capacity 27730K, committed 28032K, reserved 1073152K
  class space    used 3238K, capacity 3365K, committed 3456K, reserved 1048576K
}
Event: 17,619 GC heap before
{Heap before GC invocations=9 (full 1):
 PSYoungGen      total 276992K, used 271646K [0x00000000d6f00000, 0x00000000f1d00000, 0x0000000100000000)
  eden space 253952K, 97% used [0x00000000d6f00000,0x00000000e61cda88,0x00000000e6700000)
  from space 23040K, 99% used [0x00000000e6700000,0x00000000e7d7a050,0x00000000e7d80000)
  to   space 33792K, 0% used [0x00000000efc00000,0x00000000efc00000,0x00000000f1d00000)
 ParOldGen       total 92672K, used 39922K [0x0000000084c00000, 0x000000008a680000, 0x00000000d6f00000)
  object space 92672K, 43% used [0x0000000084c00000,0x00000000872fcb80,0x000000008a680000)
 Metaspace       used 27850K, capacity 28202K, committed 28544K, reserved 1075200K
  class space    used 3258K, capacity 3369K, committed 3456K, reserved 1048576K
Event: 17,639 GC heap after
Heap after GC invocations=9 (full 1):
 PSYoungGen      total 389632K, used 31718K [0x00000000d6f00000, 0x00000000f1b00000, 0x0000000100000000)
  eden space 357888K, 0% used [0x00000000d6f00000,0x00000000d6f00000,0x00000000ecc80000)
  from space 31744K, 99% used [0x00000000efc00000,0x00000000f1af9a20,0x00000000f1b00000)
  to   space 38912K, 0% used [0x00000000ecf00000,0x00000000ecf00000,0x00000000ef500000)
 ParOldGen       total 92672K, used 48030K [0x0000000084c00000, 0x000000008a680000, 0x00000000d6f00000)
  object space 92672K, 51% used [0x0000000084c00000,0x0000000087ae7b90,0x000000008a680000)
 Metaspace       used 27850K, capacity 28202K, committed 28544K, reserved 1075200K
  class space    used 3258K, capacity 3369K, committed 3456K, reserved 1048576K
}
Event: 24,595 GC heap before
{Heap before GC invocations=10 (full 1):
 PSYoungGen      total 389632K, used 388970K [0x00000000d6f00000, 0x00000000f1b00000, 0x0000000100000000)
  eden space 357888K, 99% used [0x00000000d6f00000,0x00000000ecbe10c8,0x00000000ecc80000)
  from space 31744K, 99% used [0x00000000efc00000,0x00000000f1af9a20,0x00000000f1b00000)
  to   space 38912K, 0% used [0x00000000ecf00000,0x00000000ecf00000,0x00000000ef500000)
 ParOldGen       total 92672K, used 48030K [0x0000000084c00000, 0x000000008a680000, 0x00000000d6f00000)
  object space 92672K, 51% used [0x0000000084c00000,0x0000000087ae7b90,0x000000008a680000)
 Metaspace       used 28270K, capacity 28654K, committed 28800K, reserved 1075200K
  class space    used 3258K, capacity 3369K, committed 3456K, reserved 1048576K
Event: 24,607 GC heap after
Heap after GC invocations=10 (full 1):
 PSYoungGen      total 399360K, used 23544K [0x00000000d6f00000, 0x00000000f6280000, 0x0000000100000000)
  eden space 360448K, 0% used [0x00000000d6f00000,0x00000000d6f00000,0x00000000ecf00000)
  from space 38912K, 60% used [0x00000000ecf00000,0x00000000ee5fe060,0x00000000ef500000)
  to   space 39424K, 0% used [0x00000000f3c00000,0x00000000f3c00000,0x00000000f6280000)
 ParOldGen       total 92672K, used 48038K [0x0000000084c00000, 0x000000008a680000, 0x00000000d6f00000)
  object space 92672K, 51% used [0x0000000084c00000,0x0000000087ae9b90,0x000000008a680000)
 Metaspace       used 28270K, capacity 28654K, committed 28800K, reserved 1075200K
  class space    used 3258K, capacity 3369K, committed 3456K, reserved 1048576K
}
Event: 31,188 GC heap before
{Heap before GC invocations=11 (full 1):
 PSYoungGen      total 399360K, used 378049K [0x00000000d6f00000, 0x00000000f6280000, 0x0000000100000000)
  eden space 360448K, 98% used [0x00000000d6f00000,0x00000000ec932548,0x00000000ecf00000)
  from space 38912K, 60% used [0x00000000ecf00000,0x00000000ee5fe060,0x00000000ef500000)
  to   space 39424K, 0% used [0x00000000f3c00000,0x00000000f3c00000,0x00000000f6280000)
 ParOldGen       total 92672K, used 48038K [0x0000000084c00000, 0x000000008a680000, 0x00000000d6f00000)
  object space 92672K, 51% used [0x0000000084c00000,0x0000000087ae9b90,0x000000008a680000)
 Metaspace       used 28552K, capacity 28910K, committed 29056K, reserved 1075200K
  class space    used 3259K, capacity 3369K, committed 3456K, reserved 1048576K
Event: 31,201 GC heap after
Heap after GC invocations=11 (full 1):
 PSYoungGen      total 455680K, used 23720K [0x00000000d6f00000, 0x00000000f5a80000, 0x0000000100000000)
  eden space 424448K, 0% used [0x00000000d6f00000,0x00000000d6f00000,0x00000000f0d80000)
  from space 31232K, 75% used [0x00000000f3c00000,0x00000000f532a050,0x00000000f5a80000)
  to   space 39424K, 0% used [0x00000000f0d80000,0x00000000f0d80000,0x00000000f3400000)
 ParOldGen       total 92672K, used 48046K [0x0000000084c00000, 0x000000008a680000, 0x00000000d6f00000)
  object space 92672K, 51% used [0x0000000084c00000,0x0000000087aebb90,0x000000008a680000)
 Metaspace       used 28552K, capacity 28910K, committed 29056K, reserved 1075200K
  class space    used 3259K, capacity 3369K, committed 3456K, reserved 1048576K
}
Event: 39,137 GC heap before
{Heap before GC invocations=12 (full 1):
 PSYoungGen      total 455680K, used 441257K [0x00000000d6f00000, 0x00000000f5a80000, 0x0000000100000000)
  eden space 424448K, 98% used [0x00000000d6f00000,0x00000000f06c04a0,0x00000000f0d80000)
  from space 31232K, 75% used [0x00000000f3c00000,0x00000000f532a050,0x00000000f5a80000)
  to   space 39424K, 0% used [0x00000000f0d80000,0x00000000f0d80000,0x00000000f3400000)
 ParOldGen       total 92672K, used 48046K [0x0000000084c00000, 0x000000008a680000, 0x00000000d6f00000)
  object space 92672K, 51% used [0x0000000084c00000,0x0000000087aebb90,0x000000008a680000)
 Metaspace       used 28782K, capacity 29166K, committed 29312K, reserved 1075200K
  class space    used 3260K, capacity 3369K, committed 3456K, reserved 1048576K
Event: 39,148 GC heap after
Heap after GC invocations=12 (full 1):
 PSYoungGen      total 463872K, used 23656K [0x00000000d6f00000, 0x00000000f9780000, 0x0000000100000000)
  eden space 424448K, 0% used [0x00000000d6f00000,0x00000000d6f00000,0x00000000f0d80000)
  from space 39424K, 60% used [0x00000000f0d80000,0x00000000f249a050,0x00000000f3400000)
  to   space 39424K, 0% used [0x00000000f7100000,0x00000000f7100000,0x00000000f9780000)
 ParOldGen       total 92672K, used 48054K [0x0000000084c00000, 0x000000008a680000, 0x00000000d6f00000)
  object space 92672K, 51% used [0x0000000084c00000,0x0000000087aedb90,0x000000008a680000)
 Metaspace       used 28782K, capacity 29166K, committed 29312K, reserved 1075200K
  class space    used 3260K, capacity 3369K, committed 3456K, reserved 1048576K
}

Deoptimization events (10 events):
Event: 8,062 Thread 0x00007fcd4800f000 Uncommon trap: reason=unstable_if action=reinterpret pc=0x00007fcd394a598c method=java.lang.ThreadLocal$ThreadLocalMap.getEntry(Ljava/lang/ThreadLocal;)Ljava/lang/ThreadLocal$ThreadLocalMap$Entry; @ 29
Event: 8,062 Thread 0x00007fcd4800f000 Uncommon trap: reason=unstable_if action=reinterpret pc=0x00007fcd39471ca4 method=java.lang.ThreadLocal$ThreadLocalMap.getEntry(Ljava/lang/ThreadLocal;)Ljava/lang/ThreadLocal$ThreadLocalMap$Entry; @ 29
Event: 9,317 Thread 0x00007fcd4800f000 Uncommon trap: reason=unstable_if action=reinterpret pc=0x00007fcd38cf0720 method=sun.nio.cs.UTF_8$Encoder.encode([CII[B)I @ 33
Event: 14,190 Thread 0x00007fcd48c2a800 Uncommon trap: reason=unstable_if action=reinterpret pc=0x00007fcd38e9c7a4 method=org.monte.media.avi.TechSmithCodecCore.encodeDelta24(Ljava/io/OutputStream;[I[IIIII)V @ 262
Event: 14,190 Thread 0x00007fcd48c2a800 Uncommon trap: reason=unstable_if action=reinterpret pc=0x00007fcd391ee904 method=org.monte.media.avi.TechSmithCodecCore.encodeDelta24(Ljava/io/OutputStream;[I[IIIII)V @ 262
Event: 14,192 Thread 0x00007fcd48c2a800 Uncommon trap: reason=unstable_if action=reinterpret pc=0x00007fcd393fc430 method=org.monte.media.avi.TechSmithCodecCore.encodeDelta24(Ljava/io/OutputStream;[I[IIIII)V @ 83
Event: 29,779 Thread 0x00007fcd4800f000 Uncommon trap: reason=unstable_if action=reinterpret pc=0x00007fcd397a5cf4 method=com.google.gson.stream.JsonWriter.string(Ljava/lang/String;)V @ 57
Event: 41,134 Thread 0x00007fcd48c2a800 Uncommon trap: reason=unstable_if action=reinterpret pc=0x00007fcd38e777e8 method=org.monte.media.avi.TechSmithCodecCore.encodeKey24(Ljava/io/OutputStream;[IIIII)V @ 301
Event: 41,960 Thread 0x00007fcd4800f000 Uncommon trap: reason=unstable_if action=reinterpret pc=0x00007fcd39978b5c method=java.lang.Integer.getChars(II[C)V @ 20
Event: 42,067 Thread 0x00007fccec00a000 Uncommon trap: reason=unstable_if action=reinterpret pc=0x00007fcd398c0f08 method=java.lang.Class.reflectionData()Ljava/lang/Class$ReflectionData; @ 17

Classes redefined (0 events):
No events

Internal exceptions (10 events):
Event: 6,858 Thread 0x00007fcd4800f000 Exception <a 'java/net/ConnectException'> (0x00000000dabe0568) thrown at [/HUDSON/workspace/8-2-build-linux-amd64/jdk8u161/10277/hotspot/src/share/vm/prims/jni.cpp, line 709]
Event: 6,959 Thread 0x00007fcd4800f000 Exception <a 'java/net/ConnectException'> (0x00000000dabe1ce0) thrown at [/HUDSON/workspace/8-2-build-linux-amd64/jdk8u161/10277/hotspot/src/share/vm/prims/jni.cpp, line 709]
Event: 7,059 Thread 0x00007fcd4800f000 Exception <a 'java/net/ConnectException'> (0x00000000dabe3458) thrown at [/HUDSON/workspace/8-2-build-linux-amd64/jdk8u161/10277/hotspot/src/share/vm/prims/jni.cpp, line 709]
Event: 7,160 Thread 0x00007fcd4800f000 Exception <a 'java/net/ConnectException'> (0x00000000dabe4bd0) thrown at [/HUDSON/workspace/8-2-build-linux-amd64/jdk8u161/10277/hotspot/src/share/vm/prims/jni.cpp, line 709]
Event: 7,260 Thread 0x00007fcd4800f000 Exception <a 'java/net/ConnectException'> (0x00000000dabe6348) thrown at [/HUDSON/workspace/8-2-build-linux-amd64/jdk8u161/10277/hotspot/src/share/vm/prims/jni.cpp, line 709]
Event: 7,711 Thread 0x00007fcd4800f000 Exception <a 'java/lang/ArrayIndexOutOfBoundsException'> (0x00000000dd2b5b88) thrown at [/HUDSON/workspace/8-2-build-linux-amd64/jdk8u161/10277/hotspot/src/share/vm/runtime/sharedRuntime.cpp, line 605]
Event: 7,711 Thread 0x00007fcd4800f000 Exception <a 'java/lang/ArrayIndexOutOfBoundsException'> (0x00000000dd2b74f8) thrown at [/HUDSON/workspace/8-2-build-linux-amd64/jdk8u161/10277/hotspot/src/share/vm/runtime/sharedRuntime.cpp, line 605]
Event: 10,811 Thread 0x00007fcd4800f000 Exception <a 'java/io/FileNotFoundException'> (0x00000000df2aa610) thrown at [/HUDSON/workspace/8-2-build-linux-amd64/jdk8u161/10277/hotspot/src/share/vm/prims/jni.cpp, line 709]
Event: 10,811 Thread 0x00007fcd4800f000 Exception <a 'java/io/FileNotFoundException'> (0x00000000df2ab2a0) thrown at [/HUDSON/workspace/8-2-build-linux-amd64/jdk8u161/10277/hotspot/src/share/vm/prims/jni.cpp, line 709]
Event: 42,067 Thread 0x00007fccec00a000 Implicit null exception at 0x00007fcd398c0e2d to 0x00007fcd398c0ef1

Events (10 events):
Event: 42,066 Executing VM operation: RevokeBias
Event: 42,066 Executing VM operation: RevokeBias done
Event: 42,066 loading class java/lang/ProcessBuilder$NullOutputStream
Event: 42,066 loading class java/lang/ProcessBuilder$NullOutputStream done
Event: 42,067 Thread 0x00007fccec00a000 Uncommon trap: trap_request=0xffffff65 fr.pc=0x00007fcd398c0f08
Event: 42,067 Thread 0x00007fccec00a000 DEOPT PACKING pc=0x00007fcd398c0f08 sp=0x00007fcd3106ece0
Event: 42,067 Thread 0x00007fccec00a000 DEOPT UNPACKING pc=0x00007fcd38c1773a sp=0x00007fcd3106eca0 mode 2
Event: 42,067 Executing VM operation: RevokeBias
Event: 42,067 Executing VM operation: RevokeBias done
Event: 42,067 Thread 0x00007fcd48fe0800 Thread exited: 0x00007fcd48fe0800


Dynamic libraries:
00400000-00401000 r-xp 00000000 08:01 3411076                            /usr/lib/jvm/java-8-oracle/bin/java
00600000-00601000 rw-p 00000000 08:01 3411076                            /usr/lib/jvm/java-8-oracle/bin/java
02243000-02264000 rw-p 00000000 00:00 0                                  [heap]
84c00000-8a680000 rw-p 00000000 00:00 0 
8a680000-d6f00000 ---p 00000000 00:00 0 
d6f00000-f9780000 rw-p 00000000 00:00 0 
f9780000-100000000 ---p 00000000 00:00 0 
100000000-100360000 rw-p 00000000 00:00 0 
100360000-140000000 ---p 00000000 00:00 0 
7fccc4000000-7fccc4025000 rw-p 00000000 00:00 0 
7fccc4025000-7fccc8000000 ---p 00000000 00:00 0 
7fcccc000000-7fcccc021000 rw-p 00000000 00:00 0 
7fcccc021000-7fccd0000000 ---p 00000000 00:00 0 
7fccd0000000-7fccd1a9c000 rw-p 00000000 00:00 0 
7fccd1a9c000-7fccd4000000 ---p 00000000 00:00 0 
7fccd4000000-7fccd4029000 rw-p 00000000 00:00 0 
7fccd4029000-7fccd8000000 ---p 00000000 00:00 0 
7fccd8000000-7fccd8047000 rw-p 00000000 00:00 0 
7fccd8047000-7fccdc000000 ---p 00000000 00:00 0 
7fccdc000000-7fccdc021000 rw-p 00000000 00:00 0 
7fccdc021000-7fcce0000000 ---p 00000000 00:00 0 
7fcce1de2000-7fcce1f22000 rw-p 00000000 00:00 0 
7fcce1f22000-7fcce1fe2000 ---p 00000000 00:00 0 
7fcce1fe2000-7fcce1feb000 r-xp 00000000 08:01 4204417                    /usr/lib/jvm/java-8-oracle/jre/lib/amd64/libmanagement.so
7fcce1feb000-7fcce21ea000 ---p 00009000 08:01 4204417                    /usr/lib/jvm/java-8-oracle/jre/lib/amd64/libmanagement.so
7fcce21ea000-7fcce21eb000 rw-p 00008000 08:01 4204417                    /usr/lib/jvm/java-8-oracle/jre/lib/amd64/libmanagement.so
7fcce21eb000-7fcce21ee000 ---p 00000000 00:00 0 
7fcce21ee000-7fcce22ec000 rw-p 00000000 00:00 0 
7fcce22ec000-7fcce22ef000 ---p 00000000 00:00 0 
7fcce22ef000-7fcce23ed000 rw-p 00000000 00:00 0 
7fcce23ed000-7fcce23f0000 ---p 00000000 00:00 0 
7fcce23f0000-7fcce24ee000 rw-p 00000000 00:00 0 
7fcce24ee000-7fcce24f1000 ---p 00000000 00:00 0 
7fcce24f1000-7fcce25ef000 rw-p 00000000 00:00 0 
7fcce25ef000-7fcce25f2000 ---p 00000000 00:00 0 
7fcce25f2000-7fcce26f0000 rw-p 00000000 00:00 0 
7fcce26f0000-7fcce26f5000 r-xp 00000000 08:01 2366523                    /usr/lib/x86_64-linux-gnu/libXfixes.so.3.1.0
7fcce26f5000-7fcce28f4000 ---p 00005000 08:01 2366523                    /usr/lib/x86_64-linux-gnu/libXfixes.so.3.1.0
7fcce28f4000-7fcce28f5000 r--p 00004000 08:01 2366523                    /usr/lib/x86_64-linux-gnu/libXfixes.so.3.1.0
7fcce28f5000-7fcce28f6000 rw-p 00005000 08:01 2366523                    /usr/lib/x86_64-linux-gnu/libXfixes.so.3.1.0
7fcce28f6000-7fcce28ff000 r-xp 00000000 08:01 2365340                    /usr/lib/x86_64-linux-gnu/libXcursor.so.1.0.2
7fcce28ff000-7fcce2afe000 ---p 00009000 08:01 2365340                    /usr/lib/x86_64-linux-gnu/libXcursor.so.1.0.2
7fcce2afe000-7fcce2aff000 r--p 00008000 08:01 2365340                    /usr/lib/x86_64-linux-gnu/libXcursor.so.1.0.2
7fcce2aff000-7fcce2b00000 rw-p 00009000 08:01 2365340                    /usr/lib/x86_64-linux-gnu/libXcursor.so.1.0.2
7fcce2b00000-7fcce2b03000 ---p 00000000 00:00 0 
7fcce2b03000-7fcce2e01000 rw-p 00000000 00:00 0 
7fcce2e01000-7fcce2e66000 r-xp 00000000 08:01 4204386                    /usr/lib/jvm/java-8-oracle/jre/lib/amd64/libfontmanager.so
7fcce2e66000-7fcce3065000 ---p 00065000 08:01 4204386                    /usr/lib/jvm/java-8-oracle/jre/lib/amd64/libfontmanager.so
7fcce3065000-7fcce306a000 rw-p 00064000 08:01 4204386                    /usr/lib/jvm/java-8-oracle/jre/lib/amd64/libfontmanager.so
7fcce306a000-7fcce307a000 rw-p 00000000 00:00 0 
7fcce307a000-7fcce307f000 r-xp 00000000 08:01 2366519                    /usr/lib/x86_64-linux-gnu/libXdmcp.so.6.0.0
7fcce307f000-7fcce327e000 ---p 00005000 08:01 2366519                    /usr/lib/x86_64-linux-gnu/libXdmcp.so.6.0.0
7fcce327e000-7fcce327f000 r--p 00004000 08:01 2366519                    /usr/lib/x86_64-linux-gnu/libXdmcp.so.6.0.0
7fcce327f000-7fcce3280000 rw-p 00005000 08:01 2366519                    /usr/lib/x86_64-linux-gnu/libXdmcp.so.6.0.0
7fcce3280000-7fcce3282000 r-xp 00000000 08:01 2366508                    /usr/lib/x86_64-linux-gnu/libXau.so.6.0.0
7fcce3282000-7fcce3482000 ---p 00002000 08:01 2366508                    /usr/lib/x86_64-linux-gnu/libXau.so.6.0.0
7fcce3482000-7fcce3483000 r--p 00002000 08:01 2366508                    /usr/lib/x86_64-linux-gnu/libXau.so.6.0.0
7fcce3483000-7fcce3484000 rw-p 00003000 08:01 2366508                    /usr/lib/x86_64-linux-gnu/libXau.so.6.0.0
7fcce3484000-7fcce34a5000 r-xp 00000000 08:01 2367926                    /usr/lib/x86_64-linux-gnu/libxcb.so.1.1.0
7fcce34a5000-7fcce36a4000 ---p 00021000 08:01 2367926                    /usr/lib/x86_64-linux-gnu/libxcb.so.1.1.0
7fcce36a4000-7fcce36a5000 r--p 00020000 08:01 2367926                    /usr/lib/x86_64-linux-gnu/libxcb.so.1.1.0
7fcce36a5000-7fcce36a6000 rw-p 00021000 08:01 2367926                    /usr/lib/x86_64-linux-gnu/libxcb.so.1.1.0
7fcce36a6000-7fcce36b5000 r-xp 00000000 08:01 2366531                    /usr/lib/x86_64-linux-gnu/libXi.so.6.1.0
7fcce36b5000-7fcce38b4000 ---p 0000f000 08:01 2366531                    /usr/lib/x86_64-linux-gnu/libXi.so.6.1.0
7fcce38b4000-7fcce38b5000 r--p 0000e000 08:01 2366531                    /usr/lib/x86_64-linux-gnu/libXi.so.6.1.0
7fcce38b5000-7fcce38b6000 rw-p 0000f000 08:01 2366531                    /usr/lib/x86_64-linux-gnu/libXi.so.6.1.0
7fcce38b6000-7fcce38bb000 r-xp 00000000 08:01 2366549                    /usr/lib/x86_64-linux-gnu/libXtst.so.6.1.0
7fcce38bb000-7fcce3aba000 ---p 00005000 08:01 2366549                    /usr/lib/x86_64-linux-gnu/libXtst.so.6.1.0
7fcce3aba000-7fcce3abb000 r--p 00004000 08:01 2366549                    /usr/lib/x86_64-linux-gnu/libXtst.so.6.1.0
7fcce3abb000-7fcce3abc000 rw-p 00005000 08:01 2366549                    /usr/lib/x86_64-linux-gnu/libXtst.so.6.1.0
7fcce3abc000-7fcce3ac5000 r-xp 00000000 08:01 2366543                    /usr/lib/x86_64-linux-gnu/libXrender.so.1.3.0
7fcce3ac5000-7fcce3cc4000 ---p 00009000 08:01 2366543                    /usr/lib/x86_64-linux-gnu/libXrender.so.1.3.0
7fcce3cc4000-7fcce3cc5000 r--p 00008000 08:01 2366543                    /usr/lib/x86_64-linux-gnu/libXrender.so.1.3.0
7fcce3cc5000-7fcce3cc6000 rw-p 00009000 08:01 2366543                    /usr/lib/x86_64-linux-gnu/libXrender.so.1.3.0
7fcce3cc6000-7fcce3dfb000 r-xp 00000000 08:01 2366504                    /usr/lib/x86_64-linux-gnu/libX11.so.6.3.0
7fcce3dfb000-7fcce3ffb000 ---p 00135000 08:01 2366504                    /usr/lib/x86_64-linux-gnu/libX11.so.6.3.0
7fcce3ffb000-7fcce3ffc000 r--p 00135000 08:01 2366504                    /usr/lib/x86_64-linux-gnu/libX11.so.6.3.0
7fcce3ffc000-7fcce4000000 rw-p 00136000 08:01 2366504                    /usr/lib/x86_64-linux-gnu/libX11.so.6.3.0
7fcce4000000-7fcce4021000 rw-p 00000000 00:00 0 
7fcce4021000-7fcce8000000 ---p 00000000 00:00 0 
7fcce8000000-7fcce8021000 rw-p 00000000 00:00 0 
7fcce8021000-7fccec000000 ---p 00000000 00:00 0 
7fccec000000-7fccec021000 rw-p 00000000 00:00 0 
7fccec021000-7fccf0000000 ---p 00000000 00:00 0 
7fccf0000000-7fccf0021000 rw-p 00000000 00:00 0 
7fccf0021000-7fccf4000000 ---p 00000000 00:00 0 
7fccf4000000-7fccf4021000 rw-p 00000000 00:00 0 
7fccf4021000-7fccf8000000 ---p 00000000 00:00 0 
7fccf8065000-7fccf8076000 r-xp 00000000 08:01 2366521                    /usr/lib/x86_64-linux-gnu/libXext.so.6.4.0
7fccf8076000-7fccf8275000 ---p 00011000 08:01 2366521                    /usr/lib/x86_64-linux-gnu/libXext.so.6.4.0
7fccf8275000-7fccf8276000 r--p 00010000 08:01 2366521                    /usr/lib/x86_64-linux-gnu/libXext.so.6.4.0
7fccf8276000-7fccf8277000 rw-p 00011000 08:01 2366521                    /usr/lib/x86_64-linux-gnu/libXext.so.6.4.0
7fccf8277000-7fccf82cb000 r-xp 00000000 08:01 4204416                    /usr/lib/jvm/java-8-oracle/jre/lib/amd64/libawt_xawt.so
7fccf82cb000-7fccf84cb000 ---p 00054000 08:01 4204416                    /usr/lib/jvm/java-8-oracle/jre/lib/amd64/libawt_xawt.so
7fccf84cb000-7fccf84cf000 rw-p 00054000 08:01 4204416                    /usr/lib/jvm/java-8-oracle/jre/lib/amd64/libawt_xawt.so
7fccf84cf000-7fccf84d0000 rw-p 00000000 00:00 0 
7fccf84d0000-7fccf8572000 r-xp 00000000 08:01 4204402                    /usr/lib/jvm/java-8-oracle/jre/lib/amd64/libawt.so
7fccf8572000-7fccf8772000 ---p 000a2000 08:01 4204402                    /usr/lib/jvm/java-8-oracle/jre/lib/amd64/libawt.so
7fccf8772000-7fccf877e000 rw-p 000a2000 08:01 4204402                    /usr/lib/jvm/java-8-oracle/jre/lib/amd64/libawt.so
7fccf877e000-7fccf89a2000 rw-p 00000000 00:00 0 
7fccf89a2000-7fccf8ba2000 rw-p 00000000 00:00 0 
7fccf8ba2000-7fccf8bb8000 r-xp 00000000 08:01 2101753                    /lib/x86_64-linux-gnu/libgcc_s.so.1
7fccf8bb8000-7fccf8db7000 ---p 00016000 08:01 2101753                    /lib/x86_64-linux-gnu/libgcc_s.so.1
7fccf8db7000-7fccf8db8000 rw-p 00015000 08:01 2101753                    /lib/x86_64-linux-gnu/libgcc_s.so.1
7fccf8db8000-7fccf8dea000 r-xp 00000000 08:01 4203929                    /usr/lib/jvm/java-8-oracle/jre/lib/amd64/libsunec.so
7fccf8dea000-7fccf8fe9000 ---p 00032000 08:01 4203929                    /usr/lib/jvm/java-8-oracle/jre/lib/amd64/libsunec.so
7fccf8fe9000-7fccf8fef000 rw-p 00031000 08:01 4203929                    /usr/lib/jvm/java-8-oracle/jre/lib/amd64/libsunec.so
7fccf8fef000-7fccfc000000 rw-p 00000000 00:00 0 
7fccfc000000-7fccfc021000 rw-p 00000000 00:00 0 
7fccfc021000-7fcd00000000 ---p 00000000 00:00 0 
7fcd00000000-7fcd00021000 rw-p 00000000 00:00 0 
7fcd00021000-7fcd04000000 ---p 00000000 00:00 0 
7fcd04000000-7fcd05dbb000 rw-p 00000000 00:00 0 
7fcd05dbb000-7fcd08000000 ---p 00000000 00:00 0 
7fcd08000000-7fcd09579000 rw-p 00000000 00:00 0 
7fcd09579000-7fcd0c000000 ---p 00000000 00:00 0 
7fcd0c000000-7fcd0c021000 rw-p 00000000 00:00 0 
7fcd0c021000-7fcd10000000 ---p 00000000 00:00 0 
7fcd10000000-7fcd11c6d000 rw-p 00000000 00:00 0 
7fcd11c6d000-7fcd14000000 ---p 00000000 00:00 0 
7fcd14000000-7fcd14021000 rw-p 00000000 00:00 0 
7fcd14021000-7fcd18000000 ---p 00000000 00:00 0 
7fcd18000000-7fcd18021000 rw-p 00000000 00:00 0 
7fcd18021000-7fcd1c000000 ---p 00000000 00:00 0 
7fcd1c000000-7fcd1c021000 rw-p 00000000 00:00 0 
7fcd1c021000-7fcd20000000 ---p 00000000 00:00 0 
7fcd20000000-7fcd2003b000 rw-p 00000000 00:00 0 
7fcd2003b000-7fcd24000000 ---p 00000000 00:00 0 
7fcd24000000-7fcd24021000 rw-p 00000000 00:00 0 
7fcd24021000-7fcd28000000 ---p 00000000 00:00 0 
7fcd28000000-7fcd28021000 rw-p 00000000 00:00 0 
7fcd28021000-7fcd2c000000 ---p 00000000 00:00 0 
7fcd2c000000-7fcd2c021000 rw-p 00000000 00:00 0 
7fcd2c021000-7fcd30000000 ---p 00000000 00:00 0 
7fcd30007000-7fcd3000a000 ---p 00000000 00:00 0 
7fcd3000a000-7fcd30308000 rw-p 00000000 00:00 0 
7fcd30308000-7fcd30508000 rw-p 00000000 00:00 0 
7fcd30508000-7fcd30708000 rw-p 00000000 00:00 0 
7fcd30708000-7fcd30719000 r-xp 00000000 08:01 4204412                    /usr/lib/jvm/java-8-oracle/jre/lib/amd64/libnio.so
7fcd30719000-7fcd30918000 ---p 00011000 08:01 4204412                    /usr/lib/jvm/java-8-oracle/jre/lib/amd64/libnio.so
7fcd30918000-7fcd30919000 rw-p 00010000 08:01 4204412                    /usr/lib/jvm/java-8-oracle/jre/lib/amd64/libnio.so
7fcd30919000-7fcd30b19000 rw-p 00000000 00:00 0 
7fcd30be9000-7fcd30bec000 ---p 00000000 00:00 0 
7fcd30bec000-7fcd30cea000 rw-p 00000000 00:00 0 
7fcd30cea000-7fcd30ced000 ---p 00000000 00:00 0 
7fcd30ced000-7fcd30deb000 rw-p 00000000 00:00 0 
7fcd30deb000-7fcd30e01000 r-xp 00000000 08:01 4204409                    /usr/lib/jvm/java-8-oracle/jre/lib/amd64/libnet.so
7fcd30e01000-7fcd31001000 ---p 00016000 08:01 4204409                    /usr/lib/jvm/java-8-oracle/jre/lib/amd64/libnet.so
7fcd31001000-7fcd31002000 rw-p 00016000 08:01 4204409                    /usr/lib/jvm/java-8-oracle/jre/lib/amd64/libnet.so
7fcd31038000-7fcd3103b000 ---p 00000000 00:00 0 
7fcd3103b000-7fcd31071000 rw-p 00000000 00:00 0 
7fcd31071000-7fcd31078000 r--s 00000000 08:01 2755676                    /usr/lib/x86_64-linux-gnu/gconv/gconv-modules.cache
7fcd31078000-7fcd3109d000 r--p 00000000 08:01 4197044                    /usr/share/locale-langpack/es/LC_MESSAGES/libc.mo
7fcd3109d000-7fcd310a0000 ---p 00000000 00:00 0 
7fcd310a0000-7fcd3119e000 rw-p 00000000 00:00 0 
7fcd3119e000-7fcd311a0000 r--s 00009000 08:01 3949348                    /usr/lib/jvm/java-8-oracle/jre/lib/ext/sunec.jar
7fcd311a0000-7fcd311a4000 r--s 0003a000 08:01 3949355                    /usr/lib/jvm/java-8-oracle/jre/lib/ext/sunpkcs11.jar
7fcd311a4000-7fcd311a7000 r--s 0001a000 08:01 3553996                    /usr/lib/jvm/java-8-oracle/jre/lib/jce.jar
7fcd311a7000-7fcd311b1000 r--s 00116000 08:01 3949357                    /usr/lib/jvm/java-8-oracle/jre/lib/ext/localedata.jar
7fcd311b1000-7fcd311cd000 r--s 00393000 08:01 3949350                    /usr/lib/jvm/java-8-oracle/jre/lib/ext/cldrdata.jar
7fcd311cd000-7fcd311d2000 r--s 0009d000 08:01 3553990                    /usr/lib/jvm/java-8-oracle/jre/lib/jsse.jar
7fcd311d2000-7fcd313d2000 rw-p 00000000 00:00 0 
7fcd313d2000-7fcd313d3000 ---p 00000000 00:00 0 
7fcd313d3000-7fcd314d3000 rw-p 00000000 00:00 0 
7fcd314d3000-7fcd314d6000 ---p 00000000 00:00 0 
7fcd314d6000-7fcd315d4000 rw-p 00000000 00:00 0 
7fcd315d4000-7fcd315d7000 ---p 00000000 00:00 0 
7fcd315d7000-7fcd316d5000 rw-p 00000000 00:00 0 
7fcd316d5000-7fcd316d8000 ---p 00000000 00:00 0 
7fcd316d8000-7fcd317d6000 rw-p 00000000 00:00 0 
7fcd317d6000-7fcd317d9000 ---p 00000000 00:00 0 
7fcd317d9000-7fcd318d7000 rw-p 00000000 00:00 0 
7fcd318d7000-7fcd318f0000 r--s 001af000 08:01 10882111                   /home/acosanchez/.m2/repository/org/aspectj/aspectjweaver/1.8.9/aspectjweaver-1.8.9.jar
7fcd318f0000-7fcd318f9000 r--s 0006f000 08:01 9309062                    /home/acosanchez/.m2/repository/log4j/log4j/1.2.17/log4j-1.2.17.jar
7fcd318f9000-7fcd318fe000 r--s 00046000 08:01 10881747                   /home/acosanchez/.m2/repository/org/apache/commons/commons-lang3/3.0/commons-lang3-3.0.jar
7fcd318fe000-7fcd318ff000 r--s 00001000 08:01 10881745                   /home/acosanchez/.m2/repository/org/jdom/jaxen-jdom/1.0-FCS/jaxen-jdom-1.0-FCS.jar
7fcd318ff000-7fcd31900000 r--s 00005000 08:01 10881743                   /home/acosanchez/.m2/repository/saxpath/saxpath/1.0-FCS/saxpath-1.0-FCS.jar
7fcd31900000-7fcd31906000 r--s 00033000 08:01 10881741                   /home/acosanchez/.m2/repository/jaxen/jaxen/1.1.6/jaxen-1.1.6.jar
7fcd31906000-7fcd31909000 r--s 00023000 08:01 10356340                   /home/acosanchez/.m2/repository/org/jdom/jdom/1.1/jdom-1.1.jar
7fcd31909000-7fcd31921000 r--s 001b9000 08:01 10881739                   /home/acosanchez/.m2/repository/javax/media/jmf/2.1.1e/jmf-2.1.1e.jar
7fcd31921000-7fcd31924000 r--s 0003d000 08:01 10881754                   /home/acosanchez/.m2/repository/javax/media/jai/com.springsource.javax.media.jai.codec/1.1.3/com.springsource.javax.media.jai.codec-1.1.3.jar
7fcd31924000-7fcd31938000 r--s 001c0000 08:01 10881246                   /home/acosanchez/.m2/repository/javax/media/jai/com.springsource.javax.media.jai.core/1.1.3/com.springsource.javax.media.jai.core-1.1.3.jar
7fcd31938000-7fcd31943000 r--s 000c7000 08:01 10881737                   /home/acosanchez/.m2/repository/com/pojosontheweb/monte-repack/1.0.1/monte-repack-1.0.1.jar
7fcd31943000-7fcd31948000 r--s 0005d000 08:01 10881735                   /home/acosanchez/.m2/repository/org/seleniumhq/selenium/selenium-leg-rc/2.53.1/selenium-leg-rc-2.53.1.jar
7fcd31948000-7fcd3194d000 r--s 00025000 08:01 10881733                   /home/acosanchez/.m2/repository/org/seleniumhq/selenium/selenium-support/2.53.1/selenium-support-2.53.1.jar
7fcd3194d000-7fcd31963000 r--s 000f9000 08:01 10881731                   /home/acosanchez/.m2/repository/io/netty/netty/3.5.7.Final/netty-3.5.7.Final.jar
7fcd31963000-7fcd31965000 r--s 00014000 08:01 10881729                   /home/acosanchez/.m2/repository/org/seleniumhq/selenium/selenium-safari-driver/2.53.1/selenium-safari-driver-2.53.1.jar
7fcd31965000-7fcd31976000 r--s 00155000 08:01 10881727                   /home/acosanchez/.m2/repository/net/java/dev/jna/jna-platform/4.1.0/jna-platform-4.1.0.jar
7fcd31976000-7fcd3197a000 r--s 000dc000 08:01 10881725                   /home/acosanchez/.m2/repository/net/java/dev/jna/jna/4.1.0/jna-4.1.0.jar
7fcd3197a000-7fcd3197b000 r--s 00002000 08:01 10881723                   /home/acosanchez/.m2/repository/org/seleniumhq/selenium/selenium-ie-driver/2.53.1/selenium-ie-driver-2.53.1.jar
7fcd3197b000-7fcd3197d000 r--s 000c7000 08:01 10881721                   /home/acosanchez/.m2/repository/org/seleniumhq/selenium/selenium-firefox-driver/2.53.1/selenium-firefox-driver-2.53.1.jar
7fcd3197d000-7fcd3198a000 r--s 00083000 08:01 10487923                   /home/acosanchez/.m2/repository/commons-collections/commons-collections/3.2.2/commons-collections-3.2.2.jar
7fcd3198a000-7fcd3198c000 r--s 00009000 08:01 10881719                   /home/acosanchez/.m2/repository/org/eclipse/jetty/websocket/websocket-api/9.2.15.v20160210/websocket-api-9.2.15.v20160210.jar
7fcd3198c000-7fcd31991000 r--s 00028000 08:01 10881717                   /home/acosanchez/.m2/repository/org/eclipse/jetty/websocket/websocket-common/9.2.15.v20160210/websocket-common-9.2.15.v20160210.jar
7fcd31991000-7fcd31994000 r--s 00018000 08:01 10881715                   /home/acosanchez/.m2/repository/org/eclipse/jetty/jetty-io/9.2.15.v20160210/jetty-io-9.2.15.v20160210.jar
7fcd31994000-7fcd3199a000 r--s 00054000 08:01 10881713                   /home/acosanchez/.m2/repository/org/eclipse/jetty/jetty-util/9.2.15.v20160210/jetty-util-9.2.15.v20160210.jar
7fcd3199a000-7fcd3199b000 r--s 00008000 08:01 10881711                   /home/acosanchez/.m2/repository/org/eclipse/jetty/websocket/websocket-client/9.2.15.v20160210/websocket-client-9.2.15.v20160210.jar
7fcd3199b000-7fcd3199d000 r--s 0000e000 08:01 10356287                   /home/acosanchez/.m2/repository/commons-logging/commons-logging/1.2/commons-logging-1.2.jar
7fcd3199d000-7fcd3199e000 r--s 00003000 08:01 10749813                   /home/acosanchez/.m2/repository/org/w3c/css/sac/1.3/sac-1.3.jar
7fcd3199e000-7fcd319a2000 r--s 00058000 08:01 10881709                   /home/acosanchez/.m2/repository/net/sourceforge/cssparser/cssparser/0.9.18/cssparser-0.9.18.jar
7fcd319a2000-7fcd319ab000 r--s 0002d000 08:01 10749855                   /home/acosanchez/.m2/repository/xml-apis/xml-apis/1.4.01/xml-apis-1.4.01.jar
7fcd319ab000-7fcd319c4000 r--s 00135000 08:01 10749853                   /home/acosanchez/.m2/repository/xerces/xercesImpl/2.11.0/xercesImpl-2.11.0.jar
7fcd319c4000-7fcd319c7000 r--s 0001c000 08:01 10881707                   /home/acosanchez/.m2/repository/net/sourceforge/htmlunit/neko-htmlunit/2.21/neko-htmlunit-2.21.jar
7fcd319c7000-7fcd319d5000 r--s 000fc000 08:01 10881705                   /home/acosanchez/.m2/repository/net/sourceforge/htmlunit/htmlunit-core-js/2.17/htmlunit-core-js-2.17.jar
7fcd319d5000-7fcd319dc000 r--s 0003f000 08:01 10487916                   /home/acosanchez/.m2/repository/commons-codec/commons-codec/1.10/commons-codec-1.10.jar
7fcd319dc000-7fcd319de000 r--s 00009000 08:01 10881703                   /home/acosanchez/.m2/repository/org/apache/httpcomponents/httpmime/4.5.2/httpmime-4.5.2.jar
7fcd319de000-7fcd319e2000 r--s 00040000 08:01 10749849                   /home/acosanchez/.m2/repository/xalan/serializer/2.7.2/serializer-2.7.2.jar
7fcd319e2000-7fcd31a07000 r--s 002de000 08:01 10749851                   /home/acosanchez/.m2/repository/xalan/xalan/2.7.2/xalan-2.7.2.jar
7fcd31a07000-7fcd31a2d000 r--s 001a1000 08:01 10881701                   /home/acosanchez/.m2/repository/net/sourceforge/htmlunit/htmlunit/2.21/htmlunit-2.21.jar
7fcd31a2d000-7fcd31a59000 r--s 00208000 08:01 10881695                   /home/acosanchez/.m2/repository/com/google/guava/guava/19.0/guava-19.0.jar
7fcd31a59000-7fcd31aef000 r--s 0110a000 08:01 3949351                    /usr/lib/jvm/java-8-oracle/jre/lib/ext/jfxrt.jar
7fcd31aef000-7fcd31af2000 ---p 00000000 00:00 0 
7fcd31af2000-7fcd31bf0000 rw-p 00000000 00:00 0 
7fcd31bf0000-7fcd3213d000 r--p 00000000 08:01 2365810                    /usr/lib/locale/locale-archive
7fcd3213d000-7fcd32140000 ---p 00000000 00:00 0 
7fcd32140000-7fcd3223e000 rw-p 00000000 00:00 0 
7fcd3223e000-7fcd32241000 ---p 00000000 00:00 0 
7fcd32241000-7fcd3233f000 rw-p 00000000 00:00 0 
7fcd3233f000-7fcd32340000 ---p 00000000 00:00 0 
7fcd32340000-7fcd3334f000 rw-p 00000000 00:00 0 
7fcd3334f000-7fcd33528000 r--s 03d64000 08:01 3553985                    /usr/lib/jvm/java-8-oracle/jre/lib/rt.jar
7fcd33528000-7fcd37ea2000 rw-p 00000000 00:00 0 
7fcd37ea2000-7fcd37ea3000 ---p 00000000 00:00 0 
7fcd37ea3000-7fcd37fa3000 rw-p 00000000 00:00 0 
7fcd37fa3000-7fcd37fa4000 ---p 00000000 00:00 0 
7fcd37fa4000-7fcd380a4000 rw-p 00000000 00:00 0 
7fcd380a4000-7fcd380a5000 ---p 00000000 00:00 0 
7fcd380a5000-7fcd381d3000 rw-p 00000000 00:00 0 
7fcd381d3000-7fcd38437000 ---p 00000000 00:00 0 
7fcd38437000-7fcd38465000 rw-p 00000000 00:00 0 
7fcd38465000-7fcd386c8000 ---p 00000000 00:00 0 
7fcd386c8000-7fcd387dd000 rw-p 00000000 00:00 0 
7fcd387dd000-7fcd38811000 ---p 00000000 00:00 0 
7fcd38811000-7fcd3884b000 rw-p 00000000 00:00 0 
7fcd3884b000-7fcd38bd2000 ---p 00000000 00:00 0 
7fcd38bd2000-7fcd39a02000 rwxp 00000000 00:00 0 
7fcd39a02000-7fcd47bd2000 ---p 00000000 00:00 0 
7fcd47bd2000-7fcd47bed000 r-xp 00000000 08:01 4204405                    /usr/lib/jvm/java-8-oracle/jre/lib/amd64/libzip.so
7fcd47bed000-7fcd47ded000 ---p 0001b000 08:01 4204405                    /usr/lib/jvm/java-8-oracle/jre/lib/amd64/libzip.so
7fcd47ded000-7fcd47dee000 rw-p 0001b000 08:01 4204405                    /usr/lib/jvm/java-8-oracle/jre/lib/amd64/libzip.so
7fcd47dee000-7fcd47df9000 r-xp 00000000 08:01 2097248                    /lib/x86_64-linux-gnu/libnss_files-2.23.so
7fcd47df9000-7fcd47ff8000 ---p 0000b000 08:01 2097248                    /lib/x86_64-linux-gnu/libnss_files-2.23.so
7fcd47ff8000-7fcd47ff9000 r--p 0000a000 08:01 2097248                    /lib/x86_64-linux-gnu/libnss_files-2.23.so
7fcd47ff9000-7fcd47ffa000 rw-p 0000b000 08:01 2097248                    /lib/x86_64-linux-gnu/libnss_files-2.23.so
7fcd47ffa000-7fcd48000000 rw-p 00000000 00:00 0 
7fcd48000000-7fcd4904c000 rw-p 00000000 00:00 0 
7fcd4904c000-7fcd4c000000 ---p 00000000 00:00 0 
7fcd4c000000-7fcd4c002000 r--s 0000e000 08:01 10881699                   /home/acosanchez/.m2/repository/org/seleniumhq/selenium/htmlunit-driver/2.21/htmlunit-driver-2.21.jar
7fcd4c002000-7fcd4c004000 r--s 0000c000 08:01 9044688                    /home/acosanchez/.m2/repository/org/apache/commons/commons-exec/1.3/commons-exec-1.3.jar
7fcd4c004000-7fcd4c005000 r--s 00001000 08:01 10881697                   /home/acosanchez/.m2/repository/org/seleniumhq/selenium/selenium-edge-driver/2.53.1/selenium-edge-driver-2.53.1.jar
7fcd4c005000-7fcd4c00c000 r--s 00049000 08:01 10881693                   /home/acosanchez/.m2/repository/org/apache/httpcomponents/httpcore/4.4.3/httpcore-4.4.3.jar
7fcd4c00c000-7fcd4c019000 r--s 000a6000 08:01 10881691                   /home/acosanchez/.m2/repository/org/apache/httpcomponents/httpclient/4.5.1/httpclient-4.5.1.jar
7fcd4c019000-7fcd4c01e000 r--s 0001f000 08:01 10881689                   /home/acosanchez/.m2/repository/org/seleniumhq/selenium/selenium-api/2.53.1/selenium-api-2.53.1.jar
7fcd4c01e000-7fcd4c023000 r--s 0002f000 08:01 10881687                   /home/acosanchez/.m2/repository/com/google/code/gson/gson/2.3.1/gson-2.3.1.jar
7fcd4c023000-7fcd4c02a000 r--s 00049000 08:01 10881685                   /home/acosanchez/.m2/repository/cglib/cglib-nodep/2.1_3/cglib-nodep-2.1_3.jar
7fcd4c02a000-7fcd4c02f000 r--s 00035000 08:01 10881683                   /home/acosanchez/.m2/repository/org/seleniumhq/selenium/selenium-remote-driver/2.53.1/selenium-remote-driver-2.53.1.jar
7fcd4c02f000-7fcd4c030000 r--s 00002000 08:01 10881681                   /home/acosanchez/.m2/repository/org/seleniumhq/selenium/selenium-chrome-driver/2.53.1/selenium-chrome-driver-2.53.1.jar
7fcd4c030000-7fcd4c031000 r--s 00000000 08:01 10881679                   /home/acosanchez/.m2/repository/org/seleniumhq/selenium/selenium-java/2.53.1/selenium-java-2.53.1.jar
7fcd4c031000-7fcd4c036000 r--s 00040000 08:01 8915896                    /home/acosanchez/.m2/repository/org/beanshell/bsh/2.0b4/bsh-2.0b4.jar
7fcd4c036000-7fcd4c038000 r--s 0000e000 08:01 10881677                   /home/acosanchez/.m2/repository/com/beust/jcommander/1.48/jcommander-1.48.jar
7fcd4c038000-7fcd4c046000 r--s 000c7000 08:01 10881675                   /home/acosanchez/.m2/repository/org/testng/testng/6.9.10/testng-6.9.10.jar
7fcd4c046000-7fcd4c04a000 r--s 0002a000 08:01 9706508                    /home/acosanchez/.m2/repository/commons-io/commons-io/2.4/commons-io-2.4.jar
7fcd4c04a000-7fcd4c04b000 r--s 00002000 08:01 10881756                   /home/acosanchez/.m2/repository/com/github/agomezmoron/webdriver-screenshot/1.0.3/webdriver-screenshot-1.0.3.jar
7fcd4c04b000-7fcd4c04d000 r--s 00009000 08:01 10881752                   /home/acosanchez/.m2/repository/com/emergya/selenium-handler/0.1.10/selenium-handler-0.1.10.jar
7fcd4c04d000-7fcd4c051000 r--s 00019000 08:01 10881673                   /home/acosanchez/.m2/repository/org/aspectj/aspectjrt/1.8.3/aspectjrt-1.8.3.jar
7fcd4c051000-7fcd4c058000 r--s 0007a000 08:01 10881671                   /home/acosanchez/.m2/repository/org/apache/tika/tika-core/1.7/tika-core-1.7.jar
7fcd4c058000-7fcd4c059000 r--s 00007000 08:01 10752216                   /home/acosanchez/.m2/repository/org/slf4j/slf4j-api/1.7.12/slf4j-api-1.7.12.jar
7fcd4c059000-7fcd4c05b000 r--s 00007000 08:01 10881669                   /home/acosanchez/.m2/repository/ru/qatools/commons/properties/2.0.RC3/properties-2.0.RC3.jar
7fcd4c05b000-7fcd4c061000 r--s 0001e000 08:01 10881667                   /home/acosanchez/.m2/repository/org/jvnet/jaxb2_commons/jaxb2-basics-runtime/0.9.3/jaxb2-basics-runtime-0.9.3.jar
7fcd4c061000-7fcd4c062000 r--s 00009000 08:01 10881665                   /home/acosanchez/.m2/repository/ru/yandex/qatools/allure/allure-model/1.5.0.RC2/allure-model-1.5.0.RC2.jar
7fcd4c062000-7fcd4c063000 r--s 00001000 08:01 10881663                   /home/acosanchez/.m2/repository/ru/yandex/qatools/allure/allure-java-annotations/1.5.0.RC2/allure-java-annotations-1.5.0.RC2.jar
7fcd4c063000-7fcd4c076000 r--s 00345000 08:01 3553989                    /usr/lib/jvm/java-8-oracle/jre/lib/resources.jar
7fcd4c076000-7fcd4c0ec000 rw-p 00000000 00:00 0 
7fcd4c0ec000-7fcd4c0ed000 ---p 00000000 00:00 0 
7fcd4c0ed000-7fcd4c1ed000 rw-p 00000000 00:00 0 
7fcd4c1ed000-7fcd4c1f8000 r-xp 00000000 08:01 2101732                    /lib/x86_64-linux-gnu/libnss_nis-2.23.so
7fcd4c1f8000-7fcd4c3f7000 ---p 0000b000 08:01 2101732                    /lib/x86_64-linux-gnu/libnss_nis-2.23.so
7fcd4c3f7000-7fcd4c3f8000 r--p 0000a000 08:01 2101732                    /lib/x86_64-linux-gnu/libnss_nis-2.23.so
7fcd4c3f8000-7fcd4c3f9000 rw-p 0000b000 08:01 2101732                    /lib/x86_64-linux-gnu/libnss_nis-2.23.so
7fcd4c3f9000-7fcd4c40f000 r-xp 00000000 08:01 2097166                    /lib/x86_64-linux-gnu/libnsl-2.23.so
7fcd4c40f000-7fcd4c60e000 ---p 00016000 08:01 2097166                    /lib/x86_64-linux-gnu/libnsl-2.23.so
7fcd4c60e000-7fcd4c60f000 r--p 00015000 08:01 2097166                    /lib/x86_64-linux-gnu/libnsl-2.23.so
7fcd4c60f000-7fcd4c610000 rw-p 00016000 08:01 2097166                    /lib/x86_64-linux-gnu/libnsl-2.23.so
7fcd4c610000-7fcd4c612000 rw-p 00000000 00:00 0 
7fcd4c612000-7fcd4c61a000 r-xp 00000000 08:01 2097243                    /lib/x86_64-linux-gnu/libnss_compat-2.23.so
7fcd4c61a000-7fcd4c819000 ---p 00008000 08:01 2097243                    /lib/x86_64-linux-gnu/libnss_compat-2.23.so
7fcd4c819000-7fcd4c81a000 r--p 00007000 08:01 2097243                    /lib/x86_64-linux-gnu/libnss_compat-2.23.so
7fcd4c81a000-7fcd4c81b000 rw-p 00008000 08:01 2097243                    /lib/x86_64-linux-gnu/libnss_compat-2.23.so
7fcd4c81b000-7fcd4c825000 r-xp 00000000 08:01 4204414                    /usr/lib/jvm/java-8-oracle/jre/lib/amd64/libinstrument.so
7fcd4c825000-7fcd4ca24000 ---p 0000a000 08:01 4204414                    /usr/lib/jvm/java-8-oracle/jre/lib/amd64/libinstrument.so
7fcd4ca24000-7fcd4ca25000 rw-p 00009000 08:01 4204414                    /usr/lib/jvm/java-8-oracle/jre/lib/amd64/libinstrument.so
7fcd4ca25000-7fcd4ca50000 r-xp 00000000 08:01 4204399                    /usr/lib/jvm/java-8-oracle/jre/lib/amd64/libjava.so
7fcd4ca50000-7fcd4cc4f000 ---p 0002b000 08:01 4204399                    /usr/lib/jvm/java-8-oracle/jre/lib/amd64/libjava.so
7fcd4cc4f000-7fcd4cc51000 rw-p 0002a000 08:01 4204399                    /usr/lib/jvm/java-8-oracle/jre/lib/amd64/libjava.so
7fcd4cc51000-7fcd4cc5e000 r-xp 00000000 08:01 4204404                    /usr/lib/jvm/java-8-oracle/jre/lib/amd64/libverify.so
7fcd4cc5e000-7fcd4ce5e000 ---p 0000d000 08:01 4204404                    /usr/lib/jvm/java-8-oracle/jre/lib/amd64/libverify.so
7fcd4ce5e000-7fcd4ce60000 rw-p 0000d000 08:01 4204404                    /usr/lib/jvm/java-8-oracle/jre/lib/amd64/libverify.so
7fcd4ce60000-7fcd4ce67000 r-xp 00000000 08:01 2101733                    /lib/x86_64-linux-gnu/librt-2.23.so
7fcd4ce67000-7fcd4d066000 ---p 00007000 08:01 2101733                    /lib/x86_64-linux-gnu/librt-2.23.so
7fcd4d066000-7fcd4d067000 r--p 00006000 08:01 2101733                    /lib/x86_64-linux-gnu/librt-2.23.so
7fcd4d067000-7fcd4d068000 rw-p 00007000 08:01 2101733                    /lib/x86_64-linux-gnu/librt-2.23.so
7fcd4d068000-7fcd4d170000 r-xp 00000000 08:01 2097157                    /lib/x86_64-linux-gnu/libm-2.23.so
7fcd4d170000-7fcd4d36f000 ---p 00108000 08:01 2097157                    /lib/x86_64-linux-gnu/libm-2.23.so
7fcd4d36f000-7fcd4d370000 r--p 00107000 08:01 2097157                    /lib/x86_64-linux-gnu/libm-2.23.so
7fcd4d370000-7fcd4d371000 rw-p 00108000 08:01 2097157                    /lib/x86_64-linux-gnu/libm-2.23.so
7fcd4d371000-7fcd4e04a000 r-xp 00000000 08:01 4330854                    /usr/lib/jvm/java-8-oracle/jre/lib/amd64/server/libjvm.so
7fcd4e04a000-7fcd4e249000 ---p 00cd9000 08:01 4330854                    /usr/lib/jvm/java-8-oracle/jre/lib/amd64/server/libjvm.so
7fcd4e249000-7fcd4e322000 rw-p 00cd8000 08:01 4330854                    /usr/lib/jvm/java-8-oracle/jre/lib/amd64/server/libjvm.so
7fcd4e322000-7fcd4e36e000 rw-p 00000000 00:00 0 
7fcd4e36e000-7fcd4e52e000 r-xp 00000000 08:01 2097235                    /lib/x86_64-linux-gnu/libc-2.23.so
7fcd4e52e000-7fcd4e72e000 ---p 001c0000 08:01 2097235                    /lib/x86_64-linux-gnu/libc-2.23.so
7fcd4e72e000-7fcd4e732000 r--p 001c0000 08:01 2097235                    /lib/x86_64-linux-gnu/libc-2.23.so
7fcd4e732000-7fcd4e734000 rw-p 001c4000 08:01 2097235                    /lib/x86_64-linux-gnu/libc-2.23.so
7fcd4e734000-7fcd4e738000 rw-p 00000000 00:00 0 
7fcd4e738000-7fcd4e73b000 r-xp 00000000 08:01 2097237                    /lib/x86_64-linux-gnu/libdl-2.23.so
7fcd4e73b000-7fcd4e93a000 ---p 00003000 08:01 2097237                    /lib/x86_64-linux-gnu/libdl-2.23.so
7fcd4e93a000-7fcd4e93b000 r--p 00002000 08:01 2097237                    /lib/x86_64-linux-gnu/libdl-2.23.so
7fcd4e93b000-7fcd4e93c000 rw-p 00003000 08:01 2097237                    /lib/x86_64-linux-gnu/libdl-2.23.so
7fcd4e93c000-7fcd4e952000 r-xp 00000000 08:01 3412449                    /usr/lib/jvm/java-8-oracle/lib/amd64/jli/libjli.so
7fcd4e952000-7fcd4eb51000 ---p 00016000 08:01 3412449                    /usr/lib/jvm/java-8-oracle/lib/amd64/jli/libjli.so
7fcd4eb51000-7fcd4eb52000 rw-p 00015000 08:01 3412449                    /usr/lib/jvm/java-8-oracle/lib/amd64/jli/libjli.so
7fcd4eb52000-7fcd4eb6a000 r-xp 00000000 08:01 2097177                    /lib/x86_64-linux-gnu/libpthread-2.23.so
7fcd4eb6a000-7fcd4ed69000 ---p 00018000 08:01 2097177                    /lib/x86_64-linux-gnu/libpthread-2.23.so
7fcd4ed69000-7fcd4ed6a000 r--p 00017000 08:01 2097177                    /lib/x86_64-linux-gnu/libpthread-2.23.so
7fcd4ed6a000-7fcd4ed6b000 rw-p 00018000 08:01 2097177                    /lib/x86_64-linux-gnu/libpthread-2.23.so
7fcd4ed6b000-7fcd4ed6f000 rw-p 00000000 00:00 0 
7fcd4ed6f000-7fcd4ed95000 r-xp 00000000 08:01 2097169                    /lib/x86_64-linux-gnu/ld-2.23.so
7fcd4ed95000-7fcd4ed97000 r--s 0000e000 08:01 10881661                   /home/acosanchez/.m2/repository/ru/yandex/qatools/allure/allure-java-adaptor-api/1.5.0.RC2/allure-java-adaptor-api-1.5.0.RC2.jar
7fcd4ed97000-7fcd4ed98000 r--s 00002000 08:01 10881659                   /home/acosanchez/.m2/repository/ru/yandex/qatools/allure/allure-java-aspects/1.5.0.RC2/allure-java-aspects-1.5.0.RC2.jar
7fcd4ed98000-7fcd4ed99000 r--s 00002000 08:01 10881657                   /home/acosanchez/.m2/repository/ru/yandex/qatools/allure/allure-testng-adaptor/1.5.0.RC2/allure-testng-adaptor-1.5.0.RC2.jar
7fcd4ed99000-7fcd4ed9e000 r--s 00084000 08:01 3553946                    /usr/lib/jvm/java-8-oracle/jre/lib/jfr.jar
7fcd4ed9e000-7fcd4eda3000 r--s 002f9000 08:01 3553983                    /usr/lib/jvm/java-8-oracle/jre/lib/charsets.jar
7fcd4eda3000-7fcd4ee74000 rw-p 00000000 00:00 0 
7fcd4ee74000-7fcd4ee77000 ---p 00000000 00:00 0 
7fcd4ee77000-7fcd4ef7a000 rw-p 00000000 00:00 0 
7fcd4ef7a000-7fcd4ef7d000 r--s 0001a000 08:01 3553996                    /usr/lib/jvm/java-8-oracle/jre/lib/jce.jar
7fcd4ef7d000-7fcd4ef82000 r--s 0009d000 08:01 3553990                    /usr/lib/jvm/java-8-oracle/jre/lib/jsse.jar
7fcd4ef82000-7fcd4ef8a000 r--s 00048000 08:01 10882334                   /home/acosanchez/eclipse/jee-oxygen/eclipse/configuration/org.eclipse.osgi/1177/0/.cp/lib/testng-remote.jar
7fcd4ef8a000-7fcd4ef92000 rw-s 00000000 08:01 7081048                    /tmp/hsperfdata_acosanchez/21384
7fcd4ef92000-7fcd4ef93000 rw-p 00000000 00:00 0 
7fcd4ef93000-7fcd4ef94000 r--p 00000000 00:00 0 
7fcd4ef94000-7fcd4ef95000 r--p 00025000 08:01 2097169                    /lib/x86_64-linux-gnu/ld-2.23.so
7fcd4ef95000-7fcd4ef96000 rw-p 00026000 08:01 2097169                    /lib/x86_64-linux-gnu/ld-2.23.so
7fcd4ef96000-7fcd4ef97000 rw-p 00000000 00:00 0 
7ffd3080a000-7ffd3082d000 rw-p 00000000 00:00 0                          [stack]
7ffd30925000-7ffd30928000 r--p 00000000 00:00 0                          [vvar]
7ffd30928000-7ffd3092a000 r-xp 00000000 00:00 0                          [vdso]
ffffffffff600000-ffffffffff601000 r-xp 00000000 00:00 0                  [vsyscall]

VM Arguments:
jvm_args: -ea -javaagent:/home/acosanchez/.m2/repository/org/aspectj/aspectjweaver/1.8.9/aspectjweaver-1.8.9.jar -Dfile.encoding=UTF-8 
java_command: org.testng.remote.RemoteTestNG -serport 37653 -protocol json -d /home/acosanchez/QA_workspace/qa-emergya-quickstart/test-output /tmp/testng-eclipse--670571148/testng-customsuite.xml
java_class_path (initial): /home/acosanchez/eclipse/jee-oxygen/eclipse/configuration/org.eclipse.osgi/1177/0/.cp/lib/testng-remote.jar:/usr/lib/jvm/java-8-oracle/jre/lib/resources.jar:/usr/lib/jvm/java-8-oracle/jre/lib/rt.jar:/usr/lib/jvm/java-8-oracle/jre/lib/jsse.jar:/usr/lib/jvm/java-8-oracle/jre/lib/jce.jar:/usr/lib/jvm/java-8-oracle/jre/lib/charsets.jar:/usr/lib/jvm/java-8-oracle/jre/lib/jfr.jar:/usr/lib/jvm/java-8-oracle/jre/lib/ext/jaccess.jar:/usr/lib/jvm/java-8-oracle/jre/lib/ext/nashorn.jar:/usr/lib/jvm/java-8-oracle/jre/lib/ext/jfxrt.jar:/usr/lib/jvm/java-8-oracle/jre/lib/ext/sunpkcs11.jar:/usr/lib/jvm/java-8-oracle/jre/lib/ext/zipfs.jar:/usr/lib/jvm/java-8-oracle/jre/lib/ext/dnsns.jar:/usr/lib/jvm/java-8-oracle/jre/lib/ext/cldrdata.jar:/usr/lib/jvm/java-8-oracle/jre/lib/ext/sunec.jar:/usr/lib/jvm/java-8-oracle/jre/lib/ext/localedata.jar:/usr/lib/jvm/java-8-oracle/jre/lib/ext/sunjce_provider.jar:/home/acosanchez/QA_workspace/qa-emergya-quickstart/target/test-classes:/home/acosanchez/QA_workspace/qa-emergya-quickstart/target/classes:/home/acosanchez/.m2/repository/ru/yandex/qatools/allure/allure-testng-adaptor/1.5.0.RC2/allure-testng-adaptor-1.5.0.RC2.jar:/home/acosanchez/.m2/repository/ru/yandex/qatools/allure/allure-java-aspects/1.5.0.RC2/allure-java-aspects-1.5.0.RC2.jar:/home/acosanchez/.m2/repository/ru/yandex/qatools/allure/allure-java-adaptor-api/1.5.0.RC2/allure-java-adaptor-api-1.5.0.RC2.jar:/home/acosanchez/.m2/repository/ru/yandex/qatools/allure/allure-java-annotations/1.5.0.RC2/allure-java-annotations-1.5.0.RC2.jar:/home/acosanchez/.m2/repository/ru/yandex/qatools/allure/allure-model/1.5.0.RC2/allure-model-1.5.0.RC2.jar:/home/acosanchez/.m2/repository/org/jvnet/jaxb2_commons/jaxb2-basics-runtime/0.9.3/jaxb2-basics-runtime-0.9.3.jar:/home/acosanchez/.m2/repository/ru/qatools/commons/properties/2.0.RC3/properties-2.0.RC3.jar:/home/acosanchez/.m2/repository/org/slf4j/slf4j-api/1.7.12/slf4j-api-1.7.12.jar:/home/acosanchez/.m2/repository/org/apach
Launcher Type: SUN_STANDARD

Environment Variables:
JAVA_HOME=/usr/lib/jvm/java-7-oracle
PATH=/home/acosanchez/bin:/home/acosanchez/.local/bin:/usr/local/sbin:/usr/local/bin:/usr/sbin:/usr/bin:/sbin:/bin:/usr/games:/usr/local/games:/snap/bin:/usr/lib/jvm/java-7-oracle/bin:/usr/lib/jvm/java-7-oracle/db/bin:/usr/lib/jvm/java-7-oracle/jre/bin
SHELL=/bin/bash
DISPLAY=:0

Signal Handlers:
SIGSEGV: [libjvm.so+0xad01e0], sa_mask[0]=11111111011111111101111111111110, sa_flags=SA_RESTART|SA_SIGINFO
SIGBUS: [libjvm.so+0xad01e0], sa_mask[0]=11111111011111111101111111111110, sa_flags=SA_RESTART|SA_SIGINFO
SIGFPE: [libjvm.so+0x927fb0], sa_mask[0]=11111111011111111101111111111110, sa_flags=SA_RESTART|SA_SIGINFO
SIGPIPE: [libjvm.so+0x927fb0], sa_mask[0]=11111111011111111101111111111110, sa_flags=SA_RESTART|SA_SIGINFO
SIGXFSZ: [libjvm.so+0x927fb0], sa_mask[0]=11111111011111111101111111111110, sa_flags=SA_RESTART|SA_SIGINFO
SIGILL: [libjvm.so+0x927fb0], sa_mask[0]=11111111011111111101111111111110, sa_flags=SA_RESTART|SA_SIGINFO
SIGUSR1: SIG_DFL, sa_mask[0]=00000000000000000000000000000000, sa_flags=none
SIGUSR2: [libjvm.so+0x9297f0], sa_mask[0]=00100000000000000000000000000000, sa_flags=SA_RESTART|SA_SIGINFO
SIGHUP: [libjvm.so+0x92abf0], sa_mask[0]=11111111011111111101111111111110, sa_flags=SA_RESTART|SA_SIGINFO
SIGINT: [libjvm.so+0x92abf0], sa_mask[0]=11111111011111111101111111111110, sa_flags=SA_RESTART|SA_SIGINFO
SIGTERM: [libjvm.so+0x92abf0], sa_mask[0]=11111111011111111101111111111110, sa_flags=SA_RESTART|SA_SIGINFO
SIGQUIT: [libjvm.so+0x92abf0], sa_mask[0]=11111111011111111101111111111110, sa_flags=SA_RESTART|SA_SIGINFO


---------------  S Y S T E M  ---------------

OS:DISTRIB_ID=Ubuntu
DISTRIB_RELEASE=16.04
DISTRIB_CODENAME=xenial
DISTRIB_DESCRIPTION="Ubuntu 16.04.4 LTS"

uname:Linux 4.15.0-041500-generic #201801282230 SMP Sun Jan 28 22:31:30 UTC 2018 x86_64
libc:glibc 2.23 NPTL 2.23 
rlimit: STACK 8192k, CORE 0k, NPROC 31316, NOFILE 1048576, AS infinity
load average:2,67 2,16 1,93

/proc/meminfo:
MemTotal:        8072284 kB
MemFree:          433092 kB
MemAvailable:     556392 kB
Buffers:            7196 kB
Cached:           728644 kB
SwapCached:         4308 kB
Active:          6460220 kB
Inactive:         926568 kB
Active(anon):    6263888 kB
Inactive(anon):   809016 kB
Active(file):     196332 kB
Inactive(file):   117552 kB
Unevictable:         136 kB
Mlocked:             136 kB
SwapTotal:       8290300 kB
SwapFree:        8015868 kB
Dirty:              2456 kB
Writeback:             0 kB
AnonPages:       6646736 kB
Mapped:           386332 kB
Shmem:            477664 kB
Slab:             107596 kB
SReclaimable:      57236 kB
SUnreclaim:        50360 kB
KernelStack:       13200 kB
PageTables:        65652 kB
NFS_Unstable:          0 kB
Bounce:                0 kB
WritebackTmp:          0 kB
CommitLimit:    12326440 kB
Committed_AS:   11196680 kB
VmallocTotal:   34359738367 kB
VmallocUsed:           0 kB
VmallocChunk:          0 kB
HardwareCorrupted:     0 kB
AnonHugePages:         0 kB
ShmemHugePages:        0 kB
ShmemPmdMapped:        0 kB
CmaTotal:              0 kB
CmaFree:               0 kB
HugePages_Total:       0
HugePages_Free:        0
HugePages_Rsvd:        0
HugePages_Surp:        0
Hugepagesize:       2048 kB
DirectMap4k:      204808 kB
DirectMap2M:     8087552 kB
DirectMap1G:     1048576 kB


CPU:total 4 (initial active 4) (2 cores per cpu, 2 threads per core) family 6 model 69 stepping 1, cmov, cx8, fxsr, mmx, sse, sse2, sse3, ssse3, sse4.1, sse4.2, popcnt, avx, avx2, aes, clmul, erms, lzcnt, ht, tsc, tscinvbit, bmi1, bmi2

/proc/cpuinfo:
processor	: 0
vendor_id	: GenuineIntel
cpu family	: 6
model		: 69
model name	: Intel(R) Core(TM) i5-4200U CPU @ 1.60GHz
stepping	: 1
microcode	: 0x20
cpu MHz		: 1608.894
cache size	: 3072 KB
physical id	: 0
siblings	: 4
core id		: 0
cpu cores	: 2
apicid		: 0
initial apicid	: 0
fpu		: yes
fpu_exception	: yes
cpuid level	: 13
wp		: yes
flags		: fpu vme de pse tsc msr pae mce cx8 apic sep mtrr pge mca cmov pat pse36 clflush dts acpi mmx fxsr sse sse2 ss ht tm pbe syscall nx pdpe1gb rdtscp lm constant_tsc arch_perfmon pebs bts rep_good nopl xtopology nonstop_tsc cpuid aperfmperf pni pclmulqdq dtes64 monitor ds_cpl vmx est tm2 ssse3 sdbg fma cx16 xtpr pdcm pcid sse4_1 sse4_2 movbe popcnt tsc_deadline_timer aes xsave avx f16c rdrand lahf_lm abm cpuid_fault epb invpcid_single pti retpoline tpr_shadow vnmi flexpriority ept vpid fsgsbase tsc_adjust bmi1 avx2 smep bmi2 erms invpcid xsaveopt dtherm ida arat pln pts
bugs		: cpu_meltdown spectre_v1 spectre_v2
bogomips	: 4589.54
clflush size	: 64
cache_alignment	: 64
address sizes	: 39 bits physical, 48 bits virtual
power management:

processor	: 1
vendor_id	: GenuineIntel
cpu family	: 6
model		: 69
model name	: Intel(R) Core(TM) i5-4200U CPU @ 1.60GHz
stepping	: 1
microcode	: 0x20
cpu MHz		: 1512.656
cache size	: 3072 KB
physical id	: 0
siblings	: 4
core id		: 1
cpu cores	: 2
apicid		: 2
initial apicid	: 2
fpu		: yes
fpu_exception	: yes
cpuid level	: 13
wp		: yes
flags		: fpu vme de pse tsc msr pae mce cx8 apic sep mtrr pge mca cmov pat pse36 clflush dts acpi mmx fxsr sse sse2 ss ht tm pbe syscall nx pdpe1gb rdtscp lm constant_tsc arch_perfmon pebs bts rep_good nopl xtopology nonstop_tsc cpuid aperfmperf pni pclmulqdq dtes64 monitor ds_cpl vmx est tm2 ssse3 sdbg fma cx16 xtpr pdcm pcid sse4_1 sse4_2 movbe popcnt tsc_deadline_timer aes xsave avx f16c rdrand lahf_lm abm cpuid_fault epb invpcid_single pti retpoline tpr_shadow vnmi flexpriority ept vpid fsgsbase tsc_adjust bmi1 avx2 smep bmi2 erms invpcid xsaveopt dtherm ida arat pln pts
bugs		: cpu_meltdown spectre_v1 spectre_v2
bogomips	: 4589.54
clflush size	: 64
cache_alignment	: 64
address sizes	: 39 bits physical, 48 bits virtual
power management:

processor	: 2
vendor_id	: GenuineIntel
cpu family	: 6
model		: 69
model name	: Intel(R) Core(TM) i5-4200U CPU @ 1.60GHz
stepping	: 1
microcode	: 0x20
cpu MHz		: 1578.869
cache size	: 3072 KB
physical id	: 0
siblings	: 4
core id		: 0
cpu cores	: 2
apicid		: 1
initial apicid	: 1
fpu		: yes
fpu_exception	: yes
cpuid level	: 13
wp		: yes
flags		: fpu vme de pse tsc msr pae mce cx8 apic sep mtrr pge mca cmov pat pse36 clflush dts acpi mmx fxsr sse sse2 ss ht tm pbe syscall nx pdpe1gb rdtscp lm constant_tsc arch_perfmon pebs bts rep_good nopl xtopology nonstop_tsc cpuid aperfmperf pni pclmulqdq dtes64 monitor ds_cpl vmx est tm2 ssse3 sdbg fma cx16 xtpr pdcm pcid sse4_1 sse4_2 movbe popcnt tsc_deadline_timer aes xsave avx f16c rdrand lahf_lm abm cpuid_fault epb invpcid_single pti retpoline tpr_shadow vnmi flexpriority ept vpid fsgsbase tsc_adjust bmi1 avx2 smep bmi2 erms invpcid xsaveopt dtherm ida arat pln pts
bugs		: cpu_meltdown spectre_v1 spectre_v2
bogomips	: 4589.54
clflush size	: 64
cache_alignment	: 64
address sizes	: 39 bits physical, 48 bits virtual
power management:

processor	: 3
vendor_id	: GenuineIntel
cpu family	: 6
model		: 69
model name	: Intel(R) Core(TM) i5-4200U CPU @ 1.60GHz
stepping	: 1
microcode	: 0x20
cpu MHz		: 1591.201
cache size	: 3072 KB
physical id	: 0
siblings	: 4
core id		: 1
cpu cores	: 2
apicid		: 3
initial apicid	: 3
fpu		: yes
fpu_exception	: yes
cpuid level	: 13
wp		: yes
flags		: fpu vme de pse tsc msr pae mce cx8 apic sep mtrr pge mca cmov pat pse36 clflush dts acpi mmx fxsr sse sse2 ss ht tm pbe syscall nx pdpe1gb rdtscp lm constant_tsc arch_perfmon pebs bts rep_good nopl xtopology nonstop_tsc cpuid aperfmperf pni pclmulqdq dtes64 monitor ds_cpl vmx est tm2 ssse3 sdbg fma cx16 xtpr pdcm pcid sse4_1 sse4_2 movbe popcnt tsc_deadline_timer aes xsave avx f16c rdrand lahf_lm abm cpuid_fault epb invpcid_single pti retpoline tpr_shadow vnmi flexpriority ept vpid fsgsbase tsc_adjust bmi1 avx2 smep bmi2 erms invpcid xsaveopt dtherm ida arat pln pts
bugs		: cpu_meltdown spectre_v1 spectre_v2
bogomips	: 4589.54
clflush size	: 64
cache_alignment	: 64
address sizes	: 39 bits physical, 48 bits virtual
power management:



Memory: 4k page, physical 8072284k(433172k free), swap 8290300k(8015868k free)

vm_info: Java HotSpot(TM) 64-Bit Server VM (25.161-b12) for linux-amd64 JRE (1.8.0_161-b12), built on Dec 19 2017 16:12:43 by "java_re" with gcc 4.3.0 20080428 (Red Hat 4.3.0-8)

time: Tue Mar 20 16:40:49 2018
elapsed time: 42 seconds (0d 0h 0m 42s)

