#
# A fatal error has been detected by the Java Runtime Environment:
#
#  SIGSEGV (0xb) at pc=0x00007fd14acb81d8, pid=15042, tid=0x00007fd148e50700
#
# JRE version: Java(TM) SE Runtime Environment (8.0_161-b12) (build 1.8.0_161-b12)
# Java VM: Java HotSpot(TM) 64-Bit Server VM (25.161-b12 mixed mode linux-amd64 compressed oops)
# Problematic frame:
# C  [libawt_xawt.so+0x421d8]  ReadRegionsInList+0x3b8
#
# Failed to write core dump. Core dumps have been disabled. To enable core dumping, try "ulimit -c unlimited" before starting Java again
#
# If you would like to submit a bug report, please visit:
#   http://bugreport.java.com/bugreport/crash.jsp
# The crash happened outside the Java Virtual Machine in native code.
# See problematic frame for where to report the bug.
#

---------------  T H R E A D  ---------------

Current thread (0x00007fd198705800):  JavaThread "pool-1-thread-1" [_thread_in_native, id=15157, stack(0x00007fd148d50000,0x00007fd148e51000)]

siginfo: si_signo: 11 (SIGSEGV), si_code: 1 (SEGV_MAPERR), si_addr: 0x0000000000000068

Registers:
RAX=0x0000000000000420, RBX=0x0000000000000000, RCX=0x0000000000000000, RDX=0x0000000000000000
RSP=0x00007fd148e4efa0, RBP=0x00007fd148e4f0b0, RSI=0x0000000000000000, RDI=0x0000000000000000
R8 =0x00007fd1240c5c10, R9 =0x0000000000000000, R10=0x0000000000000006, R11=0x00007fd1892b2180
R12=0x0000000000000000, R13=0x0000000000000000, R14=0x00007fd1240c9090, R15=0x000000000000073f
RIP=0x00007fd14acb81d8, EFLAGS=0x0000000000010206, CSGSFS=0x002b000000000033, ERR=0x0000000000000004
  TRAPNO=0x000000000000000e

Top of Stack: (sp=0x00007fd148e4efa0)
0x00007fd148e4efa0:   00007fd148e4f074 00007fd100000002
0x00007fd148e4efb0:   0000000000000008 00007fd100000000
0x00007fd148e4efc0:   00007fd148e4f078 0000000000000438
0x00007fd148e4efd0:   0000000000000780 00007fd148e4f068
0x00007fd148e4efe0:   00007fd148e4f07c 00007fd148e4f074
0x00007fd148e4eff0:   0000000248e4f0d0 00007fd19859aa70
0x00007fd148e4f000:   00007fd124191610 0000004148e4f180
0x00007fd148e4f010:   0000042000000018 00007fd1241906a0
0x00007fd148e4f020:   00007fd1240c0000 0000000000000001
0x00007fd148e4f030:   0000078000000000 0000000000000000
0x00007fd148e4f040:   0000000000000000 0000043800000f00
0x00007fd148e4f050:   0000000000000001 00007fd100000018
0x00007fd148e4f060:   0000000000000147 00007fd1240c9320
0x00007fd148e4f070:   0000000000000001 0000001000000008
0x00007fd148e4f080:   0000000000000000 0438078000000000
0x00007fd148e4f090:   0000000000000000 0000000000000000
0x00007fd148e4f0a0:   0000000000000780 0000000000000438
0x00007fd148e4f0b0:   00007fd148e4f1c0 00007fd14acb8438
0x00007fd148e4f0c0:   0438078000000000 00007fd124191950
0x00007fd148e4f0d0:   0000000000000000 0000000000000000
0x00007fd148e4f0e0:   0018078000000000 00007fd198705800
0x00007fd148e4f0f0:   04380f0000000000 00007fd148e4f150
0x00007fd148e4f100:   00007fd19859aa70 078000000000aa70
0x00007fd148e4f110:   00007fd148e40438 00007fd148e4f278
0x00007fd148e4f120:   00007fd148e4f274 00007fd148e4f250
0x00007fd148e4f130:   00007fd148e4f1c0 00007fd14acb9252
0x00007fd148e4f140:   00007fd148e4f274 00007fd148e4f278
0x00007fd148e4f150:   0000000000000000 00007fd148e4f1d0
0x00007fd148e4f160:   00007fd100000005 0000000000ff0000
0x00007fd148e4f170:   000000000000ff00 00000000000000ff
0x00007fd148e4f180:   0000010000000008 0000000100000018
0x00007fd148e4f190:   00007fd1a0defaf0 00007fd19859aa70 

Instructions: (pc=0x00007fd14acb81d8)
0x00007fd14acb81b8:   00 8b 95 60 ff ff ff 31 db 44 01 ea 89 55 a8 66
0x00007fd14acb81c8:   0f 1f 84 00 00 00 00 00 89 de 44 89 ea 4c 89 e7
0x00007fd14acb81d8:   41 ff 54 24 68 48 8b 95 50 ff ff ff 48 98 8b 4d
0x00007fd14acb81e8:   cc 4c 8b 45 b8 8b 75 c8 48 8b 7a 08 48 89 c2 48 

Register to memory mapping:

RAX=0x0000000000000420 is an unknown value
RBX=0x0000000000000000 is an unknown value
RCX=0x0000000000000000 is an unknown value
RDX=0x0000000000000000 is an unknown value
RSP=0x00007fd148e4efa0 is pointing into the stack for thread: 0x00007fd198705800
RBP=0x00007fd148e4f0b0 is pointing into the stack for thread: 0x00007fd198705800
RSI=0x0000000000000000 is an unknown value
RDI=0x0000000000000000 is an unknown value
R8 =0x00007fd1240c5c10 is an unknown value
R9 =0x0000000000000000 is an unknown value
R10=0x0000000000000006 is an unknown value
R11=0x00007fd1892b2180 is at entry_point+32 in (nmethod*)0x00007fd1892b2010
R12=0x0000000000000000 is an unknown value
R13=0x0000000000000000 is an unknown value
R14=0x00007fd1240c9090 is an unknown value
R15=0x000000000000073f is an unknown value


Stack: [0x00007fd148d50000,0x00007fd148e51000],  sp=0x00007fd148e4efa0,  free space=1019k
Native frames: (J=compiled Java code, j=interpreted, Vv=VM code, C=native code)
C  [libawt_xawt.so+0x421d8]  ReadRegionsInList+0x3b8
C  [libawt_xawt.so+0x42438]  ReadAreaToImage+0xa8
C  [libawt_xawt.so+0x3a79c]  Java_sun_awt_X11_XRobotPeer_getRGBPixelsImpl+0x17c
j  sun.awt.X11.XRobotPeer.getRGBPixelsImpl(Lsun/awt/X11GraphicsConfig;IIII[I)V+0
j  sun.awt.X11.XRobotPeer.getRGBPixels(Ljava/awt/Rectangle;)[I+33
j  java.awt.Robot.createScreenCapture(Ljava/awt/Rectangle;)Ljava/awt/image/BufferedImage;+50
j  org.monte.screenrecorder.ScreenRecorder$ScreenGrabber.grabScreen()V+18
j  org.monte.screenrecorder.ScreenRecorder$ScreenGrabber.run()V+1
j  java.util.concurrent.Executors$RunnableAdapter.call()Ljava/lang/Object;+4
j  java.util.concurrent.FutureTask.runAndReset()Z+47
J 2908 C1 java.util.concurrent.ScheduledThreadPoolExecutor$ScheduledFutureTask.run()V (59 bytes) @ 0x00007fd1892d574c [0x00007fd1892d5220+0x52c]
j  java.util.concurrent.ThreadPoolExecutor.runWorker(Ljava/util/concurrent/ThreadPoolExecutor$Worker;)V+95
j  java.util.concurrent.ThreadPoolExecutor$Worker.run()V+5
j  java.lang.Thread.run()V+11
v  ~StubRoutines::call_stub
V  [libjvm.so+0x695ae6]  JavaCalls::call_helper(JavaValue*, methodHandle*, JavaCallArguments*, Thread*)+0x1056
V  [libjvm.so+0x695ff1]  JavaCalls::call_virtual(JavaValue*, KlassHandle, Symbol*, Symbol*, JavaCallArguments*, Thread*)+0x321
V  [libjvm.so+0x696497]  JavaCalls::call_virtual(JavaValue*, Handle, KlassHandle, Symbol*, Symbol*, Thread*)+0x47
V  [libjvm.so+0x731cb0]  thread_entry(JavaThread*, Thread*)+0xa0
V  [libjvm.so+0xa7eaa3]  JavaThread::thread_main_inner()+0x103
V  [libjvm.so+0xa7ebec]  JavaThread::run()+0x11c
V  [libjvm.so+0x92da28]  java_start(Thread*)+0x108
C  [libpthread.so.0+0x76ba]  start_thread+0xca

Java frames: (J=compiled Java code, j=interpreted, Vv=VM code)
j  sun.awt.X11.XRobotPeer.getRGBPixelsImpl(Lsun/awt/X11GraphicsConfig;IIII[I)V+0
j  sun.awt.X11.XRobotPeer.getRGBPixels(Ljava/awt/Rectangle;)[I+33
j  java.awt.Robot.createScreenCapture(Ljava/awt/Rectangle;)Ljava/awt/image/BufferedImage;+50
j  org.monte.screenrecorder.ScreenRecorder$ScreenGrabber.grabScreen()V+18
j  org.monte.screenrecorder.ScreenRecorder$ScreenGrabber.run()V+1
j  java.util.concurrent.Executors$RunnableAdapter.call()Ljava/lang/Object;+4
j  java.util.concurrent.FutureTask.runAndReset()Z+47
J 2908 C1 java.util.concurrent.ScheduledThreadPoolExecutor$ScheduledFutureTask.run()V (59 bytes) @ 0x00007fd1892d574c [0x00007fd1892d5220+0x52c]
j  java.util.concurrent.ThreadPoolExecutor.runWorker(Ljava/util/concurrent/ThreadPoolExecutor$Worker;)V+95
j  java.util.concurrent.ThreadPoolExecutor$Worker.run()V+5
j  java.lang.Thread.run()V+11
v  ~StubRoutines::call_stub

---------------  P R O C E S S  ---------------

Java Threads: ( => current thread )
  0x00007fd198868000 JavaThread "pool-2-thread-1" [_thread_blocked, id=15158, stack(0x00007fd148c4f000,0x00007fd148d50000)]
=>0x00007fd198705800 JavaThread "pool-1-thread-1" [_thread_in_native, id=15157, stack(0x00007fd148d50000,0x00007fd148e51000)]
  0x00007fd19870a800 JavaThread "Thread-3" [_thread_blocked, id=15156, stack(0x00007fd148e51000,0x00007fd148f52000)]
  0x00007fd198dee000 JavaThread "AWT-XAWT" daemon [_thread_blocked, id=15154, stack(0x00007fd149053000,0x00007fd149154000)]
  0x00007fd198b20800 JavaThread "Java2D Disposer" daemon [_thread_blocked, id=15153, stack(0x00007fd149564000,0x00007fd149665000)]
  0x00007fd14000b000 JavaThread "process reaper" daemon [_thread_blocked, id=15071, stack(0x00007fd180025000,0x00007fd18005e000)]
  0x00007fd1988c6800 JavaThread "ReaderThread" [_thread_in_native, id=15065, stack(0x00007fd1788e5000,0x00007fd1789e6000)]
  0x00007fd1984c8000 JavaThread "Service Thread" daemon [_thread_blocked, id=15060, stack(0x00007fd17beff000,0x00007fd17c000000)]
  0x00007fd1984b2800 JavaThread "C1 CompilerThread2" daemon [_thread_blocked, id=15059, stack(0x00007fd18005e000,0x00007fd18015f000)]
  0x00007fd1984ba000 JavaThread "C2 CompilerThread1" daemon [_thread_blocked, id=15058, stack(0x00007fd18015f000,0x00007fd180260000)]
  0x00007fd19850e800 JavaThread "C2 CompilerThread0" daemon [_thread_blocked, id=15057, stack(0x00007fd188089000,0x00007fd18818a000)]
  0x00007fd198183800 JavaThread "Signal Dispatcher" daemon [_thread_blocked, id=15056, stack(0x00007fd1883ac000,0x00007fd1884ad000)]
  0x00007fd198150000 JavaThread "Finalizer" daemon [_thread_blocked, id=15055, stack(0x00007fd1889fa000,0x00007fd188afb000)]
  0x00007fd19814b800 JavaThread "Reference Handler" daemon [_thread_blocked, id=15054, stack(0x00007fd188afb000,0x00007fd188bfc000)]
  0x00007fd19800f000 JavaThread "main" [_thread_blocked, id=15048, stack(0x00007fd1a1987000,0x00007fd1a1a88000)]

Other Threads:
  0x00007fd198144000 VMThread [stack: 0x00007fd188bfc000,0x00007fd188cfd000] [id=15053]
  0x00007fd198506000 WatcherThread [stack: 0x00007fd17bdfe000,0x00007fd17beff000] [id=15061]

VM state:not at safepoint (normal execution)

VM Mutex/Monitor currently owned by a thread: None

Heap:
 PSYoungGen      total 265728K, used 94882K [0x00000000d6f00000, 0x00000000ec480000, 0x0000000100000000)
  eden space 238080K, 39% used [0x00000000d6f00000,0x00000000dcba8b78,0x00000000e5780000)
  from space 27648K, 0% used [0x00000000e5780000,0x00000000e5780000,0x00000000e7280000)
  to   space 30208K, 0% used [0x00000000ea700000,0x00000000ea700000,0x00000000ec480000)
 ParOldGen       total 166912K, used 68992K [0x0000000084c00000, 0x000000008ef00000, 0x00000000d6f00000)
  object space 166912K, 41% used [0x0000000084c00000,0x0000000088f601b8,0x000000008ef00000)
 Metaspace       used 28362K, capacity 28706K, committed 28800K, reserved 1075200K
  class space    used 3326K, capacity 3433K, committed 3456K, reserved 1048576K

Card table byte_map: [0x00007fd19e137000,0x00007fd19e512000] byte_map_base: 0x00007fd19dd11000

Marking Bits: (ParMarkBitMap*) 0x00007fd1a0e53920
 Begin Bits: [0x00007fd180260000, 0x00007fd182130000)
 End Bits:   [0x00007fd182130000, 0x00007fd184000000)

Polling page: 0x00007fd1a1aa6000

CodeCache: size=245760Kb used=9508Kb max_used=9521Kb free=236251Kb
 bounds [0x00007fd189000000, 0x00007fd189960000, 0x00007fd198000000]
 total_blobs=3368 nmethods=2792 adapters=488
 compilation: enabled

Compilation events (10 events):
Event: 28,035 Thread 0x00007fd1984b2800 3222       3       java.net.URI$Parser::scan (20 bytes)
Event: 28,035 Thread 0x00007fd1984b2800 nmethod 3222 0x00007fd18994ce50 code [0x00007fd18994cfe0, 0x00007fd18994d468]
Event: 28,035 Thread 0x00007fd1984b2800 3223       3       org.apache.http.util.ByteArrayBuffer::append (129 bytes)
Event: 28,036 Thread 0x00007fd1984b2800 nmethod 3223 0x00007fd18994d710 code [0x00007fd18994d9a0, 0x00007fd18994eb98]
Event: 28,043 Thread 0x00007fd19850e800 3224       4       org.aspectj.weaver.bcel.BcelClassWeaver::indexShadowMungers (150 bytes)
Event: 28,043 Thread 0x00007fd1984b2800 3225       3       org.aspectj.weaver.bcel.BcelWorld::makeJoinPointSignatureFromMethod (71 bytes)
Event: 28,045 Thread 0x00007fd1984b2800 nmethod 3225 0x00007fd18994f350 code [0x00007fd18994f5a0, 0x00007fd189950748]
Event: 28,045 Thread 0x00007fd1984ba000 3226       4       org.aspectj.util.GenericSignatureParser::maybeEat (44 bytes)
Event: 28,047 Thread 0x00007fd1984ba000 nmethod 3226 0x00007fd189948c90 code [0x00007fd189948de0, 0x00007fd189948fd8]
Event: 28,075 Thread 0x00007fd19850e800 nmethod 3224 0x00007fd1899511d0 code [0x00007fd1899513a0, 0x00007fd189951dd8]

GC Heap History (10 events):
Event: 8,429 GC heap before
{Heap before GC invocations=9 (full 1):
 PSYoungGen      total 138240K, used 126464K [0x00000000d6f00000, 0x00000000e8500000, 0x0000000100000000)
  eden space 126464K, 100% used [0x00000000d6f00000,0x00000000dea80000,0x00000000dea80000)
  from space 11776K, 0% used [0x00000000dea80000,0x00000000dea80000,0x00000000df600000)
  to   space 15872K, 0% used [0x00000000e7580000,0x00000000e7580000,0x00000000e8500000)
 ParOldGen       total 75264K, used 23167K [0x0000000084c00000, 0x0000000089580000, 0x00000000d6f00000)
  object space 75264K, 30% used [0x0000000084c00000,0x000000008629fc58,0x0000000089580000)
 Metaspace       used 24121K, capacity 24382K, committed 24576K, reserved 1071104K
  class space    used 2892K, capacity 3001K, committed 3072K, reserved 1048576K
Event: 8,439 GC heap after
Heap after GC invocations=9 (full 1):
 PSYoungGen      total 199168K, used 8696K [0x00000000d6f00000, 0x00000000e7e00000, 0x0000000100000000)
  eden space 190464K, 0% used [0x00000000d6f00000,0x00000000d6f00000,0x00000000e2900000)
  from space 8704K, 99% used [0x00000000e7580000,0x00000000e7dfe328,0x00000000e7e00000)
  to   space 14848K, 0% used [0x00000000e6100000,0x00000000e6100000,0x00000000e6f80000)
 ParOldGen       total 75264K, used 23175K [0x0000000084c00000, 0x0000000089580000, 0x00000000d6f00000)
  object space 75264K, 30% used [0x0000000084c00000,0x00000000862a1c58,0x0000000089580000)
 Metaspace       used 24121K, capacity 24382K, committed 24576K, reserved 1071104K
  class space    used 2892K, capacity 3001K, committed 3072K, reserved 1048576K
}
Event: 17,667 GC heap before
{Heap before GC invocations=10 (full 1):
 PSYoungGen      total 199168K, used 194862K [0x00000000d6f00000, 0x00000000e7e00000, 0x0000000100000000)
  eden space 190464K, 97% used [0x00000000d6f00000,0x00000000e24cd880,0x00000000e2900000)
  from space 8704K, 99% used [0x00000000e7580000,0x00000000e7dfe328,0x00000000e7e00000)
  to   space 14848K, 0% used [0x00000000e6100000,0x00000000e6100000,0x00000000e6f80000)
 ParOldGen       total 75264K, used 23175K [0x0000000084c00000, 0x0000000089580000, 0x00000000d6f00000)
  object space 75264K, 30% used [0x0000000084c00000,0x00000000862a1c58,0x0000000089580000)
 Metaspace       used 27358K, capacity 27718K, committed 28032K, reserved 1073152K
  class space    used 3235K, capacity 3365K, committed 3456K, reserved 1048576K
Event: 17,695 GC heap after
Heap after GC invocations=10 (full 1):
 PSYoungGen      total 256000K, used 14820K [0x00000000d6f00000, 0x00000000e8a80000, 0x0000000100000000)
  eden space 241152K, 0% used [0x00000000d6f00000,0x00000000d6f00000,0x00000000e5a80000)
  from space 14848K, 99% used [0x00000000e6100000,0x00000000e6f79040,0x00000000e6f80000)
  to   space 24576K, 0% used [0x00000000e7280000,0x00000000e7280000,0x00000000e8a80000)
 ParOldGen       total 75264K, used 42428K [0x0000000084c00000, 0x0000000089580000, 0x00000000d6f00000)
  object space 75264K, 56% used [0x0000000084c00000,0x000000008756f100,0x0000000089580000)
 Metaspace       used 27358K, capacity 27718K, committed 28032K, reserved 1073152K
  class space    used 3235K, capacity 3365K, committed 3456K, reserved 1048576K
}
Event: 22,512 GC heap before
{Heap before GC invocations=11 (full 1):
 PSYoungGen      total 256000K, used 251388K [0x00000000d6f00000, 0x00000000e8a80000, 0x0000000100000000)
  eden space 241152K, 98% used [0x00000000d6f00000,0x00000000e5606100,0x00000000e5a80000)
  from space 14848K, 99% used [0x00000000e6100000,0x00000000e6f79040,0x00000000e6f80000)
  to   space 24576K, 0% used [0x00000000e7280000,0x00000000e7280000,0x00000000e8a80000)
 ParOldGen       total 75264K, used 42428K [0x0000000084c00000, 0x0000000089580000, 0x00000000d6f00000)
  object space 75264K, 56% used [0x0000000084c00000,0x000000008756f100,0x0000000089580000)
 Metaspace       used 27432K, capacity 27786K, committed 28032K, reserved 1073152K
  class space    used 3235K, capacity 3365K, committed 3456K, reserved 1048576K
Event: 22,522 GC heap after
Heap after GC invocations=11 (full 1):
 PSYoungGen      total 262656K, used 23048K [0x00000000d6f00000, 0x00000000ec680000, 0x0000000100000000)
  eden space 238080K, 0% used [0x00000000d6f00000,0x00000000d6f00000,0x00000000e5780000)
  from space 24576K, 93% used [0x00000000e7280000,0x00000000e8902050,0x00000000e8a80000)
  to   space 27648K, 0% used [0x00000000e5780000,0x00000000e5780000,0x00000000e7280000)
 ParOldGen       total 75264K, used 42436K [0x0000000084c00000, 0x0000000089580000, 0x00000000d6f00000)
  object space 75264K, 56% used [0x0000000084c00000,0x0000000087571100,0x0000000089580000)
 Metaspace       used 27432K, capacity 27786K, committed 28032K, reserved 1073152K
  class space    used 3235K, capacity 3365K, committed 3456K, reserved 1048576K
}
Event: 26,902 GC heap before
{Heap before GC invocations=12 (full 1):
 PSYoungGen      total 262656K, used 255264K [0x00000000d6f00000, 0x00000000ec680000, 0x0000000100000000)
  eden space 238080K, 97% used [0x00000000d6f00000,0x00000000e51c60e8,0x00000000e5780000)
  from space 24576K, 93% used [0x00000000e7280000,0x00000000e8902050,0x00000000e8a80000)
  to   space 27648K, 0% used [0x00000000e5780000,0x00000000e5780000,0x00000000e7280000)
 ParOldGen       total 75264K, used 42436K [0x0000000084c00000, 0x0000000089580000, 0x00000000d6f00000)
  object space 75264K, 56% used [0x0000000084c00000,0x0000000087571100,0x0000000089580000)
 Metaspace       used 27942K, capacity 28290K, committed 28544K, reserved 1075200K
  class space    used 3279K, capacity 3401K, committed 3456K, reserved 1048576K
Event: 26,944 GC heap after
Heap after GC invocations=12 (full 1):
 PSYoungGen      total 265728K, used 23650K [0x00000000d6f00000, 0x00000000ec480000, 0x0000000100000000)
  eden space 238080K, 0% used [0x00000000d6f00000,0x00000000d6f00000,0x00000000e5780000)
  from space 27648K, 85% used [0x00000000e5780000,0x00000000e6e98a88,0x00000000e7280000)
  to   space 30208K, 0% used [0x00000000ea700000,0x00000000ea700000,0x00000000ec480000)
 ParOldGen       total 91648K, used 91044K [0x0000000084c00000, 0x000000008a580000, 0x00000000d6f00000)
  object space 91648K, 99% used [0x0000000084c00000,0x000000008a4e9130,0x000000008a580000)
 Metaspace       used 27942K, capacity 28290K, committed 28544K, reserved 1075200K
  class space    used 3279K, capacity 3401K, committed 3456K, reserved 1048576K
}
Event: 26,944 GC heap before
{Heap before GC invocations=13 (full 2):
 PSYoungGen      total 265728K, used 23650K [0x00000000d6f00000, 0x00000000ec480000, 0x0000000100000000)
  eden space 238080K, 0% used [0x00000000d6f00000,0x00000000d6f00000,0x00000000e5780000)
  from space 27648K, 85% used [0x00000000e5780000,0x00000000e6e98a88,0x00000000e7280000)
  to   space 30208K, 0% used [0x00000000ea700000,0x00000000ea700000,0x00000000ec480000)
 ParOldGen       total 91648K, used 91044K [0x0000000084c00000, 0x000000008a580000, 0x00000000d6f00000)
  object space 91648K, 99% used [0x0000000084c00000,0x000000008a4e9130,0x000000008a580000)
 Metaspace       used 27942K, capacity 28290K, committed 28544K, reserved 1075200K
  class space    used 3279K, capacity 3401K, committed 3456K, reserved 1048576K
Event: 27,057 GC heap after
Heap after GC invocations=13 (full 2):
 PSYoungGen      total 265728K, used 0K [0x00000000d6f00000, 0x00000000ec480000, 0x0000000100000000)
  eden space 238080K, 0% used [0x00000000d6f00000,0x00000000d6f00000,0x00000000e5780000)
  from space 27648K, 0% used [0x00000000e5780000,0x00000000e5780000,0x00000000e7280000)
  to   space 30208K, 0% used [0x00000000ea700000,0x00000000ea700000,0x00000000ec480000)
 ParOldGen       total 166912K, used 68992K [0x0000000084c00000, 0x000000008ef00000, 0x00000000d6f00000)
  object space 166912K, 41% used [0x0000000084c00000,0x0000000088f601b8,0x000000008ef00000)
 Metaspace       used 27942K, capacity 28290K, committed 28544K, reserved 1075200K
  class space    used 3279K, capacity 3401K, committed 3456K, reserved 1048576K
}

Deoptimization events (10 events):
Event: 8,517 Thread 0x00007fd19800f000 Uncommon trap: reason=unstable_if action=reinterpret pc=0x00007fd18911a9e4 method=java.lang.ThreadLocal$ThreadLocalMap.getEntry(Ljava/lang/ThreadLocal;)Ljava/lang/ThreadLocal$ThreadLocalMap$Entry; @ 29
Event: 12,085 Thread 0x00007fd19800f000 Uncommon trap: reason=unstable_if action=reinterpret pc=0x00007fd18912f060 method=sun.nio.cs.UTF_8$Encoder.encode([CII[B)I @ 33
Event: 13,968 Thread 0x00007fd19800f000 Uncommon trap: reason=class_check action=maybe_recompile pc=0x00007fd18920e83c method=java.util.concurrent.ConcurrentHashMap.putVal(Ljava/lang/Object;Ljava/lang/Object;Z)Ljava/lang/Object; @ 192
Event: 14,719 Thread 0x00007fd198705800 Uncommon trap: reason=unstable_if action=reinterpret pc=0x00007fd18978e060 method=org.monte.media.avi.TechSmithCodecCore.encodeDelta24(Ljava/io/OutputStream;[I[IIIII)V @ 83
Event: 15,876 Thread 0x00007fd198705800 Uncommon trap: reason=unstable_if action=reinterpret pc=0x00007fd18957bd20 method=org.monte.media.avi.TechSmithCodecCore.encodeDelta24(Ljava/io/OutputStream;[I[IIIII)V @ 262
Event: 15,876 Thread 0x00007fd198705800 Uncommon trap: reason=unstable_if action=reinterpret pc=0x00007fd18934dc1c method=org.monte.media.avi.TechSmithCodecCore.encodeDelta24(Ljava/io/OutputStream;[I[IIIII)V @ 262
Event: 15,878 Thread 0x00007fd198705800 Uncommon trap: reason=unstable_if action=reinterpret pc=0x00007fd189364e88 method=org.monte.media.avi.TechSmithCodecCore.encodeDelta24(Ljava/io/OutputStream;[I[IIIII)V @ 262
Event: 26,002 Thread 0x00007fd19800f000 Uncommon trap: reason=unstable_if action=reinterpret pc=0x00007fd189271efc method=java.util.logging.Logger.isLoggable(Ljava/util/logging/Level;)Z @ 8
Event: 27,974 Thread 0x00007fd19800f000 Uncommon trap: reason=unstable_if action=reinterpret pc=0x00007fd1899315ec method=com.sun.imageio.plugins.png.PNGImageWriter.encodePass(Ljavax/imageio/stream/ImageOutputStream;Ljava/awt/image/RenderedImage;IIII)V @ 303
Event: 27,985 Thread 0x00007fd19800f000 Uncommon trap: reason=class_check action=maybe_recompile pc=0x00007fd18920e83c method=java.util.concurrent.ConcurrentHashMap.putVal(Ljava/lang/Object;Ljava/lang/Object;Z)Ljava/lang/Object; @ 192

Classes redefined (0 events):
No events

Internal exceptions (10 events):
Event: 7,328 Thread 0x00007fd19800f000 Exception <a 'java/net/ConnectException'> (0x00000000dab6ef20) thrown at [/HUDSON/workspace/8-2-build-linux-amd64/jdk8u161/10277/hotspot/src/share/vm/prims/jni.cpp, line 709]
Event: 7,429 Thread 0x00007fd19800f000 Exception <a 'java/net/ConnectException'> (0x00000000dab70698) thrown at [/HUDSON/workspace/8-2-build-linux-amd64/jdk8u161/10277/hotspot/src/share/vm/prims/jni.cpp, line 709]
Event: 7,529 Thread 0x00007fd19800f000 Exception <a 'java/net/ConnectException'> (0x00000000dab71e10) thrown at [/HUDSON/workspace/8-2-build-linux-amd64/jdk8u161/10277/hotspot/src/share/vm/prims/jni.cpp, line 709]
Event: 8,140 Thread 0x00007fd19800f000 Exception <a 'java/lang/ArrayIndexOutOfBoundsException'> (0x00000000dcf57ce0) thrown at [/HUDSON/workspace/8-2-build-linux-amd64/jdk8u161/10277/hotspot/src/share/vm/runtime/sharedRuntime.cpp, line 605]
Event: 8,140 Thread 0x00007fd19800f000 Exception <a 'java/lang/ArrayIndexOutOfBoundsException'> (0x00000000dcf59650) thrown at [/HUDSON/workspace/8-2-build-linux-amd64/jdk8u161/10277/hotspot/src/share/vm/runtime/sharedRuntime.cpp, line 605]
Event: 8,440 Thread 0x00007fd19800f000 Implicit null exception at 0x00007fd18955c0b8 to 0x00007fd18955d6e5
Event: 13,615 Thread 0x00007fd19800f000 Exception <a 'java/io/FileNotFoundException'> (0x00000000d73f4f40) thrown at [/HUDSON/workspace/8-2-build-linux-amd64/jdk8u161/10277/hotspot/src/share/vm/prims/jni.cpp, line 709]
Event: 13,616 Thread 0x00007fd19800f000 Exception <a 'java/io/FileNotFoundException'> (0x00000000d73f5bd0) thrown at [/HUDSON/workspace/8-2-build-linux-amd64/jdk8u161/10277/hotspot/src/share/vm/prims/jni.cpp, line 709]
Event: 26,009 Thread 0x00007fd19800f000 Exception <a 'java/lang/reflect/InvocationTargetException'> (0x00000000e25a6c70) thrown at [/HUDSON/workspace/8-2-build-linux-amd64/jdk8u161/10277/hotspot/src/share/vm/runtime/reflection.cpp, line 1092]
Event: 26,528 Thread 0x00007fd19800f000 Exception <a 'sun/nio/fs/UnixException'> (0x00000000e4090a38) thrown at [/HUDSON/workspace/8-2-build-linux-amd64/jdk8u161/10277/hotspot/src/share/vm/prims/jni.cpp, line 709]

Events (10 events):
Event: 28,092 Executing VM operation: RevokeBias done
Event: 28,092 Executing VM operation: RevokeBias
Event: 28,092 Executing VM operation: RevokeBias done
Event: 28,093 loading class java/lang/ProcessBuilder$NullOutputStream
Event: 28,093 loading class java/lang/ProcessBuilder$NullOutputStream done
Event: 28,096 Executing VM operation: RevokeBias
Event: 28,096 Executing VM operation: RevokeBias done
Event: 28,097 Thread 0x00007fd198f19800 Thread exited: 0x00007fd198f19800
Event: 28,102 loading class sun/awt/X11/XErrorEvent
Event: 28,103 loading class sun/awt/X11/XErrorEvent done


Dynamic libraries:
00400000-00401000 r-xp 00000000 08:01 3411076                            /usr/lib/jvm/java-8-oracle/bin/java
00600000-00601000 rw-p 00000000 08:01 3411076                            /usr/lib/jvm/java-8-oracle/bin/java
00e9f000-00ec0000 rw-p 00000000 00:00 0                                  [heap]
84c00000-8ef00000 rw-p 00000000 00:00 0 
8ef00000-d6f00000 ---p 00000000 00:00 0 
d6f00000-ec480000 rw-p 00000000 00:00 0 
ec480000-100000000 ---p 00000000 00:00 0 
100000000-100360000 rw-p 00000000 00:00 0 
100360000-140000000 ---p 00000000 00:00 0 
7fd118000000-7fd118027000 rw-p 00000000 00:00 0 
7fd118027000-7fd11c000000 ---p 00000000 00:00 0 
7fd120000000-7fd120024000 rw-p 00000000 00:00 0 
7fd120024000-7fd124000000 ---p 00000000 00:00 0 
7fd124000000-7fd125c28000 rw-p 00000000 00:00 0 
7fd125c28000-7fd128000000 ---p 00000000 00:00 0 
7fd128000000-7fd128028000 rw-p 00000000 00:00 0 
7fd128028000-7fd12c000000 ---p 00000000 00:00 0 
7fd12c000000-7fd12c038000 rw-p 00000000 00:00 0 
7fd12c038000-7fd130000000 ---p 00000000 00:00 0 
7fd130000000-7fd130021000 rw-p 00000000 00:00 0 
7fd130021000-7fd134000000 ---p 00000000 00:00 0 
7fd134000000-7fd134021000 rw-p 00000000 00:00 0 
7fd134021000-7fd138000000 ---p 00000000 00:00 0 
7fd138000000-7fd138021000 rw-p 00000000 00:00 0 
7fd138021000-7fd13c000000 ---p 00000000 00:00 0 
7fd13c000000-7fd13c021000 rw-p 00000000 00:00 0 
7fd13c021000-7fd140000000 ---p 00000000 00:00 0 
7fd140000000-7fd140021000 rw-p 00000000 00:00 0 
7fd140021000-7fd144000000 ---p 00000000 00:00 0 
7fd144000000-7fd144021000 rw-p 00000000 00:00 0 
7fd144021000-7fd148000000 ---p 00000000 00:00 0 
7fd148846000-7fd148906000 rw-p 00000000 00:00 0 
7fd148906000-7fd148a46000 ---p 00000000 00:00 0 
7fd148a46000-7fd148a4f000 r-xp 00000000 08:01 4204417                    /usr/lib/jvm/java-8-oracle/jre/lib/amd64/libmanagement.so
7fd148a4f000-7fd148c4e000 ---p 00009000 08:01 4204417                    /usr/lib/jvm/java-8-oracle/jre/lib/amd64/libmanagement.so
7fd148c4e000-7fd148c4f000 rw-p 00008000 08:01 4204417                    /usr/lib/jvm/java-8-oracle/jre/lib/amd64/libmanagement.so
7fd148c4f000-7fd148c52000 ---p 00000000 00:00 0 
7fd148c52000-7fd148d50000 rw-p 00000000 00:00 0 
7fd148d50000-7fd148d53000 ---p 00000000 00:00 0 
7fd148d53000-7fd148e51000 rw-p 00000000 00:00 0 
7fd148e51000-7fd148e54000 ---p 00000000 00:00 0 
7fd148e54000-7fd148f52000 rw-p 00000000 00:00 0 
7fd148f52000-7fd148f55000 ---p 00000000 00:00 0 
7fd148f55000-7fd149053000 rw-p 00000000 00:00 0 
7fd149053000-7fd149056000 ---p 00000000 00:00 0 
7fd149056000-7fd149154000 rw-p 00000000 00:00 0 
7fd149154000-7fd149159000 r-xp 00000000 08:01 2366523                    /usr/lib/x86_64-linux-gnu/libXfixes.so.3.1.0
7fd149159000-7fd149358000 ---p 00005000 08:01 2366523                    /usr/lib/x86_64-linux-gnu/libXfixes.so.3.1.0
7fd149358000-7fd149359000 r--p 00004000 08:01 2366523                    /usr/lib/x86_64-linux-gnu/libXfixes.so.3.1.0
7fd149359000-7fd14935a000 rw-p 00005000 08:01 2366523                    /usr/lib/x86_64-linux-gnu/libXfixes.so.3.1.0
7fd14935a000-7fd149363000 r-xp 00000000 08:01 2365340                    /usr/lib/x86_64-linux-gnu/libXcursor.so.1.0.2
7fd149363000-7fd149562000 ---p 00009000 08:01 2365340                    /usr/lib/x86_64-linux-gnu/libXcursor.so.1.0.2
7fd149562000-7fd149563000 r--p 00008000 08:01 2365340                    /usr/lib/x86_64-linux-gnu/libXcursor.so.1.0.2
7fd149563000-7fd149564000 rw-p 00009000 08:01 2365340                    /usr/lib/x86_64-linux-gnu/libXcursor.so.1.0.2
7fd149564000-7fd149567000 ---p 00000000 00:00 0 
7fd149567000-7fd149865000 rw-p 00000000 00:00 0 
7fd149865000-7fd1498ca000 r-xp 00000000 08:01 4204386                    /usr/lib/jvm/java-8-oracle/jre/lib/amd64/libfontmanager.so
7fd1498ca000-7fd149ac9000 ---p 00065000 08:01 4204386                    /usr/lib/jvm/java-8-oracle/jre/lib/amd64/libfontmanager.so
7fd149ac9000-7fd149ace000 rw-p 00064000 08:01 4204386                    /usr/lib/jvm/java-8-oracle/jre/lib/amd64/libfontmanager.so
7fd149ace000-7fd149ade000 rw-p 00000000 00:00 0 
7fd149ade000-7fd149ae3000 r-xp 00000000 08:01 2366519                    /usr/lib/x86_64-linux-gnu/libXdmcp.so.6.0.0
7fd149ae3000-7fd149ce2000 ---p 00005000 08:01 2366519                    /usr/lib/x86_64-linux-gnu/libXdmcp.so.6.0.0
7fd149ce2000-7fd149ce3000 r--p 00004000 08:01 2366519                    /usr/lib/x86_64-linux-gnu/libXdmcp.so.6.0.0
7fd149ce3000-7fd149ce4000 rw-p 00005000 08:01 2366519                    /usr/lib/x86_64-linux-gnu/libXdmcp.so.6.0.0
7fd149ce4000-7fd149ce6000 r-xp 00000000 08:01 2366508                    /usr/lib/x86_64-linux-gnu/libXau.so.6.0.0
7fd149ce6000-7fd149ee6000 ---p 00002000 08:01 2366508                    /usr/lib/x86_64-linux-gnu/libXau.so.6.0.0
7fd149ee6000-7fd149ee7000 r--p 00002000 08:01 2366508                    /usr/lib/x86_64-linux-gnu/libXau.so.6.0.0
7fd149ee7000-7fd149ee8000 rw-p 00003000 08:01 2366508                    /usr/lib/x86_64-linux-gnu/libXau.so.6.0.0
7fd149ee8000-7fd149f09000 r-xp 00000000 08:01 2367926                    /usr/lib/x86_64-linux-gnu/libxcb.so.1.1.0
7fd149f09000-7fd14a108000 ---p 00021000 08:01 2367926                    /usr/lib/x86_64-linux-gnu/libxcb.so.1.1.0
7fd14a108000-7fd14a109000 r--p 00020000 08:01 2367926                    /usr/lib/x86_64-linux-gnu/libxcb.so.1.1.0
7fd14a109000-7fd14a10a000 rw-p 00021000 08:01 2367926                    /usr/lib/x86_64-linux-gnu/libxcb.so.1.1.0
7fd14a10a000-7fd14a119000 r-xp 00000000 08:01 2366531                    /usr/lib/x86_64-linux-gnu/libXi.so.6.1.0
7fd14a119000-7fd14a318000 ---p 0000f000 08:01 2366531                    /usr/lib/x86_64-linux-gnu/libXi.so.6.1.0
7fd14a318000-7fd14a319000 r--p 0000e000 08:01 2366531                    /usr/lib/x86_64-linux-gnu/libXi.so.6.1.0
7fd14a319000-7fd14a31a000 rw-p 0000f000 08:01 2366531                    /usr/lib/x86_64-linux-gnu/libXi.so.6.1.0
7fd14a31a000-7fd14a31f000 r-xp 00000000 08:01 2366549                    /usr/lib/x86_64-linux-gnu/libXtst.so.6.1.0
7fd14a31f000-7fd14a51e000 ---p 00005000 08:01 2366549                    /usr/lib/x86_64-linux-gnu/libXtst.so.6.1.0
7fd14a51e000-7fd14a51f000 r--p 00004000 08:01 2366549                    /usr/lib/x86_64-linux-gnu/libXtst.so.6.1.0
7fd14a51f000-7fd14a520000 rw-p 00005000 08:01 2366549                    /usr/lib/x86_64-linux-gnu/libXtst.so.6.1.0
7fd14a520000-7fd14a529000 r-xp 00000000 08:01 2366543                    /usr/lib/x86_64-linux-gnu/libXrender.so.1.3.0
7fd14a529000-7fd14a728000 ---p 00009000 08:01 2366543                    /usr/lib/x86_64-linux-gnu/libXrender.so.1.3.0
7fd14a728000-7fd14a729000 r--p 00008000 08:01 2366543                    /usr/lib/x86_64-linux-gnu/libXrender.so.1.3.0
7fd14a729000-7fd14a72a000 rw-p 00009000 08:01 2366543                    /usr/lib/x86_64-linux-gnu/libXrender.so.1.3.0
7fd14a72a000-7fd14a85f000 r-xp 00000000 08:01 2366504                    /usr/lib/x86_64-linux-gnu/libX11.so.6.3.0
7fd14a85f000-7fd14aa5f000 ---p 00135000 08:01 2366504                    /usr/lib/x86_64-linux-gnu/libX11.so.6.3.0
7fd14aa5f000-7fd14aa60000 r--p 00135000 08:01 2366504                    /usr/lib/x86_64-linux-gnu/libX11.so.6.3.0
7fd14aa60000-7fd14aa64000 rw-p 00136000 08:01 2366504                    /usr/lib/x86_64-linux-gnu/libX11.so.6.3.0
7fd14aa64000-7fd14aa75000 r-xp 00000000 08:01 2366521                    /usr/lib/x86_64-linux-gnu/libXext.so.6.4.0
7fd14aa75000-7fd14ac74000 ---p 00011000 08:01 2366521                    /usr/lib/x86_64-linux-gnu/libXext.so.6.4.0
7fd14ac74000-7fd14ac75000 r--p 00010000 08:01 2366521                    /usr/lib/x86_64-linux-gnu/libXext.so.6.4.0
7fd14ac75000-7fd14ac76000 rw-p 00011000 08:01 2366521                    /usr/lib/x86_64-linux-gnu/libXext.so.6.4.0
7fd14ac76000-7fd14acca000 r-xp 00000000 08:01 4204416                    /usr/lib/jvm/java-8-oracle/jre/lib/amd64/libawt_xawt.so
7fd14acca000-7fd14aeca000 ---p 00054000 08:01 4204416                    /usr/lib/jvm/java-8-oracle/jre/lib/amd64/libawt_xawt.so
7fd14aeca000-7fd14aece000 rw-p 00054000 08:01 4204416                    /usr/lib/jvm/java-8-oracle/jre/lib/amd64/libawt_xawt.so
7fd14aece000-7fd14aecf000 rw-p 00000000 00:00 0 
7fd14aecf000-7fd14af71000 r-xp 00000000 08:01 4204402                    /usr/lib/jvm/java-8-oracle/jre/lib/amd64/libawt.so
7fd14af71000-7fd14b171000 ---p 000a2000 08:01 4204402                    /usr/lib/jvm/java-8-oracle/jre/lib/amd64/libawt.so
7fd14b171000-7fd14b17d000 rw-p 000a2000 08:01 4204402                    /usr/lib/jvm/java-8-oracle/jre/lib/amd64/libawt.so
7fd14b17d000-7fd14b3a1000 rw-p 00000000 00:00 0 
7fd14b3a1000-7fd14b3a4000 ---p 00000000 00:00 0 
7fd14b3a4000-7fd14b4a2000 rw-p 00000000 00:00 0 
7fd14b4a2000-7fd14b4a5000 ---p 00000000 00:00 0 
7fd14b4a5000-7fd14b7a3000 rw-p 00000000 00:00 0 
7fd14b7a3000-7fd14b7b9000 r-xp 00000000 08:01 2101753                    /lib/x86_64-linux-gnu/libgcc_s.so.1
7fd14b7b9000-7fd14b9b8000 ---p 00016000 08:01 2101753                    /lib/x86_64-linux-gnu/libgcc_s.so.1
7fd14b9b8000-7fd14b9b9000 rw-p 00015000 08:01 2101753                    /lib/x86_64-linux-gnu/libgcc_s.so.1
7fd14b9b9000-7fd14b9eb000 r-xp 00000000 08:01 4203929                    /usr/lib/jvm/java-8-oracle/jre/lib/amd64/libsunec.so
7fd14b9eb000-7fd14bbea000 ---p 00032000 08:01 4203929                    /usr/lib/jvm/java-8-oracle/jre/lib/amd64/libsunec.so
7fd14bbea000-7fd14bbf0000 rw-p 00031000 08:01 4203929                    /usr/lib/jvm/java-8-oracle/jre/lib/amd64/libsunec.so
7fd14bbf0000-7fd14be00000 rw-p 00000000 00:00 0 
7fd14be00000-7fd14c000000 rw-p 00000000 00:00 0 
7fd14c000000-7fd14c021000 rw-p 00000000 00:00 0 
7fd14c021000-7fd150000000 ---p 00000000 00:00 0 
7fd150000000-7fd150021000 rw-p 00000000 00:00 0 
7fd150021000-7fd154000000 ---p 00000000 00:00 0 
7fd154000000-7fd15556e000 rw-p 00000000 00:00 0 
7fd15556e000-7fd158000000 ---p 00000000 00:00 0 
7fd158000000-7fd158fe3000 rw-p 00000000 00:00 0 
7fd158fe3000-7fd15c000000 ---p 00000000 00:00 0 
7fd15c000000-7fd15c021000 rw-p 00000000 00:00 0 
7fd15c021000-7fd160000000 ---p 00000000 00:00 0 
7fd160000000-7fd161428000 rw-p 00000000 00:00 0 
7fd161428000-7fd164000000 ---p 00000000 00:00 0 
7fd164000000-7fd164021000 rw-p 00000000 00:00 0 
7fd164021000-7fd168000000 ---p 00000000 00:00 0 
7fd168000000-7fd168021000 rw-p 00000000 00:00 0 
7fd168021000-7fd16c000000 ---p 00000000 00:00 0 
7fd16c000000-7fd16c021000 rw-p 00000000 00:00 0 
7fd16c021000-7fd170000000 ---p 00000000 00:00 0 
7fd170000000-7fd17004b000 rw-p 00000000 00:00 0 
7fd17004b000-7fd174000000 ---p 00000000 00:00 0 
7fd174000000-7fd174021000 rw-p 00000000 00:00 0 
7fd174021000-7fd178000000 ---p 00000000 00:00 0 
7fd1780d6000-7fd1782d6000 rw-p 00000000 00:00 0 
7fd1782d6000-7fd1782e7000 r-xp 00000000 08:01 4204412                    /usr/lib/jvm/java-8-oracle/jre/lib/amd64/libnio.so
7fd1782e7000-7fd1784e6000 ---p 00011000 08:01 4204412                    /usr/lib/jvm/java-8-oracle/jre/lib/amd64/libnio.so
7fd1784e6000-7fd1784e7000 rw-p 00010000 08:01 4204412                    /usr/lib/jvm/java-8-oracle/jre/lib/amd64/libnio.so
7fd1784e7000-7fd1786e7000 rw-p 00000000 00:00 0 
7fd1787e4000-7fd1787e7000 ---p 00000000 00:00 0 
7fd1787e7000-7fd1788e5000 rw-p 00000000 00:00 0 
7fd1788e5000-7fd1788e8000 ---p 00000000 00:00 0 
7fd1788e8000-7fd17b9e7000 rw-p 00000000 00:00 0 
7fd17b9e7000-7fd17b9fd000 r-xp 00000000 08:01 4204409                    /usr/lib/jvm/java-8-oracle/jre/lib/amd64/libnet.so
7fd17b9fd000-7fd17bbfd000 ---p 00016000 08:01 4204409                    /usr/lib/jvm/java-8-oracle/jre/lib/amd64/libnet.so
7fd17bbfd000-7fd17bbfe000 rw-p 00016000 08:01 4204409                    /usr/lib/jvm/java-8-oracle/jre/lib/amd64/libnet.so
7fd17bbfe000-7fd17bdfe000 rw-p 00000000 00:00 0 
7fd17bdfe000-7fd17bdff000 ---p 00000000 00:00 0 
7fd17bdff000-7fd17beff000 rw-p 00000000 00:00 0 
7fd17beff000-7fd17bf02000 ---p 00000000 00:00 0 
7fd17bf02000-7fd17c000000 rw-p 00000000 00:00 0 
7fd17c000000-7fd17c021000 rw-p 00000000 00:00 0 
7fd17c021000-7fd180000000 ---p 00000000 00:00 0 
7fd180025000-7fd180028000 ---p 00000000 00:00 0 
7fd180028000-7fd18005e000 rw-p 00000000 00:00 0 
7fd18005e000-7fd180061000 ---p 00000000 00:00 0 
7fd180061000-7fd18015f000 rw-p 00000000 00:00 0 
7fd18015f000-7fd180162000 ---p 00000000 00:00 0 
7fd180162000-7fd184000000 rw-p 00000000 00:00 0 
7fd184000000-7fd184023000 rw-p 00000000 00:00 0 
7fd184023000-7fd188000000 ---p 00000000 00:00 0 
7fd188029000-7fd188030000 r--s 00000000 08:01 2755676                    /usr/lib/x86_64-linux-gnu/gconv/gconv-modules.cache
7fd188030000-7fd188055000 r--p 00000000 08:01 4197044                    /usr/share/locale-langpack/es/LC_MESSAGES/libc.mo
7fd188055000-7fd188057000 r--s 00009000 08:01 3949348                    /usr/lib/jvm/java-8-oracle/jre/lib/ext/sunec.jar
7fd188057000-7fd18805b000 r--s 0003a000 08:01 3949355                    /usr/lib/jvm/java-8-oracle/jre/lib/ext/sunpkcs11.jar
7fd18805b000-7fd18805e000 r--s 0001a000 08:01 3553996                    /usr/lib/jvm/java-8-oracle/jre/lib/jce.jar
7fd18805e000-7fd188068000 r--s 00116000 08:01 3949357                    /usr/lib/jvm/java-8-oracle/jre/lib/ext/localedata.jar
7fd188068000-7fd188084000 r--s 00393000 08:01 3949350                    /usr/lib/jvm/java-8-oracle/jre/lib/ext/cldrdata.jar
7fd188084000-7fd188089000 r--s 0009d000 08:01 3553990                    /usr/lib/jvm/java-8-oracle/jre/lib/jsse.jar
7fd188089000-7fd18808c000 ---p 00000000 00:00 0 
7fd18808c000-7fd18818a000 rw-p 00000000 00:00 0 
7fd18818a000-7fd1881a3000 r--s 001af000 08:01 10882111                   /home/acosanchez/.m2/repository/org/aspectj/aspectjweaver/1.8.9/aspectjweaver-1.8.9.jar
7fd1881a3000-7fd1881ac000 r--s 0006f000 08:01 9309062                    /home/acosanchez/.m2/repository/log4j/log4j/1.2.17/log4j-1.2.17.jar
7fd1881ac000-7fd1881b1000 r--s 00046000 08:01 10881747                   /home/acosanchez/.m2/repository/org/apache/commons/commons-lang3/3.0/commons-lang3-3.0.jar
7fd1881b1000-7fd1881b2000 r--s 00001000 08:01 10881745                   /home/acosanchez/.m2/repository/org/jdom/jaxen-jdom/1.0-FCS/jaxen-jdom-1.0-FCS.jar
7fd1881b2000-7fd1881b3000 r--s 00005000 08:01 10881743                   /home/acosanchez/.m2/repository/saxpath/saxpath/1.0-FCS/saxpath-1.0-FCS.jar
7fd1881b3000-7fd1881b9000 r--s 00033000 08:01 10881741                   /home/acosanchez/.m2/repository/jaxen/jaxen/1.1.6/jaxen-1.1.6.jar
7fd1881b9000-7fd1881bc000 r--s 00023000 08:01 10356340                   /home/acosanchez/.m2/repository/org/jdom/jdom/1.1/jdom-1.1.jar
7fd1881bc000-7fd1881d4000 r--s 001b9000 08:01 10881739                   /home/acosanchez/.m2/repository/javax/media/jmf/2.1.1e/jmf-2.1.1e.jar
7fd1881d4000-7fd1881d7000 r--s 0003d000 08:01 10881754                   /home/acosanchez/.m2/repository/javax/media/jai/com.springsource.javax.media.jai.codec/1.1.3/com.springsource.javax.media.jai.codec-1.1.3.jar
7fd1881d7000-7fd1881eb000 r--s 001c0000 08:01 10881246                   /home/acosanchez/.m2/repository/javax/media/jai/com.springsource.javax.media.jai.core/1.1.3/com.springsource.javax.media.jai.core-1.1.3.jar
7fd1881eb000-7fd1881f6000 r--s 000c7000 08:01 10881737                   /home/acosanchez/.m2/repository/com/pojosontheweb/monte-repack/1.0.1/monte-repack-1.0.1.jar
7fd1881f6000-7fd1881fb000 r--s 0005d000 08:01 10881735                   /home/acosanchez/.m2/repository/org/seleniumhq/selenium/selenium-leg-rc/2.53.1/selenium-leg-rc-2.53.1.jar
7fd1881fb000-7fd188200000 r--s 00025000 08:01 10881733                   /home/acosanchez/.m2/repository/org/seleniumhq/selenium/selenium-support/2.53.1/selenium-support-2.53.1.jar
7fd188200000-7fd188216000 r--s 000f9000 08:01 10881731                   /home/acosanchez/.m2/repository/io/netty/netty/3.5.7.Final/netty-3.5.7.Final.jar
7fd188216000-7fd188218000 r--s 00014000 08:01 10881729                   /home/acosanchez/.m2/repository/org/seleniumhq/selenium/selenium-safari-driver/2.53.1/selenium-safari-driver-2.53.1.jar
7fd188218000-7fd188229000 r--s 00155000 08:01 10881727                   /home/acosanchez/.m2/repository/net/java/dev/jna/jna-platform/4.1.0/jna-platform-4.1.0.jar
7fd188229000-7fd18822d000 r--s 000dc000 08:01 10881725                   /home/acosanchez/.m2/repository/net/java/dev/jna/jna/4.1.0/jna-4.1.0.jar
7fd18822d000-7fd18822e000 r--s 00002000 08:01 10881723                   /home/acosanchez/.m2/repository/org/seleniumhq/selenium/selenium-ie-driver/2.53.1/selenium-ie-driver-2.53.1.jar
7fd18822e000-7fd188230000 r--s 000c7000 08:01 10881721                   /home/acosanchez/.m2/repository/org/seleniumhq/selenium/selenium-firefox-driver/2.53.1/selenium-firefox-driver-2.53.1.jar
7fd188230000-7fd18823d000 r--s 00083000 08:01 10487923                   /home/acosanchez/.m2/repository/commons-collections/commons-collections/3.2.2/commons-collections-3.2.2.jar
7fd18823d000-7fd18823f000 r--s 00009000 08:01 10881719                   /home/acosanchez/.m2/repository/org/eclipse/jetty/websocket/websocket-api/9.2.15.v20160210/websocket-api-9.2.15.v20160210.jar
7fd18823f000-7fd188244000 r--s 00028000 08:01 10881717                   /home/acosanchez/.m2/repository/org/eclipse/jetty/websocket/websocket-common/9.2.15.v20160210/websocket-common-9.2.15.v20160210.jar
7fd188244000-7fd188247000 r--s 00018000 08:01 10881715                   /home/acosanchez/.m2/repository/org/eclipse/jetty/jetty-io/9.2.15.v20160210/jetty-io-9.2.15.v20160210.jar
7fd188247000-7fd18824d000 r--s 00054000 08:01 10881713                   /home/acosanchez/.m2/repository/org/eclipse/jetty/jetty-util/9.2.15.v20160210/jetty-util-9.2.15.v20160210.jar
7fd18824d000-7fd18824e000 r--s 00008000 08:01 10881711                   /home/acosanchez/.m2/repository/org/eclipse/jetty/websocket/websocket-client/9.2.15.v20160210/websocket-client-9.2.15.v20160210.jar
7fd18824e000-7fd188250000 r--s 0000e000 08:01 10356287                   /home/acosanchez/.m2/repository/commons-logging/commons-logging/1.2/commons-logging-1.2.jar
7fd188250000-7fd188254000 r--s 00058000 08:01 10881709                   /home/acosanchez/.m2/repository/net/sourceforge/cssparser/cssparser/0.9.18/cssparser-0.9.18.jar
7fd188254000-7fd18825d000 r--s 0002d000 08:01 10749855                   /home/acosanchez/.m2/repository/xml-apis/xml-apis/1.4.01/xml-apis-1.4.01.jar
7fd18825d000-7fd188276000 r--s 00135000 08:01 10749853                   /home/acosanchez/.m2/repository/xerces/xercesImpl/2.11.0/xercesImpl-2.11.0.jar
7fd188276000-7fd188279000 r--s 0001c000 08:01 10881707                   /home/acosanchez/.m2/repository/net/sourceforge/htmlunit/neko-htmlunit/2.21/neko-htmlunit-2.21.jar
7fd188279000-7fd188287000 r--s 000fc000 08:01 10881705                   /home/acosanchez/.m2/repository/net/sourceforge/htmlunit/htmlunit-core-js/2.17/htmlunit-core-js-2.17.jar
7fd188287000-7fd18828e000 r--s 0003f000 08:01 10487916                   /home/acosanchez/.m2/repository/commons-codec/commons-codec/1.10/commons-codec-1.10.jar
7fd18828e000-7fd188290000 r--s 00009000 08:01 10881703                   /home/acosanchez/.m2/repository/org/apache/httpcomponents/httpmime/4.5.2/httpmime-4.5.2.jar
7fd188290000-7fd188294000 r--s 00040000 08:01 10749849                   /home/acosanchez/.m2/repository/xalan/serializer/2.7.2/serializer-2.7.2.jar
7fd188294000-7fd1882b9000 r--s 002de000 08:01 10749851                   /home/acosanchez/.m2/repository/xalan/xalan/2.7.2/xalan-2.7.2.jar
7fd1882b9000-7fd1882df000 r--s 001a1000 08:01 10881701                   /home/acosanchez/.m2/repository/net/sourceforge/htmlunit/htmlunit/2.21/htmlunit-2.21.jar
7fd1882df000-7fd1882e1000 r--s 0000e000 08:01 10881699                   /home/acosanchez/.m2/repository/org/seleniumhq/selenium/htmlunit-driver/2.21/htmlunit-driver-2.21.jar
7fd1882e1000-7fd1882e3000 r--s 0000c000 08:01 9044688                    /home/acosanchez/.m2/repository/org/apache/commons/commons-exec/1.3/commons-exec-1.3.jar
7fd1882e3000-7fd18830f000 r--s 00208000 08:01 10881695                   /home/acosanchez/.m2/repository/com/google/guava/guava/19.0/guava-19.0.jar
7fd18830f000-7fd188316000 r--s 00049000 08:01 10881693                   /home/acosanchez/.m2/repository/org/apache/httpcomponents/httpcore/4.4.3/httpcore-4.4.3.jar
7fd188316000-7fd1883ac000 r--s 0110a000 08:01 3949351                    /usr/lib/jvm/java-8-oracle/jre/lib/ext/jfxrt.jar
7fd1883ac000-7fd1883af000 ---p 00000000 00:00 0 
7fd1883af000-7fd1884ad000 rw-p 00000000 00:00 0 
7fd1884ad000-7fd1889fa000 r--p 00000000 08:01 2365810                    /usr/lib/locale/locale-archive
7fd1889fa000-7fd1889fd000 ---p 00000000 00:00 0 
7fd1889fd000-7fd188afb000 rw-p 00000000 00:00 0 
7fd188afb000-7fd188afe000 ---p 00000000 00:00 0 
7fd188afe000-7fd188bfc000 rw-p 00000000 00:00 0 
7fd188bfc000-7fd188bfd000 ---p 00000000 00:00 0 
7fd188bfd000-7fd189000000 rw-p 00000000 00:00 0 
7fd189000000-7fd189960000 rwxp 00000000 00:00 0 
7fd189960000-7fd198000000 ---p 00000000 00:00 0 
7fd198000000-7fd199ee0000 rw-p 00000000 00:00 0 
7fd199ee0000-7fd19c000000 ---p 00000000 00:00 0 
7fd19c000000-7fd19c001000 r--s 00003000 08:01 10749813                   /home/acosanchez/.m2/repository/org/w3c/css/sac/1.3/sac-1.3.jar
7fd19c001000-7fd19c002000 r--s 00001000 08:01 10881697                   /home/acosanchez/.m2/repository/org/seleniumhq/selenium/selenium-edge-driver/2.53.1/selenium-edge-driver-2.53.1.jar
7fd19c002000-7fd19c00f000 r--s 000a6000 08:01 10881691                   /home/acosanchez/.m2/repository/org/apache/httpcomponents/httpclient/4.5.1/httpclient-4.5.1.jar
7fd19c00f000-7fd19c014000 r--s 0001f000 08:01 10881689                   /home/acosanchez/.m2/repository/org/seleniumhq/selenium/selenium-api/2.53.1/selenium-api-2.53.1.jar
7fd19c014000-7fd19c019000 r--s 0002f000 08:01 10881687                   /home/acosanchez/.m2/repository/com/google/code/gson/gson/2.3.1/gson-2.3.1.jar
7fd19c019000-7fd19c020000 r--s 00049000 08:01 10881685                   /home/acosanchez/.m2/repository/cglib/cglib-nodep/2.1_3/cglib-nodep-2.1_3.jar
7fd19c020000-7fd19c025000 r--s 00035000 08:01 10881683                   /home/acosanchez/.m2/repository/org/seleniumhq/selenium/selenium-remote-driver/2.53.1/selenium-remote-driver-2.53.1.jar
7fd19c025000-7fd19c026000 r--s 00002000 08:01 10881681                   /home/acosanchez/.m2/repository/org/seleniumhq/selenium/selenium-chrome-driver/2.53.1/selenium-chrome-driver-2.53.1.jar
7fd19c026000-7fd19c027000 r--s 00000000 08:01 10881679                   /home/acosanchez/.m2/repository/org/seleniumhq/selenium/selenium-java/2.53.1/selenium-java-2.53.1.jar
7fd19c027000-7fd19c02c000 r--s 00040000 08:01 8915896                    /home/acosanchez/.m2/repository/org/beanshell/bsh/2.0b4/bsh-2.0b4.jar
7fd19c02c000-7fd19c02e000 r--s 0000e000 08:01 10881677                   /home/acosanchez/.m2/repository/com/beust/jcommander/1.48/jcommander-1.48.jar
7fd19c02e000-7fd19c03c000 r--s 000c7000 08:01 10881675                   /home/acosanchez/.m2/repository/org/testng/testng/6.9.10/testng-6.9.10.jar
7fd19c03c000-7fd19c040000 r--s 0002a000 08:01 9706508                    /home/acosanchez/.m2/repository/commons-io/commons-io/2.4/commons-io-2.4.jar
7fd19c040000-7fd19c041000 r--s 00002000 08:01 10881756                   /home/acosanchez/.m2/repository/com/github/agomezmoron/webdriver-screenshot/1.0.3/webdriver-screenshot-1.0.3.jar
7fd19c041000-7fd19c043000 r--s 00009000 08:01 10881752                   /home/acosanchez/.m2/repository/com/emergya/selenium-handler/0.1.10/selenium-handler-0.1.10.jar
7fd19c043000-7fd19c047000 r--s 00019000 08:01 10881673                   /home/acosanchez/.m2/repository/org/aspectj/aspectjrt/1.8.3/aspectjrt-1.8.3.jar
7fd19c047000-7fd19c04e000 r--s 0007a000 08:01 10881671                   /home/acosanchez/.m2/repository/org/apache/tika/tika-core/1.7/tika-core-1.7.jar
7fd19c04e000-7fd19c04f000 r--s 00007000 08:01 10752216                   /home/acosanchez/.m2/repository/org/slf4j/slf4j-api/1.7.12/slf4j-api-1.7.12.jar
7fd19c04f000-7fd19c051000 r--s 00007000 08:01 10881669                   /home/acosanchez/.m2/repository/ru/qatools/commons/properties/2.0.RC3/properties-2.0.RC3.jar
7fd19c051000-7fd19c057000 r--s 0001e000 08:01 10881667                   /home/acosanchez/.m2/repository/org/jvnet/jaxb2_commons/jaxb2-basics-runtime/0.9.3/jaxb2-basics-runtime-0.9.3.jar
7fd19c057000-7fd19c058000 r--s 00009000 08:01 10881665                   /home/acosanchez/.m2/repository/ru/yandex/qatools/allure/allure-model/1.5.0.RC2/allure-model-1.5.0.RC2.jar
7fd19c058000-7fd19c059000 r--s 00001000 08:01 10881663                   /home/acosanchez/.m2/repository/ru/yandex/qatools/allure/allure-java-annotations/1.5.0.RC2/allure-java-annotations-1.5.0.RC2.jar
7fd19c059000-7fd19c06c000 r--s 00345000 08:01 3553989                    /usr/lib/jvm/java-8-oracle/jre/lib/resources.jar
7fd19c06c000-7fd19cc78000 rw-p 00000000 00:00 0 
7fd19cc78000-7fd19ce51000 r--s 03d64000 08:01 3553985                    /usr/lib/jvm/java-8-oracle/jre/lib/rt.jar
7fd19ce51000-7fd19daa1000 rw-p 00000000 00:00 0 
7fd19daa1000-7fd19daa2000 ---p 00000000 00:00 0 
7fd19daa2000-7fd19dba2000 rw-p 00000000 00:00 0 
7fd19dba2000-7fd19dba3000 ---p 00000000 00:00 0 
7fd19dba3000-7fd19dca3000 rw-p 00000000 00:00 0 
7fd19dca3000-7fd19dca4000 ---p 00000000 00:00 0 
7fd19dca4000-7fd19dda4000 rw-p 00000000 00:00 0 
7fd19dda4000-7fd19dda5000 ---p 00000000 00:00 0 
7fd19dda5000-7fd19def7000 rw-p 00000000 00:00 0 
7fd19def7000-7fd19e137000 ---p 00000000 00:00 0 
7fd19e137000-7fd19e189000 rw-p 00000000 00:00 0 
7fd19e189000-7fd19e3c8000 ---p 00000000 00:00 0 
7fd19e3c8000-7fd19e474000 rw-p 00000000 00:00 0 
7fd19e474000-7fd19e511000 ---p 00000000 00:00 0 
7fd19e511000-7fd19e538000 rw-p 00000000 00:00 0 
7fd19e538000-7fd19e8d2000 ---p 00000000 00:00 0 
7fd19e8d2000-7fd19e8ed000 r-xp 00000000 08:01 4204405                    /usr/lib/jvm/java-8-oracle/jre/lib/amd64/libzip.so
7fd19e8ed000-7fd19eaed000 ---p 0001b000 08:01 4204405                    /usr/lib/jvm/java-8-oracle/jre/lib/amd64/libzip.so
7fd19eaed000-7fd19eaee000 rw-p 0001b000 08:01 4204405                    /usr/lib/jvm/java-8-oracle/jre/lib/amd64/libzip.so
7fd19eaee000-7fd19eaf9000 r-xp 00000000 08:01 2097248                    /lib/x86_64-linux-gnu/libnss_files-2.23.so
7fd19eaf9000-7fd19ecf8000 ---p 0000b000 08:01 2097248                    /lib/x86_64-linux-gnu/libnss_files-2.23.so
7fd19ecf8000-7fd19ecf9000 r--p 0000a000 08:01 2097248                    /lib/x86_64-linux-gnu/libnss_files-2.23.so
7fd19ecf9000-7fd19ecfa000 rw-p 0000b000 08:01 2097248                    /lib/x86_64-linux-gnu/libnss_files-2.23.so
7fd19ecfa000-7fd19ed00000 rw-p 00000000 00:00 0 
7fd19ed00000-7fd19ed0b000 r-xp 00000000 08:01 2101732                    /lib/x86_64-linux-gnu/libnss_nis-2.23.so
7fd19ed0b000-7fd19ef0a000 ---p 0000b000 08:01 2101732                    /lib/x86_64-linux-gnu/libnss_nis-2.23.so
7fd19ef0a000-7fd19ef0b000 r--p 0000a000 08:01 2101732                    /lib/x86_64-linux-gnu/libnss_nis-2.23.so
7fd19ef0b000-7fd19ef0c000 rw-p 0000b000 08:01 2101732                    /lib/x86_64-linux-gnu/libnss_nis-2.23.so
7fd19ef0c000-7fd19ef22000 r-xp 00000000 08:01 2097166                    /lib/x86_64-linux-gnu/libnsl-2.23.so
7fd19ef22000-7fd19f121000 ---p 00016000 08:01 2097166                    /lib/x86_64-linux-gnu/libnsl-2.23.so
7fd19f121000-7fd19f122000 r--p 00015000 08:01 2097166                    /lib/x86_64-linux-gnu/libnsl-2.23.so
7fd19f122000-7fd19f123000 rw-p 00016000 08:01 2097166                    /lib/x86_64-linux-gnu/libnsl-2.23.so
7fd19f123000-7fd19f125000 rw-p 00000000 00:00 0 
7fd19f125000-7fd19f12d000 r-xp 00000000 08:01 2097243                    /lib/x86_64-linux-gnu/libnss_compat-2.23.so
7fd19f12d000-7fd19f32c000 ---p 00008000 08:01 2097243                    /lib/x86_64-linux-gnu/libnss_compat-2.23.so
7fd19f32c000-7fd19f32d000 r--p 00007000 08:01 2097243                    /lib/x86_64-linux-gnu/libnss_compat-2.23.so
7fd19f32d000-7fd19f32e000 rw-p 00008000 08:01 2097243                    /lib/x86_64-linux-gnu/libnss_compat-2.23.so
7fd19f32e000-7fd19f338000 r-xp 00000000 08:01 4204414                    /usr/lib/jvm/java-8-oracle/jre/lib/amd64/libinstrument.so
7fd19f338000-7fd19f537000 ---p 0000a000 08:01 4204414                    /usr/lib/jvm/java-8-oracle/jre/lib/amd64/libinstrument.so
7fd19f537000-7fd19f538000 rw-p 00009000 08:01 4204414                    /usr/lib/jvm/java-8-oracle/jre/lib/amd64/libinstrument.so
7fd19f538000-7fd19f563000 r-xp 00000000 08:01 4204399                    /usr/lib/jvm/java-8-oracle/jre/lib/amd64/libjava.so
7fd19f563000-7fd19f762000 ---p 0002b000 08:01 4204399                    /usr/lib/jvm/java-8-oracle/jre/lib/amd64/libjava.so
7fd19f762000-7fd19f764000 rw-p 0002a000 08:01 4204399                    /usr/lib/jvm/java-8-oracle/jre/lib/amd64/libjava.so
7fd19f764000-7fd19f771000 r-xp 00000000 08:01 4204404                    /usr/lib/jvm/java-8-oracle/jre/lib/amd64/libverify.so
7fd19f771000-7fd19f971000 ---p 0000d000 08:01 4204404                    /usr/lib/jvm/java-8-oracle/jre/lib/amd64/libverify.so
7fd19f971000-7fd19f973000 rw-p 0000d000 08:01 4204404                    /usr/lib/jvm/java-8-oracle/jre/lib/amd64/libverify.so
7fd19f973000-7fd19f97a000 r-xp 00000000 08:01 2101733                    /lib/x86_64-linux-gnu/librt-2.23.so
7fd19f97a000-7fd19fb79000 ---p 00007000 08:01 2101733                    /lib/x86_64-linux-gnu/librt-2.23.so
7fd19fb79000-7fd19fb7a000 r--p 00006000 08:01 2101733                    /lib/x86_64-linux-gnu/librt-2.23.so
7fd19fb7a000-7fd19fb7b000 rw-p 00007000 08:01 2101733                    /lib/x86_64-linux-gnu/librt-2.23.so
7fd19fb7b000-7fd19fc83000 r-xp 00000000 08:01 2097157                    /lib/x86_64-linux-gnu/libm-2.23.so
7fd19fc83000-7fd19fe82000 ---p 00108000 08:01 2097157                    /lib/x86_64-linux-gnu/libm-2.23.so
7fd19fe82000-7fd19fe83000 r--p 00107000 08:01 2097157                    /lib/x86_64-linux-gnu/libm-2.23.so
7fd19fe83000-7fd19fe84000 rw-p 00108000 08:01 2097157                    /lib/x86_64-linux-gnu/libm-2.23.so
7fd19fe84000-7fd1a0b5d000 r-xp 00000000 08:01 4330854                    /usr/lib/jvm/java-8-oracle/jre/lib/amd64/server/libjvm.so
7fd1a0b5d000-7fd1a0d5c000 ---p 00cd9000 08:01 4330854                    /usr/lib/jvm/java-8-oracle/jre/lib/amd64/server/libjvm.so
7fd1a0d5c000-7fd1a0e35000 rw-p 00cd8000 08:01 4330854                    /usr/lib/jvm/java-8-oracle/jre/lib/amd64/server/libjvm.so
7fd1a0e35000-7fd1a0e81000 rw-p 00000000 00:00 0 
7fd1a0e81000-7fd1a1041000 r-xp 00000000 08:01 2097235                    /lib/x86_64-linux-gnu/libc-2.23.so
7fd1a1041000-7fd1a1241000 ---p 001c0000 08:01 2097235                    /lib/x86_64-linux-gnu/libc-2.23.so
7fd1a1241000-7fd1a1245000 r--p 001c0000 08:01 2097235                    /lib/x86_64-linux-gnu/libc-2.23.so
7fd1a1245000-7fd1a1247000 rw-p 001c4000 08:01 2097235                    /lib/x86_64-linux-gnu/libc-2.23.so
7fd1a1247000-7fd1a124b000 rw-p 00000000 00:00 0 
7fd1a124b000-7fd1a124e000 r-xp 00000000 08:01 2097237                    /lib/x86_64-linux-gnu/libdl-2.23.so
7fd1a124e000-7fd1a144d000 ---p 00003000 08:01 2097237                    /lib/x86_64-linux-gnu/libdl-2.23.so
7fd1a144d000-7fd1a144e000 r--p 00002000 08:01 2097237                    /lib/x86_64-linux-gnu/libdl-2.23.so
7fd1a144e000-7fd1a144f000 rw-p 00003000 08:01 2097237                    /lib/x86_64-linux-gnu/libdl-2.23.so
7fd1a144f000-7fd1a1465000 r-xp 00000000 08:01 3412449                    /usr/lib/jvm/java-8-oracle/lib/amd64/jli/libjli.so
7fd1a1465000-7fd1a1664000 ---p 00016000 08:01 3412449                    /usr/lib/jvm/java-8-oracle/lib/amd64/jli/libjli.so
7fd1a1664000-7fd1a1665000 rw-p 00015000 08:01 3412449                    /usr/lib/jvm/java-8-oracle/lib/amd64/jli/libjli.so
7fd1a1665000-7fd1a167d000 r-xp 00000000 08:01 2097177                    /lib/x86_64-linux-gnu/libpthread-2.23.so
7fd1a167d000-7fd1a187c000 ---p 00018000 08:01 2097177                    /lib/x86_64-linux-gnu/libpthread-2.23.so
7fd1a187c000-7fd1a187d000 r--p 00017000 08:01 2097177                    /lib/x86_64-linux-gnu/libpthread-2.23.so
7fd1a187d000-7fd1a187e000 rw-p 00018000 08:01 2097177                    /lib/x86_64-linux-gnu/libpthread-2.23.so
7fd1a187e000-7fd1a1882000 rw-p 00000000 00:00 0 
7fd1a1882000-7fd1a18a8000 r-xp 00000000 08:01 2097169                    /lib/x86_64-linux-gnu/ld-2.23.so
7fd1a18a8000-7fd1a18aa000 r--s 0000e000 08:01 10881661                   /home/acosanchez/.m2/repository/ru/yandex/qatools/allure/allure-java-adaptor-api/1.5.0.RC2/allure-java-adaptor-api-1.5.0.RC2.jar
7fd1a18aa000-7fd1a18ab000 r--s 00002000 08:01 10881659                   /home/acosanchez/.m2/repository/ru/yandex/qatools/allure/allure-java-aspects/1.5.0.RC2/allure-java-aspects-1.5.0.RC2.jar
7fd1a18ab000-7fd1a18ac000 r--s 00002000 08:01 10881657                   /home/acosanchez/.m2/repository/ru/yandex/qatools/allure/allure-testng-adaptor/1.5.0.RC2/allure-testng-adaptor-1.5.0.RC2.jar
7fd1a18ac000-7fd1a18b1000 r--s 00084000 08:01 3553946                    /usr/lib/jvm/java-8-oracle/jre/lib/jfr.jar
7fd1a18b1000-7fd1a18b6000 r--s 002f9000 08:01 3553983                    /usr/lib/jvm/java-8-oracle/jre/lib/charsets.jar
7fd1a18b6000-7fd1a1987000 rw-p 00000000 00:00 0 
7fd1a1987000-7fd1a198a000 ---p 00000000 00:00 0 
7fd1a198a000-7fd1a1a8d000 rw-p 00000000 00:00 0 
7fd1a1a8d000-7fd1a1a90000 r--s 0001a000 08:01 3553996                    /usr/lib/jvm/java-8-oracle/jre/lib/jce.jar
7fd1a1a90000-7fd1a1a95000 r--s 0009d000 08:01 3553990                    /usr/lib/jvm/java-8-oracle/jre/lib/jsse.jar
7fd1a1a95000-7fd1a1a9d000 r--s 00048000 08:01 10882334                   /home/acosanchez/eclipse/jee-oxygen/eclipse/configuration/org.eclipse.osgi/1177/0/.cp/lib/testng-remote.jar
7fd1a1a9d000-7fd1a1aa5000 rw-s 00000000 08:01 7080898                    /tmp/hsperfdata_acosanchez/15042
7fd1a1aa5000-7fd1a1aa6000 rw-p 00000000 00:00 0 
7fd1a1aa6000-7fd1a1aa7000 r--p 00000000 00:00 0 
7fd1a1aa7000-7fd1a1aa8000 r--p 00025000 08:01 2097169                    /lib/x86_64-linux-gnu/ld-2.23.so
7fd1a1aa8000-7fd1a1aa9000 rw-p 00026000 08:01 2097169                    /lib/x86_64-linux-gnu/ld-2.23.so
7fd1a1aa9000-7fd1a1aaa000 rw-p 00000000 00:00 0 
7fff1fdfb000-7fff1fe1e000 rw-p 00000000 00:00 0                          [stack]
7fff1fe66000-7fff1fe69000 r--p 00000000 00:00 0                          [vvar]
7fff1fe69000-7fff1fe6b000 r-xp 00000000 00:00 0                          [vdso]
ffffffffff600000-ffffffffff601000 r-xp 00000000 00:00 0                  [vsyscall]

VM Arguments:
jvm_args: -ea -javaagent:/home/acosanchez/.m2/repository/org/aspectj/aspectjweaver/1.8.9/aspectjweaver-1.8.9.jar -Dfile.encoding=UTF-8 
java_command: org.testng.remote.RemoteTestNG -serport 43141 -protocol json -d /home/acosanchez/QA_workspace/qa-emergya-quickstart/test-output /tmp/testng-eclipse-1487098376/testng-customsuite.xml
java_class_path (initial): /home/acosanchez/eclipse/jee-oxygen/eclipse/configuration/org.eclipse.osgi/1177/0/.cp/lib/testng-remote.jar:/usr/lib/jvm/java-8-oracle/jre/lib/resources.jar:/usr/lib/jvm/java-8-oracle/jre/lib/rt.jar:/usr/lib/jvm/java-8-oracle/jre/lib/jsse.jar:/usr/lib/jvm/java-8-oracle/jre/lib/jce.jar:/usr/lib/jvm/java-8-oracle/jre/lib/charsets.jar:/usr/lib/jvm/java-8-oracle/jre/lib/jfr.jar:/usr/lib/jvm/java-8-oracle/jre/lib/ext/jaccess.jar:/usr/lib/jvm/java-8-oracle/jre/lib/ext/nashorn.jar:/usr/lib/jvm/java-8-oracle/jre/lib/ext/jfxrt.jar:/usr/lib/jvm/java-8-oracle/jre/lib/ext/sunpkcs11.jar:/usr/lib/jvm/java-8-oracle/jre/lib/ext/zipfs.jar:/usr/lib/jvm/java-8-oracle/jre/lib/ext/dnsns.jar:/usr/lib/jvm/java-8-oracle/jre/lib/ext/cldrdata.jar:/usr/lib/jvm/java-8-oracle/jre/lib/ext/sunec.jar:/usr/lib/jvm/java-8-oracle/jre/lib/ext/localedata.jar:/usr/lib/jvm/java-8-oracle/jre/lib/ext/sunjce_provider.jar:/home/acosanchez/QA_workspace/qa-emergya-quickstart/target/test-classes:/home/acosanchez/QA_workspace/qa-emergya-quickstart/target/classes:/home/acosanchez/.m2/repository/ru/yandex/qatools/allure/allure-testng-adaptor/1.5.0.RC2/allure-testng-adaptor-1.5.0.RC2.jar:/home/acosanchez/.m2/repository/ru/yandex/qatools/allure/allure-java-aspects/1.5.0.RC2/allure-java-aspects-1.5.0.RC2.jar:/home/acosanchez/.m2/repository/ru/yandex/qatools/allure/allure-java-adaptor-api/1.5.0.RC2/allure-java-adaptor-api-1.5.0.RC2.jar:/home/acosanchez/.m2/repository/ru/yandex/qatools/allure/allure-java-annotations/1.5.0.RC2/allure-java-annotations-1.5.0.RC2.jar:/home/acosanchez/.m2/repository/ru/yandex/qatools/allure/allure-model/1.5.0.RC2/allure-model-1.5.0.RC2.jar:/home/acosanchez/.m2/repository/org/jvnet/jaxb2_commons/jaxb2-basics-runtime/0.9.3/jaxb2-basics-runtime-0.9.3.jar:/home/acosanchez/.m2/repository/ru/qatools/commons/properties/2.0.RC3/properties-2.0.RC3.jar:/home/acosanchez/.m2/repository/org/slf4j/slf4j-api/1.7.12/slf4j-api-1.7.12.jar:/home/acosanchez/.m2/repository/org/apach
Launcher Type: SUN_STANDARD

Environment Variables:
JAVA_HOME=/usr/lib/jvm/java-7-oracle
PATH=/home/acosanchez/bin:/home/acosanchez/.local/bin:/usr/local/sbin:/usr/local/bin:/usr/sbin:/usr/bin:/sbin:/bin:/usr/games:/usr/local/games:/snap/bin:/usr/lib/jvm/java-7-oracle/bin:/usr/lib/jvm/java-7-oracle/db/bin:/usr/lib/jvm/java-7-oracle/jre/bin
SHELL=/bin/bash
DISPLAY=:0

Signal Handlers:
SIGSEGV: [libjvm.so+0xad01e0], sa_mask[0]=11111111011111111101111111111110, sa_flags=SA_RESTART|SA_SIGINFO
SIGBUS: [libjvm.so+0xad01e0], sa_mask[0]=11111111011111111101111111111110, sa_flags=SA_RESTART|SA_SIGINFO
SIGFPE: [libjvm.so+0x927fb0], sa_mask[0]=11111111011111111101111111111110, sa_flags=SA_RESTART|SA_SIGINFO
SIGPIPE: [libjvm.so+0x927fb0], sa_mask[0]=11111111011111111101111111111110, sa_flags=SA_RESTART|SA_SIGINFO
SIGXFSZ: [libjvm.so+0x927fb0], sa_mask[0]=11111111011111111101111111111110, sa_flags=SA_RESTART|SA_SIGINFO
SIGILL: [libjvm.so+0x927fb0], sa_mask[0]=11111111011111111101111111111110, sa_flags=SA_RESTART|SA_SIGINFO
SIGUSR1: SIG_DFL, sa_mask[0]=00000000000000000000000000000000, sa_flags=none
SIGUSR2: [libjvm.so+0x9297f0], sa_mask[0]=00100000000000000000000000000000, sa_flags=SA_RESTART|SA_SIGINFO
SIGHUP: [libjvm.so+0x92abf0], sa_mask[0]=11111111011111111101111111111110, sa_flags=SA_RESTART|SA_SIGINFO
SIGINT: [libjvm.so+0x92abf0], sa_mask[0]=11111111011111111101111111111110, sa_flags=SA_RESTART|SA_SIGINFO
SIGTERM: [libjvm.so+0x92abf0], sa_mask[0]=11111111011111111101111111111110, sa_flags=SA_RESTART|SA_SIGINFO
SIGQUIT: [libjvm.so+0x92abf0], sa_mask[0]=11111111011111111101111111111110, sa_flags=SA_RESTART|SA_SIGINFO


---------------  S Y S T E M  ---------------

OS:DISTRIB_ID=Ubuntu
DISTRIB_RELEASE=16.04
DISTRIB_CODENAME=xenial
DISTRIB_DESCRIPTION="Ubuntu 16.04.4 LTS"

uname:Linux 4.15.0-041500-generic #201801282230 SMP Sun Jan 28 22:31:30 UTC 2018 x86_64
libc:glibc 2.23 NPTL 2.23 
rlimit: STACK 8192k, CORE 0k, NPROC 31316, NOFILE 1048576, AS infinity
load average:2,82 1,93 1,56

/proc/meminfo:
MemTotal:        8072284 kB
MemFree:          410332 kB
MemAvailable:     761372 kB
Buffers:           42036 kB
Cached:          1127028 kB
SwapCached:            0 kB
Active:          6246068 kB
Inactive:        1128728 kB
Active(anon):    5970620 kB
Inactive(anon):   873900 kB
Active(file):     275448 kB
Inactive(file):   254828 kB
Unevictable:         136 kB
Mlocked:             136 kB
SwapTotal:       8290300 kB
SwapFree:        8282876 kB
Dirty:              9608 kB
Writeback:             0 kB
AnonPages:       6205372 kB
Mapped:           634648 kB
Shmem:            731328 kB
Slab:             132904 kB
SReclaimable:      80192 kB
SUnreclaim:        52712 kB
KernelStack:       14960 kB
PageTables:        71608 kB
NFS_Unstable:          0 kB
Bounce:                0 kB
WritebackTmp:          0 kB
CommitLimit:    12326440 kB
Committed_AS:   12607428 kB
VmallocTotal:   34359738367 kB
VmallocUsed:           0 kB
VmallocChunk:          0 kB
HardwareCorrupted:     0 kB
AnonHugePages:         0 kB
ShmemHugePages:        0 kB
ShmemPmdMapped:        0 kB
CmaTotal:              0 kB
CmaFree:               0 kB
HugePages_Total:       0
HugePages_Free:        0
HugePages_Rsvd:        0
HugePages_Surp:        0
Hugepagesize:       2048 kB
DirectMap4k:      204808 kB
DirectMap2M:     7038976 kB
DirectMap1G:     2097152 kB


CPU:total 4 (initial active 4) (2 cores per cpu, 2 threads per core) family 6 model 69 stepping 1, cmov, cx8, fxsr, mmx, sse, sse2, sse3, ssse3, sse4.1, sse4.2, popcnt, avx, avx2, aes, clmul, erms, lzcnt, ht, tsc, tscinvbit, bmi1, bmi2

/proc/cpuinfo:
processor	: 0
vendor_id	: GenuineIntel
cpu family	: 6
model		: 69
model name	: Intel(R) Core(TM) i5-4200U CPU @ 1.60GHz
stepping	: 1
microcode	: 0x20
cpu MHz		: 2363.457
cache size	: 3072 KB
physical id	: 0
siblings	: 4
core id		: 0
cpu cores	: 2
apicid		: 0
initial apicid	: 0
fpu		: yes
fpu_exception	: yes
cpuid level	: 13
wp		: yes
flags		: fpu vme de pse tsc msr pae mce cx8 apic sep mtrr pge mca cmov pat pse36 clflush dts acpi mmx fxsr sse sse2 ss ht tm pbe syscall nx pdpe1gb rdtscp lm constant_tsc arch_perfmon pebs bts rep_good nopl xtopology nonstop_tsc cpuid aperfmperf pni pclmulqdq dtes64 monitor ds_cpl vmx est tm2 ssse3 sdbg fma cx16 xtpr pdcm pcid sse4_1 sse4_2 movbe popcnt tsc_deadline_timer aes xsave avx f16c rdrand lahf_lm abm cpuid_fault epb invpcid_single pti retpoline tpr_shadow vnmi flexpriority ept vpid fsgsbase tsc_adjust bmi1 avx2 smep bmi2 erms invpcid xsaveopt dtherm ida arat pln pts
bugs		: cpu_meltdown spectre_v1 spectre_v2
bogomips	: 4589.25
clflush size	: 64
cache_alignment	: 64
address sizes	: 39 bits physical, 48 bits virtual
power management:

processor	: 1
vendor_id	: GenuineIntel
cpu family	: 6
model		: 69
model name	: Intel(R) Core(TM) i5-4200U CPU @ 1.60GHz
stepping	: 1
microcode	: 0x20
cpu MHz		: 2294.628
cache size	: 3072 KB
physical id	: 0
siblings	: 4
core id		: 1
cpu cores	: 2
apicid		: 2
initial apicid	: 2
fpu		: yes
fpu_exception	: yes
cpuid level	: 13
wp		: yes
flags		: fpu vme de pse tsc msr pae mce cx8 apic sep mtrr pge mca cmov pat pse36 clflush dts acpi mmx fxsr sse sse2 ss ht tm pbe syscall nx pdpe1gb rdtscp lm constant_tsc arch_perfmon pebs bts rep_good nopl xtopology nonstop_tsc cpuid aperfmperf pni pclmulqdq dtes64 monitor ds_cpl vmx est tm2 ssse3 sdbg fma cx16 xtpr pdcm pcid sse4_1 sse4_2 movbe popcnt tsc_deadline_timer aes xsave avx f16c rdrand lahf_lm abm cpuid_fault epb invpcid_single pti retpoline tpr_shadow vnmi flexpriority ept vpid fsgsbase tsc_adjust bmi1 avx2 smep bmi2 erms invpcid xsaveopt dtherm ida arat pln pts
bugs		: cpu_meltdown spectre_v1 spectre_v2
bogomips	: 4589.25
clflush size	: 64
cache_alignment	: 64
address sizes	: 39 bits physical, 48 bits virtual
power management:

processor	: 2
vendor_id	: GenuineIntel
cpu family	: 6
model		: 69
model name	: Intel(R) Core(TM) i5-4200U CPU @ 1.60GHz
stepping	: 1
microcode	: 0x20
cpu MHz		: 2357.740
cache size	: 3072 KB
physical id	: 0
siblings	: 4
core id		: 0
cpu cores	: 2
apicid		: 1
initial apicid	: 1
fpu		: yes
fpu_exception	: yes
cpuid level	: 13
wp		: yes
flags		: fpu vme de pse tsc msr pae mce cx8 apic sep mtrr pge mca cmov pat pse36 clflush dts acpi mmx fxsr sse sse2 ss ht tm pbe syscall nx pdpe1gb rdtscp lm constant_tsc arch_perfmon pebs bts rep_good nopl xtopology nonstop_tsc cpuid aperfmperf pni pclmulqdq dtes64 monitor ds_cpl vmx est tm2 ssse3 sdbg fma cx16 xtpr pdcm pcid sse4_1 sse4_2 movbe popcnt tsc_deadline_timer aes xsave avx f16c rdrand lahf_lm abm cpuid_fault epb invpcid_single pti retpoline tpr_shadow vnmi flexpriority ept vpid fsgsbase tsc_adjust bmi1 avx2 smep bmi2 erms invpcid xsaveopt dtherm ida arat pln pts
bugs		: cpu_meltdown spectre_v1 spectre_v2
bogomips	: 4589.25
clflush size	: 64
cache_alignment	: 64
address sizes	: 39 bits physical, 48 bits virtual
power management:

processor	: 3
vendor_id	: GenuineIntel
cpu family	: 6
model		: 69
model name	: Intel(R) Core(TM) i5-4200U CPU @ 1.60GHz
stepping	: 1
microcode	: 0x20
cpu MHz		: 2294.628
cache size	: 3072 KB
physical id	: 0
siblings	: 4
core id		: 1
cpu cores	: 2
apicid		: 3
initial apicid	: 3
fpu		: yes
fpu_exception	: yes
cpuid level	: 13
wp		: yes
flags		: fpu vme de pse tsc msr pae mce cx8 apic sep mtrr pge mca cmov pat pse36 clflush dts acpi mmx fxsr sse sse2 ss ht tm pbe syscall nx pdpe1gb rdtscp lm constant_tsc arch_perfmon pebs bts rep_good nopl xtopology nonstop_tsc cpuid aperfmperf pni pclmulqdq dtes64 monitor ds_cpl vmx est tm2 ssse3 sdbg fma cx16 xtpr pdcm pcid sse4_1 sse4_2 movbe popcnt tsc_deadline_timer aes xsave avx f16c rdrand lahf_lm abm cpuid_fault epb invpcid_single pti retpoline tpr_shadow vnmi flexpriority ept vpid fsgsbase tsc_adjust bmi1 avx2 smep bmi2 erms invpcid xsaveopt dtherm ida arat pln pts
bugs		: cpu_meltdown spectre_v1 spectre_v2
bogomips	: 4589.25
clflush size	: 64
cache_alignment	: 64
address sizes	: 39 bits physical, 48 bits virtual
power management:



Memory: 4k page, physical 8072284k(420476k free), swap 8290300k(8282876k free)

vm_info: Java HotSpot(TM) 64-Bit Server VM (25.161-b12) for linux-amd64 JRE (1.8.0_161-b12), built on Dec 19 2017 16:12:43 by "java_re" with gcc 4.3.0 20080428 (Red Hat 4.3.0-8)

time: Wed Mar 21 11:51:42 2018
elapsed time: 28 seconds (0d 0h 0m 28s)

