#
# A fatal error has been detected by the Java Runtime Environment:
#
#  SIGSEGV (0xb) at pc=0x00007f13c3b171d8, pid=24314, tid=0x00007f13c1db0700
#
# JRE version: Java(TM) SE Runtime Environment (8.0_161-b12) (build 1.8.0_161-b12)
# Java VM: Java HotSpot(TM) 64-Bit Server VM (25.161-b12 mixed mode linux-amd64 compressed oops)
# Problematic frame:
# C  [libawt_xawt.so+0x421d8]  ReadRegionsInList+0x3b8
#
# Failed to write core dump. Core dumps have been disabled. To enable core dumping, try "ulimit -c unlimited" before starting Java again
#
# If you would like to submit a bug report, please visit:
#   http://bugreport.java.com/bugreport/crash.jsp
# The crash happened outside the Java Virtual Machine in native code.
# See problematic frame for where to report the bug.
#

---------------  T H R E A D  ---------------

Current thread (0x00007f1428756800):  JavaThread "pool-1-thread-1" [_thread_in_native, id=24418, stack(0x00007f13c1cb0000,0x00007f13c1db1000)]

siginfo: si_signo: 11 (SIGSEGV), si_code: 1 (SEGV_MAPERR), si_addr: 0x0000000000000068

Registers:
RAX=0x0000000000000438, RBX=0x0000000000000000, RCX=0x0000000000000000, RDX=0x0000000000000000
RSP=0x00007f13c1daeff0, RBP=0x00007f13c1daf100, RSI=0x0000000000000000, RDI=0x0000000000000000
R8 =0x00007f13b014de90, R9 =0x0000000000000000, R10=0x0000000000000006, R11=0x00007f1418ab5380
R12=0x0000000000000000, R13=0x0000000000000000, R14=0x00007f13b055e200, R15=0x0000000000000780
RIP=0x00007f13c3b171d8, EFLAGS=0x0000000000010246, CSGSFS=0x002b000000000033, ERR=0x0000000000000004
  TRAPNO=0x000000000000000e

Top of Stack: (sp=0x00007f13c1daeff0)
0x00007f13c1daeff0:   00007f13c1daf0c4 00007f1300000002
0x00007f13c1daf000:   0000000000000008 00007f1300000000
0x00007f13c1daf010:   00007f13c1daf0c8 0000000000000438
0x00007f13c1daf020:   0000000000000780 00007f13c1daf0b8
0x00007f13c1daf030:   00007f13c1daf0cc 00007f13c1daf0c4
0x00007f13c1daf040:   00000002c1daf120 00007f14284cc370
0x00007f13c1daf050:   00007f13b05ab060 00000000c1daf1d0
0x00007f13c1daf060:   0000043800000000 00007f13b0566660
0x00007f13c1daf070:   00007f13b05a0000 0000000000000001
0x00007f13c1daf080:   0000078000000000 0000000000000000
0x00007f13c1daf090:   0000000000000000 0000043800000f00
0x00007f13c1daf0a0:   0000000000000001 00007f1400000000
0x00007f13c1daf0b0:   0000000000000147 00007f13b0563750
0x00007f13c1daf0c0:   0000000000000001 0000001000000008
0x00007f13c1daf0d0:   0000000000000000 0438078000000000
0x00007f13c1daf0e0:   0000000000000000 0000000000000000
0x00007f13c1daf0f0:   0000000000000780 0000000000000438
0x00007f13c1daf100:   00007f13c1daf210 00007f13c3b17438
0x00007f13c1daf110:   0438078000000000 00007f13b0566850
0x00007f13c1daf120:   0000000000000000 0000000000000000
0x00007f13c1daf130:   0438078000000000 0000000128756800
0x00007f13c1daf140:   04380f0000000000 00007f13c1daf1a0
0x00007f13c1daf150:   00007f14284cc370 078000000000c370
0x00007f13c1daf160:   00007f13c1da0438 00007f13c1daf2c8
0x00007f13c1daf170:   00007f13c1daf2c4 00007f13c1daf2a0
0x00007f13c1daf180:   00007f13c1daf210 00007f13c3b18252
0x00007f13c1daf190:   00007f13c1daf2c4 00007f13c1daf2c8
0x00007f13c1daf1a0:   0000000000000000 00007f13c1daf220
0x00007f13c1daf1b0:   00007f1300000005 0000000000ff0000
0x00007f13c1daf1c0:   000000000000ff00 00000000000000ff
0x00007f13c1daf1d0:   0000010000000008 0000000100000000
0x00007f13c1daf1e0:   00007f142ddfeaf0 00007f14284cc370 

Instructions: (pc=0x00007f13c3b171d8)
0x00007f13c3b171b8:   00 8b 95 60 ff ff ff 31 db 44 01 ea 89 55 a8 66
0x00007f13c3b171c8:   0f 1f 84 00 00 00 00 00 89 de 44 89 ea 4c 89 e7
0x00007f13c3b171d8:   41 ff 54 24 68 48 8b 95 50 ff ff ff 48 98 8b 4d
0x00007f13c3b171e8:   cc 4c 8b 45 b8 8b 75 c8 48 8b 7a 08 48 89 c2 48 

Register to memory mapping:

RAX=0x0000000000000438 is an unknown value
RBX=0x0000000000000000 is an unknown value
RCX=0x0000000000000000 is an unknown value
RDX=0x0000000000000000 is an unknown value
RSP=0x00007f13c1daeff0 is pointing into the stack for thread: 0x00007f1428756800
RBP=0x00007f13c1daf100 is pointing into the stack for thread: 0x00007f1428756800
RSI=0x0000000000000000 is an unknown value
RDI=0x0000000000000000 is an unknown value
R8 =0x00007f13b014de90 is an unknown value
R9 =0x0000000000000000 is an unknown value
R10=0x0000000000000006 is an unknown value
R11=0x00007f1418ab5380 is at entry_point+32 in (nmethod*)0x00007f1418ab5190
R12=0x0000000000000000 is an unknown value
R13=0x0000000000000000 is an unknown value
R14=0x00007f13b055e200 is an unknown value
R15=0x0000000000000780 is an unknown value


Stack: [0x00007f13c1cb0000,0x00007f13c1db1000],  sp=0x00007f13c1daeff0,  free space=1019k
Native frames: (J=compiled Java code, j=interpreted, Vv=VM code, C=native code)
C  [libawt_xawt.so+0x421d8]  ReadRegionsInList+0x3b8
C  [libawt_xawt.so+0x42438]  ReadAreaToImage+0xa8
C  [libawt_xawt.so+0x3a79c]  Java_sun_awt_X11_XRobotPeer_getRGBPixelsImpl+0x17c
j  sun.awt.X11.XRobotPeer.getRGBPixelsImpl(Lsun/awt/X11GraphicsConfig;IIII[I)V+0
j  sun.awt.X11.XRobotPeer.getRGBPixels(Ljava/awt/Rectangle;)[I+33
j  java.awt.Robot.createScreenCapture(Ljava/awt/Rectangle;)Ljava/awt/image/BufferedImage;+50
j  org.monte.screenrecorder.ScreenRecorder$ScreenGrabber.grabScreen()V+18
j  org.monte.screenrecorder.ScreenRecorder$ScreenGrabber.run()V+1
J 3415 C1 java.util.concurrent.FutureTask.runAndReset()Z (128 bytes) @ 0x00007f14188e1f5c [0x00007f14188e1c80+0x2dc]
J 3108 C1 java.util.concurrent.ScheduledThreadPoolExecutor$ScheduledFutureTask.run()V (59 bytes) @ 0x00007f1418ccf08c [0x00007f1418cceb60+0x52c]
j  java.util.concurrent.ThreadPoolExecutor.runWorker(Ljava/util/concurrent/ThreadPoolExecutor$Worker;)V+95
j  java.util.concurrent.ThreadPoolExecutor$Worker.run()V+5
j  java.lang.Thread.run()V+11
v  ~StubRoutines::call_stub
V  [libjvm.so+0x695ae6]  JavaCalls::call_helper(JavaValue*, methodHandle*, JavaCallArguments*, Thread*)+0x1056
V  [libjvm.so+0x695ff1]  JavaCalls::call_virtual(JavaValue*, KlassHandle, Symbol*, Symbol*, JavaCallArguments*, Thread*)+0x321
V  [libjvm.so+0x696497]  JavaCalls::call_virtual(JavaValue*, Handle, KlassHandle, Symbol*, Symbol*, Thread*)+0x47
V  [libjvm.so+0x731cb0]  thread_entry(JavaThread*, Thread*)+0xa0
V  [libjvm.so+0xa7eaa3]  JavaThread::thread_main_inner()+0x103
V  [libjvm.so+0xa7ebec]  JavaThread::run()+0x11c
V  [libjvm.so+0x92da28]  java_start(Thread*)+0x108
C  [libpthread.so.0+0x76ba]  start_thread+0xca

Java frames: (J=compiled Java code, j=interpreted, Vv=VM code)
j  sun.awt.X11.XRobotPeer.getRGBPixelsImpl(Lsun/awt/X11GraphicsConfig;IIII[I)V+0
j  sun.awt.X11.XRobotPeer.getRGBPixels(Ljava/awt/Rectangle;)[I+33
j  java.awt.Robot.createScreenCapture(Ljava/awt/Rectangle;)Ljava/awt/image/BufferedImage;+50
j  org.monte.screenrecorder.ScreenRecorder$ScreenGrabber.grabScreen()V+18
j  org.monte.screenrecorder.ScreenRecorder$ScreenGrabber.run()V+1
J 3415 C1 java.util.concurrent.FutureTask.runAndReset()Z (128 bytes) @ 0x00007f14188e1f5c [0x00007f14188e1c80+0x2dc]
J 3108 C1 java.util.concurrent.ScheduledThreadPoolExecutor$ScheduledFutureTask.run()V (59 bytes) @ 0x00007f1418ccf08c [0x00007f1418cceb60+0x52c]
j  java.util.concurrent.ThreadPoolExecutor.runWorker(Ljava/util/concurrent/ThreadPoolExecutor$Worker;)V+95
j  java.util.concurrent.ThreadPoolExecutor$Worker.run()V+5
j  java.lang.Thread.run()V+11
v  ~StubRoutines::call_stub

---------------  P R O C E S S  ---------------

Java Threads: ( => current thread )
  0x00007f142874c000 JavaThread "pool-2-thread-1" [_thread_blocked, id=24419, stack(0x00007f13c1baf000,0x00007f13c1cb0000)]
=>0x00007f1428756800 JavaThread "pool-1-thread-1" [_thread_in_native, id=24418, stack(0x00007f13c1cb0000,0x00007f13c1db1000)]
  0x00007f14285b6000 JavaThread "Thread-3" [_thread_blocked, id=24417, stack(0x00007f13c1db1000,0x00007f13c1eb2000)]
  0x00007f14287e2800 JavaThread "AWT-XAWT" daemon [_thread_blocked, id=24415, stack(0x00007f13c1fb3000,0x00007f13c20b4000)]
  0x00007f1428724800 JavaThread "Java2D Disposer" daemon [_thread_blocked, id=24414, stack(0x00007f13dc0a1000,0x00007f13dc1a2000)]
  0x00007f13cc00a000 JavaThread "process reaper" daemon [_thread_blocked, id=24341, stack(0x00007f14148fa000,0x00007f1414933000)]
  0x00007f142890c800 JavaThread "ReaderThread" [_thread_in_native, id=24338, stack(0x00007f14145ac000,0x00007f14146ad000)]
  0x00007f14284d4800 JavaThread "Service Thread" daemon [_thread_blocked, id=24332, stack(0x00007f1414d95000,0x00007f1414e96000)]
  0x00007f14284b2800 JavaThread "C1 CompilerThread2" daemon [_thread_blocked, id=24331, stack(0x00007f1414e96000,0x00007f1414f97000)]
  0x00007f14284ba000 JavaThread "C2 CompilerThread1" daemon [_thread_in_native, id=24330, stack(0x00007f1414f97000,0x00007f1415098000)]
  0x00007f142850e800 JavaThread "C2 CompilerThread0" daemon [_thread_blocked, id=24329, stack(0x00007f1415098000,0x00007f1415199000)]
  0x00007f1428183800 JavaThread "Signal Dispatcher" daemon [_thread_blocked, id=24328, stack(0x00007f14153f4000,0x00007f14154f5000)]
  0x00007f1428150000 JavaThread "Finalizer" daemon [_thread_blocked, id=24327, stack(0x00007f1415a42000,0x00007f1415b43000)]
  0x00007f142814b800 JavaThread "Reference Handler" daemon [_thread_blocked, id=24326, stack(0x00007f1415b43000,0x00007f1415c44000)]
  0x00007f142800f000 JavaThread "main" [_thread_blocked, id=24317, stack(0x00007f142e996000,0x00007f142ea97000)]

Other Threads:
  0x00007f1428144000 VMThread [stack: 0x00007f1415c44000,0x00007f1415d45000] [id=24325]
  0x00007f14284d7000 WatcherThread [stack: 0x00007f1414c94000,0x00007f1414d95000] [id=24333]

VM state:not at safepoint (normal execution)

VM Mutex/Monitor currently owned by a thread: None

Heap:
 PSYoungGen      total 468480K, used 151883K [0x00000000d6f00000, 0x00000000f6600000, 0x0000000100000000)
  eden space 429056K, 27% used [0x00000000d6f00000,0x00000000de2f3910,0x00000000f1200000)
  from space 39424K, 84% used [0x00000000f3e00000,0x00000000f5e5f440,0x00000000f6480000)
  to   space 43008K, 0% used [0x00000000f1200000,0x00000000f1200000,0x00000000f3c00000)
 ParOldGen       total 158208K, used 97467K [0x0000000084c00000, 0x000000008e680000, 0x00000000d6f00000)
  object space 158208K, 61% used [0x0000000084c00000,0x000000008ab2ed00,0x000000008e680000)
 Metaspace       used 28674K, capacity 29038K, committed 29312K, reserved 1075200K
  class space    used 3333K, capacity 3433K, committed 3456K, reserved 1048576K

Card table byte_map: [0x00007f1418012000,0x00007f14183ed000] byte_map_base: 0x00007f1417bec000

Marking Bits: (ParMarkBitMap*) 0x00007f142de62920
 Begin Bits: [0x00007f140c260000, 0x00007f140e130000)
 End Bits:   [0x00007f140e130000, 0x00007f1410000000)

Polling page: 0x00007f142eab5000

CodeCache: size=245760Kb used=11218Kb max_used=11229Kb free=234541Kb
 bounds [0x00007f14187ad000, 0x00007f14192bd000, 0x00007f14277ad000]
 total_blobs=3791 nmethods=3214 adapters=490
 compilation: enabled

Compilation events (10 events):
Event: 35,412 Thread 0x00007f14284b2800 nmethod 3664 0x00007f14192aaf10 code [0x00007f14192ab060, 0x00007f14192ab170]
Event: 35,414 Thread 0x00007f14284b2800 3665       3       org.aspectj.apache.bcel.util.ClassLoaderRepository$SoftHashMap::get (63 bytes)
Event: 35,414 Thread 0x00007f14284b2800 nmethod 3665 0x00007f14192aa290 code [0x00007f14192aa460, 0x00007f14192aacf8]
Event: 35,421 Thread 0x00007f142850e800 nmethod 3654 0x00007f14192a4110 code [0x00007f14192a42c0, 0x00007f14192a49d8]
Event: 35,421 Thread 0x00007f142850e800 3657       4       org.aspectj.apache.bcel.classfile.JavaClass::computeNestedTypeStatus (136 bytes)
Event: 35,440 Thread 0x00007f142850e800 nmethod 3657 0x00007f14192aee90 code [0x00007f14192af040, 0x00007f14192af568]
Event: 35,440 Thread 0x00007f142850e800 3659       4       org.aspectj.weaver.UnresolvedType::getName (8 bytes)
Event: 35,443 Thread 0x00007f142850e800 nmethod 3659 0x00007f14188eb150 code [0x00007f14188eb2a0, 0x00007f14188eb328]
Event: 35,443 Thread 0x00007f142850e800 3658       4       org.aspectj.weaver.Iterators$8::next (25 bytes)
Event: 35,445 Thread 0x00007f142850e800 nmethod 3658 0x00007f1418908ed0 code [0x00007f1418909020, 0x00007f14189090b8]

GC Heap History (10 events):
Event: 13,691 GC heap before
{Heap before GC invocations=8 (full 1):
 PSYoungGen      total 269312K, used 250460K [0x00000000d6f00000, 0x00000000e8700000, 0x0000000100000000)
  eden space 253952K, 98% used [0x00000000d6f00000,0x00000000e6397330,0x00000000e6700000)
  from space 15360K, 0% used [0x00000000e7800000,0x00000000e7800000,0x00000000e8700000)
  to   space 16384K, 0% used [0x00000000e6700000,0x00000000e6700000,0x00000000e7700000)
 ParOldGen       total 82432K, used 21499K [0x0000000084c00000, 0x0000000089c80000, 0x00000000d6f00000)
  object space 82432K, 26% used [0x0000000084c00000,0x00000000860fee40,0x0000000089c80000)
 Metaspace       used 27379K, capacity 27730K, committed 28032K, reserved 1073152K
  class space    used 3240K, capacity 3365K, committed 3456K, reserved 1048576K
Event: 13,724 GC heap after
Heap after GC invocations=8 (full 1):
 PSYoungGen      total 270336K, used 16356K [0x00000000d6f00000, 0x00000000f1300000, 0x0000000100000000)
  eden space 253952K, 0% used [0x00000000d6f00000,0x00000000d6f00000,0x00000000e6700000)
  from space 16384K, 99% used [0x00000000e6700000,0x00000000e76f9040,0x00000000e7700000)
  to   space 36864K, 0% used [0x00000000eef00000,0x00000000eef00000,0x00000000f1300000)
 ParOldGen       total 82432K, used 57081K [0x0000000084c00000, 0x0000000089c80000, 0x00000000d6f00000)
  object space 82432K, 69% used [0x0000000084c00000,0x00000000883be658,0x0000000089c80000)
 Metaspace       used 27379K, capacity 27730K, committed 28032K, reserved 1073152K
  class space    used 3240K, capacity 3365K, committed 3456K, reserved 1048576K
}
Event: 13,724 GC heap before
{Heap before GC invocations=9 (full 2):
 PSYoungGen      total 270336K, used 16356K [0x00000000d6f00000, 0x00000000f1300000, 0x0000000100000000)
  eden space 253952K, 0% used [0x00000000d6f00000,0x00000000d6f00000,0x00000000e6700000)
  from space 16384K, 99% used [0x00000000e6700000,0x00000000e76f9040,0x00000000e7700000)
  to   space 36864K, 0% used [0x00000000eef00000,0x00000000eef00000,0x00000000f1300000)
 ParOldGen       total 82432K, used 57081K [0x0000000084c00000, 0x0000000089c80000, 0x00000000d6f00000)
  object space 82432K, 69% used [0x0000000084c00000,0x00000000883be658,0x0000000089c80000)
 Metaspace       used 27379K, capacity 27730K, committed 28032K, reserved 1073152K
  class space    used 3240K, capacity 3365K, committed 3456K, reserved 1048576K
Event: 13,817 GC heap after
Heap after GC invocations=9 (full 2):
 PSYoungGen      total 270336K, used 0K [0x00000000d6f00000, 0x00000000f1300000, 0x0000000100000000)
  eden space 253952K, 0% used [0x00000000d6f00000,0x00000000d6f00000,0x00000000e6700000)
  from space 16384K, 0% used [0x00000000e6700000,0x00000000e6700000,0x00000000e7700000)
  to   space 36864K, 0% used [0x00000000eef00000,0x00000000eef00000,0x00000000f1300000)
 ParOldGen       total 158208K, used 56943K [0x0000000084c00000, 0x000000008e680000, 0x00000000d6f00000)
  object space 158208K, 35% used [0x0000000084c00000,0x000000008839bcd0,0x000000008e680000)
 Metaspace       used 27379K, capacity 27730K, committed 28032K, reserved 1073152K
  class space    used 3240K, capacity 3365K, committed 3456K, reserved 1048576K
}
Event: 19,395 GC heap before
{Heap before GC invocations=10 (full 2):
 PSYoungGen      total 270336K, used 252367K [0x00000000d6f00000, 0x00000000f1300000, 0x0000000100000000)
  eden space 253952K, 99% used [0x00000000d6f00000,0x00000000e6573f98,0x00000000e6700000)
  from space 16384K, 0% used [0x00000000e6700000,0x00000000e6700000,0x00000000e7700000)
  to   space 36864K, 0% used [0x00000000eef00000,0x00000000eef00000,0x00000000f1300000)
 ParOldGen       total 158208K, used 56943K [0x0000000084c00000, 0x000000008e680000, 0x00000000d6f00000)
  object space 158208K, 35% used [0x0000000084c00000,0x000000008839bcd0,0x000000008e680000)
 Metaspace       used 27785K, capacity 28074K, committed 28288K, reserved 1075200K
  class space    used 3259K, capacity 3369K, committed 3456K, reserved 1048576K
Event: 19,408 GC heap after
Heap after GC invocations=10 (full 2):
 PSYoungGen      total 391680K, used 25018K [0x00000000d6f00000, 0x00000000f1b80000, 0x0000000100000000)
  eden space 354816K, 0% used [0x00000000d6f00000,0x00000000d6f00000,0x00000000ec980000)
  from space 36864K, 67% used [0x00000000eef00000,0x00000000f076eb78,0x00000000f1300000)
  to   space 38400K, 0% used [0x00000000ec980000,0x00000000ec980000,0x00000000eef00000)
 ParOldGen       total 158208K, used 56951K [0x0000000084c00000, 0x000000008e680000, 0x00000000d6f00000)
  object space 158208K, 35% used [0x0000000084c00000,0x000000008839dcd0,0x000000008e680000)
 Metaspace       used 27785K, capacity 28074K, committed 28288K, reserved 1075200K
  class space    used 3259K, capacity 3369K, committed 3456K, reserved 1048576K
}
Event: 26,826 GC heap before
{Heap before GC invocations=11 (full 2):
 PSYoungGen      total 391680K, used 371832K [0x00000000d6f00000, 0x00000000f1b80000, 0x0000000100000000)
  eden space 354816K, 97% used [0x00000000d6f00000,0x00000000ec1af6a8,0x00000000ec980000)
  from space 36864K, 67% used [0x00000000eef00000,0x00000000f076eb78,0x00000000f1300000)
  to   space 38400K, 0% used [0x00000000ec980000,0x00000000ec980000,0x00000000eef00000)
 ParOldGen       total 158208K, used 56951K [0x0000000084c00000, 0x000000008e680000, 0x00000000d6f00000)
  object space 158208K, 35% used [0x0000000084c00000,0x000000008839dcd0,0x000000008e680000)
 Metaspace       used 28088K, capacity 28398K, committed 28544K, reserved 1075200K
  class space    used 3266K, capacity 3369K, committed 3456K, reserved 1048576K
Event: 26,851 GC heap after
Heap after GC invocations=11 (full 2):
 PSYoungGen      total 393216K, used 24876K [0x00000000d6f00000, 0x00000000f6480000, 0x0000000100000000)
  eden space 354816K, 0% used [0x00000000d6f00000,0x00000000d6f00000,0x00000000ec980000)
  from space 38400K, 64% used [0x00000000ec980000,0x00000000ee1cb030,0x00000000eef00000)
  to   space 39424K, 0% used [0x00000000f3e00000,0x00000000f3e00000,0x00000000f6480000)
 ParOldGen       total 158208K, used 56959K [0x0000000084c00000, 0x000000008e680000, 0x00000000d6f00000)
  object space 158208K, 36% used [0x0000000084c00000,0x000000008839fcd0,0x000000008e680000)
 Metaspace       used 28088K, capacity 28398K, committed 28544K, reserved 1075200K
  class space    used 3266K, capacity 3369K, committed 3456K, reserved 1048576K
}
Event: 33,910 GC heap before
{Heap before GC invocations=12 (full 2):
 PSYoungGen      total 393216K, used 376228K [0x00000000d6f00000, 0x00000000f6480000, 0x0000000100000000)
  eden space 354816K, 99% used [0x00000000d6f00000,0x00000000ec61e060,0x00000000ec980000)
  from space 38400K, 64% used [0x00000000ec980000,0x00000000ee1cb030,0x00000000eef00000)
  to   space 39424K, 0% used [0x00000000f3e00000,0x00000000f3e00000,0x00000000f6480000)
 ParOldGen       total 158208K, used 65059K [0x0000000084c00000, 0x000000008e680000, 0x00000000d6f00000)
  object space 158208K, 41% used [0x0000000084c00000,0x0000000088b88ce0,0x000000008e680000)
 Metaspace       used 28520K, capacity 28846K, committed 29056K, reserved 1075200K
  class space    used 3310K, capacity 3433K, committed 3456K, reserved 1048576K
Event: 33,955 GC heap after
Heap after GC invocations=12 (full 2):
 PSYoungGen      total 468480K, used 33149K [0x00000000d6f00000, 0x00000000f6600000, 0x0000000100000000)
  eden space 429056K, 0% used [0x00000000d6f00000,0x00000000d6f00000,0x00000000f1200000)
  from space 39424K, 84% used [0x00000000f3e00000,0x00000000f5e5f440,0x00000000f6480000)
  to   space 43008K, 0% used [0x00000000f1200000,0x00000000f1200000,0x00000000f3c00000)
 ParOldGen       total 158208K, used 97467K [0x0000000084c00000, 0x000000008e680000, 0x00000000d6f00000)
  object space 158208K, 61% used [0x0000000084c00000,0x000000008ab2ed00,0x000000008e680000)
 Metaspace       used 28520K, capacity 28846K, committed 29056K, reserved 1075200K
  class space    used 3310K, capacity 3433K, committed 3456K, reserved 1048576K
}

Deoptimization events (10 events):
Event: 7,751 Thread 0x00007f142800f000 Uncommon trap: reason=null_check action=make_not_entrant pc=0x00007f1419026b18 method=org.aspectj.weaver.bcel.BcelObjectType.getDeclaredInterfaces()[Lorg/aspectj/weaver/ResolvedType; @ 7
Event: 8,220 Thread 0x00007f142800f000 Uncommon trap: reason=unstable_if action=reinterpret pc=0x00007f14188c2830 method=java.util.regex.Pattern$BmpCharProperty.match(Ljava/util/regex/Matcher;ILjava/lang/CharSequence;)Z @ 34
Event: 10,042 Thread 0x00007f142800f000 Uncommon trap: reason=unstable_if action=reinterpret pc=0x00007f14188db520 method=sun.nio.cs.UTF_8$Encoder.encode([CII[B)I @ 33
Event: 12,766 Thread 0x00007f1428756800 Uncommon trap: reason=unstable_if action=reinterpret pc=0x00007f1418fa9eb0 method=org.monte.media.avi.TechSmithCodecCore.encodeDelta24(Ljava/io/OutputStream;[I[IIIII)V @ 83
Event: 15,066 Thread 0x00007f1428756800 Uncommon trap: reason=unstable_if action=reinterpret pc=0x00007f1418ae4a44 method=org.monte.media.avi.TechSmithCodecCore.encodeDelta24(Ljava/io/OutputStream;[I[IIIII)V @ 262
Event: 15,066 Thread 0x00007f1428756800 Uncommon trap: reason=unstable_if action=reinterpret pc=0x00007f1418de0224 method=org.monte.media.avi.TechSmithCodecCore.encodeDelta24(Ljava/io/OutputStream;[I[IIIII)V @ 262
Event: 15,082 Thread 0x00007f1428756800 Uncommon trap: reason=unstable_if action=reinterpret pc=0x00007f1418b1738c method=org.monte.media.avi.TechSmithCodecCore.encodeDelta24(Ljava/io/OutputStream;[I[IIIII)V @ 262
Event: 15,339 Thread 0x00007f1428756800 Uncommon trap: reason=unstable_if action=reinterpret pc=0x00007f1418bd286c method=org.monte.media.avi.TechSmithCodecCore.encodeDelta24(Ljava/io/OutputStream;[I[IIIII)V @ 566
Event: 35,292 Thread 0x00007f142800f000 Uncommon trap: reason=unstable_if action=reinterpret pc=0x00007f1419299eb8 method=org.openqa.selenium.internal.Base64Encoder.mapCharToInt(Ljava/io/Reader;)I @ 17
Event: 35,391 Thread 0x00007f142800f000 Uncommon trap: reason=unstable_if action=reinterpret pc=0x00007f1418a703ac method=com.google.gson.stream.JsonWriter.string(Ljava/lang/String;)V @ 143

Classes redefined (0 events):
No events

Internal exceptions (10 events):
Event: 7,445 Thread 0x00007f142800f000 Exception <a 'java/net/ConnectException'> (0x00000000dabf5648) thrown at [/HUDSON/workspace/8-2-build-linux-amd64/jdk8u161/10277/hotspot/src/share/vm/prims/jni.cpp, line 709]
Event: 7,545 Thread 0x00007f142800f000 Exception <a 'java/net/ConnectException'> (0x00000000dabf6dc0) thrown at [/HUDSON/workspace/8-2-build-linux-amd64/jdk8u161/10277/hotspot/src/share/vm/prims/jni.cpp, line 709]
Event: 7,646 Thread 0x00007f142800f000 Exception <a 'java/net/ConnectException'> (0x00000000dabf8538) thrown at [/HUDSON/workspace/8-2-build-linux-amd64/jdk8u161/10277/hotspot/src/share/vm/prims/jni.cpp, line 709]
Event: 7,751 Thread 0x00007f142800f000 Implicit null exception at 0x00007f1419024b56 to 0x00007f1419026b05
Event: 8,214 Thread 0x00007f142800f000 Exception <a 'java/lang/ArrayIndexOutOfBoundsException'> (0x00000000dd2d7f90) thrown at [/HUDSON/workspace/8-2-build-linux-amd64/jdk8u161/10277/hotspot/src/share/vm/runtime/sharedRuntime.cpp, line 605]
Event: 8,215 Thread 0x00007f142800f000 Exception <a 'java/lang/ArrayIndexOutOfBoundsException'> (0x00000000dd2d9900) thrown at [/HUDSON/workspace/8-2-build-linux-amd64/jdk8u161/10277/hotspot/src/share/vm/runtime/sharedRuntime.cpp, line 605]
Event: 11,587 Thread 0x00007f142800f000 Exception <a 'java/io/FileNotFoundException'> (0x00000000df2d9f50) thrown at [/HUDSON/workspace/8-2-build-linux-amd64/jdk8u161/10277/hotspot/src/share/vm/prims/jni.cpp, line 709]
Event: 11,587 Thread 0x00007f142800f000 Exception <a 'java/io/FileNotFoundException'> (0x00000000df2dabe0) thrown at [/HUDSON/workspace/8-2-build-linux-amd64/jdk8u161/10277/hotspot/src/share/vm/prims/jni.cpp, line 709]
Event: 33,166 Thread 0x00007f142800f000 Exception <a 'java/lang/reflect/InvocationTargetException'> (0x00000000d865a0d0) thrown at [/HUDSON/workspace/8-2-build-linux-amd64/jdk8u161/10277/hotspot/src/share/vm/runtime/reflection.cpp, line 1092]
Event: 35,295 Thread 0x00007f142800f000 Exception <a 'sun/nio/fs/UnixException'> (0x00000000dcf73ad0) thrown at [/HUDSON/workspace/8-2-build-linux-amd64/jdk8u161/10277/hotspot/src/share/vm/prims/jni.cpp, line 709]

Events (10 events):
Event: 35,461 Executing VM operation: RevokeBias done
Event: 35,461 Executing VM operation: RevokeBias
Event: 35,461 Executing VM operation: RevokeBias done
Event: 35,461 loading class java/lang/ProcessBuilder$NullOutputStream
Event: 35,461 loading class java/lang/ProcessBuilder$NullOutputStream done
Event: 35,461 Executing VM operation: RevokeBias
Event: 35,461 Executing VM operation: RevokeBias done
Event: 35,461 Thread 0x00007f14286fb800 Thread exited: 0x00007f14286fb800
Event: 35,471 loading class sun/awt/X11/XErrorEvent
Event: 35,471 loading class sun/awt/X11/XErrorEvent done


Dynamic libraries:
00400000-00401000 r-xp 00000000 08:01 3411076                            /usr/lib/jvm/java-8-oracle/bin/java
00600000-00601000 rw-p 00000000 08:01 3411076                            /usr/lib/jvm/java-8-oracle/bin/java
012fd000-0131e000 rw-p 00000000 00:00 0                                  [heap]
84c00000-8e680000 rw-p 00000000 00:00 0 
8e680000-d6f00000 ---p 00000000 00:00 0 
d6f00000-f6600000 rw-p 00000000 00:00 0 
f6600000-100000000 ---p 00000000 00:00 0 
100000000-100360000 rw-p 00000000 00:00 0 
100360000-140000000 ---p 00000000 00:00 0 
7f13a4000000-7f13a4025000 rw-p 00000000 00:00 0 
7f13a4025000-7f13a8000000 ---p 00000000 00:00 0 
7f13ac000000-7f13ac021000 rw-p 00000000 00:00 0 
7f13ac021000-7f13b0000000 ---p 00000000 00:00 0 
7f13b0000000-7f13b2208000 rw-p 00000000 00:00 0 
7f13b2208000-7f13b4000000 ---p 00000000 00:00 0 
7f13b4000000-7f13b4021000 rw-p 00000000 00:00 0 
7f13b4021000-7f13b8000000 ---p 00000000 00:00 0 
7f13b8000000-7f13b8038000 rw-p 00000000 00:00 0 
7f13b8038000-7f13bc000000 ---p 00000000 00:00 0 
7f13bc000000-7f13bc021000 rw-p 00000000 00:00 0 
7f13bc021000-7f13c0000000 ---p 00000000 00:00 0 
7f13c17a6000-7f13c18e6000 rw-p 00000000 00:00 0 
7f13c18e6000-7f13c19a6000 ---p 00000000 00:00 0 
7f13c19a6000-7f13c19af000 r-xp 00000000 08:01 4204417                    /usr/lib/jvm/java-8-oracle/jre/lib/amd64/libmanagement.so
7f13c19af000-7f13c1bae000 ---p 00009000 08:01 4204417                    /usr/lib/jvm/java-8-oracle/jre/lib/amd64/libmanagement.so
7f13c1bae000-7f13c1baf000 rw-p 00008000 08:01 4204417                    /usr/lib/jvm/java-8-oracle/jre/lib/amd64/libmanagement.so
7f13c1baf000-7f13c1bb2000 ---p 00000000 00:00 0 
7f13c1bb2000-7f13c1cb0000 rw-p 00000000 00:00 0 
7f13c1cb0000-7f13c1cb3000 ---p 00000000 00:00 0 
7f13c1cb3000-7f13c1db1000 rw-p 00000000 00:00 0 
7f13c1db1000-7f13c1db4000 ---p 00000000 00:00 0 
7f13c1db4000-7f13c1eb2000 rw-p 00000000 00:00 0 
7f13c1eb2000-7f13c1eb5000 ---p 00000000 00:00 0 
7f13c1eb5000-7f13c1fb3000 rw-p 00000000 00:00 0 
7f13c1fb3000-7f13c1fb6000 ---p 00000000 00:00 0 
7f13c1fb6000-7f13c20b4000 rw-p 00000000 00:00 0 
7f13c20b4000-7f13c20b9000 r-xp 00000000 08:01 2366523                    /usr/lib/x86_64-linux-gnu/libXfixes.so.3.1.0
7f13c20b9000-7f13c22b8000 ---p 00005000 08:01 2366523                    /usr/lib/x86_64-linux-gnu/libXfixes.so.3.1.0
7f13c22b8000-7f13c22b9000 r--p 00004000 08:01 2366523                    /usr/lib/x86_64-linux-gnu/libXfixes.so.3.1.0
7f13c22b9000-7f13c22ba000 rw-p 00005000 08:01 2366523                    /usr/lib/x86_64-linux-gnu/libXfixes.so.3.1.0
7f13c22ba000-7f13c22c3000 r-xp 00000000 08:01 2365340                    /usr/lib/x86_64-linux-gnu/libXcursor.so.1.0.2
7f13c22c3000-7f13c24c2000 ---p 00009000 08:01 2365340                    /usr/lib/x86_64-linux-gnu/libXcursor.so.1.0.2
7f13c24c2000-7f13c24c3000 r--p 00008000 08:01 2365340                    /usr/lib/x86_64-linux-gnu/libXcursor.so.1.0.2
7f13c24c3000-7f13c24c4000 rw-p 00009000 08:01 2365340                    /usr/lib/x86_64-linux-gnu/libXcursor.so.1.0.2
7f13c24c4000-7f13c26c4000 rw-p 00000000 00:00 0 
7f13c26c4000-7f13c2729000 r-xp 00000000 08:01 4204386                    /usr/lib/jvm/java-8-oracle/jre/lib/amd64/libfontmanager.so
7f13c2729000-7f13c2928000 ---p 00065000 08:01 4204386                    /usr/lib/jvm/java-8-oracle/jre/lib/amd64/libfontmanager.so
7f13c2928000-7f13c292d000 rw-p 00064000 08:01 4204386                    /usr/lib/jvm/java-8-oracle/jre/lib/amd64/libfontmanager.so
7f13c292d000-7f13c293d000 rw-p 00000000 00:00 0 
7f13c293d000-7f13c2942000 r-xp 00000000 08:01 2366519                    /usr/lib/x86_64-linux-gnu/libXdmcp.so.6.0.0
7f13c2942000-7f13c2b41000 ---p 00005000 08:01 2366519                    /usr/lib/x86_64-linux-gnu/libXdmcp.so.6.0.0
7f13c2b41000-7f13c2b42000 r--p 00004000 08:01 2366519                    /usr/lib/x86_64-linux-gnu/libXdmcp.so.6.0.0
7f13c2b42000-7f13c2b43000 rw-p 00005000 08:01 2366519                    /usr/lib/x86_64-linux-gnu/libXdmcp.so.6.0.0
7f13c2b43000-7f13c2b45000 r-xp 00000000 08:01 2366508                    /usr/lib/x86_64-linux-gnu/libXau.so.6.0.0
7f13c2b45000-7f13c2d45000 ---p 00002000 08:01 2366508                    /usr/lib/x86_64-linux-gnu/libXau.so.6.0.0
7f13c2d45000-7f13c2d46000 r--p 00002000 08:01 2366508                    /usr/lib/x86_64-linux-gnu/libXau.so.6.0.0
7f13c2d46000-7f13c2d47000 rw-p 00003000 08:01 2366508                    /usr/lib/x86_64-linux-gnu/libXau.so.6.0.0
7f13c2d47000-7f13c2d68000 r-xp 00000000 08:01 2367926                    /usr/lib/x86_64-linux-gnu/libxcb.so.1.1.0
7f13c2d68000-7f13c2f67000 ---p 00021000 08:01 2367926                    /usr/lib/x86_64-linux-gnu/libxcb.so.1.1.0
7f13c2f67000-7f13c2f68000 r--p 00020000 08:01 2367926                    /usr/lib/x86_64-linux-gnu/libxcb.so.1.1.0
7f13c2f68000-7f13c2f69000 rw-p 00021000 08:01 2367926                    /usr/lib/x86_64-linux-gnu/libxcb.so.1.1.0
7f13c2f69000-7f13c2f78000 r-xp 00000000 08:01 2366531                    /usr/lib/x86_64-linux-gnu/libXi.so.6.1.0
7f13c2f78000-7f13c3177000 ---p 0000f000 08:01 2366531                    /usr/lib/x86_64-linux-gnu/libXi.so.6.1.0
7f13c3177000-7f13c3178000 r--p 0000e000 08:01 2366531                    /usr/lib/x86_64-linux-gnu/libXi.so.6.1.0
7f13c3178000-7f13c3179000 rw-p 0000f000 08:01 2366531                    /usr/lib/x86_64-linux-gnu/libXi.so.6.1.0
7f13c3179000-7f13c317e000 r-xp 00000000 08:01 2366549                    /usr/lib/x86_64-linux-gnu/libXtst.so.6.1.0
7f13c317e000-7f13c337d000 ---p 00005000 08:01 2366549                    /usr/lib/x86_64-linux-gnu/libXtst.so.6.1.0
7f13c337d000-7f13c337e000 r--p 00004000 08:01 2366549                    /usr/lib/x86_64-linux-gnu/libXtst.so.6.1.0
7f13c337e000-7f13c337f000 rw-p 00005000 08:01 2366549                    /usr/lib/x86_64-linux-gnu/libXtst.so.6.1.0
7f13c337f000-7f13c3388000 r-xp 00000000 08:01 2366543                    /usr/lib/x86_64-linux-gnu/libXrender.so.1.3.0
7f13c3388000-7f13c3587000 ---p 00009000 08:01 2366543                    /usr/lib/x86_64-linux-gnu/libXrender.so.1.3.0
7f13c3587000-7f13c3588000 r--p 00008000 08:01 2366543                    /usr/lib/x86_64-linux-gnu/libXrender.so.1.3.0
7f13c3588000-7f13c3589000 rw-p 00009000 08:01 2366543                    /usr/lib/x86_64-linux-gnu/libXrender.so.1.3.0
7f13c3589000-7f13c36be000 r-xp 00000000 08:01 2366504                    /usr/lib/x86_64-linux-gnu/libX11.so.6.3.0
7f13c36be000-7f13c38be000 ---p 00135000 08:01 2366504                    /usr/lib/x86_64-linux-gnu/libX11.so.6.3.0
7f13c38be000-7f13c38bf000 r--p 00135000 08:01 2366504                    /usr/lib/x86_64-linux-gnu/libX11.so.6.3.0
7f13c38bf000-7f13c38c3000 rw-p 00136000 08:01 2366504                    /usr/lib/x86_64-linux-gnu/libX11.so.6.3.0
7f13c38c3000-7f13c38d4000 r-xp 00000000 08:01 2366521                    /usr/lib/x86_64-linux-gnu/libXext.so.6.4.0
7f13c38d4000-7f13c3ad3000 ---p 00011000 08:01 2366521                    /usr/lib/x86_64-linux-gnu/libXext.so.6.4.0
7f13c3ad3000-7f13c3ad4000 r--p 00010000 08:01 2366521                    /usr/lib/x86_64-linux-gnu/libXext.so.6.4.0
7f13c3ad4000-7f13c3ad5000 rw-p 00011000 08:01 2366521                    /usr/lib/x86_64-linux-gnu/libXext.so.6.4.0
7f13c3ad5000-7f13c3b29000 r-xp 00000000 08:01 4204416                    /usr/lib/jvm/java-8-oracle/jre/lib/amd64/libawt_xawt.so
7f13c3b29000-7f13c3d29000 ---p 00054000 08:01 4204416                    /usr/lib/jvm/java-8-oracle/jre/lib/amd64/libawt_xawt.so
7f13c3d29000-7f13c3d2d000 rw-p 00054000 08:01 4204416                    /usr/lib/jvm/java-8-oracle/jre/lib/amd64/libawt_xawt.so
7f13c3d2d000-7f13c3d2e000 rw-p 00000000 00:00 0 
7f13c3d2e000-7f13c3dd0000 r-xp 00000000 08:01 4204402                    /usr/lib/jvm/java-8-oracle/jre/lib/amd64/libawt.so
7f13c3dd0000-7f13c3fd0000 ---p 000a2000 08:01 4204402                    /usr/lib/jvm/java-8-oracle/jre/lib/amd64/libawt.so
7f13c3fd0000-7f13c3fdc000 rw-p 000a2000 08:01 4204402                    /usr/lib/jvm/java-8-oracle/jre/lib/amd64/libawt.so
7f13c3fdc000-7f13c4000000 rw-p 00000000 00:00 0 
7f13c4000000-7f13c4021000 rw-p 00000000 00:00 0 
7f13c4021000-7f13c8000000 ---p 00000000 00:00 0 
7f13c8000000-7f13c8021000 rw-p 00000000 00:00 0 
7f13c8021000-7f13cc000000 ---p 00000000 00:00 0 
7f13cc000000-7f13cc021000 rw-p 00000000 00:00 0 
7f13cc021000-7f13d0000000 ---p 00000000 00:00 0 
7f13d0000000-7f13d0021000 rw-p 00000000 00:00 0 
7f13d0021000-7f13d4000000 ---p 00000000 00:00 0 
7f13d4000000-7f13d4021000 rw-p 00000000 00:00 0 
7f13d4021000-7f13d8000000 ---p 00000000 00:00 0 
7f13d8000000-7f13d8021000 rw-p 00000000 00:00 0 
7f13d8021000-7f13dc000000 ---p 00000000 00:00 0 
7f13dc0a1000-7f13dc0a4000 ---p 00000000 00:00 0 
7f13dc0a4000-7f13dc3a2000 rw-p 00000000 00:00 0 
7f13dc3a2000-7f13dc5a2000 rw-p 00000000 00:00 0 
7f13dc5a2000-7f13dc5b8000 r-xp 00000000 08:01 2101753                    /lib/x86_64-linux-gnu/libgcc_s.so.1
7f13dc5b8000-7f13dc7b7000 ---p 00016000 08:01 2101753                    /lib/x86_64-linux-gnu/libgcc_s.so.1
7f13dc7b7000-7f13dc7b8000 rw-p 00015000 08:01 2101753                    /lib/x86_64-linux-gnu/libgcc_s.so.1
7f13dc7b8000-7f13dc7ea000 r-xp 00000000 08:01 4203929                    /usr/lib/jvm/java-8-oracle/jre/lib/amd64/libsunec.so
7f13dc7ea000-7f13dc9e9000 ---p 00032000 08:01 4203929                    /usr/lib/jvm/java-8-oracle/jre/lib/amd64/libsunec.so
7f13dc9e9000-7f13dc9ef000 rw-p 00031000 08:01 4203929                    /usr/lib/jvm/java-8-oracle/jre/lib/amd64/libsunec.so
7f13dc9ef000-7f13dcbff000 rw-p 00000000 00:00 0 
7f13dcbff000-7f13dcdff000 rw-p 00000000 00:00 0 
7f13dcdff000-7f13dcfff000 rw-p 00000000 00:00 0 
7f13dcfff000-7f13e0000000 rw-p 00000000 00:00 0 
7f13e0000000-7f13e0f7a000 rw-p 00000000 00:00 0 
7f13e0f7a000-7f13e4000000 ---p 00000000 00:00 0 
7f13e4000000-7f13e4021000 rw-p 00000000 00:00 0 
7f13e4021000-7f13e8000000 ---p 00000000 00:00 0 
7f13e8000000-7f13e9841000 rw-p 00000000 00:00 0 
7f13e9841000-7f13ec000000 ---p 00000000 00:00 0 
7f13ec000000-7f13ed30a000 rw-p 00000000 00:00 0 
7f13ed30a000-7f13f0000000 ---p 00000000 00:00 0 
7f13f0000000-7f13f0021000 rw-p 00000000 00:00 0 
7f13f0021000-7f13f4000000 ---p 00000000 00:00 0 
7f13f4000000-7f13f4021000 rw-p 00000000 00:00 0 
7f13f4021000-7f13f8000000 ---p 00000000 00:00 0 
7f13f8000000-7f13f80ab000 rw-p 00000000 00:00 0 
7f13f80ab000-7f13fc000000 ---p 00000000 00:00 0 
7f13fc000000-7f13fc021000 rw-p 00000000 00:00 0 
7f13fc021000-7f1400000000 ---p 00000000 00:00 0 
7f1400000000-7f1400022000 rw-p 00000000 00:00 0 
7f1400022000-7f1404000000 ---p 00000000 00:00 0 
7f1404000000-7f1404021000 rw-p 00000000 00:00 0 
7f1404021000-7f1408000000 ---p 00000000 00:00 0 
7f1408000000-7f1408021000 rw-p 00000000 00:00 0 
7f1408021000-7f140c000000 ---p 00000000 00:00 0 
7f140c04f000-7f140c060000 r-xp 00000000 08:01 4204412                    /usr/lib/jvm/java-8-oracle/jre/lib/amd64/libnio.so
7f140c060000-7f140c25f000 ---p 00011000 08:01 4204412                    /usr/lib/jvm/java-8-oracle/jre/lib/amd64/libnio.so
7f140c25f000-7f140c260000 rw-p 00010000 08:01 4204412                    /usr/lib/jvm/java-8-oracle/jre/lib/amd64/libnio.so
7f140c260000-7f1410000000 rw-p 00000000 00:00 0 
7f1410000000-7f1410021000 rw-p 00000000 00:00 0 
7f1410021000-7f1414000000 ---p 00000000 00:00 0 
7f14140d9000-7f14140dc000 ---p 00000000 00:00 0 
7f14140dc000-7f14143da000 rw-p 00000000 00:00 0 
7f14144ab000-7f14144ae000 ---p 00000000 00:00 0 
7f14144ae000-7f14145ac000 rw-p 00000000 00:00 0 
7f14145ac000-7f14145af000 ---p 00000000 00:00 0 
7f14145af000-7f14146ad000 rw-p 00000000 00:00 0 
7f14146ad000-7f14146c3000 r-xp 00000000 08:01 4204409                    /usr/lib/jvm/java-8-oracle/jre/lib/amd64/libnet.so
7f14146c3000-7f14148c3000 ---p 00016000 08:01 4204409                    /usr/lib/jvm/java-8-oracle/jre/lib/amd64/libnet.so
7f14148c3000-7f14148c4000 rw-p 00016000 08:01 4204409                    /usr/lib/jvm/java-8-oracle/jre/lib/amd64/libnet.so
7f14148fa000-7f14148fd000 ---p 00000000 00:00 0 
7f14148fd000-7f1414933000 rw-p 00000000 00:00 0 
7f1414933000-7f141493a000 r--s 00000000 08:01 2755676                    /usr/lib/x86_64-linux-gnu/gconv/gconv-modules.cache
7f141493a000-7f141495f000 r--p 00000000 08:01 4197044                    /usr/share/locale-langpack/es/LC_MESSAGES/libc.mo
7f141495f000-7f1414962000 ---p 00000000 00:00 0 
7f1414962000-7f1414a60000 rw-p 00000000 00:00 0 
7f1414a60000-7f1414a62000 r--s 00009000 08:01 3949348                    /usr/lib/jvm/java-8-oracle/jre/lib/ext/sunec.jar
7f1414a62000-7f1414a66000 r--s 0003a000 08:01 3949355                    /usr/lib/jvm/java-8-oracle/jre/lib/ext/sunpkcs11.jar
7f1414a66000-7f1414a69000 r--s 0001a000 08:01 3553996                    /usr/lib/jvm/java-8-oracle/jre/lib/jce.jar
7f1414a69000-7f1414a73000 r--s 00116000 08:01 3949357                    /usr/lib/jvm/java-8-oracle/jre/lib/ext/localedata.jar
7f1414a73000-7f1414a8f000 r--s 00393000 08:01 3949350                    /usr/lib/jvm/java-8-oracle/jre/lib/ext/cldrdata.jar
7f1414a8f000-7f1414a94000 r--s 0009d000 08:01 3553990                    /usr/lib/jvm/java-8-oracle/jre/lib/jsse.jar
7f1414a94000-7f1414c94000 rw-p 00000000 00:00 0 
7f1414c94000-7f1414c95000 ---p 00000000 00:00 0 
7f1414c95000-7f1414d95000 rw-p 00000000 00:00 0 
7f1414d95000-7f1414d98000 ---p 00000000 00:00 0 
7f1414d98000-7f1414e96000 rw-p 00000000 00:00 0 
7f1414e96000-7f1414e99000 ---p 00000000 00:00 0 
7f1414e99000-7f1414f97000 rw-p 00000000 00:00 0 
7f1414f97000-7f1414f9a000 ---p 00000000 00:00 0 
7f1414f9a000-7f1415098000 rw-p 00000000 00:00 0 
7f1415098000-7f141509b000 ---p 00000000 00:00 0 
7f141509b000-7f1415199000 rw-p 00000000 00:00 0 
7f1415199000-7f14151b2000 r--s 001af000 08:01 10882111                   /home/acosanchez/.m2/repository/org/aspectj/aspectjweaver/1.8.9/aspectjweaver-1.8.9.jar
7f14151b2000-7f14151bb000 r--s 0006f000 08:01 9309062                    /home/acosanchez/.m2/repository/log4j/log4j/1.2.17/log4j-1.2.17.jar
7f14151bb000-7f14151c0000 r--s 00046000 08:01 10881747                   /home/acosanchez/.m2/repository/org/apache/commons/commons-lang3/3.0/commons-lang3-3.0.jar
7f14151c0000-7f14151c1000 r--s 00001000 08:01 10881745                   /home/acosanchez/.m2/repository/org/jdom/jaxen-jdom/1.0-FCS/jaxen-jdom-1.0-FCS.jar
7f14151c1000-7f14151c2000 r--s 00005000 08:01 10881743                   /home/acosanchez/.m2/repository/saxpath/saxpath/1.0-FCS/saxpath-1.0-FCS.jar
7f14151c2000-7f14151c8000 r--s 00033000 08:01 10881741                   /home/acosanchez/.m2/repository/jaxen/jaxen/1.1.6/jaxen-1.1.6.jar
7f14151c8000-7f14151cb000 r--s 00023000 08:01 10356340                   /home/acosanchez/.m2/repository/org/jdom/jdom/1.1/jdom-1.1.jar
7f14151cb000-7f14151e3000 r--s 001b9000 08:01 10881739                   /home/acosanchez/.m2/repository/javax/media/jmf/2.1.1e/jmf-2.1.1e.jar
7f14151e3000-7f14151e6000 r--s 0003d000 08:01 10881754                   /home/acosanchez/.m2/repository/javax/media/jai/com.springsource.javax.media.jai.codec/1.1.3/com.springsource.javax.media.jai.codec-1.1.3.jar
7f14151e6000-7f14151fa000 r--s 001c0000 08:01 10881246                   /home/acosanchez/.m2/repository/javax/media/jai/com.springsource.javax.media.jai.core/1.1.3/com.springsource.javax.media.jai.core-1.1.3.jar
7f14151fa000-7f1415205000 r--s 000c7000 08:01 10881737                   /home/acosanchez/.m2/repository/com/pojosontheweb/monte-repack/1.0.1/monte-repack-1.0.1.jar
7f1415205000-7f141520a000 r--s 0005d000 08:01 10881735                   /home/acosanchez/.m2/repository/org/seleniumhq/selenium/selenium-leg-rc/2.53.1/selenium-leg-rc-2.53.1.jar
7f141520a000-7f141520f000 r--s 00025000 08:01 10881733                   /home/acosanchez/.m2/repository/org/seleniumhq/selenium/selenium-support/2.53.1/selenium-support-2.53.1.jar
7f141520f000-7f1415225000 r--s 000f9000 08:01 10881731                   /home/acosanchez/.m2/repository/io/netty/netty/3.5.7.Final/netty-3.5.7.Final.jar
7f1415225000-7f1415227000 r--s 00014000 08:01 10881729                   /home/acosanchez/.m2/repository/org/seleniumhq/selenium/selenium-safari-driver/2.53.1/selenium-safari-driver-2.53.1.jar
7f1415227000-7f1415238000 r--s 00155000 08:01 10881727                   /home/acosanchez/.m2/repository/net/java/dev/jna/jna-platform/4.1.0/jna-platform-4.1.0.jar
7f1415238000-7f141523c000 r--s 000dc000 08:01 10881725                   /home/acosanchez/.m2/repository/net/java/dev/jna/jna/4.1.0/jna-4.1.0.jar
7f141523c000-7f141523d000 r--s 00002000 08:01 10881723                   /home/acosanchez/.m2/repository/org/seleniumhq/selenium/selenium-ie-driver/2.53.1/selenium-ie-driver-2.53.1.jar
7f141523d000-7f141523f000 r--s 000c7000 08:01 10881721                   /home/acosanchez/.m2/repository/org/seleniumhq/selenium/selenium-firefox-driver/2.53.1/selenium-firefox-driver-2.53.1.jar
7f141523f000-7f141524c000 r--s 00083000 08:01 10487923                   /home/acosanchez/.m2/repository/commons-collections/commons-collections/3.2.2/commons-collections-3.2.2.jar
7f141524c000-7f141524e000 r--s 00009000 08:01 10881719                   /home/acosanchez/.m2/repository/org/eclipse/jetty/websocket/websocket-api/9.2.15.v20160210/websocket-api-9.2.15.v20160210.jar
7f141524e000-7f1415253000 r--s 00028000 08:01 10881717                   /home/acosanchez/.m2/repository/org/eclipse/jetty/websocket/websocket-common/9.2.15.v20160210/websocket-common-9.2.15.v20160210.jar
7f1415253000-7f1415256000 r--s 00018000 08:01 10881715                   /home/acosanchez/.m2/repository/org/eclipse/jetty/jetty-io/9.2.15.v20160210/jetty-io-9.2.15.v20160210.jar
7f1415256000-7f141525c000 r--s 00054000 08:01 10881713                   /home/acosanchez/.m2/repository/org/eclipse/jetty/jetty-util/9.2.15.v20160210/jetty-util-9.2.15.v20160210.jar
7f141525c000-7f141525d000 r--s 00008000 08:01 10881711                   /home/acosanchez/.m2/repository/org/eclipse/jetty/websocket/websocket-client/9.2.15.v20160210/websocket-client-9.2.15.v20160210.jar
7f141525d000-7f141525f000 r--s 0000e000 08:01 10356287                   /home/acosanchez/.m2/repository/commons-logging/commons-logging/1.2/commons-logging-1.2.jar
7f141525f000-7f1415260000 r--s 00003000 08:01 10749813                   /home/acosanchez/.m2/repository/org/w3c/css/sac/1.3/sac-1.3.jar
7f1415260000-7f1415264000 r--s 00058000 08:01 10881709                   /home/acosanchez/.m2/repository/net/sourceforge/cssparser/cssparser/0.9.18/cssparser-0.9.18.jar
7f1415264000-7f141526d000 r--s 0002d000 08:01 10749855                   /home/acosanchez/.m2/repository/xml-apis/xml-apis/1.4.01/xml-apis-1.4.01.jar
7f141526d000-7f1415286000 r--s 00135000 08:01 10749853                   /home/acosanchez/.m2/repository/xerces/xercesImpl/2.11.0/xercesImpl-2.11.0.jar
7f1415286000-7f1415289000 r--s 0001c000 08:01 10881707                   /home/acosanchez/.m2/repository/net/sourceforge/htmlunit/neko-htmlunit/2.21/neko-htmlunit-2.21.jar
7f1415289000-7f1415297000 r--s 000fc000 08:01 10881705                   /home/acosanchez/.m2/repository/net/sourceforge/htmlunit/htmlunit-core-js/2.17/htmlunit-core-js-2.17.jar
7f1415297000-7f141529e000 r--s 0003f000 08:01 10487916                   /home/acosanchez/.m2/repository/commons-codec/commons-codec/1.10/commons-codec-1.10.jar
7f141529e000-7f14152a0000 r--s 00009000 08:01 10881703                   /home/acosanchez/.m2/repository/org/apache/httpcomponents/httpmime/4.5.2/httpmime-4.5.2.jar
7f14152a0000-7f14152a4000 r--s 00040000 08:01 10749849                   /home/acosanchez/.m2/repository/xalan/serializer/2.7.2/serializer-2.7.2.jar
7f14152a4000-7f14152c9000 r--s 002de000 08:01 10749851                   /home/acosanchez/.m2/repository/xalan/xalan/2.7.2/xalan-2.7.2.jar
7f14152c9000-7f14152ef000 r--s 001a1000 08:01 10881701                   /home/acosanchez/.m2/repository/net/sourceforge/htmlunit/htmlunit/2.21/htmlunit-2.21.jar
7f14152ef000-7f14152f1000 r--s 0000e000 08:01 10881699                   /home/acosanchez/.m2/repository/org/seleniumhq/selenium/htmlunit-driver/2.21/htmlunit-driver-2.21.jar
7f14152f1000-7f14152f3000 r--s 0000c000 08:01 9044688                    /home/acosanchez/.m2/repository/org/apache/commons/commons-exec/1.3/commons-exec-1.3.jar
7f14152f3000-7f14152f4000 r--s 00001000 08:01 10881697                   /home/acosanchez/.m2/repository/org/seleniumhq/selenium/selenium-edge-driver/2.53.1/selenium-edge-driver-2.53.1.jar
7f14152f4000-7f1415320000 r--s 00208000 08:01 10881695                   /home/acosanchez/.m2/repository/com/google/guava/guava/19.0/guava-19.0.jar
7f1415320000-7f1415327000 r--s 00049000 08:01 10881693                   /home/acosanchez/.m2/repository/org/apache/httpcomponents/httpcore/4.4.3/httpcore-4.4.3.jar
7f1415327000-7f1415334000 r--s 000a6000 08:01 10881691                   /home/acosanchez/.m2/repository/org/apache/httpcomponents/httpclient/4.5.1/httpclient-4.5.1.jar
7f1415334000-7f1415339000 r--s 0001f000 08:01 10881689                   /home/acosanchez/.m2/repository/org/seleniumhq/selenium/selenium-api/2.53.1/selenium-api-2.53.1.jar
7f1415339000-7f141533e000 r--s 0002f000 08:01 10881687                   /home/acosanchez/.m2/repository/com/google/code/gson/gson/2.3.1/gson-2.3.1.jar
7f141533e000-7f1415345000 r--s 00049000 08:01 10881685                   /home/acosanchez/.m2/repository/cglib/cglib-nodep/2.1_3/cglib-nodep-2.1_3.jar
7f1415345000-7f141534a000 r--s 00035000 08:01 10881683                   /home/acosanchez/.m2/repository/org/seleniumhq/selenium/selenium-remote-driver/2.53.1/selenium-remote-driver-2.53.1.jar
7f141534a000-7f141534b000 r--s 00002000 08:01 10881681                   /home/acosanchez/.m2/repository/org/seleniumhq/selenium/selenium-chrome-driver/2.53.1/selenium-chrome-driver-2.53.1.jar
7f141534b000-7f1415350000 r--s 00040000 08:01 8915896                    /home/acosanchez/.m2/repository/org/beanshell/bsh/2.0b4/bsh-2.0b4.jar
7f1415350000-7f141535e000 r--s 000c7000 08:01 10881675                   /home/acosanchez/.m2/repository/org/testng/testng/6.9.10/testng-6.9.10.jar
7f141535e000-7f14153f4000 r--s 0110a000 08:01 3949351                    /usr/lib/jvm/java-8-oracle/jre/lib/ext/jfxrt.jar
7f14153f4000-7f14153f7000 ---p 00000000 00:00 0 
7f14153f7000-7f14154f5000 rw-p 00000000 00:00 0 
7f14154f5000-7f1415a42000 r--p 00000000 08:01 2365810                    /usr/lib/locale/locale-archive
7f1415a42000-7f1415a45000 ---p 00000000 00:00 0 
7f1415a45000-7f1415b43000 rw-p 00000000 00:00 0 
7f1415b43000-7f1415b46000 ---p 00000000 00:00 0 
7f1415b46000-7f1415c44000 rw-p 00000000 00:00 0 
7f1415c44000-7f1415c45000 ---p 00000000 00:00 0 
7f1415c45000-7f1416c54000 rw-p 00000000 00:00 0 
7f1416c54000-7f1416e2d000 r--s 03d64000 08:01 3553985                    /usr/lib/jvm/java-8-oracle/jre/lib/rt.jar
7f1416e2d000-7f1417a7d000 rw-p 00000000 00:00 0 
7f1417a7d000-7f1417a7e000 ---p 00000000 00:00 0 
7f1417a7e000-7f1417b7e000 rw-p 00000000 00:00 0 
7f1417b7e000-7f1417b7f000 ---p 00000000 00:00 0 
7f1417b7f000-7f1417c7f000 rw-p 00000000 00:00 0 
7f1417c7f000-7f1417c80000 ---p 00000000 00:00 0 
7f1417c80000-7f1417dce000 rw-p 00000000 00:00 0 
7f1417dce000-7f1418012000 ---p 00000000 00:00 0 
7f1418012000-7f1418060000 rw-p 00000000 00:00 0 
7f1418060000-7f14182a3000 ---p 00000000 00:00 0 
7f14182a3000-7f141839f000 rw-p 00000000 00:00 0 
7f141839f000-7f14183ec000 ---p 00000000 00:00 0 
7f14183ec000-7f141841a000 rw-p 00000000 00:00 0 
7f141841a000-7f14187ad000 ---p 00000000 00:00 0 
7f14187ad000-7f14192bd000 rwxp 00000000 00:00 0 
7f14192bd000-7f14277ad000 ---p 00000000 00:00 0 
7f14277ad000-7f14277c8000 r-xp 00000000 08:01 4204405                    /usr/lib/jvm/java-8-oracle/jre/lib/amd64/libzip.so
7f14277c8000-7f14279c8000 ---p 0001b000 08:01 4204405                    /usr/lib/jvm/java-8-oracle/jre/lib/amd64/libzip.so
7f14279c8000-7f14279c9000 rw-p 0001b000 08:01 4204405                    /usr/lib/jvm/java-8-oracle/jre/lib/amd64/libzip.so
7f14279c9000-7f14279d4000 r-xp 00000000 08:01 2097248                    /lib/x86_64-linux-gnu/libnss_files-2.23.so
7f14279d4000-7f1427bd3000 ---p 0000b000 08:01 2097248                    /lib/x86_64-linux-gnu/libnss_files-2.23.so
7f1427bd3000-7f1427bd4000 r--p 0000a000 08:01 2097248                    /lib/x86_64-linux-gnu/libnss_files-2.23.so
7f1427bd4000-7f1427bd5000 rw-p 0000b000 08:01 2097248                    /lib/x86_64-linux-gnu/libnss_files-2.23.so
7f1427bd5000-7f1427bdb000 rw-p 00000000 00:00 0 
7f1427bdb000-7f1427be6000 r-xp 00000000 08:01 2101732                    /lib/x86_64-linux-gnu/libnss_nis-2.23.so
7f1427be6000-7f1427de5000 ---p 0000b000 08:01 2101732                    /lib/x86_64-linux-gnu/libnss_nis-2.23.so
7f1427de5000-7f1427de6000 r--p 0000a000 08:01 2101732                    /lib/x86_64-linux-gnu/libnss_nis-2.23.so
7f1427de6000-7f1427de7000 rw-p 0000b000 08:01 2101732                    /lib/x86_64-linux-gnu/libnss_nis-2.23.so
7f1427de7000-7f1427dfd000 r-xp 00000000 08:01 2097166                    /lib/x86_64-linux-gnu/libnsl-2.23.so
7f1427dfd000-7f1427ffc000 ---p 00016000 08:01 2097166                    /lib/x86_64-linux-gnu/libnsl-2.23.so
7f1427ffc000-7f1427ffd000 r--p 00015000 08:01 2097166                    /lib/x86_64-linux-gnu/libnsl-2.23.so
7f1427ffd000-7f1427ffe000 rw-p 00016000 08:01 2097166                    /lib/x86_64-linux-gnu/libnsl-2.23.so
7f1427ffe000-7f1428000000 rw-p 00000000 00:00 0 
7f1428000000-7f1429ec4000 rw-p 00000000 00:00 0 
7f1429ec4000-7f142c000000 ---p 00000000 00:00 0 
7f142c000000-7f142c001000 r--s 00000000 08:01 10881679                   /home/acosanchez/.m2/repository/org/seleniumhq/selenium/selenium-java/2.53.1/selenium-java-2.53.1.jar
7f142c001000-7f142c003000 r--s 0000e000 08:01 10881677                   /home/acosanchez/.m2/repository/com/beust/jcommander/1.48/jcommander-1.48.jar
7f142c003000-7f142c007000 r--s 0002a000 08:01 9706508                    /home/acosanchez/.m2/repository/commons-io/commons-io/2.4/commons-io-2.4.jar
7f142c007000-7f142c008000 r--s 00002000 08:01 10881756                   /home/acosanchez/.m2/repository/com/github/agomezmoron/webdriver-screenshot/1.0.3/webdriver-screenshot-1.0.3.jar
7f142c008000-7f142c00a000 r--s 00009000 08:01 10881752                   /home/acosanchez/.m2/repository/com/emergya/selenium-handler/0.1.10/selenium-handler-0.1.10.jar
7f142c00a000-7f142c00e000 r--s 00019000 08:01 10881673                   /home/acosanchez/.m2/repository/org/aspectj/aspectjrt/1.8.3/aspectjrt-1.8.3.jar
7f142c00e000-7f142c015000 r--s 0007a000 08:01 10881671                   /home/acosanchez/.m2/repository/org/apache/tika/tika-core/1.7/tika-core-1.7.jar
7f142c015000-7f142c016000 r--s 00007000 08:01 10752216                   /home/acosanchez/.m2/repository/org/slf4j/slf4j-api/1.7.12/slf4j-api-1.7.12.jar
7f142c016000-7f142c018000 r--s 00007000 08:01 10881669                   /home/acosanchez/.m2/repository/ru/qatools/commons/properties/2.0.RC3/properties-2.0.RC3.jar
7f142c018000-7f142c01e000 r--s 0001e000 08:01 10881667                   /home/acosanchez/.m2/repository/org/jvnet/jaxb2_commons/jaxb2-basics-runtime/0.9.3/jaxb2-basics-runtime-0.9.3.jar
7f142c01e000-7f142c01f000 r--s 00009000 08:01 10881665                   /home/acosanchez/.m2/repository/ru/yandex/qatools/allure/allure-model/1.5.0.RC2/allure-model-1.5.0.RC2.jar
7f142c01f000-7f142c020000 r--s 00001000 08:01 10881663                   /home/acosanchez/.m2/repository/ru/yandex/qatools/allure/allure-java-annotations/1.5.0.RC2/allure-java-annotations-1.5.0.RC2.jar
7f142c020000-7f142c033000 r--s 00345000 08:01 3553989                    /usr/lib/jvm/java-8-oracle/jre/lib/resources.jar
7f142c033000-7f142c034000 ---p 00000000 00:00 0 
7f142c034000-7f142c134000 rw-p 00000000 00:00 0 
7f142c134000-7f142c13c000 r-xp 00000000 08:01 2097243                    /lib/x86_64-linux-gnu/libnss_compat-2.23.so
7f142c13c000-7f142c33b000 ---p 00008000 08:01 2097243                    /lib/x86_64-linux-gnu/libnss_compat-2.23.so
7f142c33b000-7f142c33c000 r--p 00007000 08:01 2097243                    /lib/x86_64-linux-gnu/libnss_compat-2.23.so
7f142c33c000-7f142c33d000 rw-p 00008000 08:01 2097243                    /lib/x86_64-linux-gnu/libnss_compat-2.23.so
7f142c33d000-7f142c347000 r-xp 00000000 08:01 4204414                    /usr/lib/jvm/java-8-oracle/jre/lib/amd64/libinstrument.so
7f142c347000-7f142c546000 ---p 0000a000 08:01 4204414                    /usr/lib/jvm/java-8-oracle/jre/lib/amd64/libinstrument.so
7f142c546000-7f142c547000 rw-p 00009000 08:01 4204414                    /usr/lib/jvm/java-8-oracle/jre/lib/amd64/libinstrument.so
7f142c547000-7f142c572000 r-xp 00000000 08:01 4204399                    /usr/lib/jvm/java-8-oracle/jre/lib/amd64/libjava.so
7f142c572000-7f142c771000 ---p 0002b000 08:01 4204399                    /usr/lib/jvm/java-8-oracle/jre/lib/amd64/libjava.so
7f142c771000-7f142c773000 rw-p 0002a000 08:01 4204399                    /usr/lib/jvm/java-8-oracle/jre/lib/amd64/libjava.so
7f142c773000-7f142c780000 r-xp 00000000 08:01 4204404                    /usr/lib/jvm/java-8-oracle/jre/lib/amd64/libverify.so
7f142c780000-7f142c980000 ---p 0000d000 08:01 4204404                    /usr/lib/jvm/java-8-oracle/jre/lib/amd64/libverify.so
7f142c980000-7f142c982000 rw-p 0000d000 08:01 4204404                    /usr/lib/jvm/java-8-oracle/jre/lib/amd64/libverify.so
7f142c982000-7f142c989000 r-xp 00000000 08:01 2101733                    /lib/x86_64-linux-gnu/librt-2.23.so
7f142c989000-7f142cb88000 ---p 00007000 08:01 2101733                    /lib/x86_64-linux-gnu/librt-2.23.so
7f142cb88000-7f142cb89000 r--p 00006000 08:01 2101733                    /lib/x86_64-linux-gnu/librt-2.23.so
7f142cb89000-7f142cb8a000 rw-p 00007000 08:01 2101733                    /lib/x86_64-linux-gnu/librt-2.23.so
7f142cb8a000-7f142cc92000 r-xp 00000000 08:01 2097157                    /lib/x86_64-linux-gnu/libm-2.23.so
7f142cc92000-7f142ce91000 ---p 00108000 08:01 2097157                    /lib/x86_64-linux-gnu/libm-2.23.so
7f142ce91000-7f142ce92000 r--p 00107000 08:01 2097157                    /lib/x86_64-linux-gnu/libm-2.23.so
7f142ce92000-7f142ce93000 rw-p 00108000 08:01 2097157                    /lib/x86_64-linux-gnu/libm-2.23.so
7f142ce93000-7f142db6c000 r-xp 00000000 08:01 4330854                    /usr/lib/jvm/java-8-oracle/jre/lib/amd64/server/libjvm.so
7f142db6c000-7f142dd6b000 ---p 00cd9000 08:01 4330854                    /usr/lib/jvm/java-8-oracle/jre/lib/amd64/server/libjvm.so
7f142dd6b000-7f142de44000 rw-p 00cd8000 08:01 4330854                    /usr/lib/jvm/java-8-oracle/jre/lib/amd64/server/libjvm.so
7f142de44000-7f142de90000 rw-p 00000000 00:00 0 
7f142de90000-7f142e050000 r-xp 00000000 08:01 2097235                    /lib/x86_64-linux-gnu/libc-2.23.so
7f142e050000-7f142e250000 ---p 001c0000 08:01 2097235                    /lib/x86_64-linux-gnu/libc-2.23.so
7f142e250000-7f142e254000 r--p 001c0000 08:01 2097235                    /lib/x86_64-linux-gnu/libc-2.23.so
7f142e254000-7f142e256000 rw-p 001c4000 08:01 2097235                    /lib/x86_64-linux-gnu/libc-2.23.so
7f142e256000-7f142e25a000 rw-p 00000000 00:00 0 
7f142e25a000-7f142e25d000 r-xp 00000000 08:01 2097237                    /lib/x86_64-linux-gnu/libdl-2.23.so
7f142e25d000-7f142e45c000 ---p 00003000 08:01 2097237                    /lib/x86_64-linux-gnu/libdl-2.23.so
7f142e45c000-7f142e45d000 r--p 00002000 08:01 2097237                    /lib/x86_64-linux-gnu/libdl-2.23.so
7f142e45d000-7f142e45e000 rw-p 00003000 08:01 2097237                    /lib/x86_64-linux-gnu/libdl-2.23.so
7f142e45e000-7f142e474000 r-xp 00000000 08:01 3412449                    /usr/lib/jvm/java-8-oracle/lib/amd64/jli/libjli.so
7f142e474000-7f142e673000 ---p 00016000 08:01 3412449                    /usr/lib/jvm/java-8-oracle/lib/amd64/jli/libjli.so
7f142e673000-7f142e674000 rw-p 00015000 08:01 3412449                    /usr/lib/jvm/java-8-oracle/lib/amd64/jli/libjli.so
7f142e674000-7f142e68c000 r-xp 00000000 08:01 2097177                    /lib/x86_64-linux-gnu/libpthread-2.23.so
7f142e68c000-7f142e88b000 ---p 00018000 08:01 2097177                    /lib/x86_64-linux-gnu/libpthread-2.23.so
7f142e88b000-7f142e88c000 r--p 00017000 08:01 2097177                    /lib/x86_64-linux-gnu/libpthread-2.23.so
7f142e88c000-7f142e88d000 rw-p 00018000 08:01 2097177                    /lib/x86_64-linux-gnu/libpthread-2.23.so
7f142e88d000-7f142e891000 rw-p 00000000 00:00 0 
7f142e891000-7f142e8b7000 r-xp 00000000 08:01 2097169                    /lib/x86_64-linux-gnu/ld-2.23.so
7f142e8b7000-7f142e8b9000 r--s 0000e000 08:01 10881661                   /home/acosanchez/.m2/repository/ru/yandex/qatools/allure/allure-java-adaptor-api/1.5.0.RC2/allure-java-adaptor-api-1.5.0.RC2.jar
7f142e8b9000-7f142e8ba000 r--s 00002000 08:01 10881659                   /home/acosanchez/.m2/repository/ru/yandex/qatools/allure/allure-java-aspects/1.5.0.RC2/allure-java-aspects-1.5.0.RC2.jar
7f142e8ba000-7f142e8bb000 r--s 00002000 08:01 10881657                   /home/acosanchez/.m2/repository/ru/yandex/qatools/allure/allure-testng-adaptor/1.5.0.RC2/allure-testng-adaptor-1.5.0.RC2.jar
7f142e8bb000-7f142e8c0000 r--s 00084000 08:01 3553946                    /usr/lib/jvm/java-8-oracle/jre/lib/jfr.jar
7f142e8c0000-7f142e8c5000 r--s 002f9000 08:01 3553983                    /usr/lib/jvm/java-8-oracle/jre/lib/charsets.jar
7f142e8c5000-7f142e996000 rw-p 00000000 00:00 0 
7f142e996000-7f142e999000 ---p 00000000 00:00 0 
7f142e999000-7f142ea9c000 rw-p 00000000 00:00 0 
7f142ea9c000-7f142ea9f000 r--s 0001a000 08:01 3553996                    /usr/lib/jvm/java-8-oracle/jre/lib/jce.jar
7f142ea9f000-7f142eaa4000 r--s 0009d000 08:01 3553990                    /usr/lib/jvm/java-8-oracle/jre/lib/jsse.jar
7f142eaa4000-7f142eaac000 r--s 00048000 08:01 10882334                   /home/acosanchez/eclipse/jee-oxygen/eclipse/configuration/org.eclipse.osgi/1177/0/.cp/lib/testng-remote.jar
7f142eaac000-7f142eab4000 rw-s 00000000 08:01 7081048                    /tmp/hsperfdata_acosanchez/24314
7f142eab4000-7f142eab5000 rw-p 00000000 00:00 0 
7f142eab5000-7f142eab6000 r--p 00000000 00:00 0 
7f142eab6000-7f142eab7000 r--p 00025000 08:01 2097169                    /lib/x86_64-linux-gnu/ld-2.23.so
7f142eab7000-7f142eab8000 rw-p 00026000 08:01 2097169                    /lib/x86_64-linux-gnu/ld-2.23.so
7f142eab8000-7f142eab9000 rw-p 00000000 00:00 0 
7ffe79c8f000-7ffe79cb2000 rw-p 00000000 00:00 0                          [stack]
7ffe79dc7000-7ffe79dca000 r--p 00000000 00:00 0                          [vvar]
7ffe79dca000-7ffe79dcc000 r-xp 00000000 00:00 0                          [vdso]
ffffffffff600000-ffffffffff601000 r-xp 00000000 00:00 0                  [vsyscall]

VM Arguments:
jvm_args: -ea -javaagent:/home/acosanchez/.m2/repository/org/aspectj/aspectjweaver/1.8.9/aspectjweaver-1.8.9.jar -Dfile.encoding=UTF-8 
java_command: org.testng.remote.RemoteTestNG -serport 44413 -protocol json -d /home/acosanchez/QA_workspace/qa-emergya-quickstart/test-output /tmp/testng-eclipse-1012673520/testng-customsuite.xml
java_class_path (initial): /home/acosanchez/eclipse/jee-oxygen/eclipse/configuration/org.eclipse.osgi/1177/0/.cp/lib/testng-remote.jar:/usr/lib/jvm/java-8-oracle/jre/lib/resources.jar:/usr/lib/jvm/java-8-oracle/jre/lib/rt.jar:/usr/lib/jvm/java-8-oracle/jre/lib/jsse.jar:/usr/lib/jvm/java-8-oracle/jre/lib/jce.jar:/usr/lib/jvm/java-8-oracle/jre/lib/charsets.jar:/usr/lib/jvm/java-8-oracle/jre/lib/jfr.jar:/usr/lib/jvm/java-8-oracle/jre/lib/ext/jaccess.jar:/usr/lib/jvm/java-8-oracle/jre/lib/ext/nashorn.jar:/usr/lib/jvm/java-8-oracle/jre/lib/ext/jfxrt.jar:/usr/lib/jvm/java-8-oracle/jre/lib/ext/sunpkcs11.jar:/usr/lib/jvm/java-8-oracle/jre/lib/ext/zipfs.jar:/usr/lib/jvm/java-8-oracle/jre/lib/ext/dnsns.jar:/usr/lib/jvm/java-8-oracle/jre/lib/ext/cldrdata.jar:/usr/lib/jvm/java-8-oracle/jre/lib/ext/sunec.jar:/usr/lib/jvm/java-8-oracle/jre/lib/ext/localedata.jar:/usr/lib/jvm/java-8-oracle/jre/lib/ext/sunjce_provider.jar:/home/acosanchez/QA_workspace/qa-emergya-quickstart/target/test-classes:/home/acosanchez/QA_workspace/qa-emergya-quickstart/target/classes:/home/acosanchez/.m2/repository/ru/yandex/qatools/allure/allure-testng-adaptor/1.5.0.RC2/allure-testng-adaptor-1.5.0.RC2.jar:/home/acosanchez/.m2/repository/ru/yandex/qatools/allure/allure-java-aspects/1.5.0.RC2/allure-java-aspects-1.5.0.RC2.jar:/home/acosanchez/.m2/repository/ru/yandex/qatools/allure/allure-java-adaptor-api/1.5.0.RC2/allure-java-adaptor-api-1.5.0.RC2.jar:/home/acosanchez/.m2/repository/ru/yandex/qatools/allure/allure-java-annotations/1.5.0.RC2/allure-java-annotations-1.5.0.RC2.jar:/home/acosanchez/.m2/repository/ru/yandex/qatools/allure/allure-model/1.5.0.RC2/allure-model-1.5.0.RC2.jar:/home/acosanchez/.m2/repository/org/jvnet/jaxb2_commons/jaxb2-basics-runtime/0.9.3/jaxb2-basics-runtime-0.9.3.jar:/home/acosanchez/.m2/repository/ru/qatools/commons/properties/2.0.RC3/properties-2.0.RC3.jar:/home/acosanchez/.m2/repository/org/slf4j/slf4j-api/1.7.12/slf4j-api-1.7.12.jar:/home/acosanchez/.m2/repository/org/apach
Launcher Type: SUN_STANDARD

Environment Variables:
JAVA_HOME=/usr/lib/jvm/java-7-oracle
PATH=/home/acosanchez/bin:/home/acosanchez/.local/bin:/usr/local/sbin:/usr/local/bin:/usr/sbin:/usr/bin:/sbin:/bin:/usr/games:/usr/local/games:/snap/bin:/usr/lib/jvm/java-7-oracle/bin:/usr/lib/jvm/java-7-oracle/db/bin:/usr/lib/jvm/java-7-oracle/jre/bin
SHELL=/bin/bash
DISPLAY=:0

Signal Handlers:
SIGSEGV: [libjvm.so+0xad01e0], sa_mask[0]=11111111011111111101111111111110, sa_flags=SA_RESTART|SA_SIGINFO
SIGBUS: [libjvm.so+0xad01e0], sa_mask[0]=11111111011111111101111111111110, sa_flags=SA_RESTART|SA_SIGINFO
SIGFPE: [libjvm.so+0x927fb0], sa_mask[0]=11111111011111111101111111111110, sa_flags=SA_RESTART|SA_SIGINFO
SIGPIPE: [libjvm.so+0x927fb0], sa_mask[0]=11111111011111111101111111111110, sa_flags=SA_RESTART|SA_SIGINFO
SIGXFSZ: [libjvm.so+0x927fb0], sa_mask[0]=11111111011111111101111111111110, sa_flags=SA_RESTART|SA_SIGINFO
SIGILL: [libjvm.so+0x927fb0], sa_mask[0]=11111111011111111101111111111110, sa_flags=SA_RESTART|SA_SIGINFO
SIGUSR1: SIG_DFL, sa_mask[0]=00000000000000000000000000000000, sa_flags=none
SIGUSR2: [libjvm.so+0x9297f0], sa_mask[0]=00100000000000000000000000000000, sa_flags=SA_RESTART|SA_SIGINFO
SIGHUP: [libjvm.so+0x92abf0], sa_mask[0]=11111111011111111101111111111110, sa_flags=SA_RESTART|SA_SIGINFO
SIGINT: [libjvm.so+0x92abf0], sa_mask[0]=11111111011111111101111111111110, sa_flags=SA_RESTART|SA_SIGINFO
SIGTERM: [libjvm.so+0x92abf0], sa_mask[0]=11111111011111111101111111111110, sa_flags=SA_RESTART|SA_SIGINFO
SIGQUIT: [libjvm.so+0x92abf0], sa_mask[0]=11111111011111111101111111111110, sa_flags=SA_RESTART|SA_SIGINFO


---------------  S Y S T E M  ---------------

OS:DISTRIB_ID=Ubuntu
DISTRIB_RELEASE=16.04
DISTRIB_CODENAME=xenial
DISTRIB_DESCRIPTION="Ubuntu 16.04.4 LTS"

uname:Linux 4.15.0-041500-generic #201801282230 SMP Sun Jan 28 22:31:30 UTC 2018 x86_64
libc:glibc 2.23 NPTL 2.23 
rlimit: STACK 8192k, CORE 0k, NPROC 31316, NOFILE 1048576, AS infinity
load average:2,35 2,55 2,48

/proc/meminfo:
MemTotal:        8072284 kB
MemFree:          379604 kB
MemAvailable:     461832 kB
Buffers:            3820 kB
Cached:           614416 kB
SwapCached:        12916 kB
Active:          6511228 kB
Inactive:         936392 kB
Active(anon):    6346116 kB
Inactive(anon):   824160 kB
Active(file):     165112 kB
Inactive(file):   112232 kB
Unevictable:         136 kB
Mlocked:             136 kB
SwapTotal:       8290300 kB
SwapFree:        7363324 kB
Dirty:              9476 kB
Writeback:             0 kB
AnonPages:       6824256 kB
Mapped:           401148 kB
Shmem:            362520 kB
Slab:              98728 kB
SReclaimable:      48172 kB
SUnreclaim:        50556 kB
KernelStack:       13404 kB
PageTables:        67388 kB
NFS_Unstable:          0 kB
Bounce:                0 kB
WritebackTmp:          0 kB
CommitLimit:    12326440 kB
Committed_AS:   11325652 kB
VmallocTotal:   34359738367 kB
VmallocUsed:           0 kB
VmallocChunk:          0 kB
HardwareCorrupted:     0 kB
AnonHugePages:         0 kB
ShmemHugePages:        0 kB
ShmemPmdMapped:        0 kB
CmaTotal:              0 kB
CmaFree:               0 kB
HugePages_Total:       0
HugePages_Free:        0
HugePages_Rsvd:        0
HugePages_Surp:        0
Hugepagesize:       2048 kB
DirectMap4k:      204808 kB
DirectMap2M:     8087552 kB
DirectMap1G:     1048576 kB


CPU:total 4 (initial active 4) (2 cores per cpu, 2 threads per core) family 6 model 69 stepping 1, cmov, cx8, fxsr, mmx, sse, sse2, sse3, ssse3, sse4.1, sse4.2, popcnt, avx, avx2, aes, clmul, erms, lzcnt, ht, tsc, tscinvbit, bmi1, bmi2

/proc/cpuinfo:
processor	: 0
vendor_id	: GenuineIntel
cpu family	: 6
model		: 69
model name	: Intel(R) Core(TM) i5-4200U CPU @ 1.60GHz
stepping	: 1
microcode	: 0x20
cpu MHz		: 2268.948
cache size	: 3072 KB
physical id	: 0
siblings	: 4
core id		: 0
cpu cores	: 2
apicid		: 0
initial apicid	: 0
fpu		: yes
fpu_exception	: yes
cpuid level	: 13
wp		: yes
flags		: fpu vme de pse tsc msr pae mce cx8 apic sep mtrr pge mca cmov pat pse36 clflush dts acpi mmx fxsr sse sse2 ss ht tm pbe syscall nx pdpe1gb rdtscp lm constant_tsc arch_perfmon pebs bts rep_good nopl xtopology nonstop_tsc cpuid aperfmperf pni pclmulqdq dtes64 monitor ds_cpl vmx est tm2 ssse3 sdbg fma cx16 xtpr pdcm pcid sse4_1 sse4_2 movbe popcnt tsc_deadline_timer aes xsave avx f16c rdrand lahf_lm abm cpuid_fault epb invpcid_single pti retpoline tpr_shadow vnmi flexpriority ept vpid fsgsbase tsc_adjust bmi1 avx2 smep bmi2 erms invpcid xsaveopt dtherm ida arat pln pts
bugs		: cpu_meltdown spectre_v1 spectre_v2
bogomips	: 4589.54
clflush size	: 64
cache_alignment	: 64
address sizes	: 39 bits physical, 48 bits virtual
power management:

processor	: 1
vendor_id	: GenuineIntel
cpu family	: 6
model		: 69
model name	: Intel(R) Core(TM) i5-4200U CPU @ 1.60GHz
stepping	: 1
microcode	: 0x20
cpu MHz		: 2355.898
cache size	: 3072 KB
physical id	: 0
siblings	: 4
core id		: 1
cpu cores	: 2
apicid		: 2
initial apicid	: 2
fpu		: yes
fpu_exception	: yes
cpuid level	: 13
wp		: yes
flags		: fpu vme de pse tsc msr pae mce cx8 apic sep mtrr pge mca cmov pat pse36 clflush dts acpi mmx fxsr sse sse2 ss ht tm pbe syscall nx pdpe1gb rdtscp lm constant_tsc arch_perfmon pebs bts rep_good nopl xtopology nonstop_tsc cpuid aperfmperf pni pclmulqdq dtes64 monitor ds_cpl vmx est tm2 ssse3 sdbg fma cx16 xtpr pdcm pcid sse4_1 sse4_2 movbe popcnt tsc_deadline_timer aes xsave avx f16c rdrand lahf_lm abm cpuid_fault epb invpcid_single pti retpoline tpr_shadow vnmi flexpriority ept vpid fsgsbase tsc_adjust bmi1 avx2 smep bmi2 erms invpcid xsaveopt dtherm ida arat pln pts
bugs		: cpu_meltdown spectre_v1 spectre_v2
bogomips	: 4589.54
clflush size	: 64
cache_alignment	: 64
address sizes	: 39 bits physical, 48 bits virtual
power management:

processor	: 2
vendor_id	: GenuineIntel
cpu family	: 6
model		: 69
model name	: Intel(R) Core(TM) i5-4200U CPU @ 1.60GHz
stepping	: 1
microcode	: 0x20
cpu MHz		: 2286.112
cache size	: 3072 KB
physical id	: 0
siblings	: 4
core id		: 0
cpu cores	: 2
apicid		: 1
initial apicid	: 1
fpu		: yes
fpu_exception	: yes
cpuid level	: 13
wp		: yes
flags		: fpu vme de pse tsc msr pae mce cx8 apic sep mtrr pge mca cmov pat pse36 clflush dts acpi mmx fxsr sse sse2 ss ht tm pbe syscall nx pdpe1gb rdtscp lm constant_tsc arch_perfmon pebs bts rep_good nopl xtopology nonstop_tsc cpuid aperfmperf pni pclmulqdq dtes64 monitor ds_cpl vmx est tm2 ssse3 sdbg fma cx16 xtpr pdcm pcid sse4_1 sse4_2 movbe popcnt tsc_deadline_timer aes xsave avx f16c rdrand lahf_lm abm cpuid_fault epb invpcid_single pti retpoline tpr_shadow vnmi flexpriority ept vpid fsgsbase tsc_adjust bmi1 avx2 smep bmi2 erms invpcid xsaveopt dtherm ida arat pln pts
bugs		: cpu_meltdown spectre_v1 spectre_v2
bogomips	: 4589.54
clflush size	: 64
cache_alignment	: 64
address sizes	: 39 bits physical, 48 bits virtual
power management:

processor	: 3
vendor_id	: GenuineIntel
cpu family	: 6
model		: 69
model name	: Intel(R) Core(TM) i5-4200U CPU @ 1.60GHz
stepping	: 1
microcode	: 0x20
cpu MHz		: 2344.412
cache size	: 3072 KB
physical id	: 0
siblings	: 4
core id		: 1
cpu cores	: 2
apicid		: 3
initial apicid	: 3
fpu		: yes
fpu_exception	: yes
cpuid level	: 13
wp		: yes
flags		: fpu vme de pse tsc msr pae mce cx8 apic sep mtrr pge mca cmov pat pse36 clflush dts acpi mmx fxsr sse sse2 ss ht tm pbe syscall nx pdpe1gb rdtscp lm constant_tsc arch_perfmon pebs bts rep_good nopl xtopology nonstop_tsc cpuid aperfmperf pni pclmulqdq dtes64 monitor ds_cpl vmx est tm2 ssse3 sdbg fma cx16 xtpr pdcm pcid sse4_1 sse4_2 movbe popcnt tsc_deadline_timer aes xsave avx f16c rdrand lahf_lm abm cpuid_fault epb invpcid_single pti retpoline tpr_shadow vnmi flexpriority ept vpid fsgsbase tsc_adjust bmi1 avx2 smep bmi2 erms invpcid xsaveopt dtherm ida arat pln pts
bugs		: cpu_meltdown spectre_v1 spectre_v2
bogomips	: 4589.54
clflush size	: 64
cache_alignment	: 64
address sizes	: 39 bits physical, 48 bits virtual
power management:



Memory: 4k page, physical 8072284k(389944k free), swap 8290300k(7363324k free)

vm_info: Java HotSpot(TM) 64-Bit Server VM (25.161-b12) for linux-amd64 JRE (1.8.0_161-b12), built on Dec 19 2017 16:12:43 by "java_re" with gcc 4.3.0 20080428 (Red Hat 4.3.0-8)

time: Tue Mar 20 17:31:24 2018
elapsed time: 35 seconds (0d 0h 0m 35s)

