#
# A fatal error has been detected by the Java Runtime Environment:
#
#  SIGSEGV (0xb) at pc=0x00007fcea07001d8, pid=13014, tid=0x00007fce8a827700
#
# JRE version: Java(TM) SE Runtime Environment (8.0_161-b12) (build 1.8.0_161-b12)
# Java VM: Java HotSpot(TM) 64-Bit Server VM (25.161-b12 mixed mode linux-amd64 compressed oops)
# Problematic frame:
# C  [libawt_xawt.so+0x421d8]  ReadRegionsInList+0x3b8
#
# Failed to write core dump. Core dumps have been disabled. To enable core dumping, try "ulimit -c unlimited" before starting Java again
#
# If you would like to submit a bug report, please visit:
#   http://bugreport.java.com/bugreport/crash.jsp
# The crash happened outside the Java Virtual Machine in native code.
# See problematic frame for where to report the bug.
#

---------------  T H R E A D  ---------------

Current thread (0x00007fcef0c09000):  JavaThread "pool-1-thread-1" [_thread_in_native, id=13122, stack(0x00007fce8a727000,0x00007fce8a828000)]

siginfo: si_signo: 11 (SIGSEGV), si_code: 1 (SEGV_MAPERR), si_addr: 0x0000000000000068

Registers:
RAX=0x0000000000000420, RBX=0x0000000000000000, RCX=0x0000000000000000, RDX=0x0000000000000000
RSP=0x00007fce8a8261f0, RBP=0x00007fce8a826300, RSI=0x0000000000000000, RDI=0x0000000000000000
R8 =0x00007fce78005fa0, R9 =0x0000000000000000, R10=0x0000000000000006, R11=0x00000000000001f4
R12=0x0000000000000000, R13=0x0000000000000000, R14=0x00007fce780c5d00, R15=0x000000000000073f
RIP=0x00007fcea07001d8, EFLAGS=0x0000000000010206, CSGSFS=0x002b000000000033, ERR=0x0000000000000004
  TRAPNO=0x000000000000000e

Top of Stack: (sp=0x00007fce8a8261f0)
0x00007fce8a8261f0:   00007fce8a8262c4 00007fce00000002
0x00007fce8a826200:   0000000000000008 00007fce00000000
0x00007fce8a826210:   00007fce8a8262c8 0000000000000438
0x00007fce8a826220:   0000000000000780 00007fce8a8262b8
0x00007fce8a826230:   00007fce8a8262cc 00007fce8a8262c4
0x00007fce8a826240:   000000028a826320 00007fcef054c3c0
0x00007fce8a826250:   00007fce780b88a0 000000418a8263d0
0x00007fce8a826260:   0000042000000018 00007fce780b7360
0x00007fce8a826270:   00007fce78370000 0000000000000001
0x00007fce8a826280:   0000078000000000 0000000000000000
0x00007fce8a826290:   0000000000000000 0000043800000f00
0x00007fce8a8262a0:   0000000000000001 00007fce00000018
0x00007fce8a8262b0:   0000000000000147 00007fce780bacd0
0x00007fce8a8262c0:   0000000000000001 0000001000000008
0x00007fce8a8262d0:   0000000000000000 0438078000000000
0x00007fce8a8262e0:   0000000000000000 0000000000000000
0x00007fce8a8262f0:   0000000000000780 0000000000000438
0x00007fce8a826300:   00007fce8a826410 00007fcea0700438
0x00007fce8a826310:   0438078000000000 00007fce780c6780
0x00007fce8a826320:   0000000000000000 0000000000000000
0x00007fce8a826330:   0018078000000000 00007fcef0c09000
0x00007fce8a826340:   04380f0000000000 00007fce8a8263a0
0x00007fce8a826350:   00007fcef054c3c0 078000000000c3c0
0x00007fce8a826360:   00007fce8a820438 00007fce8a8264c8
0x00007fce8a826370:   00007fce8a8264c4 00007fce8a8264a0
0x00007fce8a826380:   00007fce8a826410 00007fcea0701252
0x00007fce8a826390:   00007fce8a8264c4 00007fce8a8264c8
0x00007fce8a8263a0:   0000000000000000 00007fce8a826420
0x00007fce8a8263b0:   00007fce00000005 0000000000ff0000
0x00007fce8a8263c0:   000000000000ff00 00000000000000ff
0x00007fce8a8263d0:   0000010000000008 0000000100000018
0x00007fce8a8263e0:   00007fcef67ebaf0 00007fcef054c3c0 

Instructions: (pc=0x00007fcea07001d8)
0x00007fcea07001b8:   00 8b 95 60 ff ff ff 31 db 44 01 ea 89 55 a8 66
0x00007fcea07001c8:   0f 1f 84 00 00 00 00 00 89 de 44 89 ea 4c 89 e7
0x00007fcea07001d8:   41 ff 54 24 68 48 8b 95 50 ff ff ff 48 98 8b 4d
0x00007fcea07001e8:   cc 4c 8b 45 b8 8b 75 c8 48 8b 7a 08 48 89 c2 48 

Register to memory mapping:

RAX=0x0000000000000420 is an unknown value
RBX=0x0000000000000000 is an unknown value
RCX=0x0000000000000000 is an unknown value
RDX=0x0000000000000000 is an unknown value
RSP=0x00007fce8a8261f0 is pointing into the stack for thread: 0x00007fcef0c09000
RBP=0x00007fce8a826300 is pointing into the stack for thread: 0x00007fcef0c09000
RSI=0x0000000000000000 is an unknown value
RDI=0x0000000000000000 is an unknown value
R8 =0x00007fce78005fa0 is an unknown value
R9 =0x0000000000000000 is an unknown value
R10=0x0000000000000006 is an unknown value
R11=0x00000000000001f4 is an unknown value
R12=0x0000000000000000 is an unknown value
R13=0x0000000000000000 is an unknown value
R14=0x00007fce780c5d00 is an unknown value
R15=0x000000000000073f is an unknown value


Stack: [0x00007fce8a727000,0x00007fce8a828000],  sp=0x00007fce8a8261f0,  free space=1020k
Native frames: (J=compiled Java code, j=interpreted, Vv=VM code, C=native code)
C  [libawt_xawt.so+0x421d8]  ReadRegionsInList+0x3b8
C  [libawt_xawt.so+0x42438]  ReadAreaToImage+0xa8
C  [libawt_xawt.so+0x3a79c]  Java_sun_awt_X11_XRobotPeer_getRGBPixelsImpl+0x17c
j  sun.awt.X11.XRobotPeer.getRGBPixelsImpl(Lsun/awt/X11GraphicsConfig;IIII[I)V+0
j  sun.awt.X11.XRobotPeer.getRGBPixels(Ljava/awt/Rectangle;)[I+33
j  java.awt.Robot.createScreenCapture(Ljava/awt/Rectangle;)Ljava/awt/image/BufferedImage;+50
j  org.monte.screenrecorder.ScreenRecorder$ScreenGrabber.grabScreen()V+18
j  org.monte.screenrecorder.ScreenRecorder$ScreenGrabber.run()V+1
J 3522 C1 java.util.concurrent.FutureTask.runAndReset()Z (128 bytes) @ 0x00007fcee1a1c3dc [0x00007fcee1a1c100+0x2dc]
J 3391 C1 java.util.concurrent.ScheduledThreadPoolExecutor$ScheduledFutureTask.run()V (59 bytes) @ 0x00007fcee13e35cc [0x00007fcee13e30a0+0x52c]
j  java.util.concurrent.ThreadPoolExecutor.runWorker(Ljava/util/concurrent/ThreadPoolExecutor$Worker;)V+95
j  java.util.concurrent.ThreadPoolExecutor$Worker.run()V+5
j  java.lang.Thread.run()V+11
v  ~StubRoutines::call_stub
V  [libjvm.so+0x695ae6]  JavaCalls::call_helper(JavaValue*, methodHandle*, JavaCallArguments*, Thread*)+0x1056
V  [libjvm.so+0x695ff1]  JavaCalls::call_virtual(JavaValue*, KlassHandle, Symbol*, Symbol*, JavaCallArguments*, Thread*)+0x321
V  [libjvm.so+0x696497]  JavaCalls::call_virtual(JavaValue*, Handle, KlassHandle, Symbol*, Symbol*, Thread*)+0x47
V  [libjvm.so+0x731cb0]  thread_entry(JavaThread*, Thread*)+0xa0
V  [libjvm.so+0xa7eaa3]  JavaThread::thread_main_inner()+0x103
V  [libjvm.so+0xa7ebec]  JavaThread::run()+0x11c
V  [libjvm.so+0x92da28]  java_start(Thread*)+0x108
C  [libpthread.so.0+0x76ba]  start_thread+0xca

Java frames: (J=compiled Java code, j=interpreted, Vv=VM code)
j  sun.awt.X11.XRobotPeer.getRGBPixelsImpl(Lsun/awt/X11GraphicsConfig;IIII[I)V+0
j  sun.awt.X11.XRobotPeer.getRGBPixels(Ljava/awt/Rectangle;)[I+33
j  java.awt.Robot.createScreenCapture(Ljava/awt/Rectangle;)Ljava/awt/image/BufferedImage;+50
j  org.monte.screenrecorder.ScreenRecorder$ScreenGrabber.grabScreen()V+18
j  org.monte.screenrecorder.ScreenRecorder$ScreenGrabber.run()V+1
J 3522 C1 java.util.concurrent.FutureTask.runAndReset()Z (128 bytes) @ 0x00007fcee1a1c3dc [0x00007fcee1a1c100+0x2dc]
J 3391 C1 java.util.concurrent.ScheduledThreadPoolExecutor$ScheduledFutureTask.run()V (59 bytes) @ 0x00007fcee13e35cc [0x00007fcee13e30a0+0x52c]
j  java.util.concurrent.ThreadPoolExecutor.runWorker(Ljava/util/concurrent/ThreadPoolExecutor$Worker;)V+95
j  java.util.concurrent.ThreadPoolExecutor$Worker.run()V+5
j  java.lang.Thread.run()V+11
v  ~StubRoutines::call_stub

---------------  P R O C E S S  ---------------

Java Threads: ( => current thread )
  0x00007fcef0c0a800 JavaThread "pool-2-thread-1" [_thread_blocked, id=13123, stack(0x00007fce8a626000,0x00007fce8a727000)]
=>0x00007fcef0c09000 JavaThread "pool-1-thread-1" [_thread_in_native, id=13122, stack(0x00007fce8a727000,0x00007fce8a828000)]
  0x00007fcef0d51800 JavaThread "Thread-3" [_thread_blocked, id=13121, stack(0x00007fce8a828000,0x00007fce8a929000)]
  0x00007fcef05e1800 JavaThread "AWT-XAWT" daemon [_thread_blocked, id=13119, stack(0x00007fce8aa2a000,0x00007fce8ab2b000)]
  0x00007fcef0d3a800 JavaThread "Java2D Disposer" daemon [_thread_blocked, id=13118, stack(0x00007fcea0071000,0x00007fcea0172000)]
  0x00007fce94032000 JavaThread "process reaper" daemon [_thread_blocked, id=13040, stack(0x00007fcec9547000,0x00007fcec9580000)]
  0x00007fcef087e000 JavaThread "ReaderThread" [_thread_in_native, id=13037, stack(0x00007fcec91cb000,0x00007fcec92cc000)]
  0x00007fcef04c8000 JavaThread "Service Thread" daemon [_thread_blocked, id=13032, stack(0x00007fcec99e2000,0x00007fcec9ae3000)]
  0x00007fcef04b2800 JavaThread "C1 CompilerThread2" daemon [_thread_blocked, id=13031, stack(0x00007fcec9ae3000,0x00007fcec9be4000)]
  0x00007fcef04ba000 JavaThread "C2 CompilerThread1" daemon [_thread_in_vm, id=13030, stack(0x00007fcec9be4000,0x00007fcec9ce5000)]
  0x00007fcef050e800 JavaThread "C2 CompilerThread0" daemon [_thread_blocked, id=13029, stack(0x00007fcec9ce5000,0x00007fcec9de6000)]
  0x00007fcef0183800 JavaThread "Signal Dispatcher" daemon [_thread_blocked, id=13028, stack(0x00007fceca027000,0x00007fceca128000)]
  0x00007fcef0150000 JavaThread "Finalizer" daemon [_thread_blocked, id=13027, stack(0x00007fceca675000,0x00007fceca776000)]
  0x00007fcef014b800 JavaThread "Reference Handler" daemon [_thread_blocked, id=13026, stack(0x00007fceca776000,0x00007fceca877000)]
  0x00007fcef000f000 JavaThread "main" [_thread_blocked, id=13019, stack(0x00007fcef7383000,0x00007fcef7484000)]

Other Threads:
  0x00007fcef0144000 VMThread [stack: 0x00007fceca877000,0x00007fceca978000] [id=13025]
  0x00007fcef04d6000 WatcherThread [stack: 0x00007fcec98e1000,0x00007fcec99e2000] [id=13033]

VM state:not at safepoint (normal execution)

VM Mutex/Monitor currently owned by a thread: None

Heap:
 PSYoungGen      total 545792K, used 176251K [0x00000000d6f00000, 0x00000000fb900000, 0x0000000100000000)
  eden space 519168K, 29% used [0x00000000d6f00000,0x00000000e02a3f30,0x00000000f6a00000)
  from space 26624K, 94% used [0x00000000f9f00000,0x00000000fb77b040,0x00000000fb900000)
  to   space 40448K, 0% used [0x00000000f6a00000,0x00000000f6a00000,0x00000000f9180000)
 ParOldGen       total 150016K, used 55669K [0x0000000084c00000, 0x000000008de80000, 0x00000000d6f00000)
  object space 150016K, 37% used [0x0000000084c00000,0x000000008825d640,0x000000008de80000)
 Metaspace       used 28296K, capacity 28646K, committed 28800K, reserved 1075200K
  class space    used 3264K, capacity 3369K, committed 3456K, reserved 1048576K

Card table byte_map: [0x00007fcee0865000,0x00007fcee0c40000] byte_map_base: 0x00007fcee043f000

Marking Bits: (ParMarkBitMap*) 0x00007fcef684f920
 Begin Bits: [0x00007fcecc260000, 0x00007fcece130000)
 End Bits:   [0x00007fcece130000, 0x00007fced0000000)

Polling page: 0x00007fcef74a2000

CodeCache: size=245760Kb used=11100Kb max_used=11112Kb free=234659Kb
 bounds [0x00007fcee1000000, 0x00007fcee1af0000, 0x00007fcef0000000]
 total_blobs=3906 nmethods=3341 adapters=478
 compilation: enabled

Compilation events (10 events):
Event: 50,022 Thread 0x00007fcef050e800 3843       4       org.aspectj.util.PartialOrder::sort (171 bytes)
Event: 50,035 Thread 0x00007fcef04b2800 3845       3       org.aspectj.apache.bcel.classfile.ExceptionTable::getExceptionNames (51 bytes)
Event: 50,036 Thread 0x00007fcef04b2800 nmethod 3845 0x00007fcee1adf490 code [0x00007fcee1adf640, 0x00007fcee1adfb58]
Event: 50,046 Thread 0x00007fcef04ba000 nmethod 3842 0x00007fcee1ae32d0 code [0x00007fcee1ae3500, 0x00007fcee1ae3df0]
Event: 50,046 Thread 0x00007fcef04ba000 3844       4       java.lang.String::toLowerCase (439 bytes)
Event: 50,087 Thread 0x00007fcef050e800 nmethod 3843 0x00007fcee1ae69d0 code [0x00007fcee1ae6c20, 0x00007fcee1ae78a8]
Event: 50,087 Thread 0x00007fcef050e800 3847       4       java.util.WeakHashMap::put (162 bytes)
Event: 50,100 Thread 0x00007fcef04ba000 nmethod 3844 0x00007fcee1adfdd0 code [0x00007fcee1adffa0, 0x00007fcee1ae0918]
Event: 50,100 Thread 0x00007fcef04ba000 3846   !   4       org.aspectj.weaver.ReferenceType::setDelegate (203 bytes)
Event: 50,101 Thread 0x00007fcef050e800 nmethod 3847 0x00007fcee1ae1350 code [0x00007fcee1ae14e0, 0x00007fcee1ae1ab8]

GC Heap History (10 events):
Event: 17,931 GC heap before
{Heap before GC invocations=10 (full 2):
 PSYoungGen      total 269824K, used 253952K [0x00000000d6f00000, 0x00000000f2300000, 0x0000000100000000)
  eden space 253952K, 100% used [0x00000000d6f00000,0x00000000e6700000,0x00000000e6700000)
  from space 15872K, 0% used [0x00000000e6700000,0x00000000e6700000,0x00000000e7680000)
  to   space 36352K, 0% used [0x00000000eff80000,0x00000000eff80000,0x00000000f2300000)
 ParOldGen       total 150016K, used 55629K [0x0000000084c00000, 0x000000008de80000, 0x00000000d6f00000)
  object space 150016K, 37% used [0x0000000084c00000,0x0000000088253640,0x000000008de80000)
 Metaspace       used 27866K, capacity 28194K, committed 28544K, reserved 1075200K
  class space    used 3254K, capacity 3369K, committed 3456K, reserved 1048576K
Event: 17,941 GC heap after
Heap after GC invocations=10 (full 2):
 PSYoungGen      total 408576K, used 25158K [0x00000000d6f00000, 0x00000000f2880000, 0x0000000100000000)
  eden space 372224K, 0% used [0x00000000d6f00000,0x00000000d6f00000,0x00000000eda80000)
  from space 36352K, 69% used [0x00000000eff80000,0x00000000f1811a00,0x00000000f2300000)
  to   space 37888K, 0% used [0x00000000eda80000,0x00000000eda80000,0x00000000eff80000)
 ParOldGen       total 150016K, used 55637K [0x0000000084c00000, 0x000000008de80000, 0x00000000d6f00000)
  object space 150016K, 37% used [0x0000000084c00000,0x0000000088255640,0x000000008de80000)
 Metaspace       used 27866K, capacity 28194K, committed 28544K, reserved 1075200K
  class space    used 3254K, capacity 3369K, committed 3456K, reserved 1048576K
}
Event: 24,628 GC heap before
{Heap before GC invocations=11 (full 2):
 PSYoungGen      total 408576K, used 394624K [0x00000000d6f00000, 0x00000000f2880000, 0x0000000100000000)
  eden space 372224K, 99% used [0x00000000d6f00000,0x00000000ed7ce6b8,0x00000000eda80000)
  from space 36352K, 69% used [0x00000000eff80000,0x00000000f1811a00,0x00000000f2300000)
  to   space 37888K, 0% used [0x00000000eda80000,0x00000000eda80000,0x00000000eff80000)
 ParOldGen       total 150016K, used 55637K [0x0000000084c00000, 0x000000008de80000, 0x00000000d6f00000)
  object space 150016K, 37% used [0x0000000084c00000,0x0000000088255640,0x000000008de80000)
 Metaspace       used 28017K, capacity 28390K, committed 28544K, reserved 1075200K
  class space    used 3254K, capacity 3369K, committed 3456K, reserved 1048576K
Event: 24,636 GC heap after
Heap after GC invocations=11 (full 2):
 PSYoungGen      total 410112K, used 24972K [0x00000000d6f00000, 0x00000000f8280000, 0x0000000100000000)
  eden space 372224K, 0% used [0x00000000d6f00000,0x00000000d6f00000,0x00000000eda80000)
  from space 37888K, 65% used [0x00000000eda80000,0x00000000ef2e3040,0x00000000eff80000)
  to   space 39424K, 0% used [0x00000000f5c00000,0x00000000f5c00000,0x00000000f8280000)
 ParOldGen       total 150016K, used 55645K [0x0000000084c00000, 0x000000008de80000, 0x00000000d6f00000)
  object space 150016K, 37% used [0x0000000084c00000,0x0000000088257640,0x000000008de80000)
 Metaspace       used 28017K, capacity 28390K, committed 28544K, reserved 1075200K
  class space    used 3254K, capacity 3369K, committed 3456K, reserved 1048576K
}
Event: 31,581 GC heap before
{Heap before GC invocations=12 (full 2):
 PSYoungGen      total 410112K, used 395196K [0x00000000d6f00000, 0x00000000f8280000, 0x0000000100000000)
  eden space 372224K, 99% used [0x00000000d6f00000,0x00000000ed88c088,0x00000000eda80000)
  from space 37888K, 65% used [0x00000000eda80000,0x00000000ef2e3040,0x00000000eff80000)
  to   space 39424K, 0% used [0x00000000f5c00000,0x00000000f5c00000,0x00000000f8280000)
 ParOldGen       total 150016K, used 55645K [0x0000000084c00000, 0x000000008de80000, 0x00000000d6f00000)
  object space 150016K, 37% used [0x0000000084c00000,0x0000000088257640,0x000000008de80000)
 Metaspace       used 28196K, capacity 28518K, committed 28800K, reserved 1075200K
  class space    used 3254K, capacity 3369K, committed 3456K, reserved 1048576K
Event: 31,590 GC heap after
Heap after GC invocations=12 (full 2):
 PSYoungGen      total 478208K, used 25036K [0x00000000d6f00000, 0x00000000f7600000, 0x0000000100000000)
  eden space 451584K, 0% used [0x00000000d6f00000,0x00000000d6f00000,0x00000000f2800000)
  from space 26624K, 94% used [0x00000000f5c00000,0x00000000f7473040,0x00000000f7600000)
  to   space 39936K, 0% used [0x00000000f2800000,0x00000000f2800000,0x00000000f4f00000)
 ParOldGen       total 150016K, used 55653K [0x0000000084c00000, 0x000000008de80000, 0x00000000d6f00000)
  object space 150016K, 37% used [0x0000000084c00000,0x0000000088259640,0x000000008de80000)
 Metaspace       used 28196K, capacity 28518K, committed 28800K, reserved 1075200K
  class space    used 3254K, capacity 3369K, committed 3456K, reserved 1048576K
}
Event: 39,543 GC heap before
{Heap before GC invocations=13 (full 2):
 PSYoungGen      total 478208K, used 471951K [0x00000000d6f00000, 0x00000000f7600000, 0x0000000100000000)
  eden space 451584K, 98% used [0x00000000d6f00000,0x00000000f2370f28,0x00000000f2800000)
  from space 26624K, 94% used [0x00000000f5c00000,0x00000000f7473040,0x00000000f7600000)
  to   space 39936K, 0% used [0x00000000f2800000,0x00000000f2800000,0x00000000f4f00000)
 ParOldGen       total 150016K, used 55653K [0x0000000084c00000, 0x000000008de80000, 0x00000000d6f00000)
  object space 150016K, 37% used [0x0000000084c00000,0x0000000088259640,0x000000008de80000)
 Metaspace       used 28213K, capacity 28518K, committed 28800K, reserved 1075200K
  class space    used 3254K, capacity 3369K, committed 3456K, reserved 1048576K
Event: 39,552 GC heap after
Heap after GC invocations=13 (full 2):
 PSYoungGen      total 491520K, used 25068K [0x00000000d6f00000, 0x00000000fc680000, 0x0000000100000000)
  eden space 451584K, 0% used [0x00000000d6f00000,0x00000000d6f00000,0x00000000f2800000)
  from space 39936K, 62% used [0x00000000f2800000,0x00000000f407b040,0x00000000f4f00000)
  to   space 40448K, 0% used [0x00000000f9f00000,0x00000000f9f00000,0x00000000fc680000)
 ParOldGen       total 150016K, used 55661K [0x0000000084c00000, 0x000000008de80000, 0x00000000d6f00000)
  object space 150016K, 37% used [0x0000000084c00000,0x000000008825b640,0x000000008de80000)
 Metaspace       used 28213K, capacity 28518K, committed 28800K, reserved 1075200K
  class space    used 3254K, capacity 3369K, committed 3456K, reserved 1048576K
}
Event: 47,498 GC heap before
{Heap before GC invocations=14 (full 2):
 PSYoungGen      total 491520K, used 471749K [0x00000000d6f00000, 0x00000000fc680000, 0x0000000100000000)
  eden space 451584K, 98% used [0x00000000d6f00000,0x00000000f23365b0,0x00000000f2800000)
  from space 39936K, 62% used [0x00000000f2800000,0x00000000f407b040,0x00000000f4f00000)
  to   space 40448K, 0% used [0x00000000f9f00000,0x00000000f9f00000,0x00000000fc680000)
 ParOldGen       total 150016K, used 55661K [0x0000000084c00000, 0x000000008de80000, 0x00000000d6f00000)
  object space 150016K, 37% used [0x0000000084c00000,0x000000008825b640,0x000000008de80000)
 Metaspace       used 28231K, capacity 28582K, committed 28800K, reserved 1075200K
  class space    used 3254K, capacity 3369K, committed 3456K, reserved 1048576K
Event: 47,506 GC heap after
Heap after GC invocations=14 (full 2):
 PSYoungGen      total 545792K, used 25068K [0x00000000d6f00000, 0x00000000fb900000, 0x0000000100000000)
  eden space 519168K, 0% used [0x00000000d6f00000,0x00000000d6f00000,0x00000000f6a00000)
  from space 26624K, 94% used [0x00000000f9f00000,0x00000000fb77b040,0x00000000fb900000)
  to   space 40448K, 0% used [0x00000000f6a00000,0x00000000f6a00000,0x00000000f9180000)
 ParOldGen       total 150016K, used 55669K [0x0000000084c00000, 0x000000008de80000, 0x00000000d6f00000)
  object space 150016K, 37% used [0x0000000084c00000,0x000000008825d640,0x000000008de80000)
 Metaspace       used 28231K, capacity 28582K, committed 28800K, reserved 1075200K
  class space    used 3254K, capacity 3369K, committed 3456K, reserved 1048576K
}

Deoptimization events (10 events):
Event: 7,679 Thread 0x00007fcef000f000 Uncommon trap: reason=unstable_if action=reinterpret pc=0x00007fcee17c3b30 method=java.util.regex.Pattern$BmpCharProperty.match(Ljava/util/regex/Matcher;ILjava/lang/CharSequence;)Z @ 34
Event: 9,381 Thread 0x00007fcef000f000 Uncommon trap: reason=unstable_if action=reinterpret pc=0x00007fcee1122ca0 method=sun.nio.cs.UTF_8$Encoder.encode([CII[B)I @ 33
Event: 11,141 Thread 0x00007fcef0c0a800 Uncommon trap: reason=unstable_if action=reinterpret pc=0x00007fcee1347db4 method=java.lang.ThreadLocal.get()Ljava/lang/Object; @ 11
Event: 11,148 Thread 0x00007fcef000f000 Uncommon trap: reason=class_check action=maybe_recompile pc=0x00007fcee13aaabc method=java.util.concurrent.ConcurrentHashMap.putVal(Ljava/lang/Object;Ljava/lang/Object;Z)Ljava/lang/Object; @ 192
Event: 12,001 Thread 0x00007fcef0c09000 Uncommon trap: reason=unstable_if action=reinterpret pc=0x00007fcee152102c method=org.monte.media.avi.TechSmithCodecCore.encodeDelta24(Ljava/io/OutputStream;[I[IIIII)V @ 83
Event: 14,151 Thread 0x00007fcef0c09000 Uncommon trap: reason=unstable_if action=reinterpret pc=0x00007fcee1300b70 method=org.monte.media.avi.TechSmithCodecCore.encodeDelta24(Ljava/io/OutputStream;[I[IIIII)V @ 262
Event: 14,156 Thread 0x00007fcef0c09000 Uncommon trap: reason=unstable_if action=reinterpret pc=0x00007fcee1284060 method=org.monte.media.avi.TechSmithCodecCore.encodeDelta24(Ljava/io/OutputStream;[I[IIIII)V @ 83
Event: 14,178 Thread 0x00007fcef0c09000 Uncommon trap: reason=unstable_if action=reinterpret pc=0x00007fcee116652c method=org.monte.media.io.ByteArrayImageOutputStream.write(I)V @ 62
Event: 41,139 Thread 0x00007fcef0c09000 Uncommon trap: reason=unstable_if action=reinterpret pc=0x00007fcee1212fd8 method=org.monte.media.avi.TechSmithCodecCore.encodeKey24(Ljava/io/OutputStream;[IIIII)V @ 301
Event: 49,941 Thread 0x00007fcef000f000 Uncommon trap: reason=class_check action=maybe_recompile pc=0x00007fcee13aaabc method=java.util.concurrent.ConcurrentHashMap.putVal(Ljava/lang/Object;Ljava/lang/Object;Z)Ljava/lang/Object; @ 192

Classes redefined (0 events):
No events

Internal exceptions (10 events):
Event: 6,903 Thread 0x00007fcef000f000 Exception <a 'java/net/ConnectException'> (0x00000000dabb3c38) thrown at [/HUDSON/workspace/8-2-build-linux-amd64/jdk8u161/10277/hotspot/src/share/vm/prims/jni.cpp, line 709]
Event: 7,004 Thread 0x00007fcef000f000 Exception <a 'java/net/ConnectException'> (0x00000000dabb53b0) thrown at [/HUDSON/workspace/8-2-build-linux-amd64/jdk8u161/10277/hotspot/src/share/vm/prims/jni.cpp, line 709]
Event: 7,104 Thread 0x00007fcef000f000 Exception <a 'java/net/ConnectException'> (0x00000000dabb6b28) thrown at [/HUDSON/workspace/8-2-build-linux-amd64/jdk8u161/10277/hotspot/src/share/vm/prims/jni.cpp, line 709]
Event: 7,205 Thread 0x00007fcef000f000 Exception <a 'java/net/ConnectException'> (0x00000000dabb82a0) thrown at [/HUDSON/workspace/8-2-build-linux-amd64/jdk8u161/10277/hotspot/src/share/vm/prims/jni.cpp, line 709]
Event: 7,308 Thread 0x00007fcef000f000 Implicit null exception at 0x00007fcee18ba9fe to 0x00007fcee18c1a1d
Event: 7,672 Thread 0x00007fcef000f000 Exception <a 'java/lang/ArrayIndexOutOfBoundsException'> (0x00000000dd51c4b0) thrown at [/HUDSON/workspace/8-2-build-linux-amd64/jdk8u161/10277/hotspot/src/share/vm/runtime/sharedRuntime.cpp, line 605]
Event: 7,672 Thread 0x00007fcef000f000 Exception <a 'java/lang/ArrayIndexOutOfBoundsException'> (0x00000000dd51de20) thrown at [/HUDSON/workspace/8-2-build-linux-amd64/jdk8u161/10277/hotspot/src/share/vm/runtime/sharedRuntime.cpp, line 605]
Event: 10,803 Thread 0x00007fcef000f000 Exception <a 'java/io/FileNotFoundException'> (0x00000000df51fa68) thrown at [/HUDSON/workspace/8-2-build-linux-amd64/jdk8u161/10277/hotspot/src/share/vm/prims/jni.cpp, line 709]
Event: 10,803 Thread 0x00007fcef000f000 Exception <a 'java/io/FileNotFoundException'> (0x00000000df5206f8) thrown at [/HUDSON/workspace/8-2-build-linux-amd64/jdk8u161/10277/hotspot/src/share/vm/prims/jni.cpp, line 709]
Event: 11,141 Thread 0x00007fcef0c0a800 Implicit null exception at 0x00007fcee1347830 to 0x00007fcee1347d9d

Events (10 events):
Event: 50,099 Executing VM operation: RevokeBias done
Event: 50,099 Executing VM operation: RevokeBias
Event: 50,099 Executing VM operation: RevokeBias done
Event: 50,099 loading class java/lang/ProcessBuilder$NullOutputStream
Event: 50,099 loading class java/lang/ProcessBuilder$NullOutputStream done
Event: 50,100 Executing VM operation: RevokeBias
Event: 50,100 Executing VM operation: RevokeBias done
Event: 50,100 Thread 0x00007fcef07fd800 Thread exited: 0x00007fcef07fd800
Event: 50,107 loading class sun/awt/X11/XErrorEvent
Event: 50,109 loading class sun/awt/X11/XErrorEvent done


Dynamic libraries:
00400000-00401000 r-xp 00000000 08:01 3411076                            /usr/lib/jvm/java-8-oracle/bin/java
00600000-00601000 rw-p 00000000 08:01 3411076                            /usr/lib/jvm/java-8-oracle/bin/java
01b3e000-01b5f000 rw-p 00000000 00:00 0                                  [heap]
84c00000-8de80000 rw-p 00000000 00:00 0 
8de80000-d6f00000 ---p 00000000 00:00 0 
d6f00000-fb900000 rw-p 00000000 00:00 0 
fb900000-100000000 ---p 00000000 00:00 0 
100000000-100360000 rw-p 00000000 00:00 0 
100360000-140000000 ---p 00000000 00:00 0 
7fce6c000000-7fce6c027000 rw-p 00000000 00:00 0 
7fce6c027000-7fce70000000 ---p 00000000 00:00 0 
7fce74000000-7fce74021000 rw-p 00000000 00:00 0 
7fce74021000-7fce78000000 ---p 00000000 00:00 0 
7fce78000000-7fce79b35000 rw-p 00000000 00:00 0 
7fce79b35000-7fce7c000000 ---p 00000000 00:00 0 
7fce7c000000-7fce7c028000 rw-p 00000000 00:00 0 
7fce7c028000-7fce80000000 ---p 00000000 00:00 0 
7fce80000000-7fce80037000 rw-p 00000000 00:00 0 
7fce80037000-7fce84000000 ---p 00000000 00:00 0 
7fce84000000-7fce84021000 rw-p 00000000 00:00 0 
7fce84021000-7fce88000000 ---p 00000000 00:00 0 
7fce8a21d000-7fce8a2dd000 rw-p 00000000 00:00 0 
7fce8a2dd000-7fce8a41d000 ---p 00000000 00:00 0 
7fce8a41d000-7fce8a426000 r-xp 00000000 08:01 4204417                    /usr/lib/jvm/java-8-oracle/jre/lib/amd64/libmanagement.so
7fce8a426000-7fce8a625000 ---p 00009000 08:01 4204417                    /usr/lib/jvm/java-8-oracle/jre/lib/amd64/libmanagement.so
7fce8a625000-7fce8a626000 rw-p 00008000 08:01 4204417                    /usr/lib/jvm/java-8-oracle/jre/lib/amd64/libmanagement.so
7fce8a626000-7fce8a629000 ---p 00000000 00:00 0 
7fce8a629000-7fce8a727000 rw-p 00000000 00:00 0 
7fce8a727000-7fce8a72a000 ---p 00000000 00:00 0 
7fce8a72a000-7fce8a828000 rw-p 00000000 00:00 0 
7fce8a828000-7fce8a82b000 ---p 00000000 00:00 0 
7fce8a82b000-7fce8a929000 rw-p 00000000 00:00 0 
7fce8a929000-7fce8a92c000 ---p 00000000 00:00 0 
7fce8a92c000-7fce8aa2a000 rw-p 00000000 00:00 0 
7fce8aa2a000-7fce8aa2d000 ---p 00000000 00:00 0 
7fce8aa2d000-7fce8ab2b000 rw-p 00000000 00:00 0 
7fce8ab2b000-7fce8ab30000 r-xp 00000000 08:01 2366523                    /usr/lib/x86_64-linux-gnu/libXfixes.so.3.1.0
7fce8ab30000-7fce8ad2f000 ---p 00005000 08:01 2366523                    /usr/lib/x86_64-linux-gnu/libXfixes.so.3.1.0
7fce8ad2f000-7fce8ad30000 r--p 00004000 08:01 2366523                    /usr/lib/x86_64-linux-gnu/libXfixes.so.3.1.0
7fce8ad30000-7fce8ad31000 rw-p 00005000 08:01 2366523                    /usr/lib/x86_64-linux-gnu/libXfixes.so.3.1.0
7fce8ad31000-7fce8ad3a000 r-xp 00000000 08:01 2365340                    /usr/lib/x86_64-linux-gnu/libXcursor.so.1.0.2
7fce8ad3a000-7fce8af39000 ---p 00009000 08:01 2365340                    /usr/lib/x86_64-linux-gnu/libXcursor.so.1.0.2
7fce8af39000-7fce8af3a000 r--p 00008000 08:01 2365340                    /usr/lib/x86_64-linux-gnu/libXcursor.so.1.0.2
7fce8af3a000-7fce8af3b000 rw-p 00009000 08:01 2365340                    /usr/lib/x86_64-linux-gnu/libXcursor.so.1.0.2
7fce8af3b000-7fce8b13b000 rw-p 00000000 00:00 0 
7fce8b13b000-7fce8b1a0000 r-xp 00000000 08:01 4204386                    /usr/lib/jvm/java-8-oracle/jre/lib/amd64/libfontmanager.so
7fce8b1a0000-7fce8b39f000 ---p 00065000 08:01 4204386                    /usr/lib/jvm/java-8-oracle/jre/lib/amd64/libfontmanager.so
7fce8b39f000-7fce8b3a4000 rw-p 00064000 08:01 4204386                    /usr/lib/jvm/java-8-oracle/jre/lib/amd64/libfontmanager.so
7fce8b3a4000-7fce8b3b4000 rw-p 00000000 00:00 0 
7fce8b3b4000-7fce8b3b9000 r-xp 00000000 08:01 2366519                    /usr/lib/x86_64-linux-gnu/libXdmcp.so.6.0.0
7fce8b3b9000-7fce8b5b8000 ---p 00005000 08:01 2366519                    /usr/lib/x86_64-linux-gnu/libXdmcp.so.6.0.0
7fce8b5b8000-7fce8b5b9000 r--p 00004000 08:01 2366519                    /usr/lib/x86_64-linux-gnu/libXdmcp.so.6.0.0
7fce8b5b9000-7fce8b5ba000 rw-p 00005000 08:01 2366519                    /usr/lib/x86_64-linux-gnu/libXdmcp.so.6.0.0
7fce8b5ba000-7fce8b5bc000 r-xp 00000000 08:01 2366508                    /usr/lib/x86_64-linux-gnu/libXau.so.6.0.0
7fce8b5bc000-7fce8b7bc000 ---p 00002000 08:01 2366508                    /usr/lib/x86_64-linux-gnu/libXau.so.6.0.0
7fce8b7bc000-7fce8b7bd000 r--p 00002000 08:01 2366508                    /usr/lib/x86_64-linux-gnu/libXau.so.6.0.0
7fce8b7bd000-7fce8b7be000 rw-p 00003000 08:01 2366508                    /usr/lib/x86_64-linux-gnu/libXau.so.6.0.0
7fce8b7be000-7fce8b7df000 r-xp 00000000 08:01 2367926                    /usr/lib/x86_64-linux-gnu/libxcb.so.1.1.0
7fce8b7df000-7fce8b9de000 ---p 00021000 08:01 2367926                    /usr/lib/x86_64-linux-gnu/libxcb.so.1.1.0
7fce8b9de000-7fce8b9df000 r--p 00020000 08:01 2367926                    /usr/lib/x86_64-linux-gnu/libxcb.so.1.1.0
7fce8b9df000-7fce8b9e0000 rw-p 00021000 08:01 2367926                    /usr/lib/x86_64-linux-gnu/libxcb.so.1.1.0
7fce8b9e0000-7fce8b9ef000 r-xp 00000000 08:01 2366531                    /usr/lib/x86_64-linux-gnu/libXi.so.6.1.0
7fce8b9ef000-7fce8bbee000 ---p 0000f000 08:01 2366531                    /usr/lib/x86_64-linux-gnu/libXi.so.6.1.0
7fce8bbee000-7fce8bbef000 r--p 0000e000 08:01 2366531                    /usr/lib/x86_64-linux-gnu/libXi.so.6.1.0
7fce8bbef000-7fce8bbf0000 rw-p 0000f000 08:01 2366531                    /usr/lib/x86_64-linux-gnu/libXi.so.6.1.0
7fce8bbf0000-7fce8bbf5000 r-xp 00000000 08:01 2366549                    /usr/lib/x86_64-linux-gnu/libXtst.so.6.1.0
7fce8bbf5000-7fce8bdf4000 ---p 00005000 08:01 2366549                    /usr/lib/x86_64-linux-gnu/libXtst.so.6.1.0
7fce8bdf4000-7fce8bdf5000 r--p 00004000 08:01 2366549                    /usr/lib/x86_64-linux-gnu/libXtst.so.6.1.0
7fce8bdf5000-7fce8bdf6000 rw-p 00005000 08:01 2366549                    /usr/lib/x86_64-linux-gnu/libXtst.so.6.1.0
7fce8bdf6000-7fce8bdff000 r-xp 00000000 08:01 2366543                    /usr/lib/x86_64-linux-gnu/libXrender.so.1.3.0
7fce8bdff000-7fce8bffe000 ---p 00009000 08:01 2366543                    /usr/lib/x86_64-linux-gnu/libXrender.so.1.3.0
7fce8bffe000-7fce8bfff000 r--p 00008000 08:01 2366543                    /usr/lib/x86_64-linux-gnu/libXrender.so.1.3.0
7fce8bfff000-7fce8c000000 rw-p 00009000 08:01 2366543                    /usr/lib/x86_64-linux-gnu/libXrender.so.1.3.0
7fce8c000000-7fce8c021000 rw-p 00000000 00:00 0 
7fce8c021000-7fce90000000 ---p 00000000 00:00 0 
7fce90000000-7fce90021000 rw-p 00000000 00:00 0 
7fce90021000-7fce94000000 ---p 00000000 00:00 0 
7fce94000000-7fce9403b000 rw-p 00000000 00:00 0 
7fce9403b000-7fce98000000 ---p 00000000 00:00 0 
7fce98000000-7fce98021000 rw-p 00000000 00:00 0 
7fce98021000-7fce9c000000 ---p 00000000 00:00 0 
7fce9c000000-7fce9c021000 rw-p 00000000 00:00 0 
7fce9c021000-7fcea0000000 ---p 00000000 00:00 0 
7fcea0071000-7fcea0074000 ---p 00000000 00:00 0 
7fcea0074000-7fcea0172000 rw-p 00000000 00:00 0 
7fcea0172000-7fcea02a7000 r-xp 00000000 08:01 2366504                    /usr/lib/x86_64-linux-gnu/libX11.so.6.3.0
7fcea02a7000-7fcea04a7000 ---p 00135000 08:01 2366504                    /usr/lib/x86_64-linux-gnu/libX11.so.6.3.0
7fcea04a7000-7fcea04a8000 r--p 00135000 08:01 2366504                    /usr/lib/x86_64-linux-gnu/libX11.so.6.3.0
7fcea04a8000-7fcea04ac000 rw-p 00136000 08:01 2366504                    /usr/lib/x86_64-linux-gnu/libX11.so.6.3.0
7fcea04ac000-7fcea04bd000 r-xp 00000000 08:01 2366521                    /usr/lib/x86_64-linux-gnu/libXext.so.6.4.0
7fcea04bd000-7fcea06bc000 ---p 00011000 08:01 2366521                    /usr/lib/x86_64-linux-gnu/libXext.so.6.4.0
7fcea06bc000-7fcea06bd000 r--p 00010000 08:01 2366521                    /usr/lib/x86_64-linux-gnu/libXext.so.6.4.0
7fcea06bd000-7fcea06be000 rw-p 00011000 08:01 2366521                    /usr/lib/x86_64-linux-gnu/libXext.so.6.4.0
7fcea06be000-7fcea0712000 r-xp 00000000 08:01 4204416                    /usr/lib/jvm/java-8-oracle/jre/lib/amd64/libawt_xawt.so
7fcea0712000-7fcea0912000 ---p 00054000 08:01 4204416                    /usr/lib/jvm/java-8-oracle/jre/lib/amd64/libawt_xawt.so
7fcea0912000-7fcea0916000 rw-p 00054000 08:01 4204416                    /usr/lib/jvm/java-8-oracle/jre/lib/amd64/libawt_xawt.so
7fcea0916000-7fcea0917000 rw-p 00000000 00:00 0 
7fcea0917000-7fcea09b9000 r-xp 00000000 08:01 4204402                    /usr/lib/jvm/java-8-oracle/jre/lib/amd64/libawt.so
7fcea09b9000-7fcea0bb9000 ---p 000a2000 08:01 4204402                    /usr/lib/jvm/java-8-oracle/jre/lib/amd64/libawt.so
7fcea0bb9000-7fcea0bc5000 rw-p 000a2000 08:01 4204402                    /usr/lib/jvm/java-8-oracle/jre/lib/amd64/libawt.so
7fcea0bc5000-7fcea0de9000 rw-p 00000000 00:00 0 
7fcea0de9000-7fcea0dff000 r-xp 00000000 08:01 2101753                    /lib/x86_64-linux-gnu/libgcc_s.so.1
7fcea0dff000-7fcea0ffe000 ---p 00016000 08:01 2101753                    /lib/x86_64-linux-gnu/libgcc_s.so.1
7fcea0ffe000-7fcea0fff000 rw-p 00015000 08:01 2101753                    /lib/x86_64-linux-gnu/libgcc_s.so.1
7fcea0fff000-7fcea4000000 rw-p 00000000 00:00 0 
7fcea4000000-7fcea4021000 rw-p 00000000 00:00 0 
7fcea4021000-7fcea8000000 ---p 00000000 00:00 0 
7fcea8000000-7fcea8021000 rw-p 00000000 00:00 0 
7fcea8021000-7fceac000000 ---p 00000000 00:00 0 
7fceac000000-7fceae56e000 rw-p 00000000 00:00 0 
7fceae56e000-7fceb0000000 ---p 00000000 00:00 0 
7fceb0000000-7fceb0e5a000 rw-p 00000000 00:00 0 
7fceb0e5a000-7fceb4000000 ---p 00000000 00:00 0 
7fceb4000000-7fceb4021000 rw-p 00000000 00:00 0 
7fceb4021000-7fceb8000000 ---p 00000000 00:00 0 
7fceb8000000-7fceb96c4000 rw-p 00000000 00:00 0 
7fceb96c4000-7fcebc000000 ---p 00000000 00:00 0 
7fcebc000000-7fcebc021000 rw-p 00000000 00:00 0 
7fcebc021000-7fcec0000000 ---p 00000000 00:00 0 
7fcec0000000-7fcec0021000 rw-p 00000000 00:00 0 
7fcec0021000-7fcec4000000 ---p 00000000 00:00 0 
7fcec4000000-7fcec4034000 rw-p 00000000 00:00 0 
7fcec4034000-7fcec8000000 ---p 00000000 00:00 0 
7fcec80ef000-7fcec82ef000 rw-p 00000000 00:00 0 
7fcec82ef000-7fcec82f2000 ---p 00000000 00:00 0 
7fcec82f2000-7fcec83f0000 rw-p 00000000 00:00 0 
7fcec83f0000-7fcec83f3000 ---p 00000000 00:00 0 
7fcec83f3000-7fcec86f1000 rw-p 00000000 00:00 0 
7fcec8764000-7fcec8796000 r-xp 00000000 08:01 4203929                    /usr/lib/jvm/java-8-oracle/jre/lib/amd64/libsunec.so
7fcec8796000-7fcec8995000 ---p 00032000 08:01 4203929                    /usr/lib/jvm/java-8-oracle/jre/lib/amd64/libsunec.so
7fcec8995000-7fcec899b000 rw-p 00031000 08:01 4203929                    /usr/lib/jvm/java-8-oracle/jre/lib/amd64/libsunec.so
7fcec899b000-7fcec8bab000 rw-p 00000000 00:00 0 
7fcec8bab000-7fcec8bbc000 r-xp 00000000 08:01 4204412                    /usr/lib/jvm/java-8-oracle/jre/lib/amd64/libnio.so
7fcec8bbc000-7fcec8dbb000 ---p 00011000 08:01 4204412                    /usr/lib/jvm/java-8-oracle/jre/lib/amd64/libnio.so
7fcec8dbb000-7fcec8dbc000 rw-p 00010000 08:01 4204412                    /usr/lib/jvm/java-8-oracle/jre/lib/amd64/libnio.so
7fcec8dbc000-7fcec8fbc000 rw-p 00000000 00:00 0 
7fcec8fcb000-7fcec91cb000 rw-p 00000000 00:00 0 
7fcec91cb000-7fcec91ce000 ---p 00000000 00:00 0 
7fcec91ce000-7fcec92cc000 rw-p 00000000 00:00 0 
7fcec92cc000-7fcec92e2000 r-xp 00000000 08:01 4204409                    /usr/lib/jvm/java-8-oracle/jre/lib/amd64/libnet.so
7fcec92e2000-7fcec94e2000 ---p 00016000 08:01 4204409                    /usr/lib/jvm/java-8-oracle/jre/lib/amd64/libnet.so
7fcec94e2000-7fcec94e3000 rw-p 00016000 08:01 4204409                    /usr/lib/jvm/java-8-oracle/jre/lib/amd64/libnet.so
7fcec9547000-7fcec954a000 ---p 00000000 00:00 0 
7fcec954a000-7fcec9580000 rw-p 00000000 00:00 0 
7fcec9580000-7fcec9587000 r--s 00000000 08:01 2755676                    /usr/lib/x86_64-linux-gnu/gconv/gconv-modules.cache
7fcec9587000-7fcec95ac000 r--p 00000000 08:01 4197044                    /usr/share/locale-langpack/es/LC_MESSAGES/libc.mo
7fcec95ac000-7fcec95af000 ---p 00000000 00:00 0 
7fcec95af000-7fcec96ad000 rw-p 00000000 00:00 0 
7fcec96ad000-7fcec96af000 r--s 00009000 08:01 3949348                    /usr/lib/jvm/java-8-oracle/jre/lib/ext/sunec.jar
7fcec96af000-7fcec96b3000 r--s 0003a000 08:01 3949355                    /usr/lib/jvm/java-8-oracle/jre/lib/ext/sunpkcs11.jar
7fcec96b3000-7fcec96b6000 r--s 0001a000 08:01 3553996                    /usr/lib/jvm/java-8-oracle/jre/lib/jce.jar
7fcec96b6000-7fcec96c0000 r--s 00116000 08:01 3949357                    /usr/lib/jvm/java-8-oracle/jre/lib/ext/localedata.jar
7fcec96c0000-7fcec96dc000 r--s 00393000 08:01 3949350                    /usr/lib/jvm/java-8-oracle/jre/lib/ext/cldrdata.jar
7fcec96dc000-7fcec96e1000 r--s 0009d000 08:01 3553990                    /usr/lib/jvm/java-8-oracle/jre/lib/jsse.jar
7fcec96e1000-7fcec98e1000 rw-p 00000000 00:00 0 
7fcec98e1000-7fcec98e2000 ---p 00000000 00:00 0 
7fcec98e2000-7fcec99e2000 rw-p 00000000 00:00 0 
7fcec99e2000-7fcec99e5000 ---p 00000000 00:00 0 
7fcec99e5000-7fcec9ae3000 rw-p 00000000 00:00 0 
7fcec9ae3000-7fcec9ae6000 ---p 00000000 00:00 0 
7fcec9ae6000-7fcec9be4000 rw-p 00000000 00:00 0 
7fcec9be4000-7fcec9be7000 ---p 00000000 00:00 0 
7fcec9be7000-7fcec9ce5000 rw-p 00000000 00:00 0 
7fcec9ce5000-7fcec9ce8000 ---p 00000000 00:00 0 
7fcec9ce8000-7fcec9de6000 rw-p 00000000 00:00 0 
7fcec9de6000-7fcec9dff000 r--s 001af000 08:01 10882111                   /home/acosanchez/.m2/repository/org/aspectj/aspectjweaver/1.8.9/aspectjweaver-1.8.9.jar
7fcec9dff000-7fcec9e08000 r--s 0006f000 08:01 9309062                    /home/acosanchez/.m2/repository/log4j/log4j/1.2.17/log4j-1.2.17.jar
7fcec9e08000-7fcec9e0d000 r--s 00046000 08:01 10881747                   /home/acosanchez/.m2/repository/org/apache/commons/commons-lang3/3.0/commons-lang3-3.0.jar
7fcec9e0d000-7fcec9e0e000 r--s 00001000 08:01 10881745                   /home/acosanchez/.m2/repository/org/jdom/jaxen-jdom/1.0-FCS/jaxen-jdom-1.0-FCS.jar
7fcec9e0e000-7fcec9e0f000 r--s 00005000 08:01 10881743                   /home/acosanchez/.m2/repository/saxpath/saxpath/1.0-FCS/saxpath-1.0-FCS.jar
7fcec9e0f000-7fcec9e15000 r--s 00033000 08:01 10881741                   /home/acosanchez/.m2/repository/jaxen/jaxen/1.1.6/jaxen-1.1.6.jar
7fcec9e15000-7fcec9e18000 r--s 00023000 08:01 10356340                   /home/acosanchez/.m2/repository/org/jdom/jdom/1.1/jdom-1.1.jar
7fcec9e18000-7fcec9e30000 r--s 001b9000 08:01 10881739                   /home/acosanchez/.m2/repository/javax/media/jmf/2.1.1e/jmf-2.1.1e.jar
7fcec9e30000-7fcec9e33000 r--s 0003d000 08:01 10881754                   /home/acosanchez/.m2/repository/javax/media/jai/com.springsource.javax.media.jai.codec/1.1.3/com.springsource.javax.media.jai.codec-1.1.3.jar
7fcec9e33000-7fcec9e47000 r--s 001c0000 08:01 10881246                   /home/acosanchez/.m2/repository/javax/media/jai/com.springsource.javax.media.jai.core/1.1.3/com.springsource.javax.media.jai.core-1.1.3.jar
7fcec9e47000-7fcec9e52000 r--s 000c7000 08:01 10881737                   /home/acosanchez/.m2/repository/com/pojosontheweb/monte-repack/1.0.1/monte-repack-1.0.1.jar
7fcec9e52000-7fcec9e57000 r--s 0005d000 08:01 10881735                   /home/acosanchez/.m2/repository/org/seleniumhq/selenium/selenium-leg-rc/2.53.1/selenium-leg-rc-2.53.1.jar
7fcec9e57000-7fcec9e5c000 r--s 00025000 08:01 10881733                   /home/acosanchez/.m2/repository/org/seleniumhq/selenium/selenium-support/2.53.1/selenium-support-2.53.1.jar
7fcec9e5c000-7fcec9e72000 r--s 000f9000 08:01 10881731                   /home/acosanchez/.m2/repository/io/netty/netty/3.5.7.Final/netty-3.5.7.Final.jar
7fcec9e72000-7fcec9e74000 r--s 00014000 08:01 10881729                   /home/acosanchez/.m2/repository/org/seleniumhq/selenium/selenium-safari-driver/2.53.1/selenium-safari-driver-2.53.1.jar
7fcec9e74000-7fcec9e85000 r--s 00155000 08:01 10881727                   /home/acosanchez/.m2/repository/net/java/dev/jna/jna-platform/4.1.0/jna-platform-4.1.0.jar
7fcec9e85000-7fcec9e89000 r--s 000dc000 08:01 10881725                   /home/acosanchez/.m2/repository/net/java/dev/jna/jna/4.1.0/jna-4.1.0.jar
7fcec9e89000-7fcec9e8a000 r--s 00002000 08:01 10881723                   /home/acosanchez/.m2/repository/org/seleniumhq/selenium/selenium-ie-driver/2.53.1/selenium-ie-driver-2.53.1.jar
7fcec9e8a000-7fcec9e8c000 r--s 000c7000 08:01 10881721                   /home/acosanchez/.m2/repository/org/seleniumhq/selenium/selenium-firefox-driver/2.53.1/selenium-firefox-driver-2.53.1.jar
7fcec9e8c000-7fcec9e99000 r--s 00083000 08:01 10487923                   /home/acosanchez/.m2/repository/commons-collections/commons-collections/3.2.2/commons-collections-3.2.2.jar
7fcec9e99000-7fcec9e9b000 r--s 00009000 08:01 10881719                   /home/acosanchez/.m2/repository/org/eclipse/jetty/websocket/websocket-api/9.2.15.v20160210/websocket-api-9.2.15.v20160210.jar
7fcec9e9b000-7fcec9ea0000 r--s 00028000 08:01 10881717                   /home/acosanchez/.m2/repository/org/eclipse/jetty/websocket/websocket-common/9.2.15.v20160210/websocket-common-9.2.15.v20160210.jar
7fcec9ea0000-7fcec9ea3000 r--s 00018000 08:01 10881715                   /home/acosanchez/.m2/repository/org/eclipse/jetty/jetty-io/9.2.15.v20160210/jetty-io-9.2.15.v20160210.jar
7fcec9ea3000-7fcec9ea9000 r--s 00054000 08:01 10881713                   /home/acosanchez/.m2/repository/org/eclipse/jetty/jetty-util/9.2.15.v20160210/jetty-util-9.2.15.v20160210.jar
7fcec9ea9000-7fcec9eaa000 r--s 00008000 08:01 10881711                   /home/acosanchez/.m2/repository/org/eclipse/jetty/websocket/websocket-client/9.2.15.v20160210/websocket-client-9.2.15.v20160210.jar
7fcec9eaa000-7fcec9eac000 r--s 0000e000 08:01 10356287                   /home/acosanchez/.m2/repository/commons-logging/commons-logging/1.2/commons-logging-1.2.jar
7fcec9eac000-7fcec9eb0000 r--s 00058000 08:01 10881709                   /home/acosanchez/.m2/repository/net/sourceforge/cssparser/cssparser/0.9.18/cssparser-0.9.18.jar
7fcec9eb0000-7fcec9eb9000 r--s 0002d000 08:01 10749855                   /home/acosanchez/.m2/repository/xml-apis/xml-apis/1.4.01/xml-apis-1.4.01.jar
7fcec9eb9000-7fcec9ed2000 r--s 00135000 08:01 10749853                   /home/acosanchez/.m2/repository/xerces/xercesImpl/2.11.0/xercesImpl-2.11.0.jar
7fcec9ed2000-7fcec9ed5000 r--s 0001c000 08:01 10881707                   /home/acosanchez/.m2/repository/net/sourceforge/htmlunit/neko-htmlunit/2.21/neko-htmlunit-2.21.jar
7fcec9ed5000-7fcec9ee3000 r--s 000fc000 08:01 10881705                   /home/acosanchez/.m2/repository/net/sourceforge/htmlunit/htmlunit-core-js/2.17/htmlunit-core-js-2.17.jar
7fcec9ee3000-7fcec9eea000 r--s 0003f000 08:01 10487916                   /home/acosanchez/.m2/repository/commons-codec/commons-codec/1.10/commons-codec-1.10.jar
7fcec9eea000-7fcec9eec000 r--s 00009000 08:01 10881703                   /home/acosanchez/.m2/repository/org/apache/httpcomponents/httpmime/4.5.2/httpmime-4.5.2.jar
7fcec9eec000-7fcec9ef0000 r--s 00040000 08:01 10749849                   /home/acosanchez/.m2/repository/xalan/serializer/2.7.2/serializer-2.7.2.jar
7fcec9ef0000-7fcec9f15000 r--s 002de000 08:01 10749851                   /home/acosanchez/.m2/repository/xalan/xalan/2.7.2/xalan-2.7.2.jar
7fcec9f15000-7fcec9f3b000 r--s 001a1000 08:01 10881701                   /home/acosanchez/.m2/repository/net/sourceforge/htmlunit/htmlunit/2.21/htmlunit-2.21.jar
7fcec9f3b000-7fcec9f67000 r--s 00208000 08:01 10881695                   /home/acosanchez/.m2/repository/com/google/guava/guava/19.0/guava-19.0.jar
7fcec9f67000-7fcec9f6e000 r--s 00049000 08:01 10881693                   /home/acosanchez/.m2/repository/org/apache/httpcomponents/httpcore/4.4.3/httpcore-4.4.3.jar
7fcec9f6e000-7fcec9f7b000 r--s 000a6000 08:01 10881691                   /home/acosanchez/.m2/repository/org/apache/httpcomponents/httpclient/4.5.1/httpclient-4.5.1.jar
7fcec9f7b000-7fcec9f80000 r--s 0001f000 08:01 10881689                   /home/acosanchez/.m2/repository/org/seleniumhq/selenium/selenium-api/2.53.1/selenium-api-2.53.1.jar
7fcec9f80000-7fcec9f85000 r--s 0002f000 08:01 10881687                   /home/acosanchez/.m2/repository/com/google/code/gson/gson/2.3.1/gson-2.3.1.jar
7fcec9f85000-7fcec9f8c000 r--s 00049000 08:01 10881685                   /home/acosanchez/.m2/repository/cglib/cglib-nodep/2.1_3/cglib-nodep-2.1_3.jar
7fcec9f8c000-7fcec9f91000 r--s 00035000 08:01 10881683                   /home/acosanchez/.m2/repository/org/seleniumhq/selenium/selenium-remote-driver/2.53.1/selenium-remote-driver-2.53.1.jar
7fcec9f91000-7fceca027000 r--s 0110a000 08:01 3949351                    /usr/lib/jvm/java-8-oracle/jre/lib/ext/jfxrt.jar
7fceca027000-7fceca02a000 ---p 00000000 00:00 0 
7fceca02a000-7fceca128000 rw-p 00000000 00:00 0 
7fceca128000-7fceca675000 r--p 00000000 08:01 2365810                    /usr/lib/locale/locale-archive
7fceca675000-7fceca678000 ---p 00000000 00:00 0 
7fceca678000-7fceca776000 rw-p 00000000 00:00 0 
7fceca776000-7fceca779000 ---p 00000000 00:00 0 
7fceca779000-7fceca877000 rw-p 00000000 00:00 0 
7fceca877000-7fceca878000 ---p 00000000 00:00 0 
7fceca878000-7fcecb887000 rw-p 00000000 00:00 0 
7fcecb887000-7fcecba60000 r--s 03d64000 08:01 3553985                    /usr/lib/jvm/java-8-oracle/jre/lib/rt.jar
7fcecba60000-7fced0000000 rw-p 00000000 00:00 0 
7fced0000000-7fced0021000 rw-p 00000000 00:00 0 
7fced0021000-7fced4000000 ---p 00000000 00:00 0 
7fced4000000-7fced4031000 rw-p 00000000 00:00 0 
7fced4031000-7fced8000000 ---p 00000000 00:00 0 
7fced8000000-7fced8021000 rw-p 00000000 00:00 0 
7fced8021000-7fcedc000000 ---p 00000000 00:00 0 
7fcedc000000-7fcedc021000 rw-p 00000000 00:00 0 
7fcedc021000-7fcee0000000 ---p 00000000 00:00 0 
7fcee0000000-7fcee0001000 r--s 00003000 08:01 10749813                   /home/acosanchez/.m2/repository/org/w3c/css/sac/1.3/sac-1.3.jar
7fcee0001000-7fcee0003000 r--s 0000e000 08:01 10881699                   /home/acosanchez/.m2/repository/org/seleniumhq/selenium/htmlunit-driver/2.21/htmlunit-driver-2.21.jar
7fcee0003000-7fcee0011000 r--s 000c7000 08:01 10881675                   /home/acosanchez/.m2/repository/org/testng/testng/6.9.10/testng-6.9.10.jar
7fcee0011000-7fcee0461000 rw-p 00000000 00:00 0 
7fcee0461000-7fcee0462000 ---p 00000000 00:00 0 
7fcee0462000-7fcee0562000 rw-p 00000000 00:00 0 
7fcee0562000-7fcee0563000 ---p 00000000 00:00 0 
7fcee0563000-7fcee0663000 rw-p 00000000 00:00 0 
7fcee0663000-7fcee0664000 ---p 00000000 00:00 0 
7fcee0664000-7fcee0764000 rw-p 00000000 00:00 0 
7fcee0764000-7fcee0765000 ---p 00000000 00:00 0 
7fcee0765000-7fcee08af000 rw-p 00000000 00:00 0 
7fcee08af000-7fcee0af6000 ---p 00000000 00:00 0 
7fcee0af6000-7fcee0c1c000 rw-p 00000000 00:00 0 
7fcee0c1c000-7fcee0c3f000 ---p 00000000 00:00 0 
7fcee0c3f000-7fcee0c6c000 rw-p 00000000 00:00 0 
7fcee0c6c000-7fcee1000000 ---p 00000000 00:00 0 
7fcee1000000-7fcee1af0000 rwxp 00000000 00:00 0 
7fcee1af0000-7fcef0000000 ---p 00000000 00:00 0 
7fcef0000000-7fcef0da4000 rw-p 00000000 00:00 0 
7fcef0da4000-7fcef4000000 ---p 00000000 00:00 0 
7fcef4000000-7fcef4002000 r--s 0000c000 08:01 9044688                    /home/acosanchez/.m2/repository/org/apache/commons/commons-exec/1.3/commons-exec-1.3.jar
7fcef4002000-7fcef4003000 r--s 00001000 08:01 10881697                   /home/acosanchez/.m2/repository/org/seleniumhq/selenium/selenium-edge-driver/2.53.1/selenium-edge-driver-2.53.1.jar
7fcef4003000-7fcef4004000 r--s 00002000 08:01 10881681                   /home/acosanchez/.m2/repository/org/seleniumhq/selenium/selenium-chrome-driver/2.53.1/selenium-chrome-driver-2.53.1.jar
7fcef4004000-7fcef4005000 r--s 00000000 08:01 10881679                   /home/acosanchez/.m2/repository/org/seleniumhq/selenium/selenium-java/2.53.1/selenium-java-2.53.1.jar
7fcef4005000-7fcef400a000 r--s 00040000 08:01 8915896                    /home/acosanchez/.m2/repository/org/beanshell/bsh/2.0b4/bsh-2.0b4.jar
7fcef400a000-7fcef400c000 r--s 0000e000 08:01 10881677                   /home/acosanchez/.m2/repository/com/beust/jcommander/1.48/jcommander-1.48.jar
7fcef400c000-7fcef4010000 r--s 0002a000 08:01 9706508                    /home/acosanchez/.m2/repository/commons-io/commons-io/2.4/commons-io-2.4.jar
7fcef4010000-7fcef4011000 r--s 00002000 08:01 10881756                   /home/acosanchez/.m2/repository/com/github/agomezmoron/webdriver-screenshot/1.0.3/webdriver-screenshot-1.0.3.jar
7fcef4011000-7fcef4013000 r--s 00009000 08:01 10881752                   /home/acosanchez/.m2/repository/com/emergya/selenium-handler/0.1.10/selenium-handler-0.1.10.jar
7fcef4013000-7fcef4017000 r--s 00019000 08:01 10881673                   /home/acosanchez/.m2/repository/org/aspectj/aspectjrt/1.8.3/aspectjrt-1.8.3.jar
7fcef4017000-7fcef401e000 r--s 0007a000 08:01 10881671                   /home/acosanchez/.m2/repository/org/apache/tika/tika-core/1.7/tika-core-1.7.jar
7fcef401e000-7fcef401f000 r--s 00007000 08:01 10752216                   /home/acosanchez/.m2/repository/org/slf4j/slf4j-api/1.7.12/slf4j-api-1.7.12.jar
7fcef401f000-7fcef4021000 r--s 00007000 08:01 10881669                   /home/acosanchez/.m2/repository/ru/qatools/commons/properties/2.0.RC3/properties-2.0.RC3.jar
7fcef4021000-7fcef4027000 r--s 0001e000 08:01 10881667                   /home/acosanchez/.m2/repository/org/jvnet/jaxb2_commons/jaxb2-basics-runtime/0.9.3/jaxb2-basics-runtime-0.9.3.jar
7fcef4027000-7fcef4028000 r--s 00009000 08:01 10881665                   /home/acosanchez/.m2/repository/ru/yandex/qatools/allure/allure-model/1.5.0.RC2/allure-model-1.5.0.RC2.jar
7fcef4028000-7fcef4029000 r--s 00001000 08:01 10881663                   /home/acosanchez/.m2/repository/ru/yandex/qatools/allure/allure-java-annotations/1.5.0.RC2/allure-java-annotations-1.5.0.RC2.jar
7fcef4029000-7fcef403c000 r--s 00345000 08:01 3553989                    /usr/lib/jvm/java-8-oracle/jre/lib/resources.jar
7fcef403c000-7fcef4086000 rw-p 00000000 00:00 0 
7fcef4086000-7fcef42ce000 ---p 00000000 00:00 0 
7fcef42ce000-7fcef42e9000 r-xp 00000000 08:01 4204405                    /usr/lib/jvm/java-8-oracle/jre/lib/amd64/libzip.so
7fcef42e9000-7fcef44e9000 ---p 0001b000 08:01 4204405                    /usr/lib/jvm/java-8-oracle/jre/lib/amd64/libzip.so
7fcef44e9000-7fcef44ea000 rw-p 0001b000 08:01 4204405                    /usr/lib/jvm/java-8-oracle/jre/lib/amd64/libzip.so
7fcef44ea000-7fcef44f5000 r-xp 00000000 08:01 2097248                    /lib/x86_64-linux-gnu/libnss_files-2.23.so
7fcef44f5000-7fcef46f4000 ---p 0000b000 08:01 2097248                    /lib/x86_64-linux-gnu/libnss_files-2.23.so
7fcef46f4000-7fcef46f5000 r--p 0000a000 08:01 2097248                    /lib/x86_64-linux-gnu/libnss_files-2.23.so
7fcef46f5000-7fcef46f6000 rw-p 0000b000 08:01 2097248                    /lib/x86_64-linux-gnu/libnss_files-2.23.so
7fcef46f6000-7fcef46fc000 rw-p 00000000 00:00 0 
7fcef46fc000-7fcef4707000 r-xp 00000000 08:01 2101732                    /lib/x86_64-linux-gnu/libnss_nis-2.23.so
7fcef4707000-7fcef4906000 ---p 0000b000 08:01 2101732                    /lib/x86_64-linux-gnu/libnss_nis-2.23.so
7fcef4906000-7fcef4907000 r--p 0000a000 08:01 2101732                    /lib/x86_64-linux-gnu/libnss_nis-2.23.so
7fcef4907000-7fcef4908000 rw-p 0000b000 08:01 2101732                    /lib/x86_64-linux-gnu/libnss_nis-2.23.so
7fcef4908000-7fcef491e000 r-xp 00000000 08:01 2097166                    /lib/x86_64-linux-gnu/libnsl-2.23.so
7fcef491e000-7fcef4b1d000 ---p 00016000 08:01 2097166                    /lib/x86_64-linux-gnu/libnsl-2.23.so
7fcef4b1d000-7fcef4b1e000 r--p 00015000 08:01 2097166                    /lib/x86_64-linux-gnu/libnsl-2.23.so
7fcef4b1e000-7fcef4b1f000 rw-p 00016000 08:01 2097166                    /lib/x86_64-linux-gnu/libnsl-2.23.so
7fcef4b1f000-7fcef4b21000 rw-p 00000000 00:00 0 
7fcef4b21000-7fcef4b29000 r-xp 00000000 08:01 2097243                    /lib/x86_64-linux-gnu/libnss_compat-2.23.so
7fcef4b29000-7fcef4d28000 ---p 00008000 08:01 2097243                    /lib/x86_64-linux-gnu/libnss_compat-2.23.so
7fcef4d28000-7fcef4d29000 r--p 00007000 08:01 2097243                    /lib/x86_64-linux-gnu/libnss_compat-2.23.so
7fcef4d29000-7fcef4d2a000 rw-p 00008000 08:01 2097243                    /lib/x86_64-linux-gnu/libnss_compat-2.23.so
7fcef4d2a000-7fcef4d34000 r-xp 00000000 08:01 4204414                    /usr/lib/jvm/java-8-oracle/jre/lib/amd64/libinstrument.so
7fcef4d34000-7fcef4f33000 ---p 0000a000 08:01 4204414                    /usr/lib/jvm/java-8-oracle/jre/lib/amd64/libinstrument.so
7fcef4f33000-7fcef4f34000 rw-p 00009000 08:01 4204414                    /usr/lib/jvm/java-8-oracle/jre/lib/amd64/libinstrument.so
7fcef4f34000-7fcef4f5f000 r-xp 00000000 08:01 4204399                    /usr/lib/jvm/java-8-oracle/jre/lib/amd64/libjava.so
7fcef4f5f000-7fcef515e000 ---p 0002b000 08:01 4204399                    /usr/lib/jvm/java-8-oracle/jre/lib/amd64/libjava.so
7fcef515e000-7fcef5160000 rw-p 0002a000 08:01 4204399                    /usr/lib/jvm/java-8-oracle/jre/lib/amd64/libjava.so
7fcef5160000-7fcef516d000 r-xp 00000000 08:01 4204404                    /usr/lib/jvm/java-8-oracle/jre/lib/amd64/libverify.so
7fcef516d000-7fcef536d000 ---p 0000d000 08:01 4204404                    /usr/lib/jvm/java-8-oracle/jre/lib/amd64/libverify.so
7fcef536d000-7fcef536f000 rw-p 0000d000 08:01 4204404                    /usr/lib/jvm/java-8-oracle/jre/lib/amd64/libverify.so
7fcef536f000-7fcef5376000 r-xp 00000000 08:01 2101733                    /lib/x86_64-linux-gnu/librt-2.23.so
7fcef5376000-7fcef5575000 ---p 00007000 08:01 2101733                    /lib/x86_64-linux-gnu/librt-2.23.so
7fcef5575000-7fcef5576000 r--p 00006000 08:01 2101733                    /lib/x86_64-linux-gnu/librt-2.23.so
7fcef5576000-7fcef5577000 rw-p 00007000 08:01 2101733                    /lib/x86_64-linux-gnu/librt-2.23.so
7fcef5577000-7fcef567f000 r-xp 00000000 08:01 2097157                    /lib/x86_64-linux-gnu/libm-2.23.so
7fcef567f000-7fcef587e000 ---p 00108000 08:01 2097157                    /lib/x86_64-linux-gnu/libm-2.23.so
7fcef587e000-7fcef587f000 r--p 00107000 08:01 2097157                    /lib/x86_64-linux-gnu/libm-2.23.so
7fcef587f000-7fcef5880000 rw-p 00108000 08:01 2097157                    /lib/x86_64-linux-gnu/libm-2.23.so
7fcef5880000-7fcef6559000 r-xp 00000000 08:01 4330854                    /usr/lib/jvm/java-8-oracle/jre/lib/amd64/server/libjvm.so
7fcef6559000-7fcef6758000 ---p 00cd9000 08:01 4330854                    /usr/lib/jvm/java-8-oracle/jre/lib/amd64/server/libjvm.so
7fcef6758000-7fcef6831000 rw-p 00cd8000 08:01 4330854                    /usr/lib/jvm/java-8-oracle/jre/lib/amd64/server/libjvm.so
7fcef6831000-7fcef687d000 rw-p 00000000 00:00 0 
7fcef687d000-7fcef6a3d000 r-xp 00000000 08:01 2097235                    /lib/x86_64-linux-gnu/libc-2.23.so
7fcef6a3d000-7fcef6c3d000 ---p 001c0000 08:01 2097235                    /lib/x86_64-linux-gnu/libc-2.23.so
7fcef6c3d000-7fcef6c41000 r--p 001c0000 08:01 2097235                    /lib/x86_64-linux-gnu/libc-2.23.so
7fcef6c41000-7fcef6c43000 rw-p 001c4000 08:01 2097235                    /lib/x86_64-linux-gnu/libc-2.23.so
7fcef6c43000-7fcef6c47000 rw-p 00000000 00:00 0 
7fcef6c47000-7fcef6c4a000 r-xp 00000000 08:01 2097237                    /lib/x86_64-linux-gnu/libdl-2.23.so
7fcef6c4a000-7fcef6e49000 ---p 00003000 08:01 2097237                    /lib/x86_64-linux-gnu/libdl-2.23.so
7fcef6e49000-7fcef6e4a000 r--p 00002000 08:01 2097237                    /lib/x86_64-linux-gnu/libdl-2.23.so
7fcef6e4a000-7fcef6e4b000 rw-p 00003000 08:01 2097237                    /lib/x86_64-linux-gnu/libdl-2.23.so
7fcef6e4b000-7fcef6e61000 r-xp 00000000 08:01 3412449                    /usr/lib/jvm/java-8-oracle/lib/amd64/jli/libjli.so
7fcef6e61000-7fcef7060000 ---p 00016000 08:01 3412449                    /usr/lib/jvm/java-8-oracle/lib/amd64/jli/libjli.so
7fcef7060000-7fcef7061000 rw-p 00015000 08:01 3412449                    /usr/lib/jvm/java-8-oracle/lib/amd64/jli/libjli.so
7fcef7061000-7fcef7079000 r-xp 00000000 08:01 2097177                    /lib/x86_64-linux-gnu/libpthread-2.23.so
7fcef7079000-7fcef7278000 ---p 00018000 08:01 2097177                    /lib/x86_64-linux-gnu/libpthread-2.23.so
7fcef7278000-7fcef7279000 r--p 00017000 08:01 2097177                    /lib/x86_64-linux-gnu/libpthread-2.23.so
7fcef7279000-7fcef727a000 rw-p 00018000 08:01 2097177                    /lib/x86_64-linux-gnu/libpthread-2.23.so
7fcef727a000-7fcef727e000 rw-p 00000000 00:00 0 
7fcef727e000-7fcef72a4000 r-xp 00000000 08:01 2097169                    /lib/x86_64-linux-gnu/ld-2.23.so
7fcef72a4000-7fcef72a6000 r--s 0000e000 08:01 10881661                   /home/acosanchez/.m2/repository/ru/yandex/qatools/allure/allure-java-adaptor-api/1.5.0.RC2/allure-java-adaptor-api-1.5.0.RC2.jar
7fcef72a6000-7fcef72a7000 r--s 00002000 08:01 10881659                   /home/acosanchez/.m2/repository/ru/yandex/qatools/allure/allure-java-aspects/1.5.0.RC2/allure-java-aspects-1.5.0.RC2.jar
7fcef72a7000-7fcef72a8000 r--s 00002000 08:01 10881657                   /home/acosanchez/.m2/repository/ru/yandex/qatools/allure/allure-testng-adaptor/1.5.0.RC2/allure-testng-adaptor-1.5.0.RC2.jar
7fcef72a8000-7fcef72ad000 r--s 00084000 08:01 3553946                    /usr/lib/jvm/java-8-oracle/jre/lib/jfr.jar
7fcef72ad000-7fcef72b2000 r--s 002f9000 08:01 3553983                    /usr/lib/jvm/java-8-oracle/jre/lib/charsets.jar
7fcef72b2000-7fcef7383000 rw-p 00000000 00:00 0 
7fcef7383000-7fcef7386000 ---p 00000000 00:00 0 
7fcef7386000-7fcef7489000 rw-p 00000000 00:00 0 
7fcef7489000-7fcef748c000 r--s 0001a000 08:01 3553996                    /usr/lib/jvm/java-8-oracle/jre/lib/jce.jar
7fcef748c000-7fcef7491000 r--s 0009d000 08:01 3553990                    /usr/lib/jvm/java-8-oracle/jre/lib/jsse.jar
7fcef7491000-7fcef7499000 r--s 00048000 08:01 10882334                   /home/acosanchez/eclipse/jee-oxygen/eclipse/configuration/org.eclipse.osgi/1177/0/.cp/lib/testng-remote.jar
7fcef7499000-7fcef74a1000 rw-s 00000000 08:01 7081076                    /tmp/hsperfdata_acosanchez/13014
7fcef74a1000-7fcef74a2000 rw-p 00000000 00:00 0 
7fcef74a2000-7fcef74a3000 r--p 00000000 00:00 0 
7fcef74a3000-7fcef74a4000 r--p 00025000 08:01 2097169                    /lib/x86_64-linux-gnu/ld-2.23.so
7fcef74a4000-7fcef74a5000 rw-p 00026000 08:01 2097169                    /lib/x86_64-linux-gnu/ld-2.23.so
7fcef74a5000-7fcef74a6000 rw-p 00000000 00:00 0 
7fff97420000-7fff97443000 rw-p 00000000 00:00 0                          [stack]
7fff974de000-7fff974e1000 r--p 00000000 00:00 0                          [vvar]
7fff974e1000-7fff974e3000 r-xp 00000000 00:00 0                          [vdso]
ffffffffff600000-ffffffffff601000 r-xp 00000000 00:00 0                  [vsyscall]

VM Arguments:
jvm_args: -ea -javaagent:/home/acosanchez/.m2/repository/org/aspectj/aspectjweaver/1.8.9/aspectjweaver-1.8.9.jar -Dfile.encoding=UTF-8 
java_command: org.testng.remote.RemoteTestNG -serport 46445 -protocol json -d /home/acosanchez/QA_workspace/qa-emergya-quickstart/test-output /tmp/testng-eclipse-1685765965/testng-customsuite.xml
java_class_path (initial): /home/acosanchez/eclipse/jee-oxygen/eclipse/configuration/org.eclipse.osgi/1177/0/.cp/lib/testng-remote.jar:/usr/lib/jvm/java-8-oracle/jre/lib/resources.jar:/usr/lib/jvm/java-8-oracle/jre/lib/rt.jar:/usr/lib/jvm/java-8-oracle/jre/lib/jsse.jar:/usr/lib/jvm/java-8-oracle/jre/lib/jce.jar:/usr/lib/jvm/java-8-oracle/jre/lib/charsets.jar:/usr/lib/jvm/java-8-oracle/jre/lib/jfr.jar:/usr/lib/jvm/java-8-oracle/jre/lib/ext/jaccess.jar:/usr/lib/jvm/java-8-oracle/jre/lib/ext/nashorn.jar:/usr/lib/jvm/java-8-oracle/jre/lib/ext/jfxrt.jar:/usr/lib/jvm/java-8-oracle/jre/lib/ext/sunpkcs11.jar:/usr/lib/jvm/java-8-oracle/jre/lib/ext/zipfs.jar:/usr/lib/jvm/java-8-oracle/jre/lib/ext/dnsns.jar:/usr/lib/jvm/java-8-oracle/jre/lib/ext/cldrdata.jar:/usr/lib/jvm/java-8-oracle/jre/lib/ext/sunec.jar:/usr/lib/jvm/java-8-oracle/jre/lib/ext/localedata.jar:/usr/lib/jvm/java-8-oracle/jre/lib/ext/sunjce_provider.jar:/home/acosanchez/QA_workspace/qa-emergya-quickstart/target/test-classes:/home/acosanchez/QA_workspace/qa-emergya-quickstart/target/classes:/home/acosanchez/.m2/repository/ru/yandex/qatools/allure/allure-testng-adaptor/1.5.0.RC2/allure-testng-adaptor-1.5.0.RC2.jar:/home/acosanchez/.m2/repository/ru/yandex/qatools/allure/allure-java-aspects/1.5.0.RC2/allure-java-aspects-1.5.0.RC2.jar:/home/acosanchez/.m2/repository/ru/yandex/qatools/allure/allure-java-adaptor-api/1.5.0.RC2/allure-java-adaptor-api-1.5.0.RC2.jar:/home/acosanchez/.m2/repository/ru/yandex/qatools/allure/allure-java-annotations/1.5.0.RC2/allure-java-annotations-1.5.0.RC2.jar:/home/acosanchez/.m2/repository/ru/yandex/qatools/allure/allure-model/1.5.0.RC2/allure-model-1.5.0.RC2.jar:/home/acosanchez/.m2/repository/org/jvnet/jaxb2_commons/jaxb2-basics-runtime/0.9.3/jaxb2-basics-runtime-0.9.3.jar:/home/acosanchez/.m2/repository/ru/qatools/commons/properties/2.0.RC3/properties-2.0.RC3.jar:/home/acosanchez/.m2/repository/org/slf4j/slf4j-api/1.7.12/slf4j-api-1.7.12.jar:/home/acosanchez/.m2/repository/org/apach
Launcher Type: SUN_STANDARD

Environment Variables:
JAVA_HOME=/usr/lib/jvm/java-7-oracle
PATH=/home/acosanchez/bin:/home/acosanchez/.local/bin:/usr/local/sbin:/usr/local/bin:/usr/sbin:/usr/bin:/sbin:/bin:/usr/games:/usr/local/games:/snap/bin:/usr/lib/jvm/java-7-oracle/bin:/usr/lib/jvm/java-7-oracle/db/bin:/usr/lib/jvm/java-7-oracle/jre/bin
SHELL=/bin/bash
DISPLAY=:0

Signal Handlers:
SIGSEGV: [libjvm.so+0xad01e0], sa_mask[0]=11111111011111111101111111111110, sa_flags=SA_RESTART|SA_SIGINFO
SIGBUS: [libjvm.so+0xad01e0], sa_mask[0]=11111111011111111101111111111110, sa_flags=SA_RESTART|SA_SIGINFO
SIGFPE: [libjvm.so+0x927fb0], sa_mask[0]=11111111011111111101111111111110, sa_flags=SA_RESTART|SA_SIGINFO
SIGPIPE: [libjvm.so+0x927fb0], sa_mask[0]=11111111011111111101111111111110, sa_flags=SA_RESTART|SA_SIGINFO
SIGXFSZ: [libjvm.so+0x927fb0], sa_mask[0]=11111111011111111101111111111110, sa_flags=SA_RESTART|SA_SIGINFO
SIGILL: [libjvm.so+0x927fb0], sa_mask[0]=11111111011111111101111111111110, sa_flags=SA_RESTART|SA_SIGINFO
SIGUSR1: SIG_DFL, sa_mask[0]=00000000000000000000000000000000, sa_flags=none
SIGUSR2: [libjvm.so+0x9297f0], sa_mask[0]=00100000000000000000000000000000, sa_flags=SA_RESTART|SA_SIGINFO
SIGHUP: [libjvm.so+0x92abf0], sa_mask[0]=11111111011111111101111111111110, sa_flags=SA_RESTART|SA_SIGINFO
SIGINT: [libjvm.so+0x92abf0], sa_mask[0]=11111111011111111101111111111110, sa_flags=SA_RESTART|SA_SIGINFO
SIGTERM: [libjvm.so+0x92abf0], sa_mask[0]=11111111011111111101111111111110, sa_flags=SA_RESTART|SA_SIGINFO
SIGQUIT: [libjvm.so+0x92abf0], sa_mask[0]=11111111011111111101111111111110, sa_flags=SA_RESTART|SA_SIGINFO


---------------  S Y S T E M  ---------------

OS:DISTRIB_ID=Ubuntu
DISTRIB_RELEASE=16.04
DISTRIB_CODENAME=xenial
DISTRIB_DESCRIPTION="Ubuntu 16.04.4 LTS"

uname:Linux 4.15.0-041500-generic #201801282230 SMP Sun Jan 28 22:31:30 UTC 2018 x86_64
libc:glibc 2.23 NPTL 2.23 
rlimit: STACK 8192k, CORE 0k, NPROC 31316, NOFILE 1048576, AS infinity
load average:1,42 1,57 1,43

/proc/meminfo:
MemTotal:        8072284 kB
MemFree:          628724 kB
MemAvailable:    1033772 kB
Buffers:           24364 kB
Cached:          1078996 kB
SwapCached:            0 kB
Active:          5937844 kB
Inactive:        1215668 kB
Active(anon):    5648564 kB
Inactive(anon):   922384 kB
Active(file):     289280 kB
Inactive(file):   293284 kB
Unevictable:         136 kB
Mlocked:             136 kB
SwapTotal:       8290300 kB
SwapFree:        8283132 kB
Dirty:               584 kB
Writeback:             0 kB
AnonPages:       6050448 kB
Mapped:           583540 kB
Shmem:            594992 kB
Slab:             134956 kB
SReclaimable:      83372 kB
SUnreclaim:        51584 kB
KernelStack:       14160 kB
PageTables:        70176 kB
NFS_Unstable:          0 kB
Bounce:                0 kB
WritebackTmp:          0 kB
CommitLimit:    12326440 kB
Committed_AS:   12183928 kB
VmallocTotal:   34359738367 kB
VmallocUsed:           0 kB
VmallocChunk:          0 kB
HardwareCorrupted:     0 kB
AnonHugePages:         0 kB
ShmemHugePages:        0 kB
ShmemPmdMapped:        0 kB
CmaTotal:              0 kB
CmaFree:               0 kB
HugePages_Total:       0
HugePages_Free:        0
HugePages_Rsvd:        0
HugePages_Surp:        0
Hugepagesize:       2048 kB
DirectMap4k:      200712 kB
DirectMap2M:     8091648 kB
DirectMap1G:     1048576 kB


CPU:total 4 (initial active 4) (2 cores per cpu, 2 threads per core) family 6 model 69 stepping 1, cmov, cx8, fxsr, mmx, sse, sse2, sse3, ssse3, sse4.1, sse4.2, popcnt, avx, avx2, aes, clmul, erms, lzcnt, ht, tsc, tscinvbit, bmi1, bmi2

/proc/cpuinfo:
processor	: 0
vendor_id	: GenuineIntel
cpu family	: 6
model		: 69
model name	: Intel(R) Core(TM) i5-4200U CPU @ 1.60GHz
stepping	: 1
microcode	: 0x20
cpu MHz		: 2488.761
cache size	: 3072 KB
physical id	: 0
siblings	: 4
core id		: 0
cpu cores	: 2
apicid		: 0
initial apicid	: 0
fpu		: yes
fpu_exception	: yes
cpuid level	: 13
wp		: yes
flags		: fpu vme de pse tsc msr pae mce cx8 apic sep mtrr pge mca cmov pat pse36 clflush dts acpi mmx fxsr sse sse2 ss ht tm pbe syscall nx pdpe1gb rdtscp lm constant_tsc arch_perfmon pebs bts rep_good nopl xtopology nonstop_tsc cpuid aperfmperf pni pclmulqdq dtes64 monitor ds_cpl vmx est tm2 ssse3 sdbg fma cx16 xtpr pdcm pcid sse4_1 sse4_2 movbe popcnt tsc_deadline_timer aes xsave avx f16c rdrand lahf_lm abm cpuid_fault epb invpcid_single pti retpoline tpr_shadow vnmi flexpriority ept vpid fsgsbase tsc_adjust bmi1 avx2 smep bmi2 erms invpcid xsaveopt dtherm ida arat pln pts
bugs		: cpu_meltdown spectre_v1 spectre_v2
bogomips	: 4589.25
clflush size	: 64
cache_alignment	: 64
address sizes	: 39 bits physical, 48 bits virtual
power management:

processor	: 1
vendor_id	: GenuineIntel
cpu family	: 6
model		: 69
model name	: Intel(R) Core(TM) i5-4200U CPU @ 1.60GHz
stepping	: 1
microcode	: 0x20
cpu MHz		: 2294.701
cache size	: 3072 KB
physical id	: 0
siblings	: 4
core id		: 1
cpu cores	: 2
apicid		: 2
initial apicid	: 2
fpu		: yes
fpu_exception	: yes
cpuid level	: 13
wp		: yes
flags		: fpu vme de pse tsc msr pae mce cx8 apic sep mtrr pge mca cmov pat pse36 clflush dts acpi mmx fxsr sse sse2 ss ht tm pbe syscall nx pdpe1gb rdtscp lm constant_tsc arch_perfmon pebs bts rep_good nopl xtopology nonstop_tsc cpuid aperfmperf pni pclmulqdq dtes64 monitor ds_cpl vmx est tm2 ssse3 sdbg fma cx16 xtpr pdcm pcid sse4_1 sse4_2 movbe popcnt tsc_deadline_timer aes xsave avx f16c rdrand lahf_lm abm cpuid_fault epb invpcid_single pti retpoline tpr_shadow vnmi flexpriority ept vpid fsgsbase tsc_adjust bmi1 avx2 smep bmi2 erms invpcid xsaveopt dtherm ida arat pln pts
bugs		: cpu_meltdown spectre_v1 spectre_v2
bogomips	: 4589.25
clflush size	: 64
cache_alignment	: 64
address sizes	: 39 bits physical, 48 bits virtual
power management:

processor	: 2
vendor_id	: GenuineIntel
cpu family	: 6
model		: 69
model name	: Intel(R) Core(TM) i5-4200U CPU @ 1.60GHz
stepping	: 1
microcode	: 0x20
cpu MHz		: 2327.828
cache size	: 3072 KB
physical id	: 0
siblings	: 4
core id		: 0
cpu cores	: 2
apicid		: 1
initial apicid	: 1
fpu		: yes
fpu_exception	: yes
cpuid level	: 13
wp		: yes
flags		: fpu vme de pse tsc msr pae mce cx8 apic sep mtrr pge mca cmov pat pse36 clflush dts acpi mmx fxsr sse sse2 ss ht tm pbe syscall nx pdpe1gb rdtscp lm constant_tsc arch_perfmon pebs bts rep_good nopl xtopology nonstop_tsc cpuid aperfmperf pni pclmulqdq dtes64 monitor ds_cpl vmx est tm2 ssse3 sdbg fma cx16 xtpr pdcm pcid sse4_1 sse4_2 movbe popcnt tsc_deadline_timer aes xsave avx f16c rdrand lahf_lm abm cpuid_fault epb invpcid_single pti retpoline tpr_shadow vnmi flexpriority ept vpid fsgsbase tsc_adjust bmi1 avx2 smep bmi2 erms invpcid xsaveopt dtherm ida arat pln pts
bugs		: cpu_meltdown spectre_v1 spectre_v2
bogomips	: 4589.25
clflush size	: 64
cache_alignment	: 64
address sizes	: 39 bits physical, 48 bits virtual
power management:

processor	: 3
vendor_id	: GenuineIntel
cpu family	: 6
model		: 69
model name	: Intel(R) Core(TM) i5-4200U CPU @ 1.60GHz
stepping	: 1
microcode	: 0x20
cpu MHz		: 2294.831
cache size	: 3072 KB
physical id	: 0
siblings	: 4
core id		: 1
cpu cores	: 2
apicid		: 3
initial apicid	: 3
fpu		: yes
fpu_exception	: yes
cpuid level	: 13
wp		: yes
flags		: fpu vme de pse tsc msr pae mce cx8 apic sep mtrr pge mca cmov pat pse36 clflush dts acpi mmx fxsr sse sse2 ss ht tm pbe syscall nx pdpe1gb rdtscp lm constant_tsc arch_perfmon pebs bts rep_good nopl xtopology nonstop_tsc cpuid aperfmperf pni pclmulqdq dtes64 monitor ds_cpl vmx est tm2 ssse3 sdbg fma cx16 xtpr pdcm pcid sse4_1 sse4_2 movbe popcnt tsc_deadline_timer aes xsave avx f16c rdrand lahf_lm abm cpuid_fault epb invpcid_single pti retpoline tpr_shadow vnmi flexpriority ept vpid fsgsbase tsc_adjust bmi1 avx2 smep bmi2 erms invpcid xsaveopt dtherm ida arat pln pts
bugs		: cpu_meltdown spectre_v1 spectre_v2
bogomips	: 4589.25
clflush size	: 64
cache_alignment	: 64
address sizes	: 39 bits physical, 48 bits virtual
power management:



Memory: 4k page, physical 8072284k(628724k free), swap 8290300k(8283132k free)

vm_info: Java HotSpot(TM) 64-Bit Server VM (25.161-b12) for linux-amd64 JRE (1.8.0_161-b12), built on Dec 19 2017 16:12:43 by "java_re" with gcc 4.3.0 20080428 (Red Hat 4.3.0-8)

time: Tue Mar 20 10:21:42 2018
elapsed time: 50 seconds (0d 0h 0m 50s)

